#
# There is insufficient memory for the Java Runtime Environment to continue.
# Native memory allocation (malloc) failed to allocate 32744 bytes for ChunkPool::allocate
# Possible reasons:
#   The system is out of physical RAM or swap space
#   The process is running with CompressedOops enabled, and the Java Heap may be blocking the growth of the native heap
# Possible solutions:
#   Reduce memory load on the system
#   Increase physical memory or swap space
#   Check if swap backing store is full
#   Decrease Java heap size (-Xmx/-Xms)
#   Decrease number of Java threads
#   Decrease Java thread stack sizes (-Xss)
#   Set larger code cache with -XX:ReservedCodeCacheSize=
#   JVM is running with Unscaled Compressed Oops mode in which the Java heap is
#     placed in the first 4GB address space. The Java Heap base address is the
#     maximum limit for the native heap growth. Please use -XX:HeapBaseMinAddress
#     to set the Java Heap base and to place the Java Heap above 4GB virtual address.
# This output file may be truncated or incomplete.
#
#  Out of Memory Error (arena.cpp:79), pid=1484, tid=112
#
# JRE version: Java(TM) SE Runtime Environment (16.0.1+9) (build 16.0.1+9-24)
# Java VM: Java HotSpot(TM) 64-Bit Server VM (16.0.1+9-24, mixed mode, sharing, tiered, compressed oops, compressed class ptrs, g1 gc, windows-amd64)
# No core dump will be written. Minidumps are not enabled by default on client versions of Windows
#

---------------  S U M M A R Y ------------

Command Line: -Dfile.encoding=UTF-8 --module-path=C:\Users\LENOVO\Documents\NetBeansProjects\Asistensi MD3\build\classes GUI.LoginGui

Host: Intel(R) Celeron(R) N4000 CPU @ 1.10GHz, 2 cores, 3G,  Windows 10 , 64 bit Build 19041 (10.0.19041.1348)
Time: Tue Jan  4 12:59:12 2022 SE Asia Standard Time elapsed time: 0.672936 seconds (0d 0h 0m 0s)

---------------  T H R E A D  ---------------

Current thread (0x000002383b2e8e00):  JavaThread "main" [_thread_in_vm, id=112, stack(0x0000003e2a900000,0x0000003e2aa00000)]

Stack: [0x0000003e2a900000,0x0000003e2aa00000]
Native frames: (J=compiled Java code, j=interpreted, Vv=VM code, C=native code)
V  [jvm.dll+0x6687ca]
V  [jvm.dll+0x7ca3c9]
V  [jvm.dll+0x7cbb53]
V  [jvm.dll+0x7cc1b3]
V  [jvm.dll+0x242ea5]
V  [jvm.dll+0xae25f]
V  [jvm.dll+0xae5ac]
V  [jvm.dll+0x2b8269]
V  [jvm.dll+0x2b783e]
V  [jvm.dll+0x1eb48a]
V  [jvm.dll+0x1df8ba]
V  [jvm.dll+0x536728]
V  [jvm.dll+0x7427ce]
V  [jvm.dll+0x407dfa]
V  [jvm.dll+0x41c0d6]
C  [java.dll+0x164d]

Java frames: (J=compiled Java code, j=interpreted, Vv=VM code)
j  java.lang.ClassLoader.defineClass0(Ljava/lang/ClassLoader;Ljava/lang/Class;Ljava/lang/String;[BIILjava/security/ProtectionDomain;ZILjava/lang/Object;)Ljava/lang/Class;+0 java.base@16.0.1
j  java.lang.System$2.defineClass(Ljava/lang/ClassLoader;Ljava/lang/Class;Ljava/lang/String;[BLjava/security/ProtectionDomain;ZILjava/lang/Object;)Ljava/lang/Class;+17 java.base@16.0.1
j  java.lang.invoke.MethodHandles$Lookup$ClassDefiner.defineClass(ZLjava/lang/Object;)Ljava/lang/Class;+54 java.base@16.0.1
j  java.lang.invoke.InvokerBytecodeGenerator.loadMethod([B)Ljava/lang/invoke/MemberName;+16 java.base@16.0.1
j  java.lang.invoke.InvokerBytecodeGenerator.generateCustomizedCode(Ljava/lang/invoke/LambdaForm;Ljava/lang/invoke/MethodType;)Ljava/lang/invoke/MemberName;+30 java.base@16.0.1
j  java.lang.invoke.LambdaForm.compileToBytecode()V+69 java.base@16.0.1
j  java.lang.invoke.LambdaForm.prepare()V+21 java.base@16.0.1
j  java.lang.invoke.MethodHandle.<init>(Ljava/lang/invoke/MethodType;Ljava/lang/invoke/LambdaForm;)V+33 java.base@16.0.1
j  java.lang.invoke.BoundMethodHandle.<init>(Ljava/lang/invoke/MethodType;Ljava/lang/invoke/LambdaForm;)V+3 java.base@16.0.1
j  java.lang.invoke.BoundMethodHandle$Species_LLLLLL.<init>(Ljava/lang/invoke/MethodType;Ljava/lang/invoke/LambdaForm;Ljava/lang/Object;Ljava/lang/Object;Ljava/lang/Object;Ljava/lang/Object;Ljava/lang/Object;Ljava/lang/Object;)V+3 java.base@16.0.1
j  java.lang.invoke.BoundMethodHandle$Species_LLLLLL.make(Ljava/lang/invoke/MethodType;Ljava/lang/invoke/LambdaForm;Ljava/lang/Object;Ljava/lang/Object;Ljava/lang/Object;Ljava/lang/Object;Ljava/lang/Object;Ljava/lang/Object;)Ljava/lang/invoke/BoundMethodHandle;+16 java.base@16.0.1
j  java.lang.invoke.DirectMethodHandle$Holder.invokeStatic(Ljava/lang/Object;Ljava/lang/Object;Ljava/lang/Object;Ljava/lang/Object;Ljava/lang/Object;Ljava/lang/Object;Ljava/lang/Object;Ljava/lang/Object;Ljava/lang/Object;)Ljava/lang/Object;+24 java.base@16.0.1
j  java.lang.invoke.BoundMethodHandle$Species_LLLLL.copyWithExtendL(Ljava/lang/invoke/MethodType;Ljava/lang/invoke/LambdaForm;Ljava/lang/Object;)Ljava/lang/invoke/BoundMethodHandle;+30 java.base@16.0.1
j  java.lang.invoke.MethodHandles.argumentsWithCombiner(ZLjava/lang/invoke/MethodHandle;ILjava/lang/invoke/MethodHandle;[I)Ljava/lang/invoke/MethodHandle;+122 java.base@16.0.1
j  java.lang.invoke.MethodHandles.foldArgumentsWithCombiner(Ljava/lang/invoke/MethodHandle;ILjava/lang/invoke/MethodHandle;[I)Ljava/lang/invoke/MethodHandle;+5 java.base@16.0.1
j  java.lang.invoke.StringConcatFactory.generateMHInlineCopy(Ljava/lang/invoke/MethodType;Ljava/util/List;)Ljava/lang/invoke/MethodHandle;+578 java.base@16.0.1
j  java.lang.invoke.StringConcatFactory.makeConcatWithConstants(Ljava/lang/invoke/MethodHandles$Lookup;Ljava/lang/String;Ljava/lang/invoke/MethodType;Ljava/lang/String;[Ljava/lang/Object;)Ljava/lang/invoke/CallSite;+220 java.base@16.0.1
j  java.lang.invoke.DirectMethodHandle$Holder.invokeStatic(Ljava/lang/Object;Ljava/lang/Object;Ljava/lang/Object;Ljava/lang/Object;Ljava/lang/Object;Ljava/lang/Object;)Ljava/lang/Object;+18 java.base@16.0.1
j  java.lang.invoke.DelegatingMethodHandle$Holder.delegate(Ljava/lang/Object;Ljava/lang/Object;Ljava/lang/Object;Ljava/lang/Object;Ljava/lang/Object;Ljava/lang/Object;)Ljava/lang/Object;+21 java.base@16.0.1
j  java.lang.invoke.Invokers$Holder.invokeExact_MT(Ljava/lang/Object;Ljava/lang/Object;Ljava/lang/Object;Ljava/lang/Object;Ljava/lang/Object;Ljava/lang/Object;Ljava/lang/Object;)Ljava/lang/Object;+26 java.base@16.0.1
j  java.lang.invoke.BootstrapMethodInvoker.invoke(Ljava/lang/Class;Ljava/lang/invoke/MethodHandle;Ljava/lang/String;Ljava/lang/Object;Ljava/lang/Object;Ljava/lang/Class;)Ljava/lang/Object;+134 java.base@16.0.1
j  java.lang.invoke.CallSite.makeSite(Ljava/lang/invoke/MethodHandle;Ljava/lang/String;Ljava/lang/invoke/MethodType;Ljava/lang/Object;Ljava/lang/Class;)Ljava/lang/invoke/CallSite;+8 java.base@16.0.1
j  java.lang.invoke.MethodHandleNatives.linkCallSiteImpl(Ljava/lang/Class;Ljava/lang/invoke/MethodHandle;Ljava/lang/String;Ljava/lang/invoke/MethodType;Ljava/lang/Object;[Ljava/lang/Object;)Ljava/lang/invoke/MemberName;+6 java.base@16.0.1
j  java.lang.invoke.MethodHandleNatives.linkCallSite(Ljava/lang/Object;ILjava/lang/Object;Ljava/lang/Object;Ljava/lang/Object;Ljava/lang/Object;[Ljava/lang/Object;)Ljava/lang/invoke/MemberName;+46 java.base@16.0.1
v  ~StubRoutines::call_stub
j  java.awt.Toolkit$1.run()Ljava/lang/String;+13 java.desktop@16.0.1
j  java.awt.Toolkit$1.run()Ljava/lang/Object;+1 java.desktop@16.0.1
j  java.security.AccessController.executePrivileged(Ljava/security/PrivilegedAction;Ljava/security/AccessControlContext;Ljava/lang/Class;)Ljava/lang/Object;+29 java.base@16.0.1
j  java.security.AccessController.doPrivileged(Ljava/security/PrivilegedAction;)Ljava/lang/Object;+5 java.base@16.0.1
j  java.awt.Toolkit.initAssistiveTechnologies()V+21 java.desktop@16.0.1
j  java.awt.Toolkit.<clinit>()V+44 java.desktop@16.0.1
v  ~StubRoutines::call_stub
j  java.awt.Component.<clinit>()V+93 java.desktop@16.0.1
v  ~StubRoutines::call_stub

---------------  P R O C E S S  ---------------

Threads class SMR info:
_java_thread_list=0x00000238589bdc70, length=12, elements={
0x000002383b2e8e00, 0x000002383b3cd250, 0x000002383b3ce020, 0x0000023857e156f0,
0x0000023857e16200, 0x0000023857e18b20, 0x0000023857e19430, 0x0000023857e1a070,
0x0000023857e28e10, 0x0000023857e9ff10, 0x0000023857f17a40, 0x00000238589a5c80
}

Java Threads: ( => current thread )
=>0x000002383b2e8e00 JavaThread "main" [_thread_in_vm, id=112, stack(0x0000003e2a900000,0x0000003e2aa00000)]
  0x000002383b3cd250 JavaThread "Reference Handler" daemon [_thread_blocked, id=7676, stack(0x0000003e2b100000,0x0000003e2b200000)]
  0x000002383b3ce020 JavaThread "Finalizer" daemon [_thread_blocked, id=10936, stack(0x0000003e2b200000,0x0000003e2b300000)]
  0x0000023857e156f0 JavaThread "Signal Dispatcher" daemon [_thread_blocked, id=3096, stack(0x0000003e2b300000,0x0000003e2b400000)]
  0x0000023857e16200 JavaThread "Attach Listener" daemon [_thread_blocked, id=6232, stack(0x0000003e2b400000,0x0000003e2b500000)]
  0x0000023857e18b20 JavaThread "Service Thread" daemon [_thread_blocked, id=9048, stack(0x0000003e2b500000,0x0000003e2b600000)]
  0x0000023857e19430 JavaThread "Monitor Deflation Thread" daemon [_thread_blocked, id=5940, stack(0x0000003e2b600000,0x0000003e2b700000)]
  0x0000023857e1a070 JavaThread "C2 CompilerThread0" daemon [_thread_blocked, id=1428, stack(0x0000003e2b700000,0x0000003e2b800000)]
  0x0000023857e28e10 JavaThread "C1 CompilerThread0" daemon [_thread_blocked, id=9152, stack(0x0000003e2b800000,0x0000003e2b900000)]
  0x0000023857e9ff10 JavaThread "Sweeper thread" daemon [_thread_blocked, id=10776, stack(0x0000003e2b900000,0x0000003e2ba00000)]
  0x0000023857f17a40 JavaThread "Common-Cleaner" daemon [_thread_blocked, id=2352, stack(0x0000003e2ba00000,0x0000003e2bb00000)]
  0x00000238589a5c80 JavaThread "Notification Thread" daemon [_thread_blocked, id=6708, stack(0x0000003e2bb00000,0x0000003e2bc00000)]

Other Threads:
  0x000002383b3c77a0 VMThread "VM Thread" [stack: 0x0000003e2b000000,0x0000003e2b100000] [id=10988]
  0x00000238589d9370 WatcherThread [stack: 0x0000003e2bc00000,0x0000003e2bd00000] [id=8684]
  0x000002383b318b40 GCTaskThread "GC Thread#0" [stack: 0x0000003e2ab00000,0x0000003e2ac00000] [id=3984]
  0x000002383b322520 ConcurrentGCThread "G1 Main Marker" [stack: 0x0000003e2ac00000,0x0000003e2ad00000] [id=1096]
  0x000002383b322ea0 ConcurrentGCThread "G1 Conc#0" [stack: 0x0000003e2ad00000,0x0000003e2ae00000] [id=10292]
  0x000002383b356350 ConcurrentGCThread "G1 Refine#0" [stack: 0x0000003e2ae00000,0x0000003e2af00000] [id=5232]
  0x000002383b356ce0 ConcurrentGCThread "G1 Service" [stack: 0x0000003e2af00000,0x0000003e2b000000] [id=2868]

Threads with active compile tasks:

VM state: not at safepoint (normal execution)

VM Mutex/Monitor currently owned by a thread: None

Heap address: 0x00000000c2c00000, size: 980 MB, Compressed Oops mode: 32-bit

CDS archive(s) mapped at: [0x0000000800000000-0x0000000800bb0000-0x0000000800bb0000), size 12255232, SharedBaseAddress: 0x0000000800000000, ArchiveRelocationMode: 0.
Compressed class space mapped at: 0x0000000800c00000-0x0000000840c00000, reserved size: 1073741824
Narrow klass base: 0x0000000800000000, Narrow klass shift: 3, Narrow klass range: 0x100000000

GC Precious Log:
 CPUs: 2 total, 2 available
 Memory: 3918M
 Large Page Support: Disabled
 NUMA Support: Disabled
 Compressed Oops: Enabled (32-bit)
 Heap Region Size: 1M
 Heap Min Capacity: 8M
 Heap Initial Capacity: 62M
 Heap Max Capacity: 980M
 Pre-touch: Disabled
 Parallel Workers: 2
 Concurrent Workers: 1
 Concurrent Refinement Workers: 2
 Periodic GC: Disabled

Heap:
 garbage-first heap   total 63488K, used 1024K [0x00000000c2c00000, 0x0000000100000000)
  region size 1024K, 2 young (2048K), 0 survivors (0K)
 Metaspace       used 1288K, committed 1472K, reserved 1056768K
  class space    used 110K, committed 192K, reserved 1048576K

Heap Regions: E=young(eden), S=young(survivor), O=old, HS=humongous(starts), HC=humongous(continues), CS=collection set, F=free, OA=open archive, CA=closed archive, TAMS=top-at-mark-start (previous, next)
|   0|0x00000000c2c00000, 0x00000000c2c00000, 0x00000000c2d00000|  0%| F|  |TAMS 0x00000000c2c00000, 0x00000000c2c00000| Untracked 
|   1|0x00000000c2d00000, 0x00000000c2d00000, 0x00000000c2e00000|  0%| F|  |TAMS 0x00000000c2d00000, 0x00000000c2d00000| Untracked 
|   2|0x00000000c2e00000, 0x00000000c2e00000, 0x00000000c2f00000|  0%| F|  |TAMS 0x00000000c2e00000, 0x00000000c2e00000| Untracked 
|   3|0x00000000c2f00000, 0x00000000c2f00000, 0x00000000c3000000|  0%| F|  |TAMS 0x00000000c2f00000, 0x00000000c2f00000| Untracked 
|   4|0x00000000c3000000, 0x00000000c3000000, 0x00000000c3100000|  0%| F|  |TAMS 0x00000000c3000000, 0x00000000c3000000| Untracked 
|   5|0x00000000c3100000, 0x00000000c3100000, 0x00000000c3200000|  0%| F|  |TAMS 0x00000000c3100000, 0x00000000c3100000| Untracked 
|   6|0x00000000c3200000, 0x00000000c3200000, 0x00000000c3300000|  0%| F|  |TAMS 0x00000000c3200000, 0x00000000c3200000| Untracked 
|   7|0x00000000c3300000, 0x00000000c3300000, 0x00000000c3400000|  0%| F|  |TAMS 0x00000000c3300000, 0x00000000c3300000| Untracked 
|   8|0x00000000c3400000, 0x00000000c3400000, 0x00000000c3500000|  0%| F|  |TAMS 0x00000000c3400000, 0x00000000c3400000| Untracked 
|   9|0x00000000c3500000, 0x00000000c3500000, 0x00000000c3600000|  0%| F|  |TAMS 0x00000000c3500000, 0x00000000c3500000| Untracked 
|  10|0x00000000c3600000, 0x00000000c3600000, 0x00000000c3700000|  0%| F|  |TAMS 0x00000000c3600000, 0x00000000c3600000| Untracked 
|  11|0x00000000c3700000, 0x00000000c3700000, 0x00000000c3800000|  0%| F|  |TAMS 0x00000000c3700000, 0x00000000c3700000| Untracked 
|  12|0x00000000c3800000, 0x00000000c3800000, 0x00000000c3900000|  0%| F|  |TAMS 0x00000000c3800000, 0x00000000c3800000| Untracked 
|  13|0x00000000c3900000, 0x00000000c3900000, 0x00000000c3a00000|  0%| F|  |TAMS 0x00000000c3900000, 0x00000000c3900000| Untracked 
|  14|0x00000000c3a00000, 0x00000000c3a00000, 0x00000000c3b00000|  0%| F|  |TAMS 0x00000000c3a00000, 0x00000000c3a00000| Untracked 
|  15|0x00000000c3b00000, 0x00000000c3b00000, 0x00000000c3c00000|  0%| F|  |TAMS 0x00000000c3b00000, 0x00000000c3b00000| Untracked 
|  16|0x00000000c3c00000, 0x00000000c3c00000, 0x00000000c3d00000|  0%| F|  |TAMS 0x00000000c3c00000, 0x00000000c3c00000| Untracked 
|  17|0x00000000c3d00000, 0x00000000c3d00000, 0x00000000c3e00000|  0%| F|  |TAMS 0x00000000c3d00000, 0x00000000c3d00000| Untracked 
|  18|0x00000000c3e00000, 0x00000000c3e00000, 0x00000000c3f00000|  0%| F|  |TAMS 0x00000000c3e00000, 0x00000000c3e00000| Untracked 
|  19|0x00000000c3f00000, 0x00000000c3f00000, 0x00000000c4000000|  0%| F|  |TAMS 0x00000000c3f00000, 0x00000000c3f00000| Untracked 
|  20|0x00000000c4000000, 0x00000000c4000000, 0x00000000c4100000|  0%| F|  |TAMS 0x00000000c4000000, 0x00000000c4000000| Untracked 
|  21|0x00000000c4100000, 0x00000000c4100000, 0x00000000c4200000|  0%| F|  |TAMS 0x00000000c4100000, 0x00000000c4100000| Untracked 
|  22|0x00000000c4200000, 0x00000000c4200000, 0x00000000c4300000|  0%| F|  |TAMS 0x00000000c4200000, 0x00000000c4200000| Untracked 
|  23|0x00000000c4300000, 0x00000000c4300000, 0x00000000c4400000|  0%| F|  |TAMS 0x00000000c4300000, 0x00000000c4300000| Untracked 
|  24|0x00000000c4400000, 0x00000000c4400000, 0x00000000c4500000|  0%| F|  |TAMS 0x00000000c4400000, 0x00000000c4400000| Untracked 
|  25|0x00000000c4500000, 0x00000000c4500000, 0x00000000c4600000|  0%| F|  |TAMS 0x00000000c4500000, 0x00000000c4500000| Untracked 
|  26|0x00000000c4600000, 0x00000000c4600000, 0x00000000c4700000|  0%| F|  |TAMS 0x00000000c4600000, 0x00000000c4600000| Untracked 
|  27|0x00000000c4700000, 0x00000000c4700000, 0x00000000c4800000|  0%| F|  |TAMS 0x00000000c4700000, 0x00000000c4700000| Untracked 
|  28|0x00000000c4800000, 0x00000000c4800000, 0x00000000c4900000|  0%| F|  |TAMS 0x00000000c4800000, 0x00000000c4800000| Untracked 
|  29|0x00000000c4900000, 0x00000000c4900000, 0x00000000c4a00000|  0%| F|  |TAMS 0x00000000c4900000, 0x00000000c4900000| Untracked 
|  30|0x00000000c4a00000, 0x00000000c4a00000, 0x00000000c4b00000|  0%| F|  |TAMS 0x00000000c4a00000, 0x00000000c4a00000| Untracked 
|  31|0x00000000c4b00000, 0x00000000c4b00000, 0x00000000c4c00000|  0%| F|  |TAMS 0x00000000c4b00000, 0x00000000c4b00000| Untracked 
|  32|0x00000000c4c00000, 0x00000000c4c00000, 0x00000000c4d00000|  0%| F|  |TAMS 0x00000000c4c00000, 0x00000000c4c00000| Untracked 
|  33|0x00000000c4d00000, 0x00000000c4d00000, 0x00000000c4e00000|  0%| F|  |TAMS 0x00000000c4d00000, 0x00000000c4d00000| Untracked 
|  34|0x00000000c4e00000, 0x00000000c4e00000, 0x00000000c4f00000|  0%| F|  |TAMS 0x00000000c4e00000, 0x00000000c4e00000| Untracked 
|  35|0x00000000c4f00000, 0x00000000c4f00000, 0x00000000c5000000|  0%| F|  |TAMS 0x00000000c4f00000, 0x00000000c4f00000| Untracked 
|  36|0x00000000c5000000, 0x00000000c5000000, 0x00000000c5100000|  0%| F|  |TAMS 0x00000000c5000000, 0x00000000c5000000| Untracked 
|  37|0x00000000c5100000, 0x00000000c5100000, 0x00000000c5200000|  0%| F|  |TAMS 0x00000000c5100000, 0x00000000c5100000| Untracked 
|  38|0x00000000c5200000, 0x00000000c5200000, 0x00000000c5300000|  0%| F|  |TAMS 0x00000000c5200000, 0x00000000c5200000| Untracked 
|  39|0x00000000c5300000, 0x00000000c5300000, 0x00000000c5400000|  0%| F|  |TAMS 0x00000000c5300000, 0x00000000c5300000| Untracked 
|  40|0x00000000c5400000, 0x00000000c5400000, 0x00000000c5500000|  0%| F|  |TAMS 0x00000000c5400000, 0x00000000c5400000| Untracked 
|  41|0x00000000c5500000, 0x00000000c5500000, 0x00000000c5600000|  0%| F|  |TAMS 0x00000000c5500000, 0x00000000c5500000| Untracked 
|  42|0x00000000c5600000, 0x00000000c5600000, 0x00000000c5700000|  0%| F|  |TAMS 0x00000000c5600000, 0x00000000c5600000| Untracked 
|  43|0x00000000c5700000, 0x00000000c5700000, 0x00000000c5800000|  0%| F|  |TAMS 0x00000000c5700000, 0x00000000c5700000| Untracked 
|  44|0x00000000c5800000, 0x00000000c5800000, 0x00000000c5900000|  0%| F|  |TAMS 0x00000000c5800000, 0x00000000c5800000| Untracked 
|  45|0x00000000c5900000, 0x00000000c5900000, 0x00000000c5a00000|  0%| F|  |TAMS 0x00000000c5900000, 0x00000000c5900000| Untracked 
|  46|0x00000000c5a00000, 0x00000000c5a00000, 0x00000000c5b00000|  0%| F|  |TAMS 0x00000000c5a00000, 0x00000000c5a00000| Untracked 
|  47|0x00000000c5b00000, 0x00000000c5b00000, 0x00000000c5c00000|  0%| F|  |TAMS 0x00000000c5b00000, 0x00000000c5b00000| Untracked 
|  48|0x00000000c5c00000, 0x00000000c5c00000, 0x00000000c5d00000|  0%| F|  |TAMS 0x00000000c5c00000, 0x00000000c5c00000| Untracked 
|  49|0x00000000c5d00000, 0x00000000c5d00000, 0x00000000c5e00000|  0%| F|  |TAMS 0x00000000c5d00000, 0x00000000c5d00000| Untracked 
|  50|0x00000000c5e00000, 0x00000000c5e00000, 0x00000000c5f00000|  0%| F|  |TAMS 0x00000000c5e00000, 0x00000000c5e00000| Untracked 
|  51|0x00000000c5f00000, 0x00000000c5f00000, 0x00000000c6000000|  0%| F|  |TAMS 0x00000000c5f00000, 0x00000000c5f00000| Untracked 
|  52|0x00000000c6000000, 0x00000000c6000000, 0x00000000c6100000|  0%| F|  |TAMS 0x00000000c6000000, 0x00000000c6000000| Untracked 
|  53|0x00000000c6100000, 0x00000000c6100000, 0x00000000c6200000|  0%| F|  |TAMS 0x00000000c6100000, 0x00000000c6100000| Untracked 
|  54|0x00000000c6200000, 0x00000000c6200000, 0x00000000c6300000|  0%| F|  |TAMS 0x00000000c6200000, 0x00000000c6200000| Untracked 
|  55|0x00000000c6300000, 0x00000000c6300000, 0x00000000c6400000|  0%| F|  |TAMS 0x00000000c6300000, 0x00000000c6300000| Untracked 
|  56|0x00000000c6400000, 0x00000000c6400000, 0x00000000c6500000|  0%| F|  |TAMS 0x00000000c6400000, 0x00000000c6400000| Untracked 
|  57|0x00000000c6500000, 0x00000000c6500000, 0x00000000c6600000|  0%| F|  |TAMS 0x00000000c6500000, 0x00000000c6500000| Untracked 
|  58|0x00000000c6600000, 0x00000000c6600000, 0x00000000c6700000|  0%| F|  |TAMS 0x00000000c6600000, 0x00000000c6600000| Untracked 
|  59|0x00000000c6700000, 0x00000000c6700000, 0x00000000c6800000|  0%| F|  |TAMS 0x00000000c6700000, 0x00000000c6700000| Untracked 
|  60|0x00000000c6800000, 0x00000000c68f6560, 0x00000000c6900000| 96%| E|  |TAMS 0x00000000c6800000, 0x00000000c6800000| Complete 
|  61|0x00000000c6900000, 0x00000000c6a00000, 0x00000000c6a00000|100%| E|CS|TAMS 0x00000000c6900000, 0x00000000c6900000| Complete 

Card table byte_map: [0x0000023853840000,0x0000023853a30000] _byte_map_base: 0x000002385322a000

Marking Bits (Prev, Next): (CMBitMap*) 0x000002383b31a0d0, (CMBitMap*) 0x000002383b31a110
 Prev Bits: [0x0000023853c20000, 0x0000023854b70000)
 Next Bits: [0x0000023854b70000, 0x0000023855ac0000)

Polling page: 0x000002383cb80000

Metaspace:

Usage:
  Non-class:      1.15 MB used.
      Class:    110.19 KB used.
       Both:      1.26 MB used.

Virtual space:
  Non-class space:        8.00 MB reserved,       1.25 MB ( 16%) committed,  1 nodes.
      Class space:        1.00 GB reserved,     192.00 KB ( <1%) committed,  1 nodes.
              Both:        1.01 GB reserved,       1.44 MB ( <1%) committed. 

Chunk freelists:
   Non-Class:  3.97 MB
       Class:  3.73 MB
        Both:  7.70 MB

MaxMetaspaceSize: 17179869184.00 GB
CompressedClassSpaceSize: 1.00 GB
 - commit_granule_bytes: 65536.
 - commit_granule_words: 8192.
 - virtual_space_node_default_size: 1048576.
 - enlarge_chunks_in_place: 1.
 - new_chunks_are_fully_committed: 0.
 - uncommit_free_chunks: 1.
 - use_allocation_guard: 0.
 - handle_deallocations: 1.


Internal statistics:

num_allocs_failed_limit: 0.
num_arena_births: 26.
num_arena_deaths: 0.
num_vsnodes_births: 2.
num_vsnodes_deaths: 0.
num_space_committed: 23.
num_space_uncommitted: 0.
num_chunks_returned_to_freelist: 0.
num_chunks_taken_from_freelist: 27.
num_chunk_merges: 0.
num_chunk_splits: 17.
num_chunks_enlarged: 11.
num_purges: 0.

CodeHeap 'non-profiled nmethods': size=120064Kb used=98Kb max_used=98Kb free=119965Kb
 bounds [0x000002384bd00000, 0x000002384bf70000, 0x0000023853240000]
CodeHeap 'profiled nmethods': size=120000Kb used=354Kb max_used=354Kb free=119645Kb
 bounds [0x00000238447d0000, 0x0000023844a40000, 0x000002384bd00000]
CodeHeap 'non-nmethods': size=5696Kb used=1112Kb max_used=1123Kb free=4583Kb
 bounds [0x0000023844240000, 0x00000238444b0000, 0x00000238447d0000]
 total_blobs=675 nmethods=289 adapters=300
 compilation: enabled
              stopped_count=0, restarted_count=0
 full_count=0

Compilation events (20 events):
Event: 0.659 Thread 0x0000023857e28e10 nmethod 261 0x0000023844819410 code [0x0000023844819600, 0x0000023844819be8]
Event: 0.659 Thread 0x0000023857e28e10  262       3       jdk.internal.org.objectweb.asm.SymbolTable::put (150 bytes)
Event: 0.660 Thread 0x0000023857e28e10 nmethod 262 0x0000023844819d90 code [0x0000023844819f80, 0x000002384481a838]
Event: 0.660 Thread 0x0000023857e28e10  264       3       java.lang.AbstractStringBuilder::append (77 bytes)
Event: 0.661 Thread 0x0000023857e28e10 nmethod 264 0x000002384481ab10 code [0x000002384481ad20, 0x000002384481b3a8]
Event: 0.661 Thread 0x0000023857e28e10  263       3       java.lang.invoke.MemberName::getReferenceKind (12 bytes)
Event: 0.661 Thread 0x0000023857e28e10 nmethod 263 0x000002384481b610 code [0x000002384481b7a0, 0x000002384481b8b8]
Event: 0.661 Thread 0x0000023857e28e10  267       1       java.lang.invoke.LambdaForm$Name::index (5 bytes)
Event: 0.661 Thread 0x0000023857e28e10 nmethod 267 0x000002384bd15e10 code [0x000002384bd15fa0, 0x000002384bd16078]
Event: 0.661 Thread 0x0000023857e28e10  268       3       java.lang.reflect.Modifier::isStatic (13 bytes)
Event: 0.661 Thread 0x0000023857e28e10 nmethod 268 0x000002384481b990 code [0x000002384481bb20, 0x000002384481bc78]
Event: 0.661 Thread 0x0000023857e28e10  269       3       java.lang.invoke.MemberName::isStatic (8 bytes)
Event: 0.661 Thread 0x0000023857e28e10 nmethod 269 0x000002384481bd10 code [0x000002384481bec0, 0x000002384481c098]
Event: 0.662 Thread 0x0000023857e28e10  274       3       java.lang.invoke.LambdaForm$BasicType::basicType (19 bytes)
Event: 0.662 Thread 0x0000023857e28e10 nmethod 274 0x000002384481c190 code [0x000002384481c360, 0x000002384481c5b8]
Event: 0.662 Thread 0x0000023857e28e10  275       3       java.lang.invoke.LambdaForm::argument (27 bytes)
Event: 0.662 Thread 0x0000023857e28e10 nmethod 275 0x000002384481c710 code [0x000002384481c8e0, 0x000002384481cb48]
Event: 0.662 Thread 0x0000023857e28e10  276       3       java.util.Arrays::copyOf (40 bytes)
Event: 0.663 Thread 0x0000023857e28e10 nmethod 276 0x000002384481cc90 code [0x000002384481cea0, 0x000002384481d588]
Event: 0.663 Thread 0x0000023857e28e10  278       3       jdk.internal.org.objectweb.asm.Frame::execute (2305 bytes)

GC Heap History (0 events):
No events

Deoptimization events (0 events):
No events

Classes unloaded (0 events):
No events

Classes redefined (0 events):
No events

Internal exceptions (10 events):
Event: 0.431 Thread 0x000002383b2e8e00 Exception <a 'sun/nio/fs/WindowsException'{0x00000000c69f1af8}> (0x00000000c69f1af8) 
thrown [t:\workspace\open\src\hotspot\share\prims\jni.cpp, line 579]
Event: 0.431 Thread 0x000002383b2e8e00 Exception <a 'sun/nio/fs/WindowsException'{0x00000000c69f2040}> (0x00000000c69f2040) 
thrown [t:\workspace\open\src\hotspot\share\prims\jni.cpp, line 579]
Event: 0.434 Thread 0x000002383b2e8e00 Exception <a 'sun/nio/fs/WindowsException'{0x00000000c69f43a0}> (0x00000000c69f43a0) 
thrown [t:\workspace\open\src\hotspot\share\prims\jni.cpp, line 579]
Event: 0.435 Thread 0x000002383b2e8e00 Exception <a 'sun/nio/fs/WindowsException'{0x00000000c69f4e80}> (0x00000000c69f4e80) 
thrown [t:\workspace\open\src\hotspot\share\prims\jni.cpp, line 579]
Event: 0.435 Thread 0x000002383b2e8e00 Exception <a 'sun/nio/fs/WindowsException'{0x00000000c69f5928}> (0x00000000c69f5928) 
thrown [t:\workspace\open\src\hotspot\share\prims\jni.cpp, line 579]
Event: 0.436 Thread 0x000002383b2e8e00 Exception <a 'sun/nio/fs/WindowsException'{0x00000000c69f63b8}> (0x00000000c69f63b8) 
thrown [t:\workspace\open\src\hotspot\share\prims\jni.cpp, line 579]
Event: 0.436 Thread 0x000002383b2e8e00 Exception <a 'sun/nio/fs/WindowsException'{0x00000000c69f6e98}> (0x00000000c69f6e98) 
thrown [t:\workspace\open\src\hotspot\share\prims\jni.cpp, line 579]
Event: 0.437 Thread 0x000002383b2e8e00 Exception <a 'sun/nio/fs/WindowsException'{0x00000000c69f7978}> (0x00000000c69f7978) 
thrown [t:\workspace\open\src\hotspot\share\prims\jni.cpp, line 579]
Event: 0.550 Thread 0x000002383b2e8e00 Exception <a 'java/lang/NoSuchMethodError'{0x00000000c6888fe0}: 'void java.lang.invoke.DirectMethodHandle$Holder.invokeSpecial(java.lang.Object, java.lang.Object, java.lang.Object)'> (0x00000000c6888fe0) 
thrown [t:\workspace\open\src\hotspot\share\interpreter\linkResolver.cpp, line 790]
Event: 0.623 Thread 0x000002383b2e8e00 Exception <a 'java/lang/ClassNotFoundException'{0x00000000c68a0080}: sun/awt/resources/spi/awtProvider> (0x00000000c68a0080) 
thrown [t:\workspace\open\src\hotspot\share\classfile\systemDictionary.cpp, line 256]

Events (20 events):
Event: 0.625 loading class java/security/SecurityPermission done
Event: 0.625 loading class java/net/SocketPermission
Event: 0.625 loading class java/net/SocketPermission done
Event: 0.630 loading class sun/awt/resources/awt
Event: 0.630 loading class sun/awt/resources/awt done
Event: 0.631 loading class java/util/ResourceBundle$BundleReference
Event: 0.631 loading class java/util/ResourceBundle$BundleReference done
Event: 0.632 loading class sun/awt/resources/awt_en
Event: 0.632 loading class sun/awt/resources/awt_en done
Event: 0.632 loading class sun/awt/resources/awt_en
Event: 0.632 loading class sun/awt/resources/awt_en done
Event: 0.641 loading class sun/awt/resources/awt_en_US
Event: 0.641 loading class sun/awt/resources/awt_en_US done
Event: 0.641 loading class sun/awt/resources/awt_en_US
Event: 0.641 loading class sun/awt/resources/awt_en_US done
Event: 0.641 loading class java/awt/Toolkit$2
Event: 0.642 loading class java/awt/Toolkit$2 done
Event: 0.646 Loaded shared library C:\Program Files\Java\jdk-16.0.1\bin\awt.dll
Event: 0.646 loading class java/awt/Toolkit$1
Event: 0.646 loading class java/awt/Toolkit$1 done


Dynamic libraries:
0x00007ff6c83b0000 - 0x00007ff6c83c0000 	C:\Program Files\Java\jdk-16.0.1\bin\java.exe
0x00007ff9dac10000 - 0x00007ff9dae05000 	C:\WINDOWS\SYSTEM32\ntdll.dll
0x00007ff9d9940000 - 0x00007ff9d99fe000 	C:\WINDOWS\System32\KERNEL32.DLL
0x00007ff9d87d0000 - 0x00007ff9d8a98000 	C:\WINDOWS\System32\KERNELBASE.dll
0x00007ff9d8680000 - 0x00007ff9d8780000 	C:\WINDOWS\System32\ucrtbase.dll
0x00007ff9b9960000 - 0x00007ff9b9978000 	C:\Program Files\Java\jdk-16.0.1\bin\jli.dll
0x00007ff9d8e20000 - 0x00007ff9d8ecc000 	C:\WINDOWS\System32\ADVAPI32.dll
0x00007ff9d8ed0000 - 0x00007ff9d8f6e000 	C:\WINDOWS\System32\msvcrt.dll
0x00007ff9d98a0000 - 0x00007ff9d993b000 	C:\WINDOWS\System32\sechost.dll
0x00007ff9d8f70000 - 0x00007ff9d909a000 	C:\WINDOWS\System32\RPCRT4.dll
0x00007ff9da6c0000 - 0x00007ff9da861000 	C:\WINDOWS\System32\USER32.dll
0x00007ff9d8330000 - 0x00007ff9d8352000 	C:\WINDOWS\System32\win32u.dll
0x00007ff9d9610000 - 0x00007ff9d963b000 	C:\WINDOWS\System32\GDI32.dll
0x00007ff9d8360000 - 0x00007ff9d846b000 	C:\WINDOWS\System32\gdi32full.dll
0x00007ff9d8b90000 - 0x00007ff9d8c2d000 	C:\WINDOWS\System32\msvcp_win.dll
0x00007ff9d1380000 - 0x00007ff9d1399000 	C:\Program Files\Java\jdk-16.0.1\bin\VCRUNTIME140.dll
0x00007ff9bc3b0000 - 0x00007ff9bc64a000 	C:\WINDOWS\WinSxS\amd64_microsoft.windows.common-controls_6595b64144ccf1df_6.0.19041.1110_none_60b5254171f9507e\COMCTL32.dll
0x00007ff9cb9d0000 - 0x00007ff9cb9da000 	C:\WINDOWS\SYSTEM32\VERSION.dll
0x00007ff9d9580000 - 0x00007ff9d95b0000 	C:\WINDOWS\System32\IMM32.DLL
0x00007ff9d1270000 - 0x00007ff9d127c000 	C:\Program Files\Java\jdk-16.0.1\bin\vcruntime140_1.dll
0x00007ff999940000 - 0x00007ff9999d1000 	C:\Program Files\Java\jdk-16.0.1\bin\msvcp140.dll
0x00007ff98cd10000 - 0x00007ff98d8bb000 	C:\Program Files\Java\jdk-16.0.1\bin\server\jvm.dll
0x00007ff9d9ba0000 - 0x00007ff9d9ba8000 	C:\WINDOWS\System32\PSAPI.DLL
0x00007ff9d3a00000 - 0x00007ff9d3a09000 	C:\WINDOWS\SYSTEM32\WSOCK32.dll
0x00007ff9d9b30000 - 0x00007ff9d9b9b000 	C:\WINDOWS\System32\WS2_32.dll
0x00007ff9b8fe0000 - 0x00007ff9b9007000 	C:\WINDOWS\SYSTEM32\WINMM.dll
0x00007ff9d6f00000 - 0x00007ff9d6f12000 	C:\WINDOWS\SYSTEM32\kernel.appcore.dll
0x00007ff9d06f0000 - 0x00007ff9d06fa000 	C:\Program Files\Java\jdk-16.0.1\bin\jimage.dll
0x00007ff9d6cb0000 - 0x00007ff9d6e94000 	C:\WINDOWS\SYSTEM32\DBGHELP.DLL
0x00007ff9c0900000 - 0x00007ff9c092c000 	C:\WINDOWS\SYSTEM32\dbgcore.DLL
0x00007ff9d8b00000 - 0x00007ff9d8b83000 	C:\WINDOWS\System32\bcryptPrimitives.dll
0x00007ff9be890000 - 0x00007ff9be8b5000 	C:\Program Files\Java\jdk-16.0.1\bin\java.dll
0x00007ff9d9ef0000 - 0x00007ff9da62f000 	C:\WINDOWS\System32\SHELL32.dll
0x00007ff9d60d0000 - 0x00007ff9d6860000 	C:\WINDOWS\SYSTEM32\windows.storage.dll
0x00007ff9da870000 - 0x00007ff9dabc5000 	C:\WINDOWS\System32\combase.dll
0x00007ff9d7d30000 - 0x00007ff9d7d5e000 	C:\WINDOWS\SYSTEM32\Wldp.dll
0x00007ff9d9e40000 - 0x00007ff9d9eed000 	C:\WINDOWS\System32\SHCORE.dll
0x00007ff9d95b0000 - 0x00007ff9d9605000 	C:\WINDOWS\System32\shlwapi.dll
0x00007ff9d8270000 - 0x00007ff9d828f000 	C:\WINDOWS\SYSTEM32\profapi.dll
0x00007ff9bbb80000 - 0x00007ff9bbb99000 	C:\Program Files\Java\jdk-16.0.1\bin\net.dll
0x00007ff9ca460000 - 0x00007ff9ca56c000 	C:\WINDOWS\SYSTEM32\WINHTTP.dll
0x00007ff9d7a10000 - 0x00007ff9d7a7a000 	C:\WINDOWS\system32\mswsock.dll
0x00007ff9b9d30000 - 0x00007ff9b9d43000 	C:\Program Files\Java\jdk-16.0.1\bin\nio.dll
0x00007ff995bd0000 - 0x00007ff995d50000 	C:\Program Files\Java\jdk-16.0.1\bin\awt.dll
0x00007ff9d9d10000 - 0x00007ff9d9ddd000 	C:\WINDOWS\System32\OLEAUT32.dll
0x00007ff9d5830000 - 0x00007ff9d58c0000 	C:\WINDOWS\SYSTEM32\apphelp.dll

dbghelp: loaded successfully - version: 4.0.5 - missing functions: none
symbol engine: initialized successfully - sym options: 0x614 - pdb path: .;C:\Program Files\Java\jdk-16.0.1\bin;C:\WINDOWS\SYSTEM32;C:\WINDOWS\WinSxS\amd64_microsoft.windows.common-controls_6595b64144ccf1df_6.0.19041.1110_none_60b5254171f9507e;C:\Program Files\Java\jdk-16.0.1\bin\server

VM Arguments:
jvm_args: -Dfile.encoding=UTF-8 --module-path=C:\Users\LENOVO\Documents\NetBeansProjects\Asistensi MD3\build\classes 
java_command: GUI.LoginGui
java_class_path (initial): C:\Users\LENOVO\Documents\NetBeansProjects\Asistensi MD3\build\classes
Launcher Type: SUN_STANDARD

[Global flags]
     intx CICompilerCount                          = 2                                         {product} {ergonomic}
     uint ConcGCThreads                            = 1                                         {product} {ergonomic}
     uint G1ConcRefinementThreads                  = 2                                         {product} {ergonomic}
   size_t G1HeapRegionSize                         = 1048576                                   {product} {ergonomic}
    uintx GCDrainStackTargetSize                   = 64                                        {product} {ergonomic}
   size_t InitialHeapSize                          = 65011712                                  {product} {ergonomic}
   size_t MarkStackSize                            = 4194304                                   {product} {ergonomic}
   size_t MaxHeapSize                              = 1027604480                                {product} {ergonomic}
   size_t MaxNewSize                               = 616562688                                 {product} {ergonomic}
   size_t MinHeapDeltaBytes                        = 1048576                                   {product} {ergonomic}
   size_t MinHeapSize                              = 8388608                                   {product} {ergonomic}
    uintx NonNMethodCodeHeapSize                   = 5826188                                {pd product} {ergonomic}
    uintx NonProfiledCodeHeapSize                  = 122916026                              {pd product} {ergonomic}
    uintx ProfiledCodeHeapSize                     = 122916026                              {pd product} {ergonomic}
    uintx ReservedCodeCacheSize                    = 251658240                              {pd product} {ergonomic}
     bool SegmentedCodeCache                       = true                                      {product} {ergonomic}
   size_t SoftMaxHeapSize                          = 1027604480                             {manageable} {ergonomic}
     bool UseCompressedClassPointers               = true                           {product lp64_product} {ergonomic}
     bool UseCompressedOops                        = true                           {product lp64_product} {ergonomic}
     bool UseG1GC                                  = true                                      {product} {ergonomic}
     bool UseLargePagesIndividualAllocation        = false                                  {pd product} {ergonomic}

Logging:
Log output configuration:
 #0: stdout all=warning uptime,level,tags
 #1: stderr all=off uptime,level,tags

Environment Variables:
PATH=C:\Program Files\Common Files\Oracle\Java\javapath;C:\Program Files (x86)\Intel\TXE Components\iCLS\;C:\Program Files\Intel\TXE Components\iCLS\;C:\WINDOWS\system32;C:\WINDOWS;C:\WINDOWS\System32\Wbem;C:\WINDOWS\System32\WindowsPowerShell\v1.0\;C:\WINDOWS\System32\OpenSSH\;C:\Program Files\Intel\TXE Components\DAL\;C:\Program Files (x86)\Intel\TXE Components\DAL\;C:\Program Files\Intel\TXE Components\IPT\;C:\Program Files (x86)\Intel\TXE Components\IPT\;C:\Program Files\Microsoft\Web Platform Installer\;C:\Program Files (x86)\Microsoft ASP.NET\ASP.NET Web Pages\v1.0\;C:\Program Files\Microsoft SQL Server\110\Tools\Binn\;C:\Program Files\Git\cmd;C:\Users\LENOVO\AppData\Local\Microsoft\WindowsApps;;C:\Program Files\JetBrains\IntelliJ IDEA Community Edition 2021.3\bin;
USERNAME=LENOVO
OS=Windows_NT
PROCESSOR_IDENTIFIER=Intel64 Family 6 Model 122 Stepping 1, GenuineIntel



---------------  S Y S T E M  ---------------

OS:
 Windows 10 , 64 bit Build 19041 (10.0.19041.1348)
OS uptime: 0 days 1:17 hours

CPU: total 2 (initial active 2) (2 cores per cpu, 1 threads per core) family 6 model 122 stepping 1 microcode 0x36, cx8, cmov, fxsr, mmx, 3dnowpref, sse, sse2, sse3, ssse3, sse4.1, sse4.2, popcnt, tsc, tscinvbit, aes, erms, clmul, sha, clflush, clflushopt

Memory: 4k page, system-wide physical 3918M (356M free)
TotalPageFile size 3918M (AvailPageFile size 4M)
current process WorkingSet (physical memory assigned to process): 34M, peak: 34M
current process commit charge ("private bytes"): 130M, peak: 130M

vm_info: Java HotSpot(TM) 64-Bit Server VM (16.0.1+9-24) for windows-amd64 JRE (16.0.1+9-24), built on Mar 26 2021 19:31:42 by "mach5one" with MS VC++ 16.7 (VS2019)

END.
