#
# There is insufficient memory for the Java Runtime Environment to continue.
# Native memory allocation (mmap) failed to map 11534336 bytes for G1 virtual space
# Possible reasons:
#   The system is out of physical RAM or swap space
#   The process is running with CompressedOops enabled, and the Java Heap may be blocking the growth of the native heap
# Possible solutions:
#   Reduce memory load on the system
#   Increase physical memory or swap space
#   Check if swap backing store is full
#   Decrease Java heap size (-Xmx/-Xms)
#   Decrease number of Java threads
#   Decrease Java thread stack sizes (-Xss)
#   Set larger code cache with -XX:ReservedCodeCacheSize=
#   JVM is running with Unscaled Compressed Oops mode in which the Java heap is
#     placed in the first 4GB address space. The Java Heap base address is the
#     maximum limit for the native heap growth. Please use -XX:HeapBaseMinAddress
#     to set the Java Heap base and to place the Java Heap above 4GB virtual address.
# This output file may be truncated or incomplete.
#
#  Out of Memory Error (os_windows.cpp:3466), pid=8980, tid=6856
#
# JRE version: Java(TM) SE Runtime Environment (16.0.1+9) (build 16.0.1+9-24)
# Java VM: Java HotSpot(TM) 64-Bit Server VM (16.0.1+9-24, mixed mode, sharing, tiered, compressed oops, compressed class ptrs, g1 gc, windows-amd64)
# No core dump will be written. Minidumps are not enabled by default on client versions of Windows
#

---------------  S U M M A R Y ------------

Command Line: -Dapplication.home=C:\Program Files\Java\jdk-16.0.1 --add-modules=ALL-DEFAULT -Xms8m -Djdk.module.main=jdk.compiler jdk.compiler/com.sun.tools.javac.Main -d C:\Users\LENOVO\Documents\NetBeansProjects\Asistensi MD3\build\classes -classpath C:\Users\LENOVO\Documents\NetBeansProjects\Asistensi MD3\build\classes;E:\PRATIKUM PBO\Pertemuan 3\Bahan\mysql-connector-java-8.0.24.jar -sourcepath C:\Users\LENOVO\Documents\NetBeansProjects\Asistensi MD3\build\empty -target 16 -encoding UTF-8 -g -processorpath E:\PRATIKUM PBO\Pertemuan 3\Bahan\mysql-connector-java-8.0.24.jar;C:\Users\LENOVO\Documents\NetBeansProjects\Asistensi MD3\build\empty -s C:\Users\LENOVO\Documents\NetBeansProjects\Asistensi MD3\build\generated-sources\ap-source-output -source 16 C:\Users\LENOVO\Documents\NetBeansProjects\Asistensi MD3\src\Controller07277\AdminController07277.java C:\Users\LENOVO\Documents\NetBeansProjects\Asistensi MD3\src\Controller07277\AllObjectModel07277.java C:\Users\LENOVO\Documents\NetBeansProjects\Asistensi MD3\src\Controller07277\PendudukController07277.java C:\Users\LENOVO\Documents\NetBeansProjects\Asistensi MD3\src\Entity07277\AdminEntity0727707277.java C:\Users\LENOVO\Documents\NetBeansProjects\Asistensi MD3\src\Entity07277\PendudukEntity0727707277.java C:\Users\LENOVO\Documents\NetBeansProjects\Asistensi MD3\src\Entity07277\UserEntityAbstract07277.java C:\Users\LENOVO\Documents\NetBeansProjects\Asistensi MD3\src\GUI\DataPendGui.java C:\Users\LENOVO\Documents\NetBeansProjects\Asistensi MD3\src\GUI\DataPeroranganGui.java C:\Users\LENOVO\Documents\NetBeansProjects\Asistensi MD3\src\GUI\LoginAdminGui.java C:\Users\LENOVO\Documents\NetBeansProjects\Asistensi MD3\src\GUI\LoginGui.java C:\Users\LENOVO\Documents\NetBeansProjects\Asistensi MD3\src\GUI\MenuAdminGui.java C:\Users\LENOVO\Documents\NetBeansProjects\Asistensi MD3\src\GUI\RegisAdminGui.java C:\Users\LENOVO\Documents\NetBeansProjects\Asistensi MD3\src\GUI\RegisPendGui.java C:\Users\LENOVO\Documents\NetBeansProjects\Asistensi MD3\src\Helper07277\KoneksiDb07277.java C:\Users\LENOVO\Documents\NetBeansProjects\Asistensi MD3\src\Model07277\AdminModel0727707277.java C:\Users\LENOVO\Documents\NetBeansProjects\Asistensi MD3\src\Model07277\ModelAbstract07277.java C:\Users\LENOVO\Documents\NetBeansProjects\Asistensi MD3\src\Model07277\PendudukModel07277.java

Host: Intel(R) Celeron(R) N4000 CPU @ 1.10GHz, 2 cores, 3G,  Windows 10 , 64 bit Build 19041 (10.0.19041.1348)
Time: Tue Jan  4 14:34:58 2022 SE Asia Standard Time elapsed time: 5.073033 seconds (0d 0h 0m 5s)

---------------  T H R E A D  ---------------

Current thread (0x000001f4c245f440):  VMThread "VM Thread" [stack: 0x000000cec7400000,0x000000cec7500000] [id=6856]

Stack: [0x000000cec7400000,0x000000cec7500000]
Native frames: (J=compiled Java code, j=interpreted, Vv=VM code, C=native code)
V  [jvm.dll+0x6687ca]
V  [jvm.dll+0x7ca3c9]
V  [jvm.dll+0x7cbb53]
V  [jvm.dll+0x7cc1b3]
V  [jvm.dll+0x242ea5]
V  [jvm.dll+0x665589]
V  [jvm.dll+0x65a175]
V  [jvm.dll+0x2fc5ab]
V  [jvm.dll+0x3037a6]
V  [jvm.dll+0x352fee]
V  [jvm.dll+0x35321f]
V  [jvm.dll+0x2d3618]
V  [jvm.dll+0x2d11a5]
V  [jvm.dll+0x2d07dc]
V  [jvm.dll+0x3158c2]
V  [jvm.dll+0x7d05eb]
V  [jvm.dll+0x7d12e4]
V  [jvm.dll+0x7d17e9]
V  [jvm.dll+0x7d1aa4]
V  [jvm.dll+0x7d1b70]
V  [jvm.dll+0x779b4a]
V  [jvm.dll+0x667666]
C  [ucrtbase.dll+0x21bb2]
C  [KERNEL32.DLL+0x17034]
C  [ntdll.dll+0x52651]

VM_Operation (0x000000cec6efc250): G1CollectForAllocation, mode: safepoint, requested by thread 0x000001f4c23b4270


---------------  P R O C E S S  ---------------

Threads class SMR info:
_java_thread_list=0x000001f4dd004c00, length=12, elements={
0x000001f4c23b4270, 0x000001f4c246a910, 0x000001f4c246b6e0, 0x000001f4c247dfe0,
0x000001f4c247fb00, 0x000001f4c2482520, 0x000001f4c2482e30, 0x000001f4c2483b20,
0x000001f4dcf54b80, 0x000001f4dcf598a0, 0x000001f4dcfe1fd0, 0x000001f4ddc559f0
}

Java Threads: ( => current thread )
  0x000001f4c23b4270 JavaThread "main" [_thread_blocked, id=6240, stack(0x000000cec6e00000,0x000000cec6f00000)]
  0x000001f4c246a910 JavaThread "Reference Handler" daemon [_thread_blocked, id=11216, stack(0x000000cec7500000,0x000000cec7600000)]
  0x000001f4c246b6e0 JavaThread "Finalizer" daemon [_thread_blocked, id=7400, stack(0x000000cec7600000,0x000000cec7700000)]
  0x000001f4c247dfe0 JavaThread "Signal Dispatcher" daemon [_thread_blocked, id=504, stack(0x000000cec7700000,0x000000cec7800000)]
  0x000001f4c247fb00 JavaThread "Attach Listener" daemon [_thread_blocked, id=10880, stack(0x000000cec7800000,0x000000cec7900000)]
  0x000001f4c2482520 JavaThread "Service Thread" daemon [_thread_blocked, id=8384, stack(0x000000cec7900000,0x000000cec7a00000)]
  0x000001f4c2482e30 JavaThread "Monitor Deflation Thread" daemon [_thread_blocked, id=6484, stack(0x000000cec7a00000,0x000000cec7b00000)]
  0x000001f4c2483b20 JavaThread "C2 CompilerThread0" daemon [_thread_blocked, id=10624, stack(0x000000cec7b00000,0x000000cec7c00000)]
  0x000001f4dcf54b80 JavaThread "C1 CompilerThread0" daemon [_thread_blocked, id=8340, stack(0x000000cec7c00000,0x000000cec7d00000)]
  0x000001f4dcf598a0 JavaThread "Sweeper thread" daemon [_thread_blocked, id=8000, stack(0x000000cec7d00000,0x000000cec7e00000)]
  0x000001f4dcfe1fd0 JavaThread "Common-Cleaner" daemon [_thread_blocked, id=10824, stack(0x000000cec7e00000,0x000000cec7f00000)]
  0x000001f4ddc559f0 JavaThread "Notification Thread" daemon [_thread_blocked, id=10608, stack(0x000000cec7f00000,0x000000cec8000000)]

Other Threads:
=>0x000001f4c245f440 VMThread "VM Thread" [stack: 0x000000cec7400000,0x000000cec7500000] [id=6856]
  0x000001f4ddc55f10 WatcherThread [stack: 0x000000cec8000000,0x000000cec8100000] [id=4216]
  0x000001f4c23dc070 GCTaskThread "GC Thread#0" [stack: 0x000000cec6f00000,0x000000cec7000000] [id=10856]
  0x000001f4c02bb4f0 GCTaskThread "GC Thread#1" [stack: 0x000000cec8100000,0x000000cec8200000] [id=9916]
  0x000001f4c23e6b60 ConcurrentGCThread "G1 Main Marker" [stack: 0x000000cec7000000,0x000000cec7100000] [id=9520]
  0x000001f4c23e9500 ConcurrentGCThread "G1 Conc#0" [stack: 0x000000cec7100000,0x000000cec7200000] [id=1988]
  0x000001f4c23f7140 ConcurrentGCThread "G1 Refine#0" [stack: 0x000000cec7200000,0x000000cec7300000] [id=8700]
  0x000001f4c23f7ad0 ConcurrentGCThread "G1 Service" [stack: 0x000000cec7300000,0x000000cec7400000] [id=10500]

Threads with active compile tasks:
C2 CompilerThread0     5345 1421       4       java.lang.CharacterDataLatin1::isJavaIdentifierPart (20 bytes)

VM state: at safepoint (normal execution)

VM Mutex/Monitor currently owned by a thread:  ([mutex/lock_event])
[0x000001f4c23afdd0] Threads_lock - owner thread: 0x000001f4c245f440
[0x000001f4c23b0250] Heap_lock - owner thread: 0x000001f4c23b4270

Heap address: 0x00000000c2c00000, size: 980 MB, Compressed Oops mode: 32-bit

CDS archive(s) mapped at: [0x0000000800000000-0x0000000800bb0000-0x0000000800bb0000), size 12255232, SharedBaseAddress: 0x0000000800000000, ArchiveRelocationMode: 0.
Compressed class space mapped at: 0x0000000800c00000-0x0000000840c00000, reserved size: 1073741824
Narrow klass base: 0x0000000800000000, Narrow klass shift: 3, Narrow klass range: 0x100000000

GC Precious Log:
 CPUs: 2 total, 2 available
 Memory: 3918M
 Large Page Support: Disabled
 NUMA Support: Disabled
 Compressed Oops: Enabled (32-bit)
 Heap Region Size: 1M
 Heap Min Capacity: 8M
 Heap Initial Capacity: 8M
 Heap Max Capacity: 980M
 Pre-touch: Disabled
 Parallel Workers: 2
 Concurrent Workers: 1
 Concurrent Refinement Workers: 2
 Periodic GC: Disabled

Heap:
 garbage-first heap   total 12288K, used 4979K [0x00000000c2c00000, 0x0000000100000000)
  region size 1024K, 1 young (1024K), 1 survivors (1024K)
 Metaspace       used 9231K, committed 9344K, reserved 1064960K
  class space    used 1028K, committed 1088K, reserved 1048576K

Heap Regions: E=young(eden), S=young(survivor), O=old, HS=humongous(starts), HC=humongous(continues), CS=collection set, F=free, OA=open archive, CA=closed archive, TAMS=top-at-mark-start (previous, next)
|   0|0x00000000c2c00000, 0x00000000c2d00000, 0x00000000c2d00000|100%| O|  |TAMS 0x00000000c2d00000, 0x00000000c2c00000| Untracked 
|   1|0x00000000c2d00000, 0x00000000c2e00000, 0x00000000c2e00000|100%| O|  |TAMS 0x00000000c2e00000, 0x00000000c2d00000| Untracked 
|   2|0x00000000c2e00000, 0x00000000c2f00000, 0x00000000c2f00000|100%| O|  |TAMS 0x00000000c2f00000, 0x00000000c2e00000| Untracked 
|   3|0x00000000c2f00000, 0x00000000c3000000, 0x00000000c3000000|100%| O|  |TAMS 0x00000000c3000000, 0x00000000c2f00000| Untracked 
|   4|0x00000000c3000000, 0x00000000c301b000, 0x00000000c3100000| 10%| O|  |TAMS 0x00000000c301b000, 0x00000000c3000000| Untracked 
|   5|0x00000000c3100000, 0x00000000c3100000, 0x00000000c3200000|  0%| F|  |TAMS 0x00000000c3100000, 0x00000000c3100000| Untracked 
|   6|0x00000000c3200000, 0x00000000c3200000, 0x00000000c3300000|  0%| F|  |TAMS 0x00000000c3200000, 0x00000000c3200000| Untracked 
|   7|0x00000000c3300000, 0x00000000c3300000, 0x00000000c3400000|  0%| F|  |TAMS 0x00000000c3300000, 0x00000000c3300000| Untracked 
|   8|0x00000000c3400000, 0x00000000c34c1d90, 0x00000000c3500000| 75%| S|CS|TAMS 0x00000000c3400000, 0x00000000c3400000| Complete 
|   9|0x00000000c3500000, 0x00000000c3500000, 0x00000000c3600000|  0%| F|  |TAMS 0x00000000c3500000, 0x00000000c3500000| Untracked 
|  10|0x00000000c3600000, 0x00000000c3600000, 0x00000000c3700000|  0%| F|  |TAMS 0x00000000c3600000, 0x00000000c3600000| Untracked 
|  11|0x00000000c3700000, 0x00000000c3700000, 0x00000000c3800000|  0%| F|  |TAMS 0x00000000c3700000, 0x00000000c3700000| Untracked 

Card table byte_map: [0x000001f4c21a0000,0x000001f4c2390000] _byte_map_base: 0x000001f4c1b8a000

Marking Bits (Prev, Next): (CMBitMap*) 0x000001f4c23de6d0, (CMBitMap*) 0x000001f4c23de690
 Prev Bits: [0x000001f4d9c70000, 0x000001f4dabc0000)
 Next Bits: [0x000001f4d8d20000, 0x000001f4d9c70000)

Polling page: 0x000001f4c0560000

Metaspace:

Usage:
  Non-class:      8.01 MB used.
      Class:      1.00 MB used.
       Both:      9.01 MB used.

Virtual space:
  Non-class space:       16.00 MB reserved,       8.06 MB ( 50%) committed,  2 nodes.
      Class space:        1.00 GB reserved,       1.06 MB ( <1%) committed,  1 nodes.
              Both:        1.02 GB reserved,       9.12 MB ( <1%) committed. 

Chunk freelists:
   Non-Class:  2.00 MB
       Class:  2.91 MB
        Both:  4.91 MB

MaxMetaspaceSize: 17179869184.00 GB
CompressedClassSpaceSize: 1.00 GB
 - commit_granule_bytes: 65536.
 - commit_granule_words: 8192.
 - virtual_space_node_default_size: 1048576.
 - enlarge_chunks_in_place: 1.
 - new_chunks_are_fully_committed: 0.
 - uncommit_free_chunks: 1.
 - use_allocation_guard: 0.
 - handle_deallocations: 1.


Internal statistics:

num_allocs_failed_limit: 0.
num_arena_births: 74.
num_arena_deaths: 0.
num_vsnodes_births: 3.
num_vsnodes_deaths: 0.
num_space_committed: 146.
num_space_uncommitted: 0.
num_chunks_returned_to_freelist: 0.
num_chunks_taken_from_freelist: 385.
num_chunk_merges: 0.
num_chunk_splits: 257.
num_chunks_enlarged: 196.
num_purges: 0.

CodeHeap 'non-profiled nmethods': size=120064Kb used=442Kb max_used=442Kb free=119621Kb
 bounds [0x000001f4d15f0000, 0x000001f4d1860000, 0x000001f4d8b30000]
CodeHeap 'profiled nmethods': size=120000Kb used=2869Kb max_used=2869Kb free=117130Kb
 bounds [0x000001f4ca0c0000, 0x000001f4ca390000, 0x000001f4d15f0000]
CodeHeap 'non-nmethods': size=5696Kb used=1164Kb max_used=1174Kb free=4531Kb
 bounds [0x000001f4c9b30000, 0x000001f4c9da0000, 0x000001f4ca0c0000]
 total_blobs=1866 nmethods=1420 adapters=359
 compilation: enabled
              stopped_count=0, restarted_count=0
 full_count=0

Compilation events (20 events):
Event: 5.026 Thread 0x000001f4c2483b20 nmethod 1410 0x000001f4d165e590 code [0x000001f4d165e700, 0x000001f4d165e778]
Event: 5.026 Thread 0x000001f4dcf54b80 1412       3       java.lang.Boolean::valueOf (14 bytes)
Event: 5.026 Thread 0x000001f4dcf54b80 nmethod 1412 0x000001f4ca388610 code [0x000001f4ca3887c0, 0x000001f4ca388938]
Event: 5.026 Thread 0x000001f4dcf54b80 1413       3       com.sun.tools.javac.util.Convert::utf2chars (135 bytes)
Event: 5.027 Thread 0x000001f4dcf54b80 nmethod 1413 0x000001f4ca388a10 code [0x000001f4ca388bc0, 0x000001f4ca388ed8]
Event: 5.028 Thread 0x000001f4dcf54b80 1414   !   3       java.lang.invoke.MethodHandle::setVarargs (25 bytes)
Event: 5.028 Thread 0x000001f4dcf54b80 nmethod 1414 0x000001f4ca389090 code [0x000001f4ca3892a0, 0x000001f4ca389958]
Event: 5.028 Thread 0x000001f4dcf54b80 1415       3       java.lang.invoke.MemberName::isVarargs (23 bytes)
Event: 5.029 Thread 0x000001f4dcf54b80 nmethod 1415 0x000001f4ca389b90 code [0x000001f4ca389d60, 0x000001f4ca38a1f8]
Event: 5.029 Thread 0x000001f4dcf54b80 1416       3       com.sun.tools.javac.file.RelativePath::resolveAgainst (27 bytes)
Event: 5.029 Thread 0x000001f4dcf54b80 nmethod 1416 0x000001f4ca38a390 code [0x000001f4ca38a560, 0x000001f4ca38a918]
Event: 5.029 Thread 0x000001f4dcf54b80 1417       3       jdk.internal.jrtfs.JrtFileSystem::getPath (102 bytes)
Event: 5.030 Thread 0x000001f4dcf54b80 nmethod 1417 0x000001f4ca38aa90 code [0x000001f4ca38ad60, 0x000001f4ca38bb98]
Event: 5.030 Thread 0x000001f4dcf54b80 1418       3       jdk.internal.jrtfs.JrtPath::resolve (6 bytes)
Event: 5.031 Thread 0x000001f4dcf54b80 nmethod 1418 0x000001f4ca38c110 code [0x000001f4ca38c2e0, 0x000001f4ca38c578]
Event: 5.031 Thread 0x000001f4dcf54b80 1419       3       jdk.internal.jrtfs.JrtPath::resolve (17 bytes)
Event: 5.031 Thread 0x000001f4dcf54b80 nmethod 1419 0x000001f4ca38c690 code [0x000001f4ca38c840, 0x000001f4ca38ca78]
Event: 5.031 Thread 0x000001f4dcf54b80 1420       3       com.sun.tools.javac.file.PathFileObject::<init> (42 bytes)
Event: 5.031 Thread 0x000001f4dcf54b80 nmethod 1420 0x000001f4ca38cb90 code [0x000001f4ca38cd80, 0x000001f4ca38d2e8]
Event: 5.032 Thread 0x000001f4c2483b20 1421       4       java.lang.CharacterDataLatin1::isJavaIdentifierPart (20 bytes)

GC Heap History (20 events):
Event: 3.276 GC heap after
{Heap after GC invocations=2 (full 0):
 garbage-first heap   total 8192K, used 1622K [0x00000000c2c00000, 0x0000000100000000)
  region size 1024K, 1 young (1024K), 1 survivors (1024K)
 Metaspace       used 3890K, committed 4032K, reserved 1056768K
  class space    used 473K, committed 576K, reserved 1048576K
}
Event: 3.503 GC heap before
{Heap before GC invocations=2 (full 0):
 garbage-first heap   total 8192K, used 2646K [0x00000000c2c00000, 0x0000000100000000)
  region size 1024K, 2 young (2048K), 1 survivors (1024K)
 Metaspace       used 5955K, committed 6080K, reserved 1064960K
  class space    used 685K, committed 768K, reserved 1048576K
}
Event: 3.510 GC heap after
{Heap after GC invocations=3 (full 0):
 garbage-first heap   total 8192K, used 1943K [0x00000000c2c00000, 0x0000000100000000)
  region size 1024K, 1 young (1024K), 1 survivors (1024K)
 Metaspace       used 5955K, committed 6080K, reserved 1064960K
  class space    used 685K, committed 768K, reserved 1048576K
}
Event: 3.701 GC heap before
{Heap before GC invocations=3 (full 0):
 garbage-first heap   total 8192K, used 1943K [0x00000000c2c00000, 0x0000000100000000)
  region size 1024K, 2 young (2048K), 1 survivors (1024K)
 Metaspace       used 6960K, committed 7104K, reserved 1064960K
  class space    used 819K, committed 896K, reserved 1048576K
}
Event: 3.703 GC heap after
{Heap after GC invocations=4 (full 0):
 garbage-first heap   total 8192K, used 2299K [0x00000000c2c00000, 0x0000000100000000)
  region size 1024K, 1 young (1024K), 1 survivors (1024K)
 Metaspace       used 6960K, committed 7104K, reserved 1064960K
  class space    used 819K, committed 896K, reserved 1048576K
}
Event: 4.222 GC heap before
{Heap before GC invocations=4 (full 0):
 garbage-first heap   total 8192K, used 3323K [0x00000000c2c00000, 0x0000000100000000)
  region size 1024K, 2 young (2048K), 1 survivors (1024K)
 Metaspace       used 7756K, committed 7936K, reserved 1064960K
  class space    used 864K, committed 960K, reserved 1048576K
}
Event: 4.225 GC heap after
{Heap after GC invocations=5 (full 0):
 garbage-first heap   total 8192K, used 2551K [0x00000000c2c00000, 0x0000000100000000)
  region size 1024K, 1 young (1024K), 1 survivors (1024K)
 Metaspace       used 7756K, committed 7936K, reserved 1064960K
  class space    used 864K, committed 960K, reserved 1048576K
}
Event: 4.375 GC heap before
{Heap before GC invocations=5 (full 0):
 garbage-first heap   total 8192K, used 3575K [0x00000000c2c00000, 0x0000000100000000)
  region size 1024K, 2 young (2048K), 1 survivors (1024K)
 Metaspace       used 7927K, committed 8128K, reserved 1064960K
  class space    used 883K, committed 960K, reserved 1048576K
}
Event: 4.378 GC heap after
{Heap after GC invocations=6 (full 0):
 garbage-first heap   total 8192K, used 2794K [0x00000000c2c00000, 0x0000000100000000)
  region size 1024K, 1 young (1024K), 1 survivors (1024K)
 Metaspace       used 7927K, committed 8128K, reserved 1064960K
  class space    used 883K, committed 960K, reserved 1048576K
}
Event: 4.525 GC heap before
{Heap before GC invocations=6 (full 0):
 garbage-first heap   total 8192K, used 3818K [0x00000000c2c00000, 0x0000000100000000)
  region size 1024K, 2 young (2048K), 1 survivors (1024K)
 Metaspace       used 8212K, committed 8384K, reserved 1064960K
  class space    used 909K, committed 1024K, reserved 1048576K
}
Event: 4.528 GC heap after
{Heap after GC invocations=7 (full 0):
 garbage-first heap   total 10240K, used 3096K [0x00000000c2c00000, 0x0000000100000000)
  region size 1024K, 1 young (1024K), 1 survivors (1024K)
 Metaspace       used 8212K, committed 8384K, reserved 1064960K
  class space    used 909K, committed 1024K, reserved 1048576K
}
Event: 4.727 GC heap before
{Heap before GC invocations=7 (full 0):
 garbage-first heap   total 10240K, used 5144K [0x00000000c2c00000, 0x0000000100000000)
  region size 1024K, 3 young (3072K), 1 survivors (1024K)
 Metaspace       used 8759K, committed 8896K, reserved 1064960K
  class space    used 982K, committed 1024K, reserved 1048576K
}
Event: 4.732 GC heap after
{Heap after GC invocations=8 (full 0):
 garbage-first heap   total 10240K, used 4156K [0x00000000c2c00000, 0x0000000100000000)
  region size 1024K, 1 young (1024K), 1 survivors (1024K)
 Metaspace       used 8759K, committed 8896K, reserved 1064960K
  class space    used 982K, committed 1024K, reserved 1048576K
}
Event: 4.796 GC heap before
{Heap before GC invocations=8 (full 0):
 garbage-first heap   total 10240K, used 5180K [0x00000000c2c00000, 0x0000000100000000)
  region size 1024K, 2 young (2048K), 1 survivors (1024K)
 Metaspace       used 8931K, committed 9024K, reserved 1064960K
  class space    used 998K, committed 1024K, reserved 1048576K
}
Event: 4.801 GC heap after
{Heap after GC invocations=9 (full 0):
 garbage-first heap   total 10240K, used 4374K [0x00000000c2c00000, 0x0000000100000000)
  region size 1024K, 1 young (1024K), 1 survivors (1024K)
 Metaspace       used 8931K, committed 9024K, reserved 1064960K
  class space    used 998K, committed 1024K, reserved 1048576K
}
Event: 4.848 GC heap before
{Heap before GC invocations=9 (full 0):
 garbage-first heap   total 10240K, used 5398K [0x00000000c2c00000, 0x0000000100000000)
  region size 1024K, 2 young (2048K), 1 survivors (1024K)
 Metaspace       used 8968K, committed 9088K, reserved 1064960K
  class space    used 1001K, committed 1024K, reserved 1048576K
}
Event: 4.850 GC heap after
{Heap after GC invocations=10 (full 0):
 garbage-first heap   total 10240K, used 4483K [0x00000000c2c00000, 0x0000000100000000)
  region size 1024K, 1 young (1024K), 1 survivors (1024K)
 Metaspace       used 8968K, committed 9088K, reserved 1064960K
  class space    used 1001K, committed 1024K, reserved 1048576K
}
Event: 4.880 GC heap before
{Heap before GC invocations=11 (full 0):
 garbage-first heap   total 12288K, used 5507K [0x00000000c2c00000, 0x0000000100000000)
  region size 1024K, 2 young (2048K), 1 survivors (1024K)
 Metaspace       used 8979K, committed 9088K, reserved 1064960K
  class space    used 1001K, committed 1024K, reserved 1048576K
}
Event: 4.882 GC heap after
{Heap after GC invocations=12 (full 0):
 garbage-first heap   total 12288K, used 4527K [0x00000000c2c00000, 0x0000000100000000)
  region size 1024K, 1 young (1024K), 1 survivors (1024K)
 Metaspace       used 8979K, committed 9088K, reserved 1064960K
  class space    used 1001K, committed 1024K, reserved 1048576K
}
Event: 5.033 GC heap before
{Heap before GC invocations=12 (full 0):
 garbage-first heap   total 12288K, used 6575K [0x00000000c2c00000, 0x0000000100000000)
  region size 1024K, 3 young (3072K), 1 survivors (1024K)
 Metaspace       used 9231K, committed 9344K, reserved 1064960K
  class space    used 1028K, committed 1088K, reserved 1048576K
}

Deoptimization events (20 events):
Event: 4.931 Thread 0x000001f4c23b4270 Uncommon trap: trap_request=0xffffffbe fr.pc=0x000001f4d16554f8 relative=0x0000000000000a18
Event: 4.931 Thread 0x000001f4c23b4270 Uncommon trap: reason=profile_predicate action=maybe_recompile pc=0x000001f4d16554f8 method=jdk.internal.jimage.ImageStringsReader.charsFromByteBuffer([CLjava/nio/ByteBuffer;)V @ 6 c2
Event: 4.931 Thread 0x000001f4c23b4270 DEOPT PACKING pc=0x000001f4d16554f8 sp=0x000000cec6efa240
Event: 4.931 Thread 0x000001f4c23b4270 DEOPT UNPACKING pc=0x000001f4c9b7d728 sp=0x000000cec6efa118 mode 2
Event: 4.931 Thread 0x000001f4c23b4270 Uncommon trap: trap_request=0xffffffbe fr.pc=0x000001f4d16554f8 relative=0x0000000000000a18
Event: 4.931 Thread 0x000001f4c23b4270 Uncommon trap: reason=profile_predicate action=maybe_recompile pc=0x000001f4d16554f8 method=jdk.internal.jimage.ImageStringsReader.charsFromByteBuffer([CLjava/nio/ByteBuffer;)V @ 6 c2
Event: 4.931 Thread 0x000001f4c23b4270 DEOPT PACKING pc=0x000001f4d16554f8 sp=0x000000cec6efa240
Event: 4.931 Thread 0x000001f4c23b4270 DEOPT UNPACKING pc=0x000001f4c9b7d728 sp=0x000000cec6efa118 mode 2
Event: 4.931 Thread 0x000001f4c23b4270 Uncommon trap: trap_request=0xffffffbe fr.pc=0x000001f4d16554f8 relative=0x0000000000000a18
Event: 4.931 Thread 0x000001f4c23b4270 Uncommon trap: reason=profile_predicate action=maybe_recompile pc=0x000001f4d16554f8 method=jdk.internal.jimage.ImageStringsReader.charsFromByteBuffer([CLjava/nio/ByteBuffer;)V @ 6 c2
Event: 4.931 Thread 0x000001f4c23b4270 DEOPT PACKING pc=0x000001f4d16554f8 sp=0x000000cec6efa240
Event: 4.931 Thread 0x000001f4c23b4270 DEOPT UNPACKING pc=0x000001f4c9b7d728 sp=0x000000cec6efa118 mode 2
Event: 4.931 Thread 0x000001f4c23b4270 Uncommon trap: trap_request=0xffffffbe fr.pc=0x000001f4d1656d0c relative=0x00000000000007cc
Event: 4.931 Thread 0x000001f4c23b4270 Uncommon trap: reason=profile_predicate action=maybe_recompile pc=0x000001f4d1656d0c method=jdk.internal.jimage.ImageStringsReader.charsFromByteBuffer([CLjava/nio/ByteBuffer;)V @ 6 c2
Event: 4.931 Thread 0x000001f4c23b4270 DEOPT PACKING pc=0x000001f4d1656d0c sp=0x000000cec6efa2c0
Event: 4.931 Thread 0x000001f4c23b4270 DEOPT UNPACKING pc=0x000001f4c9b7d728 sp=0x000000cec6efa210 mode 2
Event: 4.942 Thread 0x000001f4c23b4270 Uncommon trap: trap_request=0xffffff45 fr.pc=0x000001f4d163c500 relative=0x0000000000000060
Event: 4.942 Thread 0x000001f4c23b4270 Uncommon trap: reason=unstable_if action=reinterpret pc=0x000001f4d163c500 method=com.sun.tools.javac.jvm.PoolReader.sizeof(I)I @ 1 c2
Event: 4.942 Thread 0x000001f4c23b4270 DEOPT PACKING pc=0x000001f4d163c500 sp=0x000000cec6efe000
Event: 4.942 Thread 0x000001f4c23b4270 DEOPT UNPACKING pc=0x000001f4c9b7d728 sp=0x000000cec6efdf90 mode 2

Classes unloaded (0 events):
No events

Classes redefined (0 events):
No events

Internal exceptions (20 events):
Event: 4.778 Thread 0x000001f4c23b4270 Exception <a 'sun/nio/fs/WindowsException'{0x00000000c357ae90}> (0x00000000c357ae90) 
thrown [t:\workspace\open\src\hotspot\share\prims\jni.cpp, line 579]
Event: 4.778 Thread 0x000001f4c23b4270 Exception <a 'sun/nio/fs/WindowsException'{0x00000000c357b1c0}> (0x00000000c357b1c0) 
thrown [t:\workspace\open\src\hotspot\share\prims\jni.cpp, line 579]
Event: 4.785 Thread 0x000001f4c23b4270 Exception <a 'sun/nio/fs/WindowsException'{0x00000000c3595578}> (0x00000000c3595578) 
thrown [t:\workspace\open\src\hotspot\share\prims\jni.cpp, line 579]
Event: 4.785 Thread 0x000001f4c23b4270 Exception <a 'sun/nio/fs/WindowsException'{0x00000000c3595898}> (0x00000000c3595898) 
thrown [t:\workspace\open\src\hotspot\share\prims\jni.cpp, line 579]
Event: 4.785 Thread 0x000001f4c23b4270 Exception <a 'sun/nio/fs/WindowsException'{0x00000000c35963c0}> (0x00000000c35963c0) 
thrown [t:\workspace\open\src\hotspot\share\prims\jni.cpp, line 579]
Event: 4.785 Thread 0x000001f4c23b4270 Exception <a 'sun/nio/fs/WindowsException'{0x00000000c35966d8}> (0x00000000c35966d8) 
thrown [t:\workspace\open\src\hotspot\share\prims\jni.cpp, line 579]
Event: 4.787 Thread 0x000001f4c23b4270 Exception <a 'sun/nio/fs/WindowsException'{0x00000000c3599c70}> (0x00000000c3599c70) 
thrown [t:\workspace\open\src\hotspot\share\prims\jni.cpp, line 579]
Event: 4.787 Thread 0x000001f4c23b4270 Exception <a 'sun/nio/fs/WindowsException'{0x00000000c3599f60}> (0x00000000c3599f60) 
thrown [t:\workspace\open\src\hotspot\share\prims\jni.cpp, line 579]
Event: 4.787 Thread 0x000001f4c23b4270 Exception <a 'sun/nio/fs/WindowsException'{0x00000000c359aa50}> (0x00000000c359aa50) 
thrown [t:\workspace\open\src\hotspot\share\prims\jni.cpp, line 579]
Event: 4.787 Thread 0x000001f4c23b4270 Exception <a 'sun/nio/fs/WindowsException'{0x00000000c359ad38}> (0x00000000c359ad38) 
thrown [t:\workspace\open\src\hotspot\share\prims\jni.cpp, line 579]
Event: 4.789 Thread 0x000001f4c23b4270 Exception <a 'sun/nio/fs/WindowsException'{0x00000000c35a12b0}> (0x00000000c35a12b0) 
thrown [t:\workspace\open\src\hotspot\share\prims\jni.cpp, line 579]
Event: 4.789 Thread 0x000001f4c23b4270 Exception <a 'sun/nio/fs/WindowsException'{0x00000000c35a15d0}> (0x00000000c35a15d0) 
thrown [t:\workspace\open\src\hotspot\share\prims\jni.cpp, line 579]
Event: 4.789 Thread 0x000001f4c23b4270 Exception <a 'sun/nio/fs/WindowsException'{0x00000000c35a2358}> (0x00000000c35a2358) 
thrown [t:\workspace\open\src\hotspot\share\prims\jni.cpp, line 579]
Event: 4.790 Thread 0x000001f4c23b4270 Exception <a 'sun/nio/fs/WindowsException'{0x00000000c35a2670}> (0x00000000c35a2670) 
thrown [t:\workspace\open\src\hotspot\share\prims\jni.cpp, line 579]
Event: 4.790 Thread 0x000001f4c23b4270 Exception <a 'sun/nio/fs/WindowsException'{0x00000000c35a40e0}> (0x00000000c35a40e0) 
thrown [t:\workspace\open\src\hotspot\share\prims\jni.cpp, line 579]
Event: 4.790 Thread 0x000001f4c23b4270 Exception <a 'sun/nio/fs/WindowsException'{0x00000000c35a4400}> (0x00000000c35a4400) 
thrown [t:\workspace\open\src\hotspot\share\prims\jni.cpp, line 579]
Event: 4.790 Thread 0x000001f4c23b4270 Exception <a 'sun/nio/fs/WindowsException'{0x00000000c35a4f28}> (0x00000000c35a4f28) 
thrown [t:\workspace\open\src\hotspot\share\prims\jni.cpp, line 579]
Event: 4.790 Thread 0x000001f4c23b4270 Exception <a 'sun/nio/fs/WindowsException'{0x00000000c35a5238}> (0x00000000c35a5238) 
thrown [t:\workspace\open\src\hotspot\share\prims\jni.cpp, line 579]
Event: 4.942 Thread 0x000001f4c23b4270 Exception <a 'java/lang/NoSuchMethodError'{0x00000000c36cebd8}: 'java.lang.Object java.lang.invoke.DirectMethodHandle$Holder.invokeStatic(java.lang.Object, java.lang.Object, int, int)'> (0x00000000c36cebd8) 
thrown [t:\workspace\open\src\hotspot\share\interpreter\linkResolver.cpp, line 790]
Event: 4.951 Thread 0x000001f4c23b4270 Exception <a 'java/lang/NoSuchMethodError'{0x00000000c36db4d8}: 'int java.lang.invoke.DirectMethodHandle$Holder.invokeSpecial(java.lang.Object, java.lang.Object, java.lang.Object)'> (0x00000000c36db4d8) 
thrown [t:\workspace\open\src\hotspot\share\interpreter\linkResolver.cpp, line 790]

Events (20 events):
Event: 4.776 loading class java/util/ComparableTimSort done
Event: 4.796 Executing  VM operation: G1CollectForAllocation
Event: 4.801 Executing  VM operation: G1CollectForAllocation done
Event: 4.809 loading class java/nio/file/Files$2
Event: 4.809 loading class java/nio/file/Files$2 done
Event: 4.848 Executing  VM operation: G1CollectForAllocation
Event: 4.850 Executing  VM operation: G1CollectForAllocation done
Event: 4.862 Executing  VM operation: G1Concurrent
Event: 4.865 Executing  VM operation: G1Concurrent done
Event: 4.870 Executing  VM operation: G1Concurrent
Event: 4.870 Executing  VM operation: G1Concurrent done
Event: 4.879 Executing  VM operation: G1CollectForAllocation
Event: 4.885 Executing  VM operation: G1CollectForAllocation done
Event: 4.981 loading class jdk/internal/jimage/ImageReader$LinkNode
Event: 4.981 loading class jdk/internal/jimage/ImageReader$LinkNode done
Event: 4.981 Executing  VM operation: HandshakeAllThreads
Event: 4.981 Executing  VM operation: HandshakeAllThreads done
Event: 5.017 loading class java/lang/invoke/MethodHandle$1
Event: 5.017 loading class java/lang/invoke/MethodHandle$1 done
Event: 5.032 Executing  VM operation: G1CollectForAllocation


Dynamic libraries:
0x00007ff6c5d60000 - 0x00007ff6c5d68000 	C:\Program Files\Java\jdk-16.0.1\bin\javac.exe
0x00007fffe13b0000 - 0x00007fffe15a5000 	C:\WINDOWS\SYSTEM32\ntdll.dll
0x00007fffdfa80000 - 0x00007fffdfb3e000 	C:\WINDOWS\System32\KERNEL32.DLL
0x00007fffdeb60000 - 0x00007fffdee28000 	C:\WINDOWS\System32\KERNELBASE.dll
0x00007fffdf1f0000 - 0x00007fffdf2f0000 	C:\WINDOWS\System32\ucrtbase.dll
0x00007fffd7480000 - 0x00007fffd7498000 	C:\Program Files\Java\jdk-16.0.1\bin\jli.dll
0x00007fffdf800000 - 0x00007fffdf8ac000 	C:\WINDOWS\System32\ADVAPI32.dll
0x00007fffdf400000 - 0x00007fffdf49e000 	C:\WINDOWS\System32\msvcrt.dll
0x00007fffdfcf0000 - 0x00007fffdfd8b000 	C:\WINDOWS\System32\sechost.dll
0x00007fffdfd90000 - 0x00007fffdfeba000 	C:\WINDOWS\System32\RPCRT4.dll
0x00007fffdfb40000 - 0x00007fffdfce1000 	C:\WINDOWS\System32\USER32.dll
0x00007fffdf320000 - 0x00007fffdf342000 	C:\WINDOWS\System32\win32u.dll
0x00007fffdffe0000 - 0x00007fffe000b000 	C:\WINDOWS\System32\GDI32.dll
0x00007fffdf040000 - 0x00007fffdf14b000 	C:\WINDOWS\System32\gdi32full.dll
0x00007fffdf150000 - 0x00007fffdf1ed000 	C:\WINDOWS\System32\msvcp_win.dll
0x00007fffda1c0000 - 0x00007fffda1d9000 	C:\Program Files\Java\jdk-16.0.1\bin\VCRUNTIME140.dll
0x00007fffc0cb0000 - 0x00007fffc0f4a000 	C:\WINDOWS\WinSxS\amd64_microsoft.windows.common-controls_6595b64144ccf1df_6.0.19041.1110_none_60b5254171f9507e\COMCTL32.dll
0x00007fffd8a90000 - 0x00007fffd8a9a000 	C:\WINDOWS\SYSTEM32\VERSION.dll
0x00007fffdfec0000 - 0x00007fffdfef0000 	C:\WINDOWS\System32\IMM32.DLL
0x00007fffda1b0000 - 0x00007fffda1bc000 	C:\Program Files\Java\jdk-16.0.1\bin\vcruntime140_1.dll
0x00007fffb3d00000 - 0x00007fffb3d91000 	C:\Program Files\Java\jdk-16.0.1\bin\msvcp140.dll
0x00007fff9eb80000 - 0x00007fff9f72b000 	C:\Program Files\Java\jdk-16.0.1\bin\server\jvm.dll
0x00007fffe01a0000 - 0x00007fffe01a8000 	C:\WINDOWS\System32\PSAPI.DLL
0x00007fffda1e0000 - 0x00007fffda1e9000 	C:\WINDOWS\SYSTEM32\WSOCK32.dll
0x00007fffe0370000 - 0x00007fffe03db000 	C:\WINDOWS\System32\WS2_32.dll
0x00007fffc0460000 - 0x00007fffc0487000 	C:\WINDOWS\SYSTEM32\WINMM.dll
0x00007fffdd350000 - 0x00007fffdd362000 	C:\WINDOWS\SYSTEM32\kernel.appcore.dll
0x00007fffda1a0000 - 0x00007fffda1aa000 	C:\Program Files\Java\jdk-16.0.1\bin\jimage.dll
0x00007fffdd140000 - 0x00007fffdd324000 	C:\WINDOWS\SYSTEM32\DBGHELP.DLL
0x00007fffc5560000 - 0x00007fffc558c000 	C:\WINDOWS\SYSTEM32\dbgcore.DLL
0x00007fffdead0000 - 0x00007fffdeb53000 	C:\WINDOWS\System32\bcryptPrimitives.dll
0x00007fffd9d20000 - 0x00007fffd9d45000 	C:\Program Files\Java\jdk-16.0.1\bin\java.dll
0x00007fffe08c0000 - 0x00007fffe0fff000 	C:\WINDOWS\System32\SHELL32.dll
0x00007fffdc870000 - 0x00007fffdd000000 	C:\WINDOWS\SYSTEM32\windows.storage.dll
0x00007fffdf4a0000 - 0x00007fffdf7f5000 	C:\WINDOWS\System32\combase.dll
0x00007fffde450000 - 0x00007fffde47e000 	C:\WINDOWS\SYSTEM32\Wldp.dll
0x00007fffe01b0000 - 0x00007fffe025d000 	C:\WINDOWS\System32\SHCORE.dll
0x00007fffe0140000 - 0x00007fffe0195000 	C:\WINDOWS\System32\shlwapi.dll
0x00007fffdea10000 - 0x00007fffdea2f000 	C:\WINDOWS\SYSTEM32\profapi.dll
0x00007fffd88c0000 - 0x00007fffd88d9000 	C:\Program Files\Java\jdk-16.0.1\bin\net.dll
0x00007fffcdb70000 - 0x00007fffcdc7c000 	C:\WINDOWS\SYSTEM32\WINHTTP.dll
0x00007fffde1b0000 - 0x00007fffde21a000 	C:\WINDOWS\system32\mswsock.dll
0x00007fffd88a0000 - 0x00007fffd88b3000 	C:\Program Files\Java\jdk-16.0.1\bin\nio.dll
0x00007fffd8130000 - 0x00007fffd8148000 	C:\Program Files\Java\jdk-16.0.1\bin\zip.dll

dbghelp: loaded successfully - version: 4.0.5 - missing functions: none
symbol engine: initialized successfully - sym options: 0x614 - pdb path: .;C:\Program Files\Java\jdk-16.0.1\bin;C:\WINDOWS\SYSTEM32;C:\WINDOWS\WinSxS\amd64_microsoft.windows.common-controls_6595b64144ccf1df_6.0.19041.1110_none_60b5254171f9507e;C:\Program Files\Java\jdk-16.0.1\bin\server

VM Arguments:
jvm_args: -Dapplication.home=C:\Program Files\Java\jdk-16.0.1 --add-modules=ALL-DEFAULT -Xms8m -Djdk.module.main=jdk.compiler 
java_command: jdk.compiler/com.sun.tools.javac.Main -d C:\Users\LENOVO\Documents\NetBeansProjects\Asistensi MD3\build\classes -classpath C:\Users\LENOVO\Documents\NetBeansProjects\Asistensi MD3\build\classes;E:\PRATIKUM PBO\Pertemuan 3\Bahan\mysql-connector-java-8.0.24.jar -sourcepath C:\Users\LENOVO\Documents\NetBeansProjects\Asistensi MD3\build\empty -target 16 -encoding UTF-8 -g -processorpath E:\PRATIKUM PBO\Pertemuan 3\Bahan\mysql-connector-java-8.0.24.jar;C:\Users\LENOVO\Documents\NetBeansProjects\Asistensi MD3\build\empty -s C:\Users\LENOVO\Documents\NetBeansProjects\Asistensi MD3\build\generated-sources\ap-source-output -source 16 C:\Users\LENOVO\Documents\NetBeansProjects\Asistensi MD3\src\Controller07277\AdminController07277.java C:\Users\LENOVO\Documents\NetBeansProjects\Asistensi MD3\src\Controller07277\AllObjectModel07277.java C:\Users\LENOVO\Documents\NetBeansProjects\Asistensi MD3\src\Controller07277\PendudukController07277.java C:\Users\LENOVO\Documents\NetBeansProjects\Asistensi MD3\src\Entity07277\AdminEntity0727707277.java C:\Users\LENOVO\Documents\NetBeansProjects\Asistensi MD3\src\Entity07277\PendudukEntity0727707277.java C:\Users\LENOVO\Documents\NetBeansProjects\Asistensi MD3\src\Entity07277\UserEntityAbstract07277.java C:\Users\LENOVO\Documents\NetBeansProjects\Asistensi MD3\src\GUI\DataPendGui.java C:\Users\LENOVO\Documents\NetBeansProjects\Asistensi MD3\src\GUI\DataPeroranganGui.java C:\Users\LENOVO\Documents\NetBeansProjects\Asistensi MD3\src\GUI\LoginAdminGui.java C:\Users\LENOVO\Documents\NetBeansProjects\Asistensi MD3\src\GUI\LoginGui.java C:\Users\LENOVO\Documents\NetBeansProjects\Asistensi MD3\src\GUI\MenuAdminGui.java C:\Users\LENOVO\Documents\NetBeansProjects\Asistensi MD3\src\GUI\RegisAdminGui.java C:\Users\LENOVO\Documents\NetBeansProjects\Asistensi MD3\src\GUI\RegisPendGui.java C:\Users\LENOVO\Documents\NetBeansProjects\Asistensi MD3\src\Helper07277\KoneksiDb07277.java C:\Users\LENOVO\Documents\NetBeansProjects\Asistensi MD3\sr
java_class_path (initial): <not set>
Launcher Type: SUN_STANDARD

[Global flags]
     intx CICompilerCount                          = 2                                         {product} {ergonomic}
     uint ConcGCThreads                            = 1                                         {product} {ergonomic}
     uint G1ConcRefinementThreads                  = 2                                         {product} {ergonomic}
   size_t G1HeapRegionSize                         = 1048576                                   {product} {ergonomic}
    uintx GCDrainStackTargetSize                   = 64                                        {product} {ergonomic}
   size_t InitialHeapSize                          = 8388608                                   {product} {command line}
   size_t MarkStackSize                            = 4194304                                   {product} {ergonomic}
   size_t MaxHeapSize                              = 1027604480                                {product} {ergonomic}
   size_t MaxNewSize                               = 616562688                                 {product} {ergonomic}
   size_t MinHeapDeltaBytes                        = 1048576                                   {product} {ergonomic}
   size_t MinHeapSize                              = 8388608                                   {product} {command line}
    uintx NonNMethodCodeHeapSize                   = 5826188                                {pd product} {ergonomic}
    uintx NonProfiledCodeHeapSize                  = 122916026                              {pd product} {ergonomic}
    uintx ProfiledCodeHeapSize                     = 122916026                              {pd product} {ergonomic}
    uintx ReservedCodeCacheSize                    = 251658240                              {pd product} {ergonomic}
     bool SegmentedCodeCache                       = true                                      {product} {ergonomic}
   size_t SoftMaxHeapSize                          = 1027604480                             {manageable} {ergonomic}
     bool UseCompressedClassPointers               = true                           {product lp64_product} {ergonomic}
     bool UseCompressedOops                        = true                           {product lp64_product} {ergonomic}
     bool UseG1GC                                  = true                                      {product} {ergonomic}
     bool UseLargePagesIndividualAllocation        = false                                  {pd product} {ergonomic}

Logging:
Log output configuration:
 #0: stdout all=warning uptime,level,tags
 #1: stderr all=off uptime,level,tags

Environment Variables:
PATH=C:\Program Files\Common Files\Oracle\Java\javapath;C:\Program Files (x86)\Intel\TXE Components\iCLS\;C:\Program Files\Intel\TXE Components\iCLS\;C:\WINDOWS\system32;C:\WINDOWS;C:\WINDOWS\System32\Wbem;C:\WINDOWS\System32\WindowsPowerShell\v1.0\;C:\WINDOWS\System32\OpenSSH\;C:\Program Files\Intel\TXE Components\DAL\;C:\Program Files (x86)\Intel\TXE Components\DAL\;C:\Program Files\Intel\TXE Components\IPT\;C:\Program Files (x86)\Intel\TXE Components\IPT\;C:\Program Files\Microsoft\Web Platform Installer\;C:\Program Files (x86)\Microsoft ASP.NET\ASP.NET Web Pages\v1.0\;C:\Program Files\Microsoft SQL Server\110\Tools\Binn\;C:\Program Files\Git\cmd;C:\Users\LENOVO\AppData\Local\Microsoft\WindowsApps;C:\Program Files\JetBrains\IntelliJ IDEA Community Edition 2021.3\bin
USERNAME=LENOVO
OS=Windows_NT
PROCESSOR_IDENTIFIER=Intel64 Family 6 Model 122 Stepping 1, GenuineIntel



---------------  S Y S T E M  ---------------

OS:
 Windows 10 , 64 bit Build 19041 (10.0.19041.1348)
OS uptime: 0 days 1:04 hours

CPU: total 2 (initial active 2) (2 cores per cpu, 1 threads per core) family 6 model 122 stepping 1 microcode 0x36, cx8, cmov, fxsr, mmx, 3dnowpref, sse, sse2, sse3, ssse3, sse4.1, sse4.2, popcnt, tsc, tscinvbit, aes, erms, clmul, sha, clflush, clflushopt

Memory: 4k page, system-wide physical 3918M (273M free)
TotalPageFile size 3918M (AvailPageFile size 7M)
current process WorkingSet (physical memory assigned to process): 74M, peak: 74M
current process commit charge ("private bytes"): 98M, peak: 109M

vm_info: Java HotSpot(TM) 64-Bit Server VM (16.0.1+9-24) for windows-amd64 JRE (16.0.1+9-24), built on Mar 26 2021 19:31:42 by "mach5one" with MS VC++ 16.7 (VS2019)

END.
