#
# There is insufficient memory for the Java Runtime Environment to continue.
# Native memory allocation (mmap) failed to map 17825792 bytes for G1 virtual space
# Possible reasons:
#   The system is out of physical RAM or swap space
#   The process is running with CompressedOops enabled, and the Java Heap may be blocking the growth of the native heap
# Possible solutions:
#   Reduce memory load on the system
#   Increase physical memory or swap space
#   Check if swap backing store is full
#   Decrease Java heap size (-Xmx/-Xms)
#   Decrease number of Java threads
#   Decrease Java thread stack sizes (-Xss)
#   Set larger code cache with -XX:ReservedCodeCacheSize=
#   JVM is running with Unscaled Compressed Oops mode in which the Java heap is
#     placed in the first 4GB address space. The Java Heap base address is the
#     maximum limit for the native heap growth. Please use -XX:HeapBaseMinAddress
#     to set the Java Heap base and to place the Java Heap above 4GB virtual address.
# This output file may be truncated or incomplete.
#
#  Out of Memory Error (os_windows.cpp:3466), pid=3108, tid=4028
#
# JRE version: Java(TM) SE Runtime Environment (16.0.1+9) (build 16.0.1+9-24)
# Java VM: Java HotSpot(TM) 64-Bit Server VM (16.0.1+9-24, mixed mode, sharing, tiered, compressed oops, compressed class ptrs, g1 gc, windows-amd64)
# No core dump will be written. Minidumps are not enabled by default on client versions of Windows
#

---------------  S U M M A R Y ------------

Command Line: -Dapplication.home=C:\Program Files\Java\jdk-16.0.1 --add-modules=ALL-DEFAULT -Xms8m -Djdk.module.main=jdk.compiler jdk.compiler/com.sun.tools.javac.Main -d C:\Users\LENOVO\Documents\NetBeansProjects\Asistensi MD3\build\classes -classpath C:\Users\LENOVO\Documents\NetBeansProjects\Asistensi MD3\build\classes;E:\PRATIKUM PBO\Pertemuan 3\Bahan\mysql-connector-java-8.0.24.jar -sourcepath C:\Users\LENOVO\Documents\NetBeansProjects\Asistensi MD3\build\empty -target 16 -encoding UTF-8 -g -processorpath E:\PRATIKUM PBO\Pertemuan 3\Bahan\mysql-connector-java-8.0.24.jar;C:\Users\LENOVO\Documents\NetBeansProjects\Asistensi MD3\build\empty -s C:\Users\LENOVO\Documents\NetBeansProjects\Asistensi MD3\build\generated-sources\ap-source-output -source 16 C:\Users\LENOVO\Documents\NetBeansProjects\Asistensi MD3\src\Controller07277\AdminController07277.java C:\Users\LENOVO\Documents\NetBeansProjects\Asistensi MD3\src\Controller07277\AllObjectModel07277.java C:\Users\LENOVO\Documents\NetBeansProjects\Asistensi MD3\src\Controller07277\PendudukController07277.java C:\Users\LENOVO\Documents\NetBeansProjects\Asistensi MD3\src\Entity07277\AdminEntity0727707277.java C:\Users\LENOVO\Documents\NetBeansProjects\Asistensi MD3\src\Entity07277\PendudukEntity0727707277.java C:\Users\LENOVO\Documents\NetBeansProjects\Asistensi MD3\src\Entity07277\UserEntityAbstract07277.java C:\Users\LENOVO\Documents\NetBeansProjects\Asistensi MD3\src\GUI\DataPendGui.java C:\Users\LENOVO\Documents\NetBeansProjects\Asistensi MD3\src\GUI\DataPeroranganGui.java C:\Users\LENOVO\Documents\NetBeansProjects\Asistensi MD3\src\GUI\LoginAdminGui.java C:\Users\LENOVO\Documents\NetBeansProjects\Asistensi MD3\src\GUI\LoginGui.java C:\Users\LENOVO\Documents\NetBeansProjects\Asistensi MD3\src\GUI\MenuAdminGui.java C:\Users\LENOVO\Documents\NetBeansProjects\Asistensi MD3\src\GUI\RegisAdminGui.java C:\Users\LENOVO\Documents\NetBeansProjects\Asistensi MD3\src\GUI\RegisPendGui.java C:\Users\LENOVO\Documents\NetBeansProjects\Asistensi MD3\src\Helper07277\KoneksiDb07277.java C:\Users\LENOVO\Documents\NetBeansProjects\Asistensi MD3\src\Model07277\AdminModel0727707277.java C:\Users\LENOVO\Documents\NetBeansProjects\Asistensi MD3\src\Model07277\ModelAbstract07277.java C:\Users\LENOVO\Documents\NetBeansProjects\Asistensi MD3\src\Model07277\PendudukModel07277.java

Host: Intel(R) Celeron(R) N4000 CPU @ 1.10GHz, 2 cores, 3G,  Windows 10 , 64 bit Build 19041 (10.0.19041.1348)
Time: Tue Jan  4 14:55:20 2022 SE Asia Standard Time elapsed time: 4.819627 seconds (0d 0h 0m 4s)

---------------  T H R E A D  ---------------

Current thread (0x00000213cd523610):  VMThread "VM Thread" [stack: 0x000000a1bd600000,0x000000a1bd700000] [id=4028]

Stack: [0x000000a1bd600000,0x000000a1bd700000]
Native frames: (J=compiled Java code, j=interpreted, Vv=VM code, C=native code)
V  [jvm.dll+0x6687ca]
V  [jvm.dll+0x7ca3c9]
V  [jvm.dll+0x7cbb53]
V  [jvm.dll+0x7cc1b3]
V  [jvm.dll+0x242ea5]
V  [jvm.dll+0x665589]
V  [jvm.dll+0x65a175]
V  [jvm.dll+0x2fc5ab]
V  [jvm.dll+0x3037a6]
V  [jvm.dll+0x352fee]
V  [jvm.dll+0x35321f]
V  [jvm.dll+0x2d3618]
V  [jvm.dll+0x2d11a5]
V  [jvm.dll+0x2d07dc]
V  [jvm.dll+0x3158c2]
V  [jvm.dll+0x7d05eb]
V  [jvm.dll+0x7d12e4]
V  [jvm.dll+0x7d17e9]
V  [jvm.dll+0x7d1aa4]
V  [jvm.dll+0x7d1b70]
V  [jvm.dll+0x779b4a]
V  [jvm.dll+0x667666]
C  [ucrtbase.dll+0x21bb2]
C  [KERNEL32.DLL+0x17034]
C  [ntdll.dll+0x52651]

VM_Operation (0x000000a1bd0fdfe0): G1CollectForAllocation, mode: safepoint, requested by thread 0x00000213cd474120


---------------  P R O C E S S  ---------------

Threads class SMR info:
_java_thread_list=0x00000213eac0ce20, length=12, elements={
0x00000213cd474120, 0x00000213cd52a890, 0x00000213cd52b660, 0x00000213cd53e0b0,
0x00000213cd53fbd0, 0x00000213cd5406e0, 0x00000213cd543000, 0x00000213cd543cf0,
0x00000213e9f9cfd0, 0x00000213e9f9f940, 0x00000213e9f3aae0, 0x00000213eac71d00
}

Java Threads: ( => current thread )
  0x00000213cd474120 JavaThread "main" [_thread_blocked, id=10824, stack(0x000000a1bd000000,0x000000a1bd100000)]
  0x00000213cd52a890 JavaThread "Reference Handler" daemon [_thread_blocked, id=2008, stack(0x000000a1bd700000,0x000000a1bd800000)]
  0x00000213cd52b660 JavaThread "Finalizer" daemon [_thread_blocked, id=516, stack(0x000000a1bd800000,0x000000a1bd900000)]
  0x00000213cd53e0b0 JavaThread "Signal Dispatcher" daemon [_thread_blocked, id=5664, stack(0x000000a1bd900000,0x000000a1bda00000)]
  0x00000213cd53fbd0 JavaThread "Attach Listener" daemon [_thread_blocked, id=8704, stack(0x000000a1bda00000,0x000000a1bdb00000)]
  0x00000213cd5406e0 JavaThread "Service Thread" daemon [_thread_blocked, id=4360, stack(0x000000a1bdb00000,0x000000a1bdc00000)]
  0x00000213cd543000 JavaThread "Monitor Deflation Thread" daemon [_thread_blocked, id=624, stack(0x000000a1bdc00000,0x000000a1bdd00000)]
  0x00000213cd543cf0 JavaThread "C2 CompilerThread0" daemon [_thread_blocked, id=4316, stack(0x000000a1bdd00000,0x000000a1bde00000)]
  0x00000213e9f9cfd0 JavaThread "C1 CompilerThread0" daemon [_thread_blocked, id=1032, stack(0x000000a1bde00000,0x000000a1bdf00000)]
  0x00000213e9f9f940 JavaThread "Sweeper thread" daemon [_thread_blocked, id=2192, stack(0x000000a1bdf00000,0x000000a1be000000)]
  0x00000213e9f3aae0 JavaThread "Common-Cleaner" daemon [_thread_blocked, id=5284, stack(0x000000a1be000000,0x000000a1be100000)]
  0x00000213eac71d00 JavaThread "Notification Thread" daemon [_thread_blocked, id=10692, stack(0x000000a1be100000,0x000000a1be200000)]

Other Threads:
=>0x00000213cd523610 VMThread "VM Thread" [stack: 0x000000a1bd600000,0x000000a1bd700000] [id=4028]
  0x00000213eac55b90 WatcherThread [stack: 0x000000a1be200000,0x000000a1be300000] [id=8460]
  0x00000213cd49bef0 GCTaskThread "GC Thread#0" [stack: 0x000000a1bd100000,0x000000a1bd200000] [id=6192]
  0x00000213eade7aa0 GCTaskThread "GC Thread#1" [stack: 0x000000a1be300000,0x000000a1be400000] [id=11216]
  0x00000213cd4a69e0 ConcurrentGCThread "G1 Main Marker" [stack: 0x000000a1bd200000,0x000000a1bd300000] [id=9828]
  0x00000213cd4a83f0 ConcurrentGCThread "G1 Conc#0" [stack: 0x000000a1bd300000,0x000000a1bd400000] [id=10860]
  0x00000213cd4b60b0 ConcurrentGCThread "G1 Refine#0" [stack: 0x000000a1bd400000,0x000000a1bd500000] [id=6484]
  0x00000213cd4b7a50 ConcurrentGCThread "G1 Service" [stack: 0x000000a1bd500000,0x000000a1bd600000] [id=6404]

Threads with active compile tasks:
C2 CompilerThread0     4883 1672       4       com.sun.tools.javac.util.Name::append (53 bytes)

VM state: at safepoint (normal execution)

VM Mutex/Monitor currently owned by a thread:  ([mutex/lock_event])
[0x00000213cd46fe30] Threads_lock - owner thread: 0x00000213cd523610
[0x00000213cd46f9b0] Heap_lock - owner thread: 0x00000213cd474120

Heap address: 0x00000000c2c00000, size: 980 MB, Compressed Oops mode: 32-bit

CDS archive(s) mapped at: [0x0000000800000000-0x0000000800bb0000-0x0000000800bb0000), size 12255232, SharedBaseAddress: 0x0000000800000000, ArchiveRelocationMode: 0.
Compressed class space mapped at: 0x0000000800c00000-0x0000000840c00000, reserved size: 1073741824
Narrow klass base: 0x0000000800000000, Narrow klass shift: 3, Narrow klass range: 0x100000000

GC Precious Log:
 CPUs: 2 total, 2 available
 Memory: 3918M
 Large Page Support: Disabled
 NUMA Support: Disabled
 Compressed Oops: Enabled (32-bit)
 Heap Region Size: 1M
 Heap Min Capacity: 8M
 Heap Initial Capacity: 8M
 Heap Max Capacity: 980M
 Pre-touch: Disabled
 Parallel Workers: 2
 Concurrent Workers: 1
 Concurrent Refinement Workers: 2
 Periodic GC: Disabled

Heap:
 garbage-first heap   total 17408K, used 8942K [0x00000000c2c00000, 0x0000000100000000)
  region size 1024K, 1 young (1024K), 1 survivors (1024K)
 Metaspace       used 9555K, committed 9664K, reserved 1064960K
  class space    used 1045K, committed 1088K, reserved 1048576K

Heap Regions: E=young(eden), S=young(survivor), O=old, HS=humongous(starts), HC=humongous(continues), CS=collection set, F=free, OA=open archive, CA=closed archive, TAMS=top-at-mark-start (previous, next)
|   0|0x00000000c2c00000, 0x00000000c2d00000, 0x00000000c2d00000|100%| O|  |TAMS 0x00000000c2d00000, 0x00000000c2c00000| Untracked 
|   1|0x00000000c2d00000, 0x00000000c2e00000, 0x00000000c2e00000|100%| O|  |TAMS 0x00000000c2e00000, 0x00000000c2d00000| Untracked 
|   2|0x00000000c2e00000, 0x00000000c2f00000, 0x00000000c2f00000|100%| O|  |TAMS 0x00000000c2f00000, 0x00000000c2e00000| Untracked 
|   3|0x00000000c2f00000, 0x00000000c3000000, 0x00000000c3000000|100%| O|  |TAMS 0x00000000c3000000, 0x00000000c2f00000| Untracked 
|   4|0x00000000c3000000, 0x00000000c3100000, 0x00000000c3100000|100%| O|  |TAMS 0x00000000c302aa00, 0x00000000c3000000| Untracked 
|   5|0x00000000c3100000, 0x00000000c3200000, 0x00000000c3200000|100%| O|  |TAMS 0x00000000c3100000, 0x00000000c3100000| Untracked 
|   6|0x00000000c3200000, 0x00000000c3300000, 0x00000000c3300000|100%| O|  |TAMS 0x00000000c3200000, 0x00000000c3200000| Untracked 
|   7|0x00000000c3300000, 0x00000000c33bba00, 0x00000000c3400000| 73%| O|  |TAMS 0x00000000c3300000, 0x00000000c3300000| Untracked 
|   8|0x00000000c3400000, 0x00000000c3400000, 0x00000000c3500000|  0%| F|  |TAMS 0x00000000c3400000, 0x00000000c3400000| Untracked 
|   9|0x00000000c3500000, 0x00000000c3500000, 0x00000000c3600000|  0%| F|  |TAMS 0x00000000c3500000, 0x00000000c3500000| Untracked 
|  10|0x00000000c3600000, 0x00000000c3600000, 0x00000000c3700000|  0%| F|  |TAMS 0x00000000c3600000, 0x00000000c3600000| Untracked 
|  11|0x00000000c3700000, 0x00000000c3700000, 0x00000000c3800000|  0%| F|  |TAMS 0x00000000c3700000, 0x00000000c3700000| Untracked 
|  12|0x00000000c3800000, 0x00000000c3900000, 0x00000000c3900000|100%| S|CS|TAMS 0x00000000c3800000, 0x00000000c3800000| Complete 
|  13|0x00000000c3900000, 0x00000000c3900000, 0x00000000c3a00000|  0%| F|  |TAMS 0x00000000c3900000, 0x00000000c3900000| Untracked 
|  14|0x00000000c3a00000, 0x00000000c3a00000, 0x00000000c3b00000|  0%| F|  |TAMS 0x00000000c3a00000, 0x00000000c3a00000| Untracked 
|  15|0x00000000c3b00000, 0x00000000c3b00000, 0x00000000c3c00000|  0%| F|  |TAMS 0x00000000c3b00000, 0x00000000c3b00000| Untracked 
|  16|0x00000000c3c00000, 0x00000000c3c00000, 0x00000000c3d00000|  0%| F|  |TAMS 0x00000000c3c00000, 0x00000000c3c00000| Untracked 

Card table byte_map: [0x00000213e59c0000,0x00000213e5bb0000] _byte_map_base: 0x00000213e53aa000

Marking Bits (Prev, Next): (CMBitMap*) 0x00000213cd49e550, (CMBitMap*) 0x00000213cd49e510
 Prev Bits: [0x00000213e6cf0000, 0x00000213e7c40000)
 Next Bits: [0x00000213e5da0000, 0x00000213e6cf0000)

Polling page: 0x00000213cd2d0000

Metaspace:

Usage:
  Non-class:      8.31 MB used.
      Class:      1.02 MB used.
       Both:      9.33 MB used.

Virtual space:
  Non-class space:       16.00 MB reserved,       8.38 MB ( 52%) committed,  2 nodes.
      Class space:        1.00 GB reserved,       1.06 MB ( <1%) committed,  1 nodes.
              Both:        1.02 GB reserved,       9.44 MB ( <1%) committed. 

Chunk freelists:
   Non-Class:  1.75 MB
       Class:  2.89 MB
        Both:  4.64 MB

MaxMetaspaceSize: 17179869184.00 GB
CompressedClassSpaceSize: 1.00 GB
 - commit_granule_bytes: 65536.
 - commit_granule_words: 8192.
 - virtual_space_node_default_size: 1048576.
 - enlarge_chunks_in_place: 1.
 - new_chunks_are_fully_committed: 0.
 - uncommit_free_chunks: 1.
 - use_allocation_guard: 0.
 - handle_deallocations: 1.


Internal statistics:

num_allocs_failed_limit: 0.
num_arena_births: 76.
num_arena_deaths: 0.
num_vsnodes_births: 3.
num_vsnodes_deaths: 0.
num_space_committed: 151.
num_space_uncommitted: 0.
num_chunks_returned_to_freelist: 0.
num_chunks_taken_from_freelist: 398.
num_chunk_merges: 0.
num_chunk_splits: 268.
num_chunks_enlarged: 207.
num_purges: 0.

CodeHeap 'non-profiled nmethods': size=120064Kb used=544Kb max_used=544Kb free=119519Kb
 bounds [0x00000213dde90000, 0x00000213de100000, 0x00000213e53d0000]
CodeHeap 'profiled nmethods': size=120000Kb used=3461Kb max_used=3461Kb free=116538Kb
 bounds [0x00000213d6960000, 0x00000213d6cd0000, 0x00000213dde90000]
CodeHeap 'non-nmethods': size=5696Kb used=1159Kb max_used=1180Kb free=4536Kb
 bounds [0x00000213d63d0000, 0x00000213d6640000, 0x00000213d6960000]
 total_blobs=2127 nmethods=1681 adapters=359
 compilation: enabled
              stopped_count=0, restarted_count=0
 full_count=0

Compilation events (20 events):
Event: 4.791 Thread 0x00000213e9f9cfd0 1677       3       com.sun.tools.javac.comp.Check::checkDeprecated (65 bytes)
Event: 4.792 Thread 0x00000213e9f9cfd0 nmethod 1677 0x00000213d6cba690 code [0x00000213d6cba8c0, 0x00000213d6cbb1e8]
Event: 4.792 Thread 0x00000213e9f9cfd0 1678   !   3       com.sun.tools.javac.code.ClassFinder::loadClass (127 bytes)
Event: 4.794 Thread 0x00000213e9f9cfd0 nmethod 1678 0x00000213d6cbb410 code [0x00000213d6cbb740, 0x00000213d6cbcc88]
Event: 4.794 Thread 0x00000213e9f9cfd0 1679       3       com.sun.tools.javac.code.ClassFinder::completeOwners (23 bytes)
Event: 4.795 Thread 0x00000213e9f9cfd0 nmethod 1679 0x00000213d6cbd490 code [0x00000213d6cbd660, 0x00000213d6cbda28]
Event: 4.796 Thread 0x00000213e9f9cfd0 1680       3       com.sun.tools.javac.code.ClassFinder::completeEnclosing (104 bytes)
Event: 4.797 Thread 0x00000213e9f9cfd0 nmethod 1680 0x00000213d6cbdb90 code [0x00000213d6cbde40, 0x00000213d6cbed88]
Event: 4.797 Thread 0x00000213e9f9cfd0 1681       3       com.sun.tools.javac.comp.Annotate::unblockAnnotationsNoFlush (11 bytes)
Event: 4.797 Thread 0x00000213e9f9cfd0 nmethod 1681 0x00000213d6cbf210 code [0x00000213d6cbf3a0, 0x00000213d6cbf4b8]
Event: 4.798 Thread 0x00000213e9f9cfd0 1683       3       com.sun.tools.javac.util.ListBuffer$1::hasNext (16 bytes)
Event: 4.798 Thread 0x00000213e9f9cfd0 nmethod 1683 0x00000213d6cbf590 code [0x00000213d6cbf740, 0x00000213d6cbf968]
Event: 4.799 Thread 0x00000213e9f9cfd0 1684       3       com.sun.tools.javac.comp.Resolve::findMemberType (33 bytes)
Event: 4.799 Thread 0x00000213e9f9cfd0 nmethod 1684 0x00000213d6cbfa10 code [0x00000213d6cbfbc0, 0x00000213d6cbfdd8]
Event: 4.802 Thread 0x00000213e9f9cfd0 1687   !   3       jdk.internal.misc.ScopedMemoryAccess::copyMemory (31 bytes)
Event: 4.803 Thread 0x00000213e9f9cfd0 nmethod 1687 0x00000213d6cbff10 code [0x00000213d6cc0140, 0x00000213d6cc0838]
Event: 4.805 Thread 0x00000213e9f9cfd0 1688       3       com.sun.tools.javac.tree.JCTree$JCIdent::accept (6 bytes)
Event: 4.805 Thread 0x00000213e9f9cfd0 nmethod 1688 0x00000213d6cc0c90 code [0x00000213d6cc0e40, 0x00000213d6cc1028]
Event: 4.808 Thread 0x00000213e9f9cfd0 1689       3       com.sun.tools.javac.tree.TreeScanner::scan (10 bytes)
Event: 4.808 Thread 0x00000213e9f9cfd0 nmethod 1689 0x00000213d6cc1110 code [0x00000213d6cc12c0, 0x00000213d6cc14e8]

GC Heap History (20 events):
Event: 3.452 GC heap after
{Heap after GC invocations=7 (full 0):
 garbage-first heap   total 10240K, used 3443K [0x00000000c2c00000, 0x0000000100000000)
  region size 1024K, 1 young (1024K), 1 survivors (1024K)
 Metaspace       used 8551K, committed 8704K, reserved 1064960K
  class space    used 951K, committed 1024K, reserved 1048576K
}
Event: 4.083 GC heap before
{Heap before GC invocations=7 (full 0):
 garbage-first heap   total 10240K, used 5491K [0x00000000c2c00000, 0x0000000100000000)
  region size 1024K, 3 young (3072K), 1 survivors (1024K)
 Metaspace       used 8924K, committed 9024K, reserved 1064960K
  class space    used 997K, committed 1024K, reserved 1048576K
}
Event: 4.089 GC heap after
{Heap after GC invocations=8 (full 0):
 garbage-first heap   total 10240K, used 4329K [0x00000000c2c00000, 0x0000000100000000)
  region size 1024K, 1 young (1024K), 1 survivors (1024K)
 Metaspace       used 8924K, committed 9024K, reserved 1064960K
  class space    used 997K, committed 1024K, reserved 1048576K
}
Event: 4.121 GC heap before
{Heap before GC invocations=8 (full 0):
 garbage-first heap   total 10240K, used 5353K [0x00000000c2c00000, 0x0000000100000000)
  region size 1024K, 2 young (2048K), 1 survivors (1024K)
 Metaspace       used 8956K, committed 9088K, reserved 1064960K
  class space    used 999K, committed 1024K, reserved 1048576K
}
Event: 4.123 GC heap after
{Heap after GC invocations=9 (full 0):
 garbage-first heap   total 10240K, used 4549K [0x00000000c2c00000, 0x0000000100000000)
  region size 1024K, 1 young (1024K), 1 survivors (1024K)
 Metaspace       used 8956K, committed 9088K, reserved 1064960K
  class space    used 999K, committed 1024K, reserved 1048576K
}
Event: 4.139 GC heap before
{Heap before GC invocations=9 (full 0):
 garbage-first heap   total 10240K, used 5573K [0x00000000c2c00000, 0x0000000100000000)
  region size 1024K, 2 young (2048K), 1 survivors (1024K)
 Metaspace       used 8973K, committed 9088K, reserved 1064960K
  class space    used 1000K, committed 1024K, reserved 1048576K
}
Event: 4.140 GC heap after
{Heap after GC invocations=10 (full 0):
 garbage-first heap   total 10240K, used 4547K [0x00000000c2c00000, 0x0000000100000000)
  region size 1024K, 1 young (1024K), 1 survivors (1024K)
 Metaspace       used 8973K, committed 9088K, reserved 1064960K
  class space    used 1000K, committed 1024K, reserved 1048576K
}
Event: 4.273 GC heap before
{Heap before GC invocations=11 (full 0):
 garbage-first heap   total 12288K, used 5571K [0x00000000c2c00000, 0x0000000100000000)
  region size 1024K, 2 young (2048K), 1 survivors (1024K)
 Metaspace       used 9127K, committed 9280K, reserved 1064960K
  class space    used 1014K, committed 1088K, reserved 1048576K
}
Event: 4.275 GC heap after
{Heap after GC invocations=12 (full 0):
 garbage-first heap   total 12288K, used 4705K [0x00000000c2c00000, 0x0000000100000000)
  region size 1024K, 1 young (1024K), 1 survivors (1024K)
 Metaspace       used 9127K, committed 9280K, reserved 1064960K
  class space    used 1014K, committed 1088K, reserved 1048576K
}
Event: 4.373 GC heap before
{Heap before GC invocations=12 (full 0):
 garbage-first heap   total 12288K, used 6753K [0x00000000c2c00000, 0x0000000100000000)
  region size 1024K, 3 young (3072K), 1 survivors (1024K)
 Metaspace       used 9301K, committed 9408K, reserved 1064960K
  class space    used 1038K, committed 1088K, reserved 1048576K
}
Event: 4.376 GC heap after
{Heap after GC invocations=13 (full 0):
 garbage-first heap   total 12288K, used 5117K [0x00000000c2c00000, 0x0000000100000000)
  region size 1024K, 1 young (1024K), 1 survivors (1024K)
 Metaspace       used 9301K, committed 9408K, reserved 1064960K
  class space    used 1038K, committed 1088K, reserved 1048576K
}
Event: 4.449 GC heap before
{Heap before GC invocations=13 (full 0):
 garbage-first heap   total 12288K, used 7165K [0x00000000c2c00000, 0x0000000100000000)
  region size 1024K, 3 young (3072K), 1 survivors (1024K)
 Metaspace       used 9348K, committed 9536K, reserved 1064960K
  class space    used 1038K, committed 1088K, reserved 1048576K
}
Event: 4.453 GC heap after
{Heap after GC invocations=14 (full 0):
 garbage-first heap   total 17408K, used 5557K [0x00000000c2c00000, 0x0000000100000000)
  region size 1024K, 1 young (1024K), 1 survivors (1024K)
 Metaspace       used 9348K, committed 9536K, reserved 1064960K
  class space    used 1038K, committed 1088K, reserved 1048576K
}
Event: 4.557 GC heap before
{Heap before GC invocations=14 (full 0):
 garbage-first heap   total 17408K, used 10677K [0x00000000c2c00000, 0x0000000100000000)
  region size 1024K, 6 young (6144K), 1 survivors (1024K)
 Metaspace       used 9399K, committed 9536K, reserved 1064960K
  class space    used 1044K, committed 1088K, reserved 1048576K
}
Event: 4.562 GC heap after
{Heap after GC invocations=15 (full 0):
 garbage-first heap   total 17408K, used 6274K [0x00000000c2c00000, 0x0000000100000000)
  region size 1024K, 1 young (1024K), 1 survivors (1024K)
 Metaspace       used 9399K, committed 9536K, reserved 1064960K
  class space    used 1044K, committed 1088K, reserved 1048576K
}
Event: 4.597 GC heap before
{Heap before GC invocations=15 (full 0):
 garbage-first heap   total 17408K, used 10370K [0x00000000c2c00000, 0x0000000100000000)
  region size 1024K, 5 young (5120K), 1 survivors (1024K)
 Metaspace       used 9401K, committed 9536K, reserved 1064960K
  class space    used 1044K, committed 1088K, reserved 1048576K
}
Event: 4.601 GC heap after
{Heap after GC invocations=16 (full 0):
 garbage-first heap   total 17408K, used 7222K [0x00000000c2c00000, 0x0000000100000000)
  region size 1024K, 1 young (1024K), 1 survivors (1024K)
 Metaspace       used 9401K, committed 9536K, reserved 1064960K
  class space    used 1044K, committed 1088K, reserved 1048576K
}
Event: 4.661 GC heap before
{Heap before GC invocations=16 (full 0):
 garbage-first heap   total 17408K, used 11318K [0x00000000c2c00000, 0x0000000100000000)
  region size 1024K, 5 young (5120K), 1 survivors (1024K)
 Metaspace       used 9425K, committed 9600K, reserved 1064960K
  class space    used 1044K, committed 1088K, reserved 1048576K
}
Event: 4.670 GC heap after
{Heap after GC invocations=17 (full 0):
 garbage-first heap   total 17408K, used 7919K [0x00000000c2c00000, 0x0000000100000000)
  region size 1024K, 1 young (1024K), 1 survivors (1024K)
 Metaspace       used 9425K, committed 9600K, reserved 1064960K
  class space    used 1044K, committed 1088K, reserved 1048576K
}
Event: 4.809 GC heap before
{Heap before GC invocations=17 (full 0):
 garbage-first heap   total 17408K, used 12015K [0x00000000c2c00000, 0x0000000100000000)
  region size 1024K, 5 young (5120K), 1 survivors (1024K)
 Metaspace       used 9555K, committed 9664K, reserved 1064960K
  class space    used 1045K, committed 1088K, reserved 1048576K
}

Deoptimization events (20 events):
Event: 4.212 Thread 0x00000213cd474120 Uncommon trap: trap_request=0xffffffbe fr.pc=0x00000213ddef6e78 relative=0x0000000000000a18
Event: 4.212 Thread 0x00000213cd474120 Uncommon trap: reason=profile_predicate action=maybe_recompile pc=0x00000213ddef6e78 method=jdk.internal.jimage.ImageStringsReader.charsFromByteBuffer([CLjava/nio/ByteBuffer;)V @ 6 c2
Event: 4.212 Thread 0x00000213cd474120 DEOPT PACKING pc=0x00000213ddef6e78 sp=0x000000a1bd0fa740
Event: 4.212 Thread 0x00000213cd474120 DEOPT UNPACKING pc=0x00000213d641d728 sp=0x000000a1bd0fa618 mode 2
Event: 4.213 Thread 0x00000213cd474120 Uncommon trap: trap_request=0xffffffbe fr.pc=0x00000213ddef868c relative=0x00000000000007cc
Event: 4.213 Thread 0x00000213cd474120 Uncommon trap: reason=profile_predicate action=maybe_recompile pc=0x00000213ddef868c method=jdk.internal.jimage.ImageStringsReader.charsFromByteBuffer([CLjava/nio/ByteBuffer;)V @ 6 c2
Event: 4.213 Thread 0x00000213cd474120 DEOPT PACKING pc=0x00000213ddef868c sp=0x000000a1bd0fa7c0
Event: 4.213 Thread 0x00000213cd474120 DEOPT UNPACKING pc=0x00000213d641d728 sp=0x000000a1bd0fa710 mode 2
Event: 4.223 Thread 0x00000213cd474120 Uncommon trap: trap_request=0xffffff45 fr.pc=0x00000213ddedfd80 relative=0x0000000000000060
Event: 4.223 Thread 0x00000213cd474120 Uncommon trap: reason=unstable_if action=reinterpret pc=0x00000213ddedfd80 method=com.sun.tools.javac.jvm.PoolReader.sizeof(I)I @ 1 c2
Event: 4.223 Thread 0x00000213cd474120 DEOPT PACKING pc=0x00000213ddedfd80 sp=0x000000a1bd0fe500
Event: 4.223 Thread 0x00000213cd474120 DEOPT UNPACKING pc=0x00000213d641d728 sp=0x000000a1bd0fe490 mode 2
Event: 4.593 Thread 0x00000213cd474120 Uncommon trap: trap_request=0xffffff45 fr.pc=0x00000213ddf05c38 relative=0x00000000000009f8
Event: 4.593 Thread 0x00000213cd474120 Uncommon trap: reason=unstable_if action=reinterpret pc=0x00000213ddf05c38 method=com.sun.tools.javac.util.ArrayUtils.ensureCapacity([BI)[B @ 3 c2
Event: 4.593 Thread 0x00000213cd474120 DEOPT PACKING pc=0x00000213ddf05c38 sp=0x000000a1bd0fe420
Event: 4.593 Thread 0x00000213cd474120 DEOPT UNPACKING pc=0x00000213d641d728 sp=0x000000a1bd0fe348 mode 2
Event: 4.695 Thread 0x00000213cd474120 Uncommon trap: trap_request=0xffffff45 fr.pc=0x00000213ddeffce8 relative=0x0000000000000048
Event: 4.695 Thread 0x00000213cd474120 Uncommon trap: reason=unstable_if action=reinterpret pc=0x00000213ddeffce8 method=com.sun.tools.javac.util.ArrayUtils.ensureCapacity([BI)[B @ 3 c2
Event: 4.695 Thread 0x00000213cd474120 DEOPT PACKING pc=0x00000213ddeffce8 sp=0x000000a1bd0fe350
Event: 4.696 Thread 0x00000213cd474120 DEOPT UNPACKING pc=0x00000213d641d728 sp=0x000000a1bd0fe2d8 mode 2

Classes unloaded (0 events):
No events

Classes redefined (0 events):
No events

Internal exceptions (20 events):
Event: 4.072 Thread 0x00000213cd474120 Exception <a 'sun/nio/fs/WindowsException'{0x00000000c3498b90}> (0x00000000c3498b90) 
thrown [t:\workspace\open\src\hotspot\share\prims\jni.cpp, line 579]
Event: 4.074 Thread 0x00000213cd474120 Exception <a 'sun/nio/fs/WindowsException'{0x00000000c349f118}> (0x00000000c349f118) 
thrown [t:\workspace\open\src\hotspot\share\prims\jni.cpp, line 579]
Event: 4.074 Thread 0x00000213cd474120 Exception <a 'sun/nio/fs/WindowsException'{0x00000000c349f438}> (0x00000000c349f438) 
thrown [t:\workspace\open\src\hotspot\share\prims\jni.cpp, line 579]
Event: 4.074 Thread 0x00000213cd474120 Exception <a 'sun/nio/fs/WindowsException'{0x00000000c349ff60}> (0x00000000c349ff60) 
thrown [t:\workspace\open\src\hotspot\share\prims\jni.cpp, line 579]
Event: 4.074 Thread 0x00000213cd474120 Exception <a 'sun/nio/fs/WindowsException'{0x00000000c34a0278}> (0x00000000c34a0278) 
thrown [t:\workspace\open\src\hotspot\share\prims\jni.cpp, line 579]
Event: 4.074 Thread 0x00000213cd474120 Exception <a 'sun/nio/fs/WindowsException'{0x00000000c34a1ce8}> (0x00000000c34a1ce8) 
thrown [t:\workspace\open\src\hotspot\share\prims\jni.cpp, line 579]
Event: 4.074 Thread 0x00000213cd474120 Exception <a 'sun/nio/fs/WindowsException'{0x00000000c34a2008}> (0x00000000c34a2008) 
thrown [t:\workspace\open\src\hotspot\share\prims\jni.cpp, line 579]
Event: 4.075 Thread 0x00000213cd474120 Exception <a 'sun/nio/fs/WindowsException'{0x00000000c34a2b30}> (0x00000000c34a2b30) 
thrown [t:\workspace\open\src\hotspot\share\prims\jni.cpp, line 579]
Event: 4.075 Thread 0x00000213cd474120 Exception <a 'sun/nio/fs/WindowsException'{0x00000000c34a2e40}> (0x00000000c34a2e40) 
thrown [t:\workspace\open\src\hotspot\share\prims\jni.cpp, line 579]
Event: 4.223 Thread 0x00000213cd474120 Exception <a 'java/lang/NoSuchMethodError'{0x00000000c35cb030}: 'java.lang.Object java.lang.invoke.DirectMethodHandle$Holder.invokeStatic(java.lang.Object, java.lang.Object, int, int)'> (0x00000000c35cb030) 
thrown [t:\workspace\open\src\hotspot\share\interpreter\linkResolver.cpp, line 790]
Event: 4.233 Thread 0x00000213cd474120 Exception <a 'java/lang/NoSuchMethodError'{0x00000000c35d7ae8}: 'int java.lang.invoke.DirectMethodHandle$Holder.invokeSpecial(java.lang.Object, java.lang.Object, java.lang.Object)'> (0x00000000c35d7ae8) 
thrown [t:\workspace\open\src\hotspot\share\interpreter\linkResolver.cpp, line 790]
Event: 4.370 Thread 0x00000213cd474120 Exception <a 'sun/nio/fs/WindowsException'{0x00000000c35f5780}> (0x00000000c35f5780) 
thrown [t:\workspace\open\src\hotspot\share\prims\jni.cpp, line 579]
Event: 4.371 Thread 0x00000213cd474120 Exception <a 'sun/nio/fs/WindowsException'{0x00000000c35f5a78}> (0x00000000c35f5a78) 
thrown [t:\workspace\open\src\hotspot\share\prims\jni.cpp, line 579]
Event: 4.371 Thread 0x00000213cd474120 Exception <a 'sun/nio/fs/WindowsException'{0x00000000c35f7018}> (0x00000000c35f7018) 
thrown [t:\workspace\open\src\hotspot\share\prims\jni.cpp, line 579]
Event: 4.371 Thread 0x00000213cd474120 Exception <a 'sun/nio/fs/WindowsException'{0x00000000c35f7308}> (0x00000000c35f7308) 
thrown [t:\workspace\open\src\hotspot\share\prims\jni.cpp, line 579]
Event: 4.529 Thread 0x00000213cd474120 Exception <a 'java/lang/NoSuchMethodError'{0x00000000c3853570}: 'void java.lang.invoke.DirectMethodHandle$Holder.invokeSpecial(java.lang.Object, java.lang.Object, java.lang.Object, java.lang.Object, java.lang.Object)'> (0x00000000c3853570) 
thrown [t:\workspace\open\src\hotspot\share\interpreter\linkResolver.cpp, line 790]
Event: 4.554 Thread 0x00000213cd474120 Exception <a 'sun/nio/fs/WindowsException'{0x00000000c387c048}> (0x00000000c387c048) 
thrown [t:\workspace\open\src\hotspot\share\prims\jni.cpp, line 579]
Event: 4.554 Thread 0x00000213cd474120 Exception <a 'sun/nio/fs/WindowsException'{0x00000000c387c348}> (0x00000000c387c348) 
thrown [t:\workspace\open\src\hotspot\share\prims\jni.cpp, line 579]
Event: 4.554 Thread 0x00000213cd474120 Exception <a 'sun/nio/fs/WindowsException'{0x00000000c387d398}> (0x00000000c387d398) 
thrown [t:\workspace\open\src\hotspot\share\prims\jni.cpp, line 579]
Event: 4.554 Thread 0x00000213cd474120 Exception <a 'sun/nio/fs/WindowsException'{0x00000000c387d688}> (0x00000000c387d688) 
thrown [t:\workspace\open\src\hotspot\share\prims\jni.cpp, line 579]

Events (20 events):
Event: 4.164 Executing  VM operation: G1Concurrent done
Event: 4.259 loading class jdk/internal/jimage/ImageReader$LinkNode
Event: 4.259 loading class jdk/internal/jimage/ImageReader$LinkNode done
Event: 4.259 Executing  VM operation: HandshakeAllThreads
Event: 4.259 Executing  VM operation: HandshakeAllThreads done
Event: 4.273 Executing  VM operation: G1CollectForAllocation
Event: 4.275 Executing  VM operation: G1CollectForAllocation done
Event: 4.301 loading class java/lang/invoke/MethodHandle$1
Event: 4.301 loading class java/lang/invoke/MethodHandle$1 done
Event: 4.372 Executing  VM operation: G1CollectForAllocation
Event: 4.376 Executing  VM operation: G1CollectForAllocation done
Event: 4.448 Executing  VM operation: G1CollectForAllocation
Event: 4.453 Executing  VM operation: G1CollectForAllocation done
Event: 4.557 Executing  VM operation: G1CollectForAllocation
Event: 4.562 Executing  VM operation: G1CollectForAllocation done
Event: 4.597 Executing  VM operation: G1CollectForAllocation
Event: 4.601 Executing  VM operation: G1CollectForAllocation done
Event: 4.661 Executing  VM operation: G1CollectForAllocation
Event: 4.670 Executing  VM operation: G1CollectForAllocation done
Event: 4.809 Executing  VM operation: G1CollectForAllocation


Dynamic libraries:
0x00007ff6c5d60000 - 0x00007ff6c5d68000 	C:\Program Files\Java\jdk-16.0.1\bin\javac.exe
0x00007fffe13b0000 - 0x00007fffe15a5000 	C:\WINDOWS\SYSTEM32\ntdll.dll
0x00007fffdfa80000 - 0x00007fffdfb3e000 	C:\WINDOWS\System32\KERNEL32.DLL
0x00007fffdeb60000 - 0x00007fffdee28000 	C:\WINDOWS\System32\KERNELBASE.dll
0x00007fffdf1f0000 - 0x00007fffdf2f0000 	C:\WINDOWS\System32\ucrtbase.dll
0x00007fffda1c0000 - 0x00007fffda1d9000 	C:\Program Files\Java\jdk-16.0.1\bin\VCRUNTIME140.dll
0x00007fffd8780000 - 0x00007fffd8798000 	C:\Program Files\Java\jdk-16.0.1\bin\jli.dll
0x00007fffdf800000 - 0x00007fffdf8ac000 	C:\WINDOWS\System32\ADVAPI32.dll
0x00007fffdf400000 - 0x00007fffdf49e000 	C:\WINDOWS\System32\msvcrt.dll
0x00007fffdfcf0000 - 0x00007fffdfd8b000 	C:\WINDOWS\System32\sechost.dll
0x00007fffdfd90000 - 0x00007fffdfeba000 	C:\WINDOWS\System32\RPCRT4.dll
0x00007fffdfb40000 - 0x00007fffdfce1000 	C:\WINDOWS\System32\USER32.dll
0x00007fffdf320000 - 0x00007fffdf342000 	C:\WINDOWS\System32\win32u.dll
0x00007fffdffe0000 - 0x00007fffe000b000 	C:\WINDOWS\System32\GDI32.dll
0x00007fffdf040000 - 0x00007fffdf14b000 	C:\WINDOWS\System32\gdi32full.dll
0x00007fffdf150000 - 0x00007fffdf1ed000 	C:\WINDOWS\System32\msvcp_win.dll
0x00007fffc0cb0000 - 0x00007fffc0f4a000 	C:\WINDOWS\WinSxS\amd64_microsoft.windows.common-controls_6595b64144ccf1df_6.0.19041.1110_none_60b5254171f9507e\COMCTL32.dll
0x00007fffd8a90000 - 0x00007fffd8a9a000 	C:\WINDOWS\SYSTEM32\VERSION.dll
0x00007fffdfec0000 - 0x00007fffdfef0000 	C:\WINDOWS\System32\IMM32.DLL
0x00007fffda1b0000 - 0x00007fffda1bc000 	C:\Program Files\Java\jdk-16.0.1\bin\vcruntime140_1.dll
0x00007fffb3d00000 - 0x00007fffb3d91000 	C:\Program Files\Java\jdk-16.0.1\bin\msvcp140.dll
0x00007fff9eb80000 - 0x00007fff9f72b000 	C:\Program Files\Java\jdk-16.0.1\bin\server\jvm.dll
0x00007fffe01a0000 - 0x00007fffe01a8000 	C:\WINDOWS\System32\PSAPI.DLL
0x00007fffda1e0000 - 0x00007fffda1e9000 	C:\WINDOWS\SYSTEM32\WSOCK32.dll
0x00007fffe0370000 - 0x00007fffe03db000 	C:\WINDOWS\System32\WS2_32.dll
0x00007fffc0460000 - 0x00007fffc0487000 	C:\WINDOWS\SYSTEM32\WINMM.dll
0x00007fffdd350000 - 0x00007fffdd362000 	C:\WINDOWS\SYSTEM32\kernel.appcore.dll
0x00007fffda1a0000 - 0x00007fffda1aa000 	C:\Program Files\Java\jdk-16.0.1\bin\jimage.dll
0x00007fffdd140000 - 0x00007fffdd324000 	C:\WINDOWS\SYSTEM32\DBGHELP.DLL
0x00007fffc5560000 - 0x00007fffc558c000 	C:\WINDOWS\SYSTEM32\dbgcore.DLL
0x00007fffdead0000 - 0x00007fffdeb53000 	C:\WINDOWS\System32\bcryptPrimitives.dll
0x00007fffd9d20000 - 0x00007fffd9d45000 	C:\Program Files\Java\jdk-16.0.1\bin\java.dll
0x00007fffe08c0000 - 0x00007fffe0fff000 	C:\WINDOWS\System32\SHELL32.dll
0x00007fffdc870000 - 0x00007fffdd000000 	C:\WINDOWS\SYSTEM32\windows.storage.dll
0x00007fffdf4a0000 - 0x00007fffdf7f5000 	C:\WINDOWS\System32\combase.dll
0x00007fffde450000 - 0x00007fffde47e000 	C:\WINDOWS\SYSTEM32\Wldp.dll
0x00007fffe01b0000 - 0x00007fffe025d000 	C:\WINDOWS\System32\SHCORE.dll
0x00007fffe0140000 - 0x00007fffe0195000 	C:\WINDOWS\System32\shlwapi.dll
0x00007fffdea10000 - 0x00007fffdea2f000 	C:\WINDOWS\SYSTEM32\profapi.dll
0x00007fffd8900000 - 0x00007fffd8919000 	C:\Program Files\Java\jdk-16.0.1\bin\net.dll
0x00007fffcdb70000 - 0x00007fffcdc7c000 	C:\WINDOWS\SYSTEM32\WINHTTP.dll
0x00007fffde1b0000 - 0x00007fffde21a000 	C:\WINDOWS\system32\mswsock.dll
0x00007fffd88e0000 - 0x00007fffd88f3000 	C:\Program Files\Java\jdk-16.0.1\bin\nio.dll
0x00007fffd88c0000 - 0x00007fffd88d8000 	C:\Program Files\Java\jdk-16.0.1\bin\zip.dll

dbghelp: loaded successfully - version: 4.0.5 - missing functions: none
symbol engine: initialized successfully - sym options: 0x614 - pdb path: .;C:\Program Files\Java\jdk-16.0.1\bin;C:\WINDOWS\SYSTEM32;C:\WINDOWS\WinSxS\amd64_microsoft.windows.common-controls_6595b64144ccf1df_6.0.19041.1110_none_60b5254171f9507e;C:\Program Files\Java\jdk-16.0.1\bin\server

VM Arguments:
jvm_args: -Dapplication.home=C:\Program Files\Java\jdk-16.0.1 --add-modules=ALL-DEFAULT -Xms8m -Djdk.module.main=jdk.compiler 
java_command: jdk.compiler/com.sun.tools.javac.Main -d C:\Users\LENOVO\Documents\NetBeansProjects\Asistensi MD3\build\classes -classpath C:\Users\LENOVO\Documents\NetBeansProjects\Asistensi MD3\build\classes;E:\PRATIKUM PBO\Pertemuan 3\Bahan\mysql-connector-java-8.0.24.jar -sourcepath C:\Users\LENOVO\Documents\NetBeansProjects\Asistensi MD3\build\empty -target 16 -encoding UTF-8 -g -processorpath E:\PRATIKUM PBO\Pertemuan 3\Bahan\mysql-connector-java-8.0.24.jar;C:\Users\LENOVO\Documents\NetBeansProjects\Asistensi MD3\build\empty -s C:\Users\LENOVO\Documents\NetBeansProjects\Asistensi MD3\build\generated-sources\ap-source-output -source 16 C:\Users\LENOVO\Documents\NetBeansProjects\Asistensi MD3\src\Controller07277\AdminController07277.java C:\Users\LENOVO\Documents\NetBeansProjects\Asistensi MD3\src\Controller07277\AllObjectModel07277.java C:\Users\LENOVO\Documents\NetBeansProjects\Asistensi MD3\src\Controller07277\PendudukController07277.java C:\Users\LENOVO\Documents\NetBeansProjects\Asistensi MD3\src\Entity07277\AdminEntity0727707277.java C:\Users\LENOVO\Documents\NetBeansProjects\Asistensi MD3\src\Entity07277\PendudukEntity0727707277.java C:\Users\LENOVO\Documents\NetBeansProjects\Asistensi MD3\src\Entity07277\UserEntityAbstract07277.java C:\Users\LENOVO\Documents\NetBeansProjects\Asistensi MD3\src\GUI\DataPendGui.java C:\Users\LENOVO\Documents\NetBeansProjects\Asistensi MD3\src\GUI\DataPeroranganGui.java C:\Users\LENOVO\Documents\NetBeansProjects\Asistensi MD3\src\GUI\LoginAdminGui.java C:\Users\LENOVO\Documents\NetBeansProjects\Asistensi MD3\src\GUI\LoginGui.java C:\Users\LENOVO\Documents\NetBeansProjects\Asistensi MD3\src\GUI\MenuAdminGui.java C:\Users\LENOVO\Documents\NetBeansProjects\Asistensi MD3\src\GUI\RegisAdminGui.java C:\Users\LENOVO\Documents\NetBeansProjects\Asistensi MD3\src\GUI\RegisPendGui.java C:\Users\LENOVO\Documents\NetBeansProjects\Asistensi MD3\src\Helper07277\KoneksiDb07277.java C:\Users\LENOVO\Documents\NetBeansProjects\Asistensi MD3\sr
java_class_path (initial): <not set>
Launcher Type: SUN_STANDARD

[Global flags]
     intx CICompilerCount                          = 2                                         {product} {ergonomic}
     uint ConcGCThreads                            = 1                                         {product} {ergonomic}
     uint G1ConcRefinementThreads                  = 2                                         {product} {ergonomic}
   size_t G1HeapRegionSize                         = 1048576                                   {product} {ergonomic}
    uintx GCDrainStackTargetSize                   = 64                                        {product} {ergonomic}
   size_t InitialHeapSize                          = 8388608                                   {product} {command line}
   size_t MarkStackSize                            = 4194304                                   {product} {ergonomic}
   size_t MaxHeapSize                              = 1027604480                                {product} {ergonomic}
   size_t MaxNewSize                               = 616562688                                 {product} {ergonomic}
   size_t MinHeapDeltaBytes                        = 1048576                                   {product} {ergonomic}
   size_t MinHeapSize                              = 8388608                                   {product} {command line}
    uintx NonNMethodCodeHeapSize                   = 5826188                                {pd product} {ergonomic}
    uintx NonProfiledCodeHeapSize                  = 122916026                              {pd product} {ergonomic}
    uintx ProfiledCodeHeapSize                     = 122916026                              {pd product} {ergonomic}
    uintx ReservedCodeCacheSize                    = 251658240                              {pd product} {ergonomic}
     bool SegmentedCodeCache                       = true                                      {product} {ergonomic}
   size_t SoftMaxHeapSize                          = 1027604480                             {manageable} {ergonomic}
     bool UseCompressedClassPointers               = true                           {product lp64_product} {ergonomic}
     bool UseCompressedOops                        = true                           {product lp64_product} {ergonomic}
     bool UseG1GC                                  = true                                      {product} {ergonomic}
     bool UseLargePagesIndividualAllocation        = false                                  {pd product} {ergonomic}

Logging:
Log output configuration:
 #0: stdout all=warning uptime,level,tags
 #1: stderr all=off uptime,level,tags

Environment Variables:
PATH=C:\Program Files\Common Files\Oracle\Java\javapath;C:\Program Files (x86)\Intel\TXE Components\iCLS\;C:\Program Files\Intel\TXE Components\iCLS\;C:\WINDOWS\system32;C:\WINDOWS;C:\WINDOWS\System32\Wbem;C:\WINDOWS\System32\WindowsPowerShell\v1.0\;C:\WINDOWS\System32\OpenSSH\;C:\Program Files\Intel\TXE Components\DAL\;C:\Program Files (x86)\Intel\TXE Components\DAL\;C:\Program Files\Intel\TXE Components\IPT\;C:\Program Files (x86)\Intel\TXE Components\IPT\;C:\Program Files\Microsoft\Web Platform Installer\;C:\Program Files (x86)\Microsoft ASP.NET\ASP.NET Web Pages\v1.0\;C:\Program Files\Microsoft SQL Server\110\Tools\Binn\;C:\Program Files\Git\cmd;C:\Users\LENOVO\AppData\Local\Microsoft\WindowsApps;C:\Program Files\JetBrains\IntelliJ IDEA Community Edition 2021.3\bin
USERNAME=LENOVO
OS=Windows_NT
PROCESSOR_IDENTIFIER=Intel64 Family 6 Model 122 Stepping 1, GenuineIntel



---------------  S Y S T E M  ---------------

OS:
 Windows 10 , 64 bit Build 19041 (10.0.19041.1348)
OS uptime: 0 days 1:24 hours

CPU: total 2 (initial active 2) (2 cores per cpu, 1 threads per core) family 6 model 122 stepping 1 microcode 0x36, cx8, cmov, fxsr, mmx, 3dnowpref, sse, sse2, sse3, ssse3, sse4.1, sse4.2, popcnt, tsc, tscinvbit, aes, erms, clmul, sha, clflush, clflushopt

Memory: 4k page, system-wide physical 3918M (353M free)
TotalPageFile size 3918M (AvailPageFile size 7M)
current process WorkingSet (physical memory assigned to process): 80M, peak: 81M
current process commit charge ("private bytes"): 104M, peak: 121M

vm_info: Java HotSpot(TM) 64-Bit Server VM (16.0.1+9-24) for windows-amd64 JRE (16.0.1+9-24), built on Mar 26 2021 19:31:42 by "mach5one" with MS VC++ 16.7 (VS2019)

END.
