#
# There is insufficient memory for the Java Runtime Environment to continue.
# Native memory allocation (mmap) failed to map 5242880 bytes for G1 virtual space
# Possible reasons:
#   The system is out of physical RAM or swap space
#   The process is running with CompressedOops enabled, and the Java Heap may be blocking the growth of the native heap
# Possible solutions:
#   Reduce memory load on the system
#   Increase physical memory or swap space
#   Check if swap backing store is full
#   Decrease Java heap size (-Xmx/-Xms)
#   Decrease number of Java threads
#   Decrease Java thread stack sizes (-Xss)
#   Set larger code cache with -XX:ReservedCodeCacheSize=
#   JVM is running with Unscaled Compressed Oops mode in which the Java heap is
#     placed in the first 4GB address space. The Java Heap base address is the
#     maximum limit for the native heap growth. Please use -XX:HeapBaseMinAddress
#     to set the Java Heap base and to place the Java Heap above 4GB virtual address.
# This output file may be truncated or incomplete.
#
#  Out of Memory Error (os_windows.cpp:3466), pid=3164, tid=2888
#
# JRE version: Java(TM) SE Runtime Environment (16.0.1+9) (build 16.0.1+9-24)
# Java VM: Java HotSpot(TM) 64-Bit Server VM (16.0.1+9-24, mixed mode, sharing, tiered, compressed oops, compressed class ptrs, g1 gc, windows-amd64)
# No core dump will be written. Minidumps are not enabled by default on client versions of Windows
#

---------------  S U M M A R Y ------------

Command Line: -Dapplication.home=C:\Program Files\Java\jdk-16.0.1 --add-modules=ALL-DEFAULT -Xms8m -Djdk.module.main=jdk.compiler jdk.compiler/com.sun.tools.javac.Main -d C:\Users\LENOVO\Documents\NetBeansProjects\Asistensi MD3\build\classes -classpath C:\Users\LENOVO\Documents\NetBeansProjects\Asistensi MD3\build\classes;E:\PRATIKUM PBO\Pertemuan 3\Bahan\mysql-connector-java-8.0.24.jar -sourcepath C:\Users\LENOVO\Documents\NetBeansProjects\Asistensi MD3\build\empty -target 16 -encoding UTF-8 -g -processorpath E:\PRATIKUM PBO\Pertemuan 3\Bahan\mysql-connector-java-8.0.24.jar;C:\Users\LENOVO\Documents\NetBeansProjects\Asistensi MD3\build\empty -s C:\Users\LENOVO\Documents\NetBeansProjects\Asistensi MD3\build\generated-sources\ap-source-output -source 16 C:\Users\LENOVO\Documents\NetBeansProjects\Asistensi MD3\src\Controller07277\AdminController07277.java C:\Users\LENOVO\Documents\NetBeansProjects\Asistensi MD3\src\Controller07277\AllObjectModel07277.java C:\Users\LENOVO\Documents\NetBeansProjects\Asistensi MD3\src\Controller07277\PendudukController07277.java C:\Users\LENOVO\Documents\NetBeansProjects\Asistensi MD3\src\Entity07277\AdminEntity0727707277.java C:\Users\LENOVO\Documents\NetBeansProjects\Asistensi MD3\src\Entity07277\PendudukEntity0727707277.java C:\Users\LENOVO\Documents\NetBeansProjects\Asistensi MD3\src\Entity07277\UserEntityAbstract07277.java C:\Users\LENOVO\Documents\NetBeansProjects\Asistensi MD3\src\GUI\DataPendGui.java C:\Users\LENOVO\Documents\NetBeansProjects\Asistensi MD3\src\GUI\DataPeroranganGui.java C:\Users\LENOVO\Documents\NetBeansProjects\Asistensi MD3\src\GUI\LoginAdminGui.java C:\Users\LENOVO\Documents\NetBeansProjects\Asistensi MD3\src\GUI\LoginGui.java C:\Users\LENOVO\Documents\NetBeansProjects\Asistensi MD3\src\GUI\MenuAdminGui.java C:\Users\LENOVO\Documents\NetBeansProjects\Asistensi MD3\src\GUI\RegisAdminGui.java C:\Users\LENOVO\Documents\NetBeansProjects\Asistensi MD3\src\GUI\RegisPendGui.java C:\Users\LENOVO\Documents\NetBeansProjects\Asistensi MD3\src\Helper07277\KoneksiDb07277.java C:\Users\LENOVO\Documents\NetBeansProjects\Asistensi MD3\src\Model07277\AdminModel0727707277.java C:\Users\LENOVO\Documents\NetBeansProjects\Asistensi MD3\src\Model07277\ModelAbstract07277.java C:\Users\LENOVO\Documents\NetBeansProjects\Asistensi MD3\src\Model07277\PendudukModel07277.java

Host: Intel(R) Celeron(R) N4000 CPU @ 1.10GHz, 2 cores, 3G,  Windows 10 , 64 bit Build 19041 (10.0.19041.1348)
Time: Tue Jan  4 14:35:19 2022 SE Asia Standard Time elapsed time: 1.661568 seconds (0d 0h 0m 1s)

---------------  T H R E A D  ---------------

Current thread (0x0000016f40bd6fb0):  VMThread "VM Thread" [stack: 0x000000444a800000,0x000000444a900000] [id=2888]

Stack: [0x000000444a800000,0x000000444a900000]
Native frames: (J=compiled Java code, j=interpreted, Vv=VM code, C=native code)
V  [jvm.dll+0x6687ca]
V  [jvm.dll+0x7ca3c9]
V  [jvm.dll+0x7cbb53]
V  [jvm.dll+0x7cc1b3]
V  [jvm.dll+0x242ea5]
V  [jvm.dll+0x665589]
V  [jvm.dll+0x65a175]
V  [jvm.dll+0x2fc5ab]
V  [jvm.dll+0x3037a6]
V  [jvm.dll+0x352fee]
V  [jvm.dll+0x35321f]
V  [jvm.dll+0x2d3618]
V  [jvm.dll+0x2d11a5]
V  [jvm.dll+0x2d07dc]
V  [jvm.dll+0x3158c2]
V  [jvm.dll+0x7d05eb]
V  [jvm.dll+0x7d12e4]
V  [jvm.dll+0x7d17e9]
V  [jvm.dll+0x7d1aa4]
V  [jvm.dll+0x7d1b70]
V  [jvm.dll+0x779b4a]
V  [jvm.dll+0x667666]
C  [ucrtbase.dll+0x21bb2]
C  [KERNEL32.DLL+0x17034]
C  [ntdll.dll+0x52651]

VM_Operation (0x000000444a2fda10): G1CollectForAllocation, mode: safepoint, requested by thread 0x0000016f40b240a0


---------------  P R O C E S S  ---------------

Threads class SMR info:
_java_thread_list=0x0000016f5c1456b0, length=12, elements={
0x0000016f40b240a0, 0x0000016f40bdbb20, 0x0000016f40bdc8f0, 0x0000016f40bf1200,
0x0000016f40bf1d10, 0x0000016f40bf2820, 0x0000016f40bf6150, 0x0000016f5b665390,
0x0000016f5b66f210, 0x0000016f5b683770, 0x0000016f5b764520, 0x0000016f5c158ba0
}

Java Threads: ( => current thread )
  0x0000016f40b240a0 JavaThread "main" [_thread_blocked, id=6332, stack(0x000000444a200000,0x000000444a300000)]
  0x0000016f40bdbb20 JavaThread "Reference Handler" daemon [_thread_blocked, id=10192, stack(0x000000444a900000,0x000000444aa00000)]
  0x0000016f40bdc8f0 JavaThread "Finalizer" daemon [_thread_blocked, id=2056, stack(0x000000444aa00000,0x000000444ab00000)]
  0x0000016f40bf1200 JavaThread "Signal Dispatcher" daemon [_thread_blocked, id=4972, stack(0x000000444ab00000,0x000000444ac00000)]
  0x0000016f40bf1d10 JavaThread "Attach Listener" daemon [_thread_blocked, id=1516, stack(0x000000444ac00000,0x000000444ad00000)]
  0x0000016f40bf2820 JavaThread "Service Thread" daemon [_thread_blocked, id=10104, stack(0x000000444ad00000,0x000000444ae00000)]
  0x0000016f40bf6150 JavaThread "Monitor Deflation Thread" daemon [_thread_blocked, id=5792, stack(0x000000444ae00000,0x000000444af00000)]
  0x0000016f5b665390 JavaThread "C2 CompilerThread0" daemon [_thread_blocked, id=6384, stack(0x000000444af00000,0x000000444b000000)]
  0x0000016f5b66f210 JavaThread "C1 CompilerThread0" daemon [_thread_blocked, id=2624, stack(0x000000444b000000,0x000000444b100000)]
  0x0000016f5b683770 JavaThread "Sweeper thread" daemon [_thread_blocked, id=9492, stack(0x000000444b100000,0x000000444b200000)]
  0x0000016f5b764520 JavaThread "Common-Cleaner" daemon [_thread_blocked, id=3852, stack(0x000000444b200000,0x000000444b300000)]
  0x0000016f5c158ba0 JavaThread "Notification Thread" daemon [_thread_blocked, id=6196, stack(0x000000444b300000,0x000000444b400000)]

Other Threads:
=>0x0000016f40bd6fb0 VMThread "VM Thread" [stack: 0x000000444a800000,0x000000444a900000] [id=2888]
  0x0000016f5c1a4f30 WatcherThread [stack: 0x000000444b400000,0x000000444b500000] [id=4828]
  0x0000016f40b4bef0 GCTaskThread "GC Thread#0" [stack: 0x000000444a300000,0x000000444a400000] [id=1144]
  0x0000016f5c2c4660 GCTaskThread "GC Thread#1" [stack: 0x000000444b500000,0x000000444b600000] [id=8480]
  0x0000016f40b579f0 ConcurrentGCThread "G1 Main Marker" [stack: 0x000000444a400000,0x000000444a500000] [id=5452]
  0x0000016f40b59b20 ConcurrentGCThread "G1 Conc#0" [stack: 0x000000444a500000,0x000000444a600000] [id=7248]
  0x0000016f40b6b8b0 ConcurrentGCThread "G1 Refine#0" [stack: 0x000000444a600000,0x000000444a700000] [id=8816]
  0x0000016f40b6c240 ConcurrentGCThread "G1 Service" [stack: 0x000000444a700000,0x000000444a800000] [id=2920]

Threads with active compile tasks:
C2 CompilerThread0     1708  803   !   4       com.sun.tools.javac.parser.JavaTokenizer::readToken (1731 bytes)

VM state: at safepoint (normal execution)

VM Mutex/Monitor currently owned by a thread:  ([mutex/lock_event])
[0x0000016f40b20230] Threads_lock - owner thread: 0x0000016f40bd6fb0
[0x0000016f40b1fe40] Heap_lock - owner thread: 0x0000016f40b240a0

Heap address: 0x00000000c2c00000, size: 980 MB, Compressed Oops mode: 32-bit

CDS archive(s) mapped at: [0x0000000800000000-0x0000000800bb0000-0x0000000800bb0000), size 12255232, SharedBaseAddress: 0x0000000800000000, ArchiveRelocationMode: 0.
Compressed class space mapped at: 0x0000000800c00000-0x0000000840c00000, reserved size: 1073741824
Narrow klass base: 0x0000000800000000, Narrow klass shift: 3, Narrow klass range: 0x100000000

GC Precious Log:
 CPUs: 2 total, 2 available
 Memory: 3918M
 Large Page Support: Disabled
 NUMA Support: Disabled
 Compressed Oops: Enabled (32-bit)
 Heap Region Size: 1M
 Heap Min Capacity: 8M
 Heap Initial Capacity: 8M
 Heap Max Capacity: 980M
 Pre-touch: Disabled
 Parallel Workers: 2
 Concurrent Workers: 1
 Concurrent Refinement Workers: 2
 Periodic GC: Disabled

Heap:
 garbage-first heap   total 10240K, used 4452K [0x00000000c2c00000, 0x0000000100000000)
  region size 1024K, 1 young (1024K), 1 survivors (1024K)
 Metaspace       used 8979K, committed 9088K, reserved 1064960K
  class space    used 999K, committed 1024K, reserved 1048576K

Heap Regions: E=young(eden), S=young(survivor), O=old, HS=humongous(starts), HC=humongous(continues), CS=collection set, F=free, OA=open archive, CA=closed archive, TAMS=top-at-mark-start (previous, next)
|   0|0x00000000c2c00000, 0x00000000c2d00000, 0x00000000c2d00000|100%| O|  |TAMS 0x00000000c2c00000, 0x00000000c2d00000| Untracked 
|   1|0x00000000c2d00000, 0x00000000c2e00000, 0x00000000c2e00000|100%| O|  |TAMS 0x00000000c2d00000, 0x00000000c2e00000| Untracked 
|   2|0x00000000c2e00000, 0x00000000c2f00000, 0x00000000c2f00000|100%| O|  |TAMS 0x00000000c2e00000, 0x00000000c2f00000| Untracked 
|   3|0x00000000c2f00000, 0x00000000c3000000, 0x00000000c3000000|100%| O|  |TAMS 0x00000000c2f00000, 0x00000000c3000000| Untracked 
|   4|0x00000000c3000000, 0x00000000c300ec00, 0x00000000c3100000|  5%| O|  |TAMS 0x00000000c3000000, 0x00000000c300ec00| Untracked 
|   5|0x00000000c3100000, 0x00000000c3100000, 0x00000000c3200000|  0%| F|  |TAMS 0x00000000c3100000, 0x00000000c3100000| Untracked 
|   6|0x00000000c3200000, 0x00000000c3200000, 0x00000000c3300000|  0%| F|  |TAMS 0x00000000c3200000, 0x00000000c3200000| Untracked 
|   7|0x00000000c3300000, 0x00000000c334a440, 0x00000000c3400000| 29%| S|CS|TAMS 0x00000000c3300000, 0x00000000c3300000| Complete 
|   8|0x00000000c3400000, 0x00000000c3400000, 0x00000000c3500000|  0%| F|  |TAMS 0x00000000c3400000, 0x00000000c3400000| Untracked 
|   9|0x00000000c3500000, 0x00000000c3500000, 0x00000000c3600000|  0%| F|  |TAMS 0x00000000c3500000, 0x00000000c3500000| Untracked 

Card table byte_map: [0x0000016f40910000,0x0000016f40b00000] _byte_map_base: 0x0000016f402fa000

Marking Bits (Prev, Next): (CMBitMap*) 0x0000016f40b4e510, (CMBitMap*) 0x0000016f40b4e550
 Prev Bits: [0x0000016f57490000, 0x0000016f583e0000)
 Next Bits: [0x0000016f583e0000, 0x0000016f59330000)

Polling page: 0x0000016f3eb40000

Metaspace:

Usage:
  Non-class:      7.79 MB used.
      Class:    999.94 KB used.
       Both:      8.77 MB used.

Virtual space:
  Non-class space:       16.00 MB reserved,       7.88 MB ( 49%) committed,  2 nodes.
      Class space:        1.00 GB reserved,       1.00 MB ( <1%) committed,  1 nodes.
              Both:        1.02 GB reserved,       8.88 MB ( <1%) committed. 

Chunk freelists:
   Non-Class:  2.14 MB
       Class:  2.94 MB
        Both:  5.08 MB

MaxMetaspaceSize: 17179869184.00 GB
CompressedClassSpaceSize: 1.00 GB
 - commit_granule_bytes: 65536.
 - commit_granule_words: 8192.
 - virtual_space_node_default_size: 1048576.
 - enlarge_chunks_in_place: 1.
 - new_chunks_are_fully_committed: 0.
 - uncommit_free_chunks: 1.
 - use_allocation_guard: 0.
 - handle_deallocations: 1.


Internal statistics:

num_allocs_failed_limit: 0.
num_arena_births: 68.
num_arena_deaths: 0.
num_vsnodes_births: 3.
num_vsnodes_deaths: 0.
num_space_committed: 142.
num_space_uncommitted: 0.
num_chunks_returned_to_freelist: 0.
num_chunks_taken_from_freelist: 368.
num_chunk_merges: 0.
num_chunk_splits: 247.
num_chunks_enlarged: 190.
num_purges: 0.

CodeHeap 'non-profiled nmethods': size=120064Kb used=311Kb max_used=311Kb free=119752Kb
 bounds [0x0000016f4fd60000, 0x0000016f4ffd0000, 0x0000016f572a0000]
CodeHeap 'profiled nmethods': size=120000Kb used=2421Kb max_used=2421Kb free=117578Kb
 bounds [0x0000016f48830000, 0x0000016f48aa0000, 0x0000016f4fd60000]
CodeHeap 'non-nmethods': size=5696Kb used=1158Kb max_used=1163Kb free=4537Kb
 bounds [0x0000016f482a0000, 0x0000016f48510000, 0x0000016f48830000]
 total_blobs=1719 nmethods=1275 adapters=358
 compilation: enabled
              stopped_count=0, restarted_count=0
 full_count=0

Compilation events (20 events):
Event: 1.647 Thread 0x0000016f5b66f210 1275       2       com.sun.tools.javac.file.RelativePath::<init> (10 bytes)
Event: 1.648 Thread 0x0000016f5b66f210 nmethod 1275 0x0000016f48a88190 code [0x0000016f48a88320, 0x0000016f48a88478]
Event: 1.648 Thread 0x0000016f5b66f210 1276   !   2       java.lang.String::replace (258 bytes)
Event: 1.650 Thread 0x0000016f5b66f210 nmethod 1276 0x0000016f48a88510 code [0x0000016f48a88840, 0x0000016f48a894c8]
Event: 1.650 Thread 0x0000016f5b66f210 1277       2       com.sun.tools.javac.file.PathFileObject::<init> (42 bytes)
Event: 1.651 Thread 0x0000016f5b66f210 nmethod 1277 0x0000016f48a89d90 code [0x0000016f48a89f60, 0x0000016f48a8a388]
Event: 1.651 Thread 0x0000016f5b66f210 1278       2       com.sun.tools.javac.file.RelativePath::resolveAgainst (27 bytes)
Event: 1.651 Thread 0x0000016f5b66f210 nmethod 1278 0x0000016f48a8a510 code [0x0000016f48a8a6e0, 0x0000016f48a8a898]
Event: 1.651 Thread 0x0000016f5b66f210 1279       2       com.sun.tools.javac.file.RelativePath$RelativeFile::<init> (24 bytes)
Event: 1.652 Thread 0x0000016f5b66f210 nmethod 1279 0x0000016f48a8aa10 code [0x0000016f48a8abe0, 0x0000016f48a8ae58]
Event: 1.652 Thread 0x0000016f5b66f210 1280       2       jdk.internal.jrtfs.JrtFileSystem::getPath (102 bytes)
Event: 1.653 Thread 0x0000016f5b66f210 nmethod 1280 0x0000016f48a8b010 code [0x0000016f48a8b240, 0x0000016f48a8b978]
Event: 1.653 Thread 0x0000016f5b66f210 1281       2       jdk.internal.jrtfs.JrtPath::resolve (6 bytes)
Event: 1.653 Thread 0x0000016f5b66f210 nmethod 1281 0x0000016f48a8bd10 code [0x0000016f48a8bec0, 0x0000016f48a8c0b8]
Event: 1.654 Thread 0x0000016f5b66f210 1282       2       com.sun.tools.javac.file.JavacFileManager::isValidFile (13 bytes)
Event: 1.654 Thread 0x0000016f5b66f210 nmethod 1282 0x0000016f48a8c210 code [0x0000016f48a8c3c0, 0x0000016f48a8c518]
Event: 1.654 Thread 0x0000016f5b66f210 1283       2       com.sun.tools.javac.file.RelativePath$RelativeFile::<init> (26 bytes)
Event: 1.655 Thread 0x0000016f5b66f210 nmethod 1283 0x0000016f48a8c610 code [0x0000016f48a8c820, 0x0000016f48a8cc28]
Event: 1.655 Thread 0x0000016f5b66f210 1284       2       com.sun.tools.javac.file.PathFileObject::forDirectoryPath (12 bytes)
Event: 1.655 Thread 0x0000016f5b66f210 nmethod 1284 0x0000016f48a8ce90 code [0x0000016f48a8d060, 0x0000016f48a8d3d8]

GC Heap History (17 events):
Event: 0.503 GC heap before
{Heap before GC invocations=0 (full 0):
 garbage-first heap   total 8192K, used 3072K [0x00000000c2c00000, 0x0000000100000000)
  region size 1024K, 3 young (3072K), 0 survivors (0K)
 Metaspace       used 2483K, committed 2688K, reserved 1056768K
  class space    used 269K, committed 384K, reserved 1048576K
}
Event: 0.508 GC heap after
{Heap after GC invocations=1 (full 0):
 garbage-first heap   total 8192K, used 1102K [0x00000000c2c00000, 0x0000000100000000)
  region size 1024K, 1 young (1024K), 1 survivors (1024K)
 Metaspace       used 2483K, committed 2688K, reserved 1056768K
  class space    used 269K, committed 384K, reserved 1048576K
}
Event: 0.624 GC heap before
{Heap before GC invocations=1 (full 0):
 garbage-first heap   total 8192K, used 2126K [0x00000000c2c00000, 0x0000000100000000)
  region size 1024K, 2 young (2048K), 1 survivors (1024K)
 Metaspace       used 3868K, committed 4032K, reserved 1056768K
  class space    used 472K, committed 576K, reserved 1048576K
}
Event: 0.628 GC heap after
{Heap after GC invocations=2 (full 0):
 garbage-first heap   total 8192K, used 1628K [0x00000000c2c00000, 0x0000000100000000)
  region size 1024K, 1 young (1024K), 1 survivors (1024K)
 Metaspace       used 3868K, committed 4032K, reserved 1056768K
  class space    used 472K, committed 576K, reserved 1048576K
}
Event: 0.777 GC heap before
{Heap before GC invocations=2 (full 0):
 garbage-first heap   total 8192K, used 2652K [0x00000000c2c00000, 0x0000000100000000)
  region size 1024K, 2 young (2048K), 1 survivors (1024K)
 Metaspace       used 5954K, committed 6080K, reserved 1064960K
  class space    used 684K, committed 768K, reserved 1048576K
}
Event: 0.779 GC heap after
{Heap after GC invocations=3 (full 0):
 garbage-first heap   total 8192K, used 1947K [0x00000000c2c00000, 0x0000000100000000)
  region size 1024K, 1 young (1024K), 1 survivors (1024K)
 Metaspace       used 5954K, committed 6080K, reserved 1064960K
  class space    used 684K, committed 768K, reserved 1048576K
}
Event: 0.871 GC heap before
{Heap before GC invocations=3 (full 0):
 garbage-first heap   total 8192K, used 2971K [0x00000000c2c00000, 0x0000000100000000)
  region size 1024K, 2 young (2048K), 1 survivors (1024K)
 Metaspace       used 6983K, committed 7168K, reserved 1064960K
  class space    used 819K, committed 896K, reserved 1048576K
}
Event: 0.874 GC heap after
{Heap after GC invocations=4 (full 0):
 garbage-first heap   total 8192K, used 2319K [0x00000000c2c00000, 0x0000000100000000)
  region size 1024K, 1 young (1024K), 1 survivors (1024K)
 Metaspace       used 6983K, committed 7168K, reserved 1064960K
  class space    used 819K, committed 896K, reserved 1048576K
}
Event: 1.050 GC heap before
{Heap before GC invocations=4 (full 0):
 garbage-first heap   total 8192K, used 2319K [0x00000000c2c00000, 0x0000000100000000)
  region size 1024K, 2 young (2048K), 1 survivors (1024K)
 Metaspace       used 7756K, committed 7936K, reserved 1064960K
  class space    used 863K, committed 960K, reserved 1048576K
}
Event: 1.052 GC heap after
{Heap after GC invocations=5 (full 0):
 garbage-first heap   total 10240K, used 2565K [0x00000000c2c00000, 0x0000000100000000)
  region size 1024K, 1 young (1024K), 1 survivors (1024K)
 Metaspace       used 7756K, committed 7936K, reserved 1064960K
  class space    used 863K, committed 960K, reserved 1048576K
}
Event: 1.323 GC heap before
{Heap before GC invocations=5 (full 0):
 garbage-first heap   total 10240K, used 4613K [0x00000000c2c00000, 0x0000000100000000)
  region size 1024K, 3 young (3072K), 1 survivors (1024K)
 Metaspace       used 8211K, committed 8384K, reserved 1064960K
  class space    used 908K, committed 1024K, reserved 1048576K
}
Event: 1.326 GC heap after
{Heap after GC invocations=6 (full 0):
 garbage-first heap   total 10240K, used 3098K [0x00000000c2c00000, 0x0000000100000000)
  region size 1024K, 1 young (1024K), 1 survivors (1024K)
 Metaspace       used 8211K, committed 8384K, reserved 1064960K
  class space    used 908K, committed 1024K, reserved 1048576K
}
Event: 1.534 GC heap before
{Heap before GC invocations=6 (full 0):
 garbage-first heap   total 10240K, used 4122K [0x00000000c2c00000, 0x0000000100000000)
  region size 1024K, 3 young (3072K), 1 survivors (1024K)
 Metaspace       used 8816K, committed 8960K, reserved 1064960K
  class space    used 981K, committed 1024K, reserved 1048576K
}
Event: 1.545 GC heap after
{Heap after GC invocations=7 (full 0):
 garbage-first heap   total 10240K, used 4268K [0x00000000c2c00000, 0x0000000100000000)
  region size 1024K, 1 young (1024K), 1 survivors (1024K)
 Metaspace       used 8816K, committed 8960K, reserved 1064960K
  class space    used 981K, committed 1024K, reserved 1048576K
}
Event: 1.608 GC heap before
{Heap before GC invocations=7 (full 0):
 garbage-first heap   total 10240K, used 5292K [0x00000000c2c00000, 0x0000000100000000)
  region size 1024K, 2 young (2048K), 1 survivors (1024K)
 Metaspace       used 8930K, committed 9024K, reserved 1064960K
  class space    used 997K, committed 1024K, reserved 1048576K
}
Event: 1.616 GC heap after
{Heap after GC invocations=8 (full 0):
 garbage-first heap   total 10240K, used 4313K [0x00000000c2c00000, 0x0000000100000000)
  region size 1024K, 1 young (1024K), 1 survivors (1024K)
 Metaspace       used 8930K, committed 9024K, reserved 1064960K
  class space    used 997K, committed 1024K, reserved 1048576K
}
Event: 1.656 GC heap before
{Heap before GC invocations=8 (full 0):
 garbage-first heap   total 10240K, used 5337K [0x00000000c2c00000, 0x0000000100000000)
  region size 1024K, 2 young (2048K), 1 survivors (1024K)
 Metaspace       used 8979K, committed 9088K, reserved 1064960K
  class space    used 999K, committed 1024K, reserved 1048576K
}

Deoptimization events (20 events):
Event: 0.865 Thread 0x0000016f40b240a0 DEOPT PACKING pc=0x0000016f4fd88ad8 sp=0x000000444a2fef40
Event: 0.865 Thread 0x0000016f40b240a0 DEOPT UNPACKING pc=0x0000016f482ed728 sp=0x000000444a2feec0 mode 2
Event: 1.108 Thread 0x0000016f40b240a0 Uncommon trap: trap_request=0xffffff45 fr.pc=0x0000016f4fd8c9d8 relative=0x0000000000000338
Event: 1.108 Thread 0x0000016f40b240a0 Uncommon trap: reason=unstable_if action=reinterpret pc=0x0000016f4fd8c9d8 method=java.lang.StringLatin1.newString([BII)Ljava/lang/String; @ 1 c2
Event: 1.108 Thread 0x0000016f40b240a0 DEOPT PACKING pc=0x0000016f4fd8c9d8 sp=0x000000444a2fe530
Event: 1.108 Thread 0x0000016f40b240a0 DEOPT UNPACKING pc=0x0000016f482ed728 sp=0x000000444a2fe4f8 mode 2
Event: 1.331 Thread 0x0000016f40b240a0 Uncommon trap: trap_request=0xffffff45 fr.pc=0x0000016f4fd9c4bc relative=0x000000000000021c
Event: 1.331 Thread 0x0000016f40b240a0 Uncommon trap: reason=unstable_if action=reinterpret pc=0x0000016f4fd9c4bc method=com.sun.tools.javac.util.Name$Table.equals([BI[BII)Z @ 22 c2
Event: 1.331 Thread 0x0000016f40b240a0 DEOPT PACKING pc=0x0000016f4fd9c4bc sp=0x000000444a2fe520
Event: 1.331 Thread 0x0000016f40b240a0 DEOPT UNPACKING pc=0x0000016f482ed728 sp=0x000000444a2fe498 mode 2
Event: 1.417 Thread 0x0000016f40b240a0 DEOPT PACKING pc=0x0000016f48a37fdf sp=0x000000444a2fe440
Event: 1.417 Thread 0x0000016f40b240a0 DEOPT UNPACKING pc=0x0000016f482edeaf sp=0x000000444a2fd8b8 mode 0
Event: 1.417 Thread 0x0000016f40b240a0 DEOPT PACKING pc=0x0000016f48a384c4 sp=0x000000444a2fe440
Event: 1.417 Thread 0x0000016f40b240a0 DEOPT UNPACKING pc=0x0000016f482edeaf sp=0x000000444a2fd8b8 mode 0
Event: 1.418 Thread 0x0000016f40b240a0 DEOPT PACKING pc=0x0000016f48a38a40 sp=0x000000444a2fe4c0
Event: 1.418 Thread 0x0000016f40b240a0 DEOPT UNPACKING pc=0x0000016f482edeaf sp=0x000000444a2fd968 mode 0
Event: 1.548 Thread 0x0000016f40b240a0 DEOPT PACKING pc=0x0000016f48a5160d sp=0x000000444a2fe2b0
Event: 1.548 Thread 0x0000016f40b240a0 DEOPT UNPACKING pc=0x0000016f482edeaf sp=0x000000444a2fd748 mode 0
Event: 1.565 Thread 0x0000016f40b240a0 DEOPT PACKING pc=0x0000016f48a4ea83 sp=0x000000444a2fe360
Event: 1.565 Thread 0x0000016f40b240a0 DEOPT UNPACKING pc=0x0000016f482edeaf sp=0x000000444a2fd828 mode 0

Classes unloaded (0 events):
No events

Classes redefined (0 events):
No events

Internal exceptions (20 events):
Event: 1.576 Thread 0x0000016f40b240a0 Exception <a 'sun/nio/fs/WindowsException'{0x00000000c356b4c0}> (0x00000000c356b4c0) 
thrown [t:\workspace\open\src\hotspot\share\prims\jni.cpp, line 579]
Event: 1.578 Thread 0x0000016f40b240a0 Exception <a 'sun/nio/fs/WindowsException'{0x00000000c356b7f0}> (0x00000000c356b7f0) 
thrown [t:\workspace\open\src\hotspot\share\prims\jni.cpp, line 579]
Event: 1.583 Thread 0x0000016f40b240a0 Exception <a 'sun/nio/fs/WindowsException'{0x00000000c3571520}> (0x00000000c3571520) 
thrown [t:\workspace\open\src\hotspot\share\prims\jni.cpp, line 579]
Event: 1.583 Thread 0x0000016f40b240a0 Exception <a 'sun/nio/fs/WindowsException'{0x00000000c3571850}> (0x00000000c3571850) 
thrown [t:\workspace\open\src\hotspot\share\prims\jni.cpp, line 579]
Event: 1.592 Thread 0x0000016f40b240a0 Exception <a 'sun/nio/fs/WindowsException'{0x00000000c358bca8}> (0x00000000c358bca8) 
thrown [t:\workspace\open\src\hotspot\share\prims\jni.cpp, line 579]
Event: 1.592 Thread 0x0000016f40b240a0 Exception <a 'sun/nio/fs/WindowsException'{0x00000000c358bfc8}> (0x00000000c358bfc8) 
thrown [t:\workspace\open\src\hotspot\share\prims\jni.cpp, line 579]
Event: 1.592 Thread 0x0000016f40b240a0 Exception <a 'sun/nio/fs/WindowsException'{0x00000000c358caf0}> (0x00000000c358caf0) 
thrown [t:\workspace\open\src\hotspot\share\prims\jni.cpp, line 579]
Event: 1.592 Thread 0x0000016f40b240a0 Exception <a 'sun/nio/fs/WindowsException'{0x00000000c358ce08}> (0x00000000c358ce08) 
thrown [t:\workspace\open\src\hotspot\share\prims\jni.cpp, line 579]
Event: 1.595 Thread 0x0000016f40b240a0 Exception <a 'sun/nio/fs/WindowsException'{0x00000000c3590390}> (0x00000000c3590390) 
thrown [t:\workspace\open\src\hotspot\share\prims\jni.cpp, line 579]
Event: 1.595 Thread 0x0000016f40b240a0 Exception <a 'sun/nio/fs/WindowsException'{0x00000000c3590680}> (0x00000000c3590680) 
thrown [t:\workspace\open\src\hotspot\share\prims\jni.cpp, line 579]
Event: 1.595 Thread 0x0000016f40b240a0 Exception <a 'sun/nio/fs/WindowsException'{0x00000000c3591170}> (0x00000000c3591170) 
thrown [t:\workspace\open\src\hotspot\share\prims\jni.cpp, line 579]
Event: 1.595 Thread 0x0000016f40b240a0 Exception <a 'sun/nio/fs/WindowsException'{0x00000000c3591458}> (0x00000000c3591458) 
thrown [t:\workspace\open\src\hotspot\share\prims\jni.cpp, line 579]
Event: 1.598 Thread 0x0000016f40b240a0 Exception <a 'sun/nio/fs/WindowsException'{0x00000000c35979e8}> (0x00000000c35979e8) 
thrown [t:\workspace\open\src\hotspot\share\prims\jni.cpp, line 579]
Event: 1.598 Thread 0x0000016f40b240a0 Exception <a 'sun/nio/fs/WindowsException'{0x00000000c3597d08}> (0x00000000c3597d08) 
thrown [t:\workspace\open\src\hotspot\share\prims\jni.cpp, line 579]
Event: 1.598 Thread 0x0000016f40b240a0 Exception <a 'sun/nio/fs/WindowsException'{0x00000000c3598aa8}> (0x00000000c3598aa8) 
thrown [t:\workspace\open\src\hotspot\share\prims\jni.cpp, line 579]
Event: 1.598 Thread 0x0000016f40b240a0 Exception <a 'sun/nio/fs/WindowsException'{0x00000000c3598dc0}> (0x00000000c3598dc0) 
thrown [t:\workspace\open\src\hotspot\share\prims\jni.cpp, line 579]
Event: 1.599 Thread 0x0000016f40b240a0 Exception <a 'sun/nio/fs/WindowsException'{0x00000000c359a830}> (0x00000000c359a830) 
thrown [t:\workspace\open\src\hotspot\share\prims\jni.cpp, line 579]
Event: 1.599 Thread 0x0000016f40b240a0 Exception <a 'sun/nio/fs/WindowsException'{0x00000000c359ab50}> (0x00000000c359ab50) 
thrown [t:\workspace\open\src\hotspot\share\prims\jni.cpp, line 579]
Event: 1.600 Thread 0x0000016f40b240a0 Exception <a 'sun/nio/fs/WindowsException'{0x00000000c359b678}> (0x00000000c359b678) 
thrown [t:\workspace\open\src\hotspot\share\prims\jni.cpp, line 579]
Event: 1.600 Thread 0x0000016f40b240a0 Exception <a 'sun/nio/fs/WindowsException'{0x00000000c359b988}> (0x00000000c359b988) 
thrown [t:\workspace\open\src\hotspot\share\prims\jni.cpp, line 579]

Events (20 events):
Event: 1.489 loading class java/nio/file/FileTreeWalker$DirectoryNode done
Event: 1.490 loading class java/nio/file/FileTreeWalker$Event
Event: 1.490 loading class java/nio/file/FileTreeWalker$Event done
Event: 1.490 loading class java/nio/file/FileTreeWalker$EventType
Event: 1.490 loading class java/nio/file/FileTreeWalker$EventType done
Event: 1.490 loading class java/nio/file/Files$3
Event: 1.490 loading class java/nio/file/Files$3 done
Event: 1.490 loading class java/nio/file/FileVisitResult
Event: 1.490 loading class java/nio/file/FileVisitResult done
Event: 1.491 loading class sun/nio/fs/BasicFileAttributesHolder
Event: 1.491 loading class sun/nio/fs/BasicFileAttributesHolder done
Event: 1.534 Executing  VM operation: G1CollectForAllocation
Event: 1.545 Executing  VM operation: G1CollectForAllocation done
Event: 1.574 loading class java/util/ComparableTimSort
Event: 1.574 loading class java/util/ComparableTimSort done
Event: 1.608 Executing  VM operation: G1CollectForAllocation
Event: 1.616 Executing  VM operation: G1CollectForAllocation done
Event: 1.621 loading class java/nio/file/Files$2
Event: 1.621 loading class java/nio/file/Files$2 done
Event: 1.656 Executing  VM operation: G1CollectForAllocation


Dynamic libraries:
0x00007ff6c5d60000 - 0x00007ff6c5d68000 	C:\Program Files\Java\jdk-16.0.1\bin\javac.exe
0x00007fffe13b0000 - 0x00007fffe15a5000 	C:\WINDOWS\SYSTEM32\ntdll.dll
0x00007fffdfa80000 - 0x00007fffdfb3e000 	C:\WINDOWS\System32\KERNEL32.DLL
0x00007fffdeb60000 - 0x00007fffdee28000 	C:\WINDOWS\System32\KERNELBASE.dll
0x00007fffdf1f0000 - 0x00007fffdf2f0000 	C:\WINDOWS\System32\ucrtbase.dll
0x00007fffda1c0000 - 0x00007fffda1d9000 	C:\Program Files\Java\jdk-16.0.1\bin\VCRUNTIME140.dll
0x00007fffd7480000 - 0x00007fffd7498000 	C:\Program Files\Java\jdk-16.0.1\bin\jli.dll
0x00007fffdf800000 - 0x00007fffdf8ac000 	C:\WINDOWS\System32\ADVAPI32.dll
0x00007fffdf400000 - 0x00007fffdf49e000 	C:\WINDOWS\System32\msvcrt.dll
0x00007fffdfcf0000 - 0x00007fffdfd8b000 	C:\WINDOWS\System32\sechost.dll
0x00007fffdfd90000 - 0x00007fffdfeba000 	C:\WINDOWS\System32\RPCRT4.dll
0x00007fffdfb40000 - 0x00007fffdfce1000 	C:\WINDOWS\System32\USER32.dll
0x00007fffdf320000 - 0x00007fffdf342000 	C:\WINDOWS\System32\win32u.dll
0x00007fffdffe0000 - 0x00007fffe000b000 	C:\WINDOWS\System32\GDI32.dll
0x00007fffdf040000 - 0x00007fffdf14b000 	C:\WINDOWS\System32\gdi32full.dll
0x00007fffdf150000 - 0x00007fffdf1ed000 	C:\WINDOWS\System32\msvcp_win.dll
0x00007fffc0cb0000 - 0x00007fffc0f4a000 	C:\WINDOWS\WinSxS\amd64_microsoft.windows.common-controls_6595b64144ccf1df_6.0.19041.1110_none_60b5254171f9507e\COMCTL32.dll
0x00007fffd8a90000 - 0x00007fffd8a9a000 	C:\WINDOWS\SYSTEM32\VERSION.dll
0x00007fffdfec0000 - 0x00007fffdfef0000 	C:\WINDOWS\System32\IMM32.DLL
0x00007fffda1b0000 - 0x00007fffda1bc000 	C:\Program Files\Java\jdk-16.0.1\bin\vcruntime140_1.dll
0x00007fffb3d00000 - 0x00007fffb3d91000 	C:\Program Files\Java\jdk-16.0.1\bin\msvcp140.dll
0x00007fff9eb80000 - 0x00007fff9f72b000 	C:\Program Files\Java\jdk-16.0.1\bin\server\jvm.dll
0x00007fffe01a0000 - 0x00007fffe01a8000 	C:\WINDOWS\System32\PSAPI.DLL
0x00007fffda1e0000 - 0x00007fffda1e9000 	C:\WINDOWS\SYSTEM32\WSOCK32.dll
0x00007fffe0370000 - 0x00007fffe03db000 	C:\WINDOWS\System32\WS2_32.dll
0x00007fffc0460000 - 0x00007fffc0487000 	C:\WINDOWS\SYSTEM32\WINMM.dll
0x00007fffdd350000 - 0x00007fffdd362000 	C:\WINDOWS\SYSTEM32\kernel.appcore.dll
0x00007fffda1a0000 - 0x00007fffda1aa000 	C:\Program Files\Java\jdk-16.0.1\bin\jimage.dll
0x00007fffdd140000 - 0x00007fffdd324000 	C:\WINDOWS\SYSTEM32\DBGHELP.DLL
0x00007fffc5560000 - 0x00007fffc558c000 	C:\WINDOWS\SYSTEM32\dbgcore.DLL
0x00007fffdead0000 - 0x00007fffdeb53000 	C:\WINDOWS\System32\bcryptPrimitives.dll
0x00007fffd9d20000 - 0x00007fffd9d45000 	C:\Program Files\Java\jdk-16.0.1\bin\java.dll
0x00007fffe08c0000 - 0x00007fffe0fff000 	C:\WINDOWS\System32\SHELL32.dll
0x00007fffdc870000 - 0x00007fffdd000000 	C:\WINDOWS\SYSTEM32\windows.storage.dll
0x00007fffdf4a0000 - 0x00007fffdf7f5000 	C:\WINDOWS\System32\combase.dll
0x00007fffde450000 - 0x00007fffde47e000 	C:\WINDOWS\SYSTEM32\Wldp.dll
0x00007fffe01b0000 - 0x00007fffe025d000 	C:\WINDOWS\System32\SHCORE.dll
0x00007fffe0140000 - 0x00007fffe0195000 	C:\WINDOWS\System32\shlwapi.dll
0x00007fffdea10000 - 0x00007fffdea2f000 	C:\WINDOWS\SYSTEM32\profapi.dll
0x00007fffd88c0000 - 0x00007fffd88d9000 	C:\Program Files\Java\jdk-16.0.1\bin\net.dll
0x00007fffcdb70000 - 0x00007fffcdc7c000 	C:\WINDOWS\SYSTEM32\WINHTTP.dll
0x00007fffde1b0000 - 0x00007fffde21a000 	C:\WINDOWS\system32\mswsock.dll
0x00007fffd88a0000 - 0x00007fffd88b3000 	C:\Program Files\Java\jdk-16.0.1\bin\nio.dll
0x00007fffd8130000 - 0x00007fffd8148000 	C:\Program Files\Java\jdk-16.0.1\bin\zip.dll

dbghelp: loaded successfully - version: 4.0.5 - missing functions: none
symbol engine: initialized successfully - sym options: 0x614 - pdb path: .;C:\Program Files\Java\jdk-16.0.1\bin;C:\WINDOWS\SYSTEM32;C:\WINDOWS\WinSxS\amd64_microsoft.windows.common-controls_6595b64144ccf1df_6.0.19041.1110_none_60b5254171f9507e;C:\Program Files\Java\jdk-16.0.1\bin\server

VM Arguments:
jvm_args: -Dapplication.home=C:\Program Files\Java\jdk-16.0.1 --add-modules=ALL-DEFAULT -Xms8m -Djdk.module.main=jdk.compiler 
java_command: jdk.compiler/com.sun.tools.javac.Main -d C:\Users\LENOVO\Documents\NetBeansProjects\Asistensi MD3\build\classes -classpath C:\Users\LENOVO\Documents\NetBeansProjects\Asistensi MD3\build\classes;E:\PRATIKUM PBO\Pertemuan 3\Bahan\mysql-connector-java-8.0.24.jar -sourcepath C:\Users\LENOVO\Documents\NetBeansProjects\Asistensi MD3\build\empty -target 16 -encoding UTF-8 -g -processorpath E:\PRATIKUM PBO\Pertemuan 3\Bahan\mysql-connector-java-8.0.24.jar;C:\Users\LENOVO\Documents\NetBeansProjects\Asistensi MD3\build\empty -s C:\Users\LENOVO\Documents\NetBeansProjects\Asistensi MD3\build\generated-sources\ap-source-output -source 16 C:\Users\LENOVO\Documents\NetBeansProjects\Asistensi MD3\src\Controller07277\AdminController07277.java C:\Users\LENOVO\Documents\NetBeansProjects\Asistensi MD3\src\Controller07277\AllObjectModel07277.java C:\Users\LENOVO\Documents\NetBeansProjects\Asistensi MD3\src\Controller07277\PendudukController07277.java C:\Users\LENOVO\Documents\NetBeansProjects\Asistensi MD3\src\Entity07277\AdminEntity0727707277.java C:\Users\LENOVO\Documents\NetBeansProjects\Asistensi MD3\src\Entity07277\PendudukEntity0727707277.java C:\Users\LENOVO\Documents\NetBeansProjects\Asistensi MD3\src\Entity07277\UserEntityAbstract07277.java C:\Users\LENOVO\Documents\NetBeansProjects\Asistensi MD3\src\GUI\DataPendGui.java C:\Users\LENOVO\Documents\NetBeansProjects\Asistensi MD3\src\GUI\DataPeroranganGui.java C:\Users\LENOVO\Documents\NetBeansProjects\Asistensi MD3\src\GUI\LoginAdminGui.java C:\Users\LENOVO\Documents\NetBeansProjects\Asistensi MD3\src\GUI\LoginGui.java C:\Users\LENOVO\Documents\NetBeansProjects\Asistensi MD3\src\GUI\MenuAdminGui.java C:\Users\LENOVO\Documents\NetBeansProjects\Asistensi MD3\src\GUI\RegisAdminGui.java C:\Users\LENOVO\Documents\NetBeansProjects\Asistensi MD3\src\GUI\RegisPendGui.java C:\Users\LENOVO\Documents\NetBeansProjects\Asistensi MD3\src\Helper07277\KoneksiDb07277.java C:\Users\LENOVO\Documents\NetBeansProjects\Asistensi MD3\sr
java_class_path (initial): <not set>
Launcher Type: SUN_STANDARD

[Global flags]
     intx CICompilerCount                          = 2                                         {product} {ergonomic}
     uint ConcGCThreads                            = 1                                         {product} {ergonomic}
     uint G1ConcRefinementThreads                  = 2                                         {product} {ergonomic}
   size_t G1HeapRegionSize                         = 1048576                                   {product} {ergonomic}
    uintx GCDrainStackTargetSize                   = 64                                        {product} {ergonomic}
   size_t InitialHeapSize                          = 8388608                                   {product} {command line}
   size_t MarkStackSize                            = 4194304                                   {product} {ergonomic}
   size_t MaxHeapSize                              = 1027604480                                {product} {ergonomic}
   size_t MaxNewSize                               = 616562688                                 {product} {ergonomic}
   size_t MinHeapDeltaBytes                        = 1048576                                   {product} {ergonomic}
   size_t MinHeapSize                              = 8388608                                   {product} {command line}
    uintx NonNMethodCodeHeapSize                   = 5826188                                {pd product} {ergonomic}
    uintx NonProfiledCodeHeapSize                  = 122916026                              {pd product} {ergonomic}
    uintx ProfiledCodeHeapSize                     = 122916026                              {pd product} {ergonomic}
    uintx ReservedCodeCacheSize                    = 251658240                              {pd product} {ergonomic}
     bool SegmentedCodeCache                       = true                                      {product} {ergonomic}
   size_t SoftMaxHeapSize                          = 1027604480                             {manageable} {ergonomic}
     bool UseCompressedClassPointers               = true                           {product lp64_product} {ergonomic}
     bool UseCompressedOops                        = true                           {product lp64_product} {ergonomic}
     bool UseG1GC                                  = true                                      {product} {ergonomic}
     bool UseLargePagesIndividualAllocation        = false                                  {pd product} {ergonomic}

Logging:
Log output configuration:
 #0: stdout all=warning uptime,level,tags
 #1: stderr all=off uptime,level,tags

Environment Variables:
PATH=C:\Program Files\Common Files\Oracle\Java\javapath;C:\Program Files (x86)\Intel\TXE Components\iCLS\;C:\Program Files\Intel\TXE Components\iCLS\;C:\WINDOWS\system32;C:\WINDOWS;C:\WINDOWS\System32\Wbem;C:\WINDOWS\System32\WindowsPowerShell\v1.0\;C:\WINDOWS\System32\OpenSSH\;C:\Program Files\Intel\TXE Components\DAL\;C:\Program Files (x86)\Intel\TXE Components\DAL\;C:\Program Files\Intel\TXE Components\IPT\;C:\Program Files (x86)\Intel\TXE Components\IPT\;C:\Program Files\Microsoft\Web Platform Installer\;C:\Program Files (x86)\Microsoft ASP.NET\ASP.NET Web Pages\v1.0\;C:\Program Files\Microsoft SQL Server\110\Tools\Binn\;C:\Program Files\Git\cmd;C:\Users\LENOVO\AppData\Local\Microsoft\WindowsApps;C:\Program Files\JetBrains\IntelliJ IDEA Community Edition 2021.3\bin
USERNAME=LENOVO
OS=Windows_NT
PROCESSOR_IDENTIFIER=Intel64 Family 6 Model 122 Stepping 1, GenuineIntel



---------------  S Y S T E M  ---------------

OS:
 Windows 10 , 64 bit Build 19041 (10.0.19041.1348)
OS uptime: 0 days 1:04 hours

CPU: total 2 (initial active 2) (2 cores per cpu, 1 threads per core) family 6 model 122 stepping 1 microcode 0x36, cx8, cmov, fxsr, mmx, 3dnowpref, sse, sse2, sse3, ssse3, sse4.1, sse4.2, popcnt, tsc, tscinvbit, aes, erms, clmul, sha, clflush, clflushopt

Memory: 4k page, system-wide physical 3918M (274M free)
TotalPageFile size 3918M (AvailPageFile size 9M)
current process WorkingSet (physical memory assigned to process): 77M, peak: 79M
current process commit charge ("private bytes"): 103M, peak: 110M

vm_info: Java HotSpot(TM) 64-Bit Server VM (16.0.1+9-24) for windows-amd64 JRE (16.0.1+9-24), built on Mar 26 2021 19:31:42 by "mach5one" with MS VC++ 16.7 (VS2019)

END.
