#
# There is insufficient memory for the Java Runtime Environment to continue.
# Native memory allocation (mmap) failed to map 65536 bytes for Failed to commit metaspace.
# Possible reasons:
#   The system is out of physical RAM or swap space
#   The process is running with CompressedOops enabled, and the Java Heap may be blocking the growth of the native heap
# Possible solutions:
#   Reduce memory load on the system
#   Increase physical memory or swap space
#   Check if swap backing store is full
#   Decrease Java heap size (-Xmx/-Xms)
#   Decrease number of Java threads
#   Decrease Java thread stack sizes (-Xss)
#   Set larger code cache with -XX:ReservedCodeCacheSize=
#   JVM is running with Unscaled Compressed Oops mode in which the Java heap is
#     placed in the first 4GB address space. The Java Heap base address is the
#     maximum limit for the native heap growth. Please use -XX:HeapBaseMinAddress
#     to set the Java Heap base and to place the Java Heap above 4GB virtual address.
# This output file may be truncated or incomplete.
#
#  Out of Memory Error (virtualSpaceNode.cpp:108), pid=8560, tid=6812
#
# JRE version: Java(TM) SE Runtime Environment (16.0.1+9) (build 16.0.1+9-24)
# Java VM: Java HotSpot(TM) 64-Bit Server VM (16.0.1+9-24, mixed mode, sharing, tiered, compressed oops, compressed class ptrs, g1 gc, windows-amd64)
# No core dump will be written. Minidumps are not enabled by default on client versions of Windows
#

---------------  S U M M A R Y ------------

Command Line: -Dapplication.home=C:\Program Files\Java\jdk-16.0.1 --add-modules=ALL-DEFAULT -Xms8m -Djdk.module.main=jdk.compiler jdk.compiler/com.sun.tools.javac.Main -d C:\Users\LENOVO\Documents\NetBeansProjects\Asistensi MD3\build\classes -classpath C:\Users\LENOVO\Documents\NetBeansProjects\Asistensi MD3\build\classes;E:\PRATIKUM PBO\Pertemuan 3\Bahan\mysql-connector-java-8.0.24.jar -sourcepath C:\Users\LENOVO\Documents\NetBeansProjects\Asistensi MD3\build\empty -target 16 -encoding UTF-8 -g -processorpath E:\PRATIKUM PBO\Pertemuan 3\Bahan\mysql-connector-java-8.0.24.jar;C:\Users\LENOVO\Documents\NetBeansProjects\Asistensi MD3\build\empty -s C:\Users\LENOVO\Documents\NetBeansProjects\Asistensi MD3\build\generated-sources\ap-source-output -source 16 C:\Users\LENOVO\Documents\NetBeansProjects\Asistensi MD3\src\Controller07277\AdminController07277.java C:\Users\LENOVO\Documents\NetBeansProjects\Asistensi MD3\src\Controller07277\AllObjectModel07277.java C:\Users\LENOVO\Documents\NetBeansProjects\Asistensi MD3\src\Controller07277\PendudukController07277.java C:\Users\LENOVO\Documents\NetBeansProjects\Asistensi MD3\src\Entity07277\AdminEntity0727707277.java C:\Users\LENOVO\Documents\NetBeansProjects\Asistensi MD3\src\Entity07277\PendudukEntity0727707277.java C:\Users\LENOVO\Documents\NetBeansProjects\Asistensi MD3\src\Entity07277\UserEntityAbstract07277.java C:\Users\LENOVO\Documents\NetBeansProjects\Asistensi MD3\src\GUI\DataPendGui.java C:\Users\LENOVO\Documents\NetBeansProjects\Asistensi MD3\src\GUI\DataPeroranganGui.java C:\Users\LENOVO\Documents\NetBeansProjects\Asistensi MD3\src\GUI\LoginAdminGui.java C:\Users\LENOVO\Documents\NetBeansProjects\Asistensi MD3\src\GUI\LoginGui.java C:\Users\LENOVO\Documents\NetBeansProjects\Asistensi MD3\src\GUI\MenuAdminGui.java C:\Users\LENOVO\Documents\NetBeansProjects\Asistensi MD3\src\GUI\RegisAdminGui.java C:\Users\LENOVO\Documents\NetBeansProjects\Asistensi MD3\src\GUI\RegisPendGui.java C:\Users\LENOVO\Documents\NetBeansProjects\Asistensi MD3\src\Helper07277\KoneksiDb07277.java C:\Users\LENOVO\Documents\NetBeansProjects\Asistensi MD3\src\Model07277\AdminModel0727707277.java C:\Users\LENOVO\Documents\NetBeansProjects\Asistensi MD3\src\Model07277\ModelAbstract07277.java C:\Users\LENOVO\Documents\NetBeansProjects\Asistensi MD3\src\Model07277\PendudukModel07277.java

Host: Intel(R) Celeron(R) N4000 CPU @ 1.10GHz, 2 cores, 3G,  Windows 10 , 64 bit Build 19041 (10.0.19041.1348)
Time: Tue Jan  4 14:55:48 2022 SE Asia Standard Time elapsed time: 3.938017 seconds (0d 0h 0m 3s)

---------------  T H R E A D  ---------------

Current thread (0x0000023f03739e40):  JavaThread "main" [_thread_in_vm, id=6812, stack(0x000000e975d00000,0x000000e975e00000)]

Stack: [0x000000e975d00000,0x000000e975e00000]
Native frames: (J=compiled Java code, j=interpreted, Vv=VM code, C=native code)
V  [jvm.dll+0x6687ca]
V  [jvm.dll+0x7ca3c9]
V  [jvm.dll+0x7cbb53]
V  [jvm.dll+0x7cc1b3]
V  [jvm.dll+0x242ea5]
V  [jvm.dll+0x7c6a4b]
V  [jvm.dll+0x60e436]
V  [jvm.dll+0x1be93e]
V  [jvm.dll+0x610b91]
V  [jvm.dll+0x60ed31]
V  [jvm.dll+0x238690]
V  [jvm.dll+0x1ea53f]
V  [jvm.dll+0x1df8a1]
V  [jvm.dll+0x536728]
V  [jvm.dll+0x743011]
V  [jvm.dll+0x40775f]
V  [jvm.dll+0x40da82]
C  [java.dll+0x194d]

Java frames: (J=compiled Java code, j=interpreted, Vv=VM code)
J 527  java.lang.ClassLoader.defineClass2(Ljava/lang/ClassLoader;Ljava/lang/String;Ljava/nio/ByteBuffer;IILjava/security/ProtectionDomain;Ljava/lang/String;)Ljava/lang/Class; java.base@16.0.1 (0 bytes) @ 0x0000023f142d650b [0x0000023f142d6440+0x00000000000000cb]
J 547 c1 java.lang.ClassLoader.defineClass(Ljava/lang/String;Ljava/nio/ByteBuffer;Ljava/security/ProtectionDomain;)Ljava/lang/Class; java.base@16.0.1 (108 bytes) @ 0x0000023f0ce451ac [0x0000023f0ce44a00+0x00000000000007ac]
J 521 c1 java.security.SecureClassLoader.defineClass(Ljava/lang/String;Ljava/nio/ByteBuffer;Ljava/security/CodeSource;)Ljava/lang/Class; java.base@16.0.1 (12 bytes) @ 0x0000023f0ce3147c [0x0000023f0ce313c0+0x00000000000000bc]
J 532 c1 jdk.internal.loader.BuiltinClassLoader.defineClass(Ljava/lang/String;Ljdk/internal/loader/BuiltinClassLoader$LoadedModule;)Ljava/lang/Class; java.base@16.0.1 (162 bytes) @ 0x0000023f0ce3804c [0x0000023f0ce365a0+0x0000000000001aac]
j  jdk.internal.loader.BuiltinClassLoader.findClassInModuleOrNull(Ljdk/internal/loader/BuiltinClassLoader$LoadedModule;Ljava/lang/String;)Ljava/lang/Class;+9 java.base@16.0.1
j  jdk.internal.loader.BuiltinClassLoader.findClass(Ljava/lang/String;Ljava/lang/String;)Ljava/lang/Class;+42 java.base@16.0.1
j  java.lang.ClassLoader.loadClass(Ljava/lang/Module;Ljava/lang/String;)Ljava/lang/Class;+26 java.base@16.0.1
j  java.lang.Class.forName(Ljava/lang/Module;Ljava/lang/String;)Ljava/lang/Class;+81 java.base@16.0.1
j  java.util.ResourceBundle$ResourceBundleProviderHelper.lambda$loadResourceBundle$1(Ljava/lang/Module;Ljava/lang/String;)Ljava/lang/Class;+2 java.base@16.0.1
j  java.util.ResourceBundle$ResourceBundleProviderHelper$$Lambda$22+0x0000000800c47c88.run()Ljava/lang/Object;+8 java.base@16.0.1
j  java.security.AccessController.executePrivileged(Ljava/security/PrivilegedAction;Ljava/security/AccessControlContext;Ljava/lang/Class;)Ljava/lang/Object;+29 java.base@16.0.1
j  java.security.AccessController.doPrivileged(Ljava/security/PrivilegedAction;Ljava/security/AccessControlContext;)Ljava/lang/Object;+13 java.base@16.0.1
j  java.security.AccessController.doPrivileged(Ljava/security/PrivilegedAction;Ljava/security/AccessControlContext;[Ljava/security/Permission;)Ljava/lang/Object;+48 java.base@16.0.1
j  java.util.ResourceBundle$ResourceBundleProviderHelper.loadResourceBundle(Ljava/lang/Module;Ljava/lang/Module;Ljava/lang/String;Ljava/util/Locale;)Ljava/util/ResourceBundle;+33 java.base@16.0.1
j  java.util.ResourceBundle.loadBundle(Ljava/util/ResourceBundle$CacheKey;Ljava/util/List;Ljava/util/ResourceBundle$Control;Ljava/lang/Module;Ljava/lang/Module;)Ljava/util/ResourceBundle;+259 java.base@16.0.1
j  java.util.ResourceBundle.findBundle(Ljava/lang/Module;Ljava/lang/Module;Ljava/util/ResourceBundle$CacheKey;Ljava/util/List;Ljava/util/List;ILjava/util/ResourceBundle$Control;Ljava/util/ResourceBundle;)Ljava/util/ResourceBundle;+249 java.base@16.0.1
j  java.util.ResourceBundle.findBundle(Ljava/lang/Module;Ljava/lang/Module;Ljava/util/ResourceBundle$CacheKey;Ljava/util/List;Ljava/util/List;ILjava/util/ResourceBundle$Control;Ljava/util/ResourceBundle;)Ljava/util/ResourceBundle;+43 java.base@16.0.1
j  java.util.ResourceBundle.findBundle(Ljava/lang/Module;Ljava/lang/Module;Ljava/util/ResourceBundle$CacheKey;Ljava/util/List;Ljava/util/List;ILjava/util/ResourceBundle$Control;Ljava/util/ResourceBundle;)Ljava/util/ResourceBundle;+43 java.base@16.0.1
j  java.util.ResourceBundle.getBundleImpl(Ljava/lang/Module;Ljava/lang/Module;Ljava/lang/String;Ljava/util/Locale;Ljava/util/ResourceBundle$Control;)Ljava/util/ResourceBundle;+196 java.base@16.0.1
j  java.util.ResourceBundle.getBundleImpl(Ljava/lang/String;Ljava/util/Locale;Ljava/lang/Class;Ljava/lang/ClassLoader;Ljava/util/ResourceBundle$Control;)Ljava/util/ResourceBundle;+45 java.base@16.0.1
j  java.util.ResourceBundle.getBundleImpl(Ljava/lang/String;Ljava/util/Locale;Ljava/lang/Class;Ljava/util/ResourceBundle$Control;)Ljava/util/ResourceBundle;+8 java.base@16.0.1
j  java.util.ResourceBundle.getBundle(Ljava/lang/String;)Ljava/util/ResourceBundle;+14 java.base@16.0.1
j  com.sun.tools.javac.file.JRTIndex.getCtInfo(Lcom/sun/tools/javac/file/RelativePath$RelativeDirectory;)Lcom/sun/tools/javac/file/JRTIndex$CtSym;+27 jdk.compiler@16.0.1
j  com.sun.tools.javac.file.JRTIndex.getEntry(Lcom/sun/tools/javac/file/RelativePath$RelativeDirectory;)Lcom/sun/tools/javac/file/JRTIndex$Entry;+430 jdk.compiler@16.0.1
j  com.sun.tools.javac.file.JRTIndex.getCtSym(Ljava/lang/CharSequence;)Lcom/sun/tools/javac/file/JRTIndex$CtSym;+5 jdk.compiler@16.0.1
j  com.sun.tools.javac.code.ClassFinder.getSupplementaryFlags(Lcom/sun/tools/javac/code/Symbol$ClassSymbol;)J+89 jdk.compiler@16.0.1
j  com.sun.tools.javac.code.ClassFinder.fillIn(Lcom/sun/tools/javac/code/Symbol$ClassSymbol;)V+174 jdk.compiler@16.0.1
j  com.sun.tools.javac.code.ClassFinder.complete(Lcom/sun/tools/javac/code/Symbol;)V+60 jdk.compiler@16.0.1
j  com.sun.tools.javac.code.ClassFinder$$Lambda$48+0x0000000800c8e420.complete(Lcom/sun/tools/javac/code/Symbol;)V+5 jdk.compiler@16.0.1
J 1017 c1 com.sun.tools.javac.code.Symbol.complete()V jdk.compiler@16.0.1 (30 bytes) @ 0x0000023f0cf8235c [0x0000023f0cf821c0+0x000000000000019c]
j  com.sun.tools.javac.code.Symbol$ClassSymbol.complete()V+6 jdk.compiler@16.0.1
j  com.sun.tools.javac.code.Type$ClassType.complete()V+4 jdk.compiler@16.0.1
j  com.sun.tools.javac.code.Type$ClassType.getTypeArguments()Lcom/sun/tools/javac/util/List;+8 jdk.compiler@16.0.1
j  com.sun.tools.javac.code.Type$ClassType.isErroneous()Z+11 jdk.compiler@16.0.1
j  com.sun.tools.javac.comp.Check$CycleChecker.checkClass(Lcom/sun/tools/javac/util/JCDiagnostic$DiagnosticPosition;Lcom/sun/tools/javac/code/Symbol;Lcom/sun/tools/javac/util/List;)V+49 jdk.compiler@16.0.1
j  com.sun.tools.javac.comp.Check$CycleChecker.checkSymbol(Lcom/sun/tools/javac/util/JCDiagnostic$DiagnosticPosition;Lcom/sun/tools/javac/code/Symbol;)V+130 jdk.compiler@16.0.1
j  com.sun.tools.javac.comp.Check$CycleChecker.checkClass(Lcom/sun/tools/javac/util/JCDiagnostic$DiagnosticPosition;Lcom/sun/tools/javac/code/Symbol;Lcom/sun/tools/javac/util/List;)V+147 jdk.compiler@16.0.1
j  com.sun.tools.javac.comp.Check$CycleChecker.visitClassDef(Lcom/sun/tools/javac/tree/JCTree$JCClassDecl;)V+75 jdk.compiler@16.0.1
j  com.sun.tools.javac.tree.JCTree$JCClassDecl.accept(Lcom/sun/tools/javac/tree/JCTree$Visitor;)V+2 jdk.compiler@16.0.1
j  com.sun.tools.javac.tree.TreeScanner.scan(Lcom/sun/tools/javac/tree/JCTree;)V+6 jdk.compiler@16.0.1
j  com.sun.tools.javac.comp.Check.checkNonCyclicDecl(Lcom/sun/tools/javac/tree/JCTree$JCClassDecl;)V+11 jdk.compiler@16.0.1
j  com.sun.tools.javac.comp.TypeEnter$HierarchyPhase.runPhase(Lcom/sun/tools/javac/comp/Env;)V+168 jdk.compiler@16.0.1
j  com.sun.tools.javac.comp.TypeEnter$Phase.doCompleteEnvs(Lcom/sun/tools/javac/util/List;)V+101 jdk.compiler@16.0.1
j  com.sun.tools.javac.comp.TypeEnter$HierarchyPhase.complete(Lcom/sun/tools/javac/code/Symbol;)V+69 jdk.compiler@16.0.1
J 1017 c1 com.sun.tools.javac.code.Symbol.complete()V jdk.compiler@16.0.1 (30 bytes) @ 0x0000023f0cf8235c [0x0000023f0cf821c0+0x000000000000019c]
j  com.sun.tools.javac.code.Symbol$ClassSymbol.complete()V+6 jdk.compiler@16.0.1
j  com.sun.tools.javac.comp.TypeEnter$HierarchyPhase.doCompleteEnvs(Lcom/sun/tools/javac/util/List;)V+69 jdk.compiler@16.0.1
j  com.sun.tools.javac.comp.TypeEnter$Phase.completeEnvs(Lcom/sun/tools/javac/util/List;)Lcom/sun/tools/javac/util/List;+29 jdk.compiler@16.0.1
j  com.sun.tools.javac.comp.TypeEnter$Phase.completeEnvs(Lcom/sun/tools/javac/util/List;)Lcom/sun/tools/javac/util/List;+124 jdk.compiler@16.0.1
j  com.sun.tools.javac.comp.TypeEnter.complete(Lcom/sun/tools/javac/code/Symbol;)V+85 jdk.compiler@16.0.1
J 1017 c1 com.sun.tools.javac.code.Symbol.complete()V jdk.compiler@16.0.1 (30 bytes) @ 0x0000023f0cf8235c [0x0000023f0cf821c0+0x000000000000019c]
j  com.sun.tools.javac.code.Symbol$ClassSymbol.complete()V+6 jdk.compiler@16.0.1
j  com.sun.tools.javac.comp.Enter.complete(Lcom/sun/tools/javac/util/List;Lcom/sun/tools/javac/code/Symbol$ClassSymbol;)V+88 jdk.compiler@16.0.1
j  com.sun.tools.javac.comp.Enter.main(Lcom/sun/tools/javac/util/List;)V+3 jdk.compiler@16.0.1
j  com.sun.tools.javac.main.JavaCompiler.enterTrees(Lcom/sun/tools/javac/util/List;)Lcom/sun/tools/javac/util/List;+64 jdk.compiler@16.0.1
j  com.sun.tools.javac.main.JavaCompiler.compile(Ljava/util/Collection;Ljava/util/Collection;Ljava/lang/Iterable;Ljava/util/Collection;)V+304 jdk.compiler@16.0.1
j  com.sun.tools.javac.main.Main.compile([Ljava/lang/String;Lcom/sun/tools/javac/util/Context;)Lcom/sun/tools/javac/main/Main$Result;+615 jdk.compiler@16.0.1
j  com.sun.tools.javac.main.Main.compile([Ljava/lang/String;)Lcom/sun/tools/javac/main/Main$Result;+15 jdk.compiler@16.0.1
j  com.sun.tools.javac.Main.compile([Ljava/lang/String;)I+12 jdk.compiler@16.0.1
j  com.sun.tools.javac.Main.main([Ljava/lang/String;)V+1 jdk.compiler@16.0.1
v  ~StubRoutines::call_stub

---------------  P R O C E S S  ---------------

Threads class SMR info:
_java_thread_list=0x0000023f204a8e30, length=12, elements={
0x0000023f03739e40, 0x0000023f03929430, 0x0000023f0392a200, 0x0000023f0393ed10,
0x0000023f03940830, 0x0000023f03943150, 0x0000023f03943a60, 0x0000023f03944750,
0x0000023f203f5540, 0x0000023f203f8250, 0x0000023f2048bb60, 0x0000023f2103ed60
}

Java Threads: ( => current thread )
=>0x0000023f03739e40 JavaThread "main" [_thread_in_vm, id=6812, stack(0x000000e975d00000,0x000000e975e00000)]
  0x0000023f03929430 JavaThread "Reference Handler" daemon [_thread_blocked, id=10752, stack(0x000000e976400000,0x000000e976500000)]
  0x0000023f0392a200 JavaThread "Finalizer" daemon [_thread_blocked, id=4496, stack(0x000000e976500000,0x000000e976600000)]
  0x0000023f0393ed10 JavaThread "Signal Dispatcher" daemon [_thread_blocked, id=9132, stack(0x000000e976600000,0x000000e976700000)]
  0x0000023f03940830 JavaThread "Attach Listener" daemon [_thread_blocked, id=7108, stack(0x000000e976700000,0x000000e976800000)]
  0x0000023f03943150 JavaThread "Service Thread" daemon [_thread_blocked, id=9532, stack(0x000000e976800000,0x000000e976900000)]
  0x0000023f03943a60 JavaThread "Monitor Deflation Thread" daemon [_thread_blocked, id=5676, stack(0x000000e976900000,0x000000e976a00000)]
  0x0000023f03944750 JavaThread "C2 CompilerThread0" daemon [_thread_blocked, id=3232, stack(0x000000e976a00000,0x000000e976b00000)]
  0x0000023f203f5540 JavaThread "C1 CompilerThread0" daemon [_thread_blocked, id=2072, stack(0x000000e976b00000,0x000000e976c00000)]
  0x0000023f203f8250 JavaThread "Sweeper thread" daemon [_thread_blocked, id=10560, stack(0x000000e976c00000,0x000000e976d00000)]
  0x0000023f2048bb60 JavaThread "Common-Cleaner" daemon [_thread_blocked, id=9040, stack(0x000000e976d00000,0x000000e976e00000)]
  0x0000023f2103ed60 JavaThread "Notification Thread" daemon [_thread_blocked, id=5792, stack(0x000000e976e00000,0x000000e976f00000)]

Other Threads:
  0x0000023f0391df60 VMThread "VM Thread" [stack: 0x000000e976300000,0x000000e976400000] [id=3164]
  0x0000023f2104f260 WatcherThread [stack: 0x000000e976f00000,0x000000e977000000] [id=8752]
  0x0000023f0389b930 GCTaskThread "GC Thread#0" [stack: 0x000000e975e00000,0x000000e975f00000] [id=5572]
  0x0000023f0373ab50 GCTaskThread "GC Thread#1" [stack: 0x000000e977000000,0x000000e977100000] [id=8892]
  0x0000023f038a6320 ConcurrentGCThread "G1 Main Marker" [stack: 0x000000e975f00000,0x000000e976000000] [id=9924]
  0x0000023f038a7cb0 ConcurrentGCThread "G1 Conc#0" [stack: 0x000000e976000000,0x000000e976100000] [id=664]
  0x0000023f038b58f0 ConcurrentGCThread "G1 Refine#0" [stack: 0x000000e976100000,0x000000e976200000] [id=9544]
  0x0000023f038b6280 ConcurrentGCThread "G1 Service" [stack: 0x000000e976200000,0x000000e976300000] [id=3508]

Threads with active compile tasks:

VM state: not at safepoint (normal execution)

VM Mutex/Monitor currently owned by a thread:  ([mutex/lock_event])
[0x0000023f037378c0] MetaspaceExpand_lock - owner thread: 0x0000023f03739e40

Heap address: 0x00000000c2c00000, size: 980 MB, Compressed Oops mode: 32-bit

CDS archive(s) mapped at: [0x0000000800000000-0x0000000800bb0000-0x0000000800bb0000), size 12255232, SharedBaseAddress: 0x0000000800000000, ArchiveRelocationMode: 0.
Compressed class space mapped at: 0x0000000800c00000-0x0000000840c00000, reserved size: 1073741824
Narrow klass base: 0x0000000800000000, Narrow klass shift: 3, Narrow klass range: 0x100000000

GC Precious Log:
 CPUs: 2 total, 2 available
 Memory: 3918M
 Large Page Support: Disabled
 NUMA Support: Disabled
 Compressed Oops: Enabled (32-bit)
 Heap Region Size: 1M
 Heap Min Capacity: 8M
 Heap Initial Capacity: 8M
 Heap Max Capacity: 980M
 Pre-touch: Disabled
 Parallel Workers: 2
 Concurrent Workers: 1
 Concurrent Refinement Workers: 2
 Periodic GC: Disabled

Heap:
 garbage-first heap   total 12288K, used 5586K [0x00000000c2c00000, 0x0000000100000000)
  region size 1024K, 3 young (3072K), 1 survivors (1024K)
 Metaspace       used 9142K, committed 9280K, reserved 1064960K
  class space    used 1015K, committed 1088K, reserved 1048576K

Heap Regions: E=young(eden), S=young(survivor), O=old, HS=humongous(starts), HC=humongous(continues), CS=collection set, F=free, OA=open archive, CA=closed archive, TAMS=top-at-mark-start (previous, next)
|   0|0x00000000c2c00000, 0x00000000c2d00000, 0x00000000c2d00000|100%| O|  |TAMS 0x00000000c2d00000, 0x00000000c2c00000| Untracked 
|   1|0x00000000c2d00000, 0x00000000c2e00000, 0x00000000c2e00000|100%| O|  |TAMS 0x00000000c2e00000, 0x00000000c2d00000| Untracked 
|   2|0x00000000c2e00000, 0x00000000c2f00000, 0x00000000c2f00000|100%| O|  |TAMS 0x00000000c2f00000, 0x00000000c2e00000| Untracked 
|   3|0x00000000c2f00000, 0x00000000c3000000, 0x00000000c3000000|100%| O|  |TAMS 0x00000000c3000000, 0x00000000c2f00000| Untracked 
|   4|0x00000000c3000000, 0x00000000c301aa00, 0x00000000c3100000| 10%| O|  |TAMS 0x00000000c301aa00, 0x00000000c3000000| Untracked 
|   5|0x00000000c3100000, 0x00000000c3100000, 0x00000000c3200000|  0%| F|  |TAMS 0x00000000c3100000, 0x00000000c3100000| Untracked 
|   6|0x00000000c3200000, 0x00000000c3200000, 0x00000000c3300000|  0%| F|  |TAMS 0x00000000c3200000, 0x00000000c3200000| Untracked 
|   7|0x00000000c3300000, 0x00000000c3300000, 0x00000000c3400000|  0%| F|  |TAMS 0x00000000c3300000, 0x00000000c3300000| Untracked 
|   8|0x00000000c3400000, 0x00000000c3400000, 0x00000000c3500000|  0%| F|  |TAMS 0x00000000c3400000, 0x00000000c3400000| Untracked 
|   9|0x00000000c3500000, 0x00000000c35283d8, 0x00000000c3600000| 15%| E|  |TAMS 0x00000000c3500000, 0x00000000c3500000| Complete 
|  10|0x00000000c3600000, 0x00000000c3700000, 0x00000000c3700000|100%| E|CS|TAMS 0x00000000c3600000, 0x00000000c3600000| Complete 
|  11|0x00000000c3700000, 0x00000000c3759ef0, 0x00000000c3800000| 35%| S|CS|TAMS 0x00000000c3700000, 0x00000000c3700000| Complete 

Card table byte_map: [0x0000023f1bde0000,0x0000023f1bfd0000] _byte_map_base: 0x0000023f1b7ca000

Marking Bits (Prev, Next): (CMBitMap*) 0x0000023f0389df10, (CMBitMap*) 0x0000023f0389ded0
 Prev Bits: [0x0000023f1d110000, 0x0000023f1e060000)
 Next Bits: [0x0000023f1c1c0000, 0x0000023f1d110000)

Polling page: 0x0000023f03950000

Metaspace:

Usage:
  Non-class:      7.94 MB used.
      Class:   1015.42 KB used.
       Both:      8.93 MB used.

Virtual space:
  Non-class space:       16.00 MB reserved,       8.00 MB ( 50%) committed,  2 nodes.
      Class space:        1.00 GB reserved,       1.06 MB ( <1%) committed,  1 nodes.
              Both:        1.02 GB reserved,       9.06 MB ( <1%) committed. 

Chunk freelists:
   Non-Class:  2.05 MB
       Class:  2.92 MB
        Both:  4.97 MB

MaxMetaspaceSize: 17179869184.00 GB
CompressedClassSpaceSize: 1.00 GB
 - commit_granule_bytes: 65536.
 - commit_granule_words: 8192.
 - virtual_space_node_default_size: 1048576.
 - enlarge_chunks_in_place: 1.
 - new_chunks_are_fully_committed: 0.
 - uncommit_free_chunks: 1.
 - use_allocation_guard: 0.
 - handle_deallocations: 1.


Internal statistics:

num_allocs_failed_limit: 0.
num_arena_births: 72.
num_arena_deaths: 0.
num_vsnodes_births: 3.
num_vsnodes_deaths: 0.
num_space_committed: 145.
num_space_uncommitted: 0.
num_chunks_returned_to_freelist: 0.
num_chunks_taken_from_freelist: 376.
num_chunk_merges: 0.
num_chunk_splits: 256.
num_chunks_enlarged: 197.
num_purges: 0.

CodeHeap 'non-profiled nmethods': size=120064Kb used=474Kb max_used=474Kb free=119589Kb
 bounds [0x0000023f142b0000, 0x0000023f14520000, 0x0000023f1b7f0000]
CodeHeap 'profiled nmethods': size=120000Kb used=2829Kb max_used=2829Kb free=117170Kb
 bounds [0x0000023f0cd80000, 0x0000023f0d050000, 0x0000023f142b0000]
CodeHeap 'non-nmethods': size=5696Kb used=1158Kb max_used=1175Kb free=4537Kb
 bounds [0x0000023f0c7f0000, 0x0000023f0ca60000, 0x0000023f0cd80000]
 total_blobs=1850 nmethods=1405 adapters=359
 compilation: enabled
              stopped_count=0, restarted_count=0
 full_count=0

Compilation events (20 events):
Event: 3.895 Thread 0x0000023f203f5540 1394       3       java.util.stream.SpinedBuffer::clear (88 bytes)
Event: 3.896 Thread 0x0000023f203f5540 nmethod 1394 0x0000023f0d03f210 code [0x0000023f0d03f400, 0x0000023f0d03fb38]
Event: 3.896 Thread 0x0000023f203f5540 1395       3       jdk.internal.jrtfs.JrtFileSystem::getFileAttributes (42 bytes)
Event: 3.905 Thread 0x0000023f203f5540 nmethod 1395 0x0000023f14322410 code [0x0000023f14322620, 0x0000023f14322cb8]
Event: 3.905 Thread 0x0000023f203f5540 1396   !   3       jdk.internal.jrtfs.JrtDirectoryStream$1::next (48 bytes)
Event: 3.906 Thread 0x0000023f203f5540 nmethod 1396 0x0000023f14322f10 code [0x0000023f14323100, 0x0000023f143235f8]
Event: 3.907 Thread 0x0000023f203f5540 1399       3       java.util.stream.StreamSpliterators$AbstractWrappingSpliterator::doAdvance (106 bytes)
Event: 3.908 Thread 0x0000023f203f5540 nmethod 1399 0x0000023f14323890 code [0x0000023f14323ae0, 0x0000023f143245e8]
Event: 3.908 Thread 0x0000023f203f5540 1400       3       java.util.stream.SpinedBuffer::get (123 bytes)
Event: 3.909 Thread 0x0000023f203f5540 nmethod 1400 0x0000023f0d03fd10 code [0x0000023f0d03ff60, 0x0000023f0d040798]
Event: 3.909 Thread 0x0000023f203f5540 1401       3       jdk.internal.jrtfs.JrtFileSystem::lambda$iteratorOf$2 (20 bytes)
Event: 3.910 Thread 0x0000023f203f5540 nmethod 1401 0x0000023f0d040b90 code [0x0000023f0d040d80, 0x0000023f0d0411a8]
Event: 3.910 Thread 0x0000023f203f5540 1402       3       java.util.stream.SpinedBuffer::accept (94 bytes)
Event: 3.911 Thread 0x0000023f203f5540 nmethod 1402 0x0000023f0d041390 code [0x0000023f0d041580, 0x0000023f0d041e88]
Event: 3.912 Thread 0x0000023f203f5540 1403       3       jdk.internal.jrtfs.JrtFileAttributes::isRegularFile (13 bytes)
Event: 3.912 Thread 0x0000023f203f5540 nmethod 1403 0x0000023f0d042110 code [0x0000023f0d0422c0, 0x0000023f0d042548]
Event: 3.913 Thread 0x0000023f203f5540 1404   !   3       java.nio.file.Files::isRegularFile (43 bytes)
Event: 3.913 Thread 0x0000023f203f5540 nmethod 1404 0x0000023f0d042610 code [0x0000023f0d042860, 0x0000023f0d043308]
Event: 3.915 Thread 0x0000023f203f5540 1405       1       java.util.stream.ReferencePipeline$StatelessOp::opIsStateful (2 bytes)
Event: 3.915 Thread 0x0000023f203f5540 nmethod 1405 0x0000023f14324890 code [0x0000023f14324a20, 0x0000023f14324af8]

GC Heap History (20 events):
Event: 0.823 GC heap before
{Heap before GC invocations=0 (full 0):
 garbage-first heap   total 8192K, used 3072K [0x00000000c2c00000, 0x0000000100000000)
  region size 1024K, 3 young (3072K), 0 survivors (0K)
 Metaspace       used 2496K, committed 2688K, reserved 1056768K
  class space    used 269K, committed 384K, reserved 1048576K
}
Event: 0.844 GC heap after
{Heap after GC invocations=1 (full 0):
 garbage-first heap   total 8192K, used 1101K [0x00000000c2c00000, 0x0000000100000000)
  region size 1024K, 1 young (1024K), 1 survivors (1024K)
 Metaspace       used 2496K, committed 2688K, reserved 1056768K
  class space    used 269K, committed 384K, reserved 1048576K
}
Event: 1.083 GC heap before
{Heap before GC invocations=1 (full 0):
 garbage-first heap   total 8192K, used 2125K [0x00000000c2c00000, 0x0000000100000000)
  region size 1024K, 2 young (2048K), 1 survivors (1024K)
 Metaspace       used 3889K, committed 4032K, reserved 1056768K
  class space    used 472K, committed 576K, reserved 1048576K
}
Event: 1.087 GC heap after
{Heap after GC invocations=2 (full 0):
 garbage-first heap   total 8192K, used 1625K [0x00000000c2c00000, 0x0000000100000000)
  region size 1024K, 1 young (1024K), 1 survivors (1024K)
 Metaspace       used 3889K, committed 4032K, reserved 1056768K
  class space    used 472K, committed 576K, reserved 1048576K
}
Event: 1.482 GC heap before
{Heap before GC invocations=2 (full 0):
 garbage-first heap   total 8192K, used 2649K [0x00000000c2c00000, 0x0000000100000000)
  region size 1024K, 2 young (2048K), 1 survivors (1024K)
 Metaspace       used 5953K, committed 6080K, reserved 1064960K
  class space    used 684K, committed 768K, reserved 1048576K
}
Event: 1.486 GC heap after
{Heap after GC invocations=3 (full 0):
 garbage-first heap   total 8192K, used 1946K [0x00000000c2c00000, 0x0000000100000000)
  region size 1024K, 1 young (1024K), 1 survivors (1024K)
 Metaspace       used 5953K, committed 6080K, reserved 1064960K
  class space    used 684K, committed 768K, reserved 1048576K
}
Event: 1.794 GC heap before
{Heap before GC invocations=3 (full 0):
 garbage-first heap   total 8192K, used 1946K [0x00000000c2c00000, 0x0000000100000000)
  region size 1024K, 2 young (2048K), 1 survivors (1024K)
 Metaspace       used 6959K, committed 7104K, reserved 1064960K
  class space    used 818K, committed 896K, reserved 1048576K
}
Event: 1.798 GC heap after
{Heap after GC invocations=4 (full 0):
 garbage-first heap   total 8192K, used 2287K [0x00000000c2c00000, 0x0000000100000000)
  region size 1024K, 1 young (1024K), 1 survivors (1024K)
 Metaspace       used 6959K, committed 7104K, reserved 1064960K
  class space    used 818K, committed 896K, reserved 1048576K
}
Event: 2.606 GC heap before
{Heap before GC invocations=4 (full 0):
 garbage-first heap   total 8192K, used 3311K [0x00000000c2c00000, 0x0000000100000000)
  region size 1024K, 2 young (2048K), 1 survivors (1024K)
 Metaspace       used 7770K, committed 7936K, reserved 1064960K
  class space    used 863K, committed 960K, reserved 1048576K
}
Event: 2.612 GC heap after
{Heap after GC invocations=5 (full 0):
 garbage-first heap   total 10240K, used 2559K [0x00000000c2c00000, 0x0000000100000000)
  region size 1024K, 1 young (1024K), 1 survivors (1024K)
 Metaspace       used 7770K, committed 7936K, reserved 1064960K
  class space    used 863K, committed 960K, reserved 1048576K
}
Event: 3.146 GC heap before
{Heap before GC invocations=5 (full 0):
 garbage-first heap   total 10240K, used 4607K [0x00000000c2c00000, 0x0000000100000000)
  region size 1024K, 3 young (3072K), 1 survivors (1024K)
 Metaspace       used 8212K, committed 8384K, reserved 1064960K
  class space    used 908K, committed 1024K, reserved 1048576K
}
Event: 3.150 GC heap after
{Heap after GC invocations=6 (full 0):
 garbage-first heap   total 10240K, used 3104K [0x00000000c2c00000, 0x0000000100000000)
  region size 1024K, 1 young (1024K), 1 survivors (1024K)
 Metaspace       used 8212K, committed 8384K, reserved 1064960K
  class space    used 908K, committed 1024K, reserved 1048576K
}
Event: 3.625 GC heap before
{Heap before GC invocations=6 (full 0):
 garbage-first heap   total 10240K, used 4128K [0x00000000c2c00000, 0x0000000100000000)
  region size 1024K, 3 young (3072K), 1 survivors (1024K)
 Metaspace       used 8765K, committed 8896K, reserved 1064960K
  class space    used 981K, committed 1024K, reserved 1048576K
}
Event: 3.633 GC heap after
{Heap after GC invocations=7 (full 0):
 garbage-first heap   total 10240K, used 4183K [0x00000000c2c00000, 0x0000000100000000)
  region size 1024K, 1 young (1024K), 1 survivors (1024K)
 Metaspace       used 8765K, committed 8896K, reserved 1064960K
  class space    used 981K, committed 1024K, reserved 1048576K
}
Event: 3.705 GC heap before
{Heap before GC invocations=7 (full 0):
 garbage-first heap   total 10240K, used 5207K [0x00000000c2c00000, 0x0000000100000000)
  region size 1024K, 2 young (2048K), 1 survivors (1024K)
 Metaspace       used 8934K, committed 9024K, reserved 1064960K
  class space    used 997K, committed 1024K, reserved 1048576K
}
Event: 3.710 GC heap after
{Heap after GC invocations=8 (full 0):
 garbage-first heap   total 10240K, used 4389K [0x00000000c2c00000, 0x0000000100000000)
  region size 1024K, 1 young (1024K), 1 survivors (1024K)
 Metaspace       used 8934K, committed 9024K, reserved 1064960K
  class space    used 997K, committed 1024K, reserved 1048576K
}
Event: 3.743 GC heap before
{Heap before GC invocations=8 (full 0):
 garbage-first heap   total 10240K, used 5413K [0x00000000c2c00000, 0x0000000100000000)
  region size 1024K, 2 young (2048K), 1 survivors (1024K)
 Metaspace       used 8969K, committed 9088K, reserved 1064960K
  class space    used 999K, committed 1024K, reserved 1048576K
}
Event: 3.745 GC heap after
{Heap after GC invocations=9 (full 0):
 garbage-first heap   total 10240K, used 4504K [0x00000000c2c00000, 0x0000000100000000)
  region size 1024K, 1 young (1024K), 1 survivors (1024K)
 Metaspace       used 8969K, committed 9088K, reserved 1064960K
  class space    used 999K, committed 1024K, reserved 1048576K
}
Event: 3.786 GC heap before
{Heap before GC invocations=10 (full 0):
 garbage-first heap   total 12288K, used 5528K [0x00000000c2c00000, 0x0000000100000000)
  region size 1024K, 2 young (2048K), 1 survivors (1024K)
 Metaspace       used 8985K, committed 9088K, reserved 1064960K
  class space    used 1000K, committed 1024K, reserved 1048576K
}
Event: 3.789 GC heap after
{Heap after GC invocations=11 (full 0):
 garbage-first heap   total 12288K, used 4562K [0x00000000c2c00000, 0x0000000100000000)
  region size 1024K, 1 young (1024K), 1 survivors (1024K)
 Metaspace       used 8985K, committed 9088K, reserved 1064960K
  class space    used 1000K, committed 1024K, reserved 1048576K
}

Deoptimization events (20 events):
Event: 3.836 Thread 0x0000023f03739e40 Uncommon trap: trap_request=0xffffffbe fr.pc=0x0000023f1431be78 relative=0x0000000000000a18
Event: 3.836 Thread 0x0000023f03739e40 Uncommon trap: reason=profile_predicate action=maybe_recompile pc=0x0000023f1431be78 method=jdk.internal.jimage.ImageStringsReader.charsFromByteBuffer([CLjava/nio/ByteBuffer;)V @ 6 c2
Event: 3.836 Thread 0x0000023f03739e40 DEOPT PACKING pc=0x0000023f1431be78 sp=0x000000e975dfa680
Event: 3.836 Thread 0x0000023f03739e40 DEOPT UNPACKING pc=0x0000023f0c83d728 sp=0x000000e975dfa558 mode 2
Event: 3.836 Thread 0x0000023f03739e40 Uncommon trap: trap_request=0xffffffbe fr.pc=0x0000023f1431be78 relative=0x0000000000000a18
Event: 3.836 Thread 0x0000023f03739e40 Uncommon trap: reason=profile_predicate action=maybe_recompile pc=0x0000023f1431be78 method=jdk.internal.jimage.ImageStringsReader.charsFromByteBuffer([CLjava/nio/ByteBuffer;)V @ 6 c2
Event: 3.836 Thread 0x0000023f03739e40 DEOPT PACKING pc=0x0000023f1431be78 sp=0x000000e975dfa680
Event: 3.836 Thread 0x0000023f03739e40 DEOPT UNPACKING pc=0x0000023f0c83d728 sp=0x000000e975dfa558 mode 2
Event: 3.837 Thread 0x0000023f03739e40 Uncommon trap: trap_request=0xffffffbe fr.pc=0x0000023f1431be78 relative=0x0000000000000a18
Event: 3.837 Thread 0x0000023f03739e40 Uncommon trap: reason=profile_predicate action=maybe_recompile pc=0x0000023f1431be78 method=jdk.internal.jimage.ImageStringsReader.charsFromByteBuffer([CLjava/nio/ByteBuffer;)V @ 6 c2
Event: 3.837 Thread 0x0000023f03739e40 DEOPT PACKING pc=0x0000023f1431be78 sp=0x000000e975dfa680
Event: 3.837 Thread 0x0000023f03739e40 DEOPT UNPACKING pc=0x0000023f0c83d728 sp=0x000000e975dfa558 mode 2
Event: 3.837 Thread 0x0000023f03739e40 Uncommon trap: trap_request=0xffffffbe fr.pc=0x0000023f1431d98c relative=0x00000000000007cc
Event: 3.837 Thread 0x0000023f03739e40 Uncommon trap: reason=profile_predicate action=maybe_recompile pc=0x0000023f1431d98c method=jdk.internal.jimage.ImageStringsReader.charsFromByteBuffer([CLjava/nio/ByteBuffer;)V @ 6 c2
Event: 3.837 Thread 0x0000023f03739e40 DEOPT PACKING pc=0x0000023f1431d98c sp=0x000000e975dfa700
Event: 3.837 Thread 0x0000023f03739e40 DEOPT UNPACKING pc=0x0000023f0c83d728 sp=0x000000e975dfa650 mode 2
Event: 3.849 Thread 0x0000023f03739e40 Uncommon trap: trap_request=0xffffff45 fr.pc=0x0000023f14303600 relative=0x0000000000000060
Event: 3.849 Thread 0x0000023f03739e40 Uncommon trap: reason=unstable_if action=reinterpret pc=0x0000023f14303600 method=com.sun.tools.javac.jvm.PoolReader.sizeof(I)I @ 1 c2
Event: 3.849 Thread 0x0000023f03739e40 DEOPT PACKING pc=0x0000023f14303600 sp=0x000000e975dfe440
Event: 3.849 Thread 0x0000023f03739e40 DEOPT UNPACKING pc=0x0000023f0c83d728 sp=0x000000e975dfe3d0 mode 2

Classes unloaded (0 events):
No events

Classes redefined (0 events):
No events

Internal exceptions (20 events):
Event: 3.685 Thread 0x0000023f03739e40 Exception <a 'sun/nio/fs/WindowsException'{0x00000000c3574538}> (0x00000000c3574538) 
thrown [t:\workspace\open\src\hotspot\share\prims\jni.cpp, line 579]
Event: 3.685 Thread 0x0000023f03739e40 Exception <a 'sun/nio/fs/WindowsException'{0x00000000c3574b50}> (0x00000000c3574b50) 
thrown [t:\workspace\open\src\hotspot\share\prims\jni.cpp, line 579]
Event: 3.693 Thread 0x0000023f03739e40 Exception <a 'sun/nio/fs/WindowsException'{0x00000000c358ef50}> (0x00000000c358ef50) 
thrown [t:\workspace\open\src\hotspot\share\prims\jni.cpp, line 579]
Event: 3.693 Thread 0x0000023f03739e40 Exception <a 'sun/nio/fs/WindowsException'{0x00000000c358f270}> (0x00000000c358f270) 
thrown [t:\workspace\open\src\hotspot\share\prims\jni.cpp, line 579]
Event: 3.693 Thread 0x0000023f03739e40 Exception <a 'sun/nio/fs/WindowsException'{0x00000000c358fd98}> (0x00000000c358fd98) 
thrown [t:\workspace\open\src\hotspot\share\prims\jni.cpp, line 579]
Event: 3.693 Thread 0x0000023f03739e40 Exception <a 'sun/nio/fs/WindowsException'{0x00000000c35900b0}> (0x00000000c35900b0) 
thrown [t:\workspace\open\src\hotspot\share\prims\jni.cpp, line 579]
Event: 3.694 Thread 0x0000023f03739e40 Exception <a 'sun/nio/fs/WindowsException'{0x00000000c3593640}> (0x00000000c3593640) 
thrown [t:\workspace\open\src\hotspot\share\prims\jni.cpp, line 579]
Event: 3.694 Thread 0x0000023f03739e40 Exception <a 'sun/nio/fs/WindowsException'{0x00000000c3593930}> (0x00000000c3593930) 
thrown [t:\workspace\open\src\hotspot\share\prims\jni.cpp, line 579]
Event: 3.694 Thread 0x0000023f03739e40 Exception <a 'sun/nio/fs/WindowsException'{0x00000000c3594420}> (0x00000000c3594420) 
thrown [t:\workspace\open\src\hotspot\share\prims\jni.cpp, line 579]
Event: 3.694 Thread 0x0000023f03739e40 Exception <a 'sun/nio/fs/WindowsException'{0x00000000c3594708}> (0x00000000c3594708) 
thrown [t:\workspace\open\src\hotspot\share\prims\jni.cpp, line 579]
Event: 3.697 Thread 0x0000023f03739e40 Exception <a 'sun/nio/fs/WindowsException'{0x00000000c359ac80}> (0x00000000c359ac80) 
thrown [t:\workspace\open\src\hotspot\share\prims\jni.cpp, line 579]
Event: 3.697 Thread 0x0000023f03739e40 Exception <a 'sun/nio/fs/WindowsException'{0x00000000c359afa0}> (0x00000000c359afa0) 
thrown [t:\workspace\open\src\hotspot\share\prims\jni.cpp, line 579]
Event: 3.697 Thread 0x0000023f03739e40 Exception <a 'sun/nio/fs/WindowsException'{0x00000000c359bac8}> (0x00000000c359bac8) 
thrown [t:\workspace\open\src\hotspot\share\prims\jni.cpp, line 579]
Event: 3.697 Thread 0x0000023f03739e40 Exception <a 'sun/nio/fs/WindowsException'{0x00000000c359bde0}> (0x00000000c359bde0) 
thrown [t:\workspace\open\src\hotspot\share\prims\jni.cpp, line 579]
Event: 3.697 Thread 0x0000023f03739e40 Exception <a 'sun/nio/fs/WindowsException'{0x00000000c359daa8}> (0x00000000c359daa8) 
thrown [t:\workspace\open\src\hotspot\share\prims\jni.cpp, line 579]
Event: 3.697 Thread 0x0000023f03739e40 Exception <a 'sun/nio/fs/WindowsException'{0x00000000c359ddc8}> (0x00000000c359ddc8) 
thrown [t:\workspace\open\src\hotspot\share\prims\jni.cpp, line 579]
Event: 3.698 Thread 0x0000023f03739e40 Exception <a 'sun/nio/fs/WindowsException'{0x00000000c359e8f0}> (0x00000000c359e8f0) 
thrown [t:\workspace\open\src\hotspot\share\prims\jni.cpp, line 579]
Event: 3.698 Thread 0x0000023f03739e40 Exception <a 'sun/nio/fs/WindowsException'{0x00000000c359ec00}> (0x00000000c359ec00) 
thrown [t:\workspace\open\src\hotspot\share\prims\jni.cpp, line 579]
Event: 3.849 Thread 0x0000023f03739e40 Exception <a 'java/lang/NoSuchMethodError'{0x00000000c36c5b10}: 'java.lang.Object java.lang.invoke.DirectMethodHandle$Holder.invokeStatic(java.lang.Object, java.lang.Object, int, int)'> (0x00000000c36c5b10) 
thrown [t:\workspace\open\src\hotspot\share\interpreter\linkResolver.cpp, line 790]
Event: 3.860 Thread 0x0000023f03739e40 Exception <a 'java/lang/NoSuchMethodError'{0x00000000c36d2410}: 'int java.lang.invoke.DirectMethodHandle$Holder.invokeSpecial(java.lang.Object, java.lang.Object, java.lang.Object)'> (0x00000000c36d2410) 
thrown [t:\workspace\open\src\hotspot\share\interpreter\linkResolver.cpp, line 790]

Events (20 events):
Event: 3.624 Executing  VM operation: G1CollectForAllocation
Event: 3.633 Executing  VM operation: G1CollectForAllocation done
Event: 3.681 loading class java/util/ComparableTimSort
Event: 3.682 loading class java/util/ComparableTimSort done
Event: 3.705 Executing  VM operation: G1CollectForAllocation
Event: 3.710 Executing  VM operation: G1CollectForAllocation done
Event: 3.717 loading class java/nio/file/Files$2
Event: 3.718 loading class java/nio/file/Files$2 done
Event: 3.743 Executing  VM operation: G1CollectForAllocation
Event: 3.745 Executing  VM operation: G1CollectForAllocation done
Event: 3.759 Executing  VM operation: G1Concurrent
Event: 3.761 Executing  VM operation: G1Concurrent done
Event: 3.767 Executing  VM operation: G1Concurrent
Event: 3.768 Executing  VM operation: G1Concurrent done
Event: 3.786 Executing  VM operation: G1CollectForAllocation
Event: 3.789 Executing  VM operation: G1CollectForAllocation done
Event: 3.881 loading class jdk/internal/jimage/ImageReader$LinkNode
Event: 3.881 loading class jdk/internal/jimage/ImageReader$LinkNode done
Event: 3.881 Executing  VM operation: HandshakeAllThreads
Event: 3.881 Executing  VM operation: HandshakeAllThreads done


Dynamic libraries:
0x00007ff6c5d60000 - 0x00007ff6c5d68000 	C:\Program Files\Java\jdk-16.0.1\bin\javac.exe
0x00007fffe13b0000 - 0x00007fffe15a5000 	C:\WINDOWS\SYSTEM32\ntdll.dll
0x00007fffdfa80000 - 0x00007fffdfb3e000 	C:\WINDOWS\System32\KERNEL32.DLL
0x00007fffdeb60000 - 0x00007fffdee28000 	C:\WINDOWS\System32\KERNELBASE.dll
0x00007fffdf1f0000 - 0x00007fffdf2f0000 	C:\WINDOWS\System32\ucrtbase.dll
0x00007fffd8780000 - 0x00007fffd8798000 	C:\Program Files\Java\jdk-16.0.1\bin\jli.dll
0x00007fffdf800000 - 0x00007fffdf8ac000 	C:\WINDOWS\System32\ADVAPI32.dll
0x00007fffdf400000 - 0x00007fffdf49e000 	C:\WINDOWS\System32\msvcrt.dll
0x00007fffdfcf0000 - 0x00007fffdfd8b000 	C:\WINDOWS\System32\sechost.dll
0x00007fffdfd90000 - 0x00007fffdfeba000 	C:\WINDOWS\System32\RPCRT4.dll
0x00007fffdfb40000 - 0x00007fffdfce1000 	C:\WINDOWS\System32\USER32.dll
0x00007fffdf320000 - 0x00007fffdf342000 	C:\WINDOWS\System32\win32u.dll
0x00007fffdffe0000 - 0x00007fffe000b000 	C:\WINDOWS\System32\GDI32.dll
0x00007fffdf040000 - 0x00007fffdf14b000 	C:\WINDOWS\System32\gdi32full.dll
0x00007fffda1c0000 - 0x00007fffda1d9000 	C:\Program Files\Java\jdk-16.0.1\bin\VCRUNTIME140.dll
0x00007fffdf150000 - 0x00007fffdf1ed000 	C:\WINDOWS\System32\msvcp_win.dll
0x00007fffc0cb0000 - 0x00007fffc0f4a000 	C:\WINDOWS\WinSxS\amd64_microsoft.windows.common-controls_6595b64144ccf1df_6.0.19041.1110_none_60b5254171f9507e\COMCTL32.dll
0x00007fffd8a90000 - 0x00007fffd8a9a000 	C:\WINDOWS\SYSTEM32\VERSION.dll
0x00007fffdfec0000 - 0x00007fffdfef0000 	C:\WINDOWS\System32\IMM32.DLL
0x00007fffda1b0000 - 0x00007fffda1bc000 	C:\Program Files\Java\jdk-16.0.1\bin\vcruntime140_1.dll
0x00007fffb3d00000 - 0x00007fffb3d91000 	C:\Program Files\Java\jdk-16.0.1\bin\msvcp140.dll
0x00007fff9eb80000 - 0x00007fff9f72b000 	C:\Program Files\Java\jdk-16.0.1\bin\server\jvm.dll
0x00007fffe01a0000 - 0x00007fffe01a8000 	C:\WINDOWS\System32\PSAPI.DLL
0x00007fffda1e0000 - 0x00007fffda1e9000 	C:\WINDOWS\SYSTEM32\WSOCK32.dll
0x00007fffe0370000 - 0x00007fffe03db000 	C:\WINDOWS\System32\WS2_32.dll
0x00007fffc0460000 - 0x00007fffc0487000 	C:\WINDOWS\SYSTEM32\WINMM.dll
0x00007fffdd350000 - 0x00007fffdd362000 	C:\WINDOWS\SYSTEM32\kernel.appcore.dll
0x00007fffda1a0000 - 0x00007fffda1aa000 	C:\Program Files\Java\jdk-16.0.1\bin\jimage.dll
0x00007fffdd140000 - 0x00007fffdd324000 	C:\WINDOWS\SYSTEM32\DBGHELP.DLL
0x00007fffc5560000 - 0x00007fffc558c000 	C:\WINDOWS\SYSTEM32\dbgcore.DLL
0x00007fffdead0000 - 0x00007fffdeb53000 	C:\WINDOWS\System32\bcryptPrimitives.dll
0x00007fffd9d20000 - 0x00007fffd9d45000 	C:\Program Files\Java\jdk-16.0.1\bin\java.dll
0x00007fffe08c0000 - 0x00007fffe0fff000 	C:\WINDOWS\System32\SHELL32.dll
0x00007fffdc870000 - 0x00007fffdd000000 	C:\WINDOWS\SYSTEM32\windows.storage.dll
0x00007fffdf4a0000 - 0x00007fffdf7f5000 	C:\WINDOWS\System32\combase.dll
0x00007fffde450000 - 0x00007fffde47e000 	C:\WINDOWS\SYSTEM32\Wldp.dll
0x00007fffe01b0000 - 0x00007fffe025d000 	C:\WINDOWS\System32\SHCORE.dll
0x00007fffe0140000 - 0x00007fffe0195000 	C:\WINDOWS\System32\shlwapi.dll
0x00007fffdea10000 - 0x00007fffdea2f000 	C:\WINDOWS\SYSTEM32\profapi.dll
0x00007fffd8900000 - 0x00007fffd8919000 	C:\Program Files\Java\jdk-16.0.1\bin\net.dll
0x00007fffcdb70000 - 0x00007fffcdc7c000 	C:\WINDOWS\SYSTEM32\WINHTTP.dll
0x00007fffde1b0000 - 0x00007fffde21a000 	C:\WINDOWS\system32\mswsock.dll
0x00007fffd88e0000 - 0x00007fffd88f3000 	C:\Program Files\Java\jdk-16.0.1\bin\nio.dll
0x00007fffd88c0000 - 0x00007fffd88d8000 	C:\Program Files\Java\jdk-16.0.1\bin\zip.dll

dbghelp: loaded successfully - version: 4.0.5 - missing functions: none
symbol engine: initialized successfully - sym options: 0x614 - pdb path: .;C:\Program Files\Java\jdk-16.0.1\bin;C:\WINDOWS\SYSTEM32;C:\WINDOWS\WinSxS\amd64_microsoft.windows.common-controls_6595b64144ccf1df_6.0.19041.1110_none_60b5254171f9507e;C:\Program Files\Java\jdk-16.0.1\bin\server

VM Arguments:
jvm_args: -Dapplication.home=C:\Program Files\Java\jdk-16.0.1 --add-modules=ALL-DEFAULT -Xms8m -Djdk.module.main=jdk.compiler 
java_command: jdk.compiler/com.sun.tools.javac.Main -d C:\Users\LENOVO\Documents\NetBeansProjects\Asistensi MD3\build\classes -classpath C:\Users\LENOVO\Documents\NetBeansProjects\Asistensi MD3\build\classes;E:\PRATIKUM PBO\Pertemuan 3\Bahan\mysql-connector-java-8.0.24.jar -sourcepath C:\Users\LENOVO\Documents\NetBeansProjects\Asistensi MD3\build\empty -target 16 -encoding UTF-8 -g -processorpath E:\PRATIKUM PBO\Pertemuan 3\Bahan\mysql-connector-java-8.0.24.jar;C:\Users\LENOVO\Documents\NetBeansProjects\Asistensi MD3\build\empty -s C:\Users\LENOVO\Documents\NetBeansProjects\Asistensi MD3\build\generated-sources\ap-source-output -source 16 C:\Users\LENOVO\Documents\NetBeansProjects\Asistensi MD3\src\Controller07277\AdminController07277.java C:\Users\LENOVO\Documents\NetBeansProjects\Asistensi MD3\src\Controller07277\AllObjectModel07277.java C:\Users\LENOVO\Documents\NetBeansProjects\Asistensi MD3\src\Controller07277\PendudukController07277.java C:\Users\LENOVO\Documents\NetBeansProjects\Asistensi MD3\src\Entity07277\AdminEntity0727707277.java C:\Users\LENOVO\Documents\NetBeansProjects\Asistensi MD3\src\Entity07277\PendudukEntity0727707277.java C:\Users\LENOVO\Documents\NetBeansProjects\Asistensi MD3\src\Entity07277\UserEntityAbstract07277.java C:\Users\LENOVO\Documents\NetBeansProjects\Asistensi MD3\src\GUI\DataPendGui.java C:\Users\LENOVO\Documents\NetBeansProjects\Asistensi MD3\src\GUI\DataPeroranganGui.java C:\Users\LENOVO\Documents\NetBeansProjects\Asistensi MD3\src\GUI\LoginAdminGui.java C:\Users\LENOVO\Documents\NetBeansProjects\Asistensi MD3\src\GUI\LoginGui.java C:\Users\LENOVO\Documents\NetBeansProjects\Asistensi MD3\src\GUI\MenuAdminGui.java C:\Users\LENOVO\Documents\NetBeansProjects\Asistensi MD3\src\GUI\RegisAdminGui.java C:\Users\LENOVO\Documents\NetBeansProjects\Asistensi MD3\src\GUI\RegisPendGui.java C:\Users\LENOVO\Documents\NetBeansProjects\Asistensi MD3\src\Helper07277\KoneksiDb07277.java C:\Users\LENOVO\Documents\NetBeansProjects\Asistensi MD3\sr
java_class_path (initial): <not set>
Launcher Type: SUN_STANDARD

[Global flags]
     intx CICompilerCount                          = 2                                         {product} {ergonomic}
     uint ConcGCThreads                            = 1                                         {product} {ergonomic}
     uint G1ConcRefinementThreads                  = 2                                         {product} {ergonomic}
   size_t G1HeapRegionSize                         = 1048576                                   {product} {ergonomic}
    uintx GCDrainStackTargetSize                   = 64                                        {product} {ergonomic}
   size_t InitialHeapSize                          = 8388608                                   {product} {command line}
   size_t MarkStackSize                            = 4194304                                   {product} {ergonomic}
   size_t MaxHeapSize                              = 1027604480                                {product} {ergonomic}
   size_t MaxNewSize                               = 616562688                                 {product} {ergonomic}
   size_t MinHeapDeltaBytes                        = 1048576                                   {product} {ergonomic}
   size_t MinHeapSize                              = 8388608                                   {product} {command line}
    uintx NonNMethodCodeHeapSize                   = 5826188                                {pd product} {ergonomic}
    uintx NonProfiledCodeHeapSize                  = 122916026                              {pd product} {ergonomic}
    uintx ProfiledCodeHeapSize                     = 122916026                              {pd product} {ergonomic}
    uintx ReservedCodeCacheSize                    = 251658240                              {pd product} {ergonomic}
     bool SegmentedCodeCache                       = true                                      {product} {ergonomic}
   size_t SoftMaxHeapSize                          = 1027604480                             {manageable} {ergonomic}
     bool UseCompressedClassPointers               = true                           {product lp64_product} {ergonomic}
     bool UseCompressedOops                        = true                           {product lp64_product} {ergonomic}
     bool UseG1GC                                  = true                                      {product} {ergonomic}
     bool UseLargePagesIndividualAllocation        = false                                  {pd product} {ergonomic}

Logging:
Log output configuration:
 #0: stdout all=warning uptime,level,tags
 #1: stderr all=off uptime,level,tags

Environment Variables:
PATH=C:\Program Files\Common Files\Oracle\Java\javapath;C:\Program Files (x86)\Intel\TXE Components\iCLS\;C:\Program Files\Intel\TXE Components\iCLS\;C:\WINDOWS\system32;C:\WINDOWS;C:\WINDOWS\System32\Wbem;C:\WINDOWS\System32\WindowsPowerShell\v1.0\;C:\WINDOWS\System32\OpenSSH\;C:\Program Files\Intel\TXE Components\DAL\;C:\Program Files (x86)\Intel\TXE Components\DAL\;C:\Program Files\Intel\TXE Components\IPT\;C:\Program Files (x86)\Intel\TXE Components\IPT\;C:\Program Files\Microsoft\Web Platform Installer\;C:\Program Files (x86)\Microsoft ASP.NET\ASP.NET Web Pages\v1.0\;C:\Program Files\Microsoft SQL Server\110\Tools\Binn\;C:\Program Files\Git\cmd;C:\Users\LENOVO\AppData\Local\Microsoft\WindowsApps;C:\Program Files\JetBrains\IntelliJ IDEA Community Edition 2021.3\bin
USERNAME=LENOVO
OS=Windows_NT
PROCESSOR_IDENTIFIER=Intel64 Family 6 Model 122 Stepping 1, GenuineIntel



---------------  S Y S T E M  ---------------

OS:
 Windows 10 , 64 bit Build 19041 (10.0.19041.1348)
OS uptime: 0 days 1:25 hours

CPU: total 2 (initial active 2) (2 cores per cpu, 1 threads per core) family 6 model 122 stepping 1 microcode 0x36, cx8, cmov, fxsr, mmx, 3dnowpref, sse, sse2, sse3, ssse3, sse4.1, sse4.2, popcnt, tsc, tscinvbit, aes, erms, clmul, sha, clflush, clflushopt

Memory: 4k page, system-wide physical 3918M (733M free)
TotalPageFile size 3918M (AvailPageFile size 341M)
current process WorkingSet (physical memory assigned to process): 73M, peak: 73M
current process commit charge ("private bytes"): 97M, peak: 97M

vm_info: Java HotSpot(TM) 64-Bit Server VM (16.0.1+9-24) for windows-amd64 JRE (16.0.1+9-24), built on Mar 26 2021 19:31:42 by "mach5one" with MS VC++ 16.7 (VS2019)

END.
