#
# There is insufficient memory for the Java Runtime Environment to continue.
# Native memory allocation (mmap) failed to map 65536 bytes for Failed to commit metaspace.
# Possible reasons:
#   The system is out of physical RAM or swap space
#   The process is running with CompressedOops enabled, and the Java Heap may be blocking the growth of the native heap
# Possible solutions:
#   Reduce memory load on the system
#   Increase physical memory or swap space
#   Check if swap backing store is full
#   Decrease Java heap size (-Xmx/-Xms)
#   Decrease number of Java threads
#   Decrease Java thread stack sizes (-Xss)
#   Set larger code cache with -XX:ReservedCodeCacheSize=
#   JVM is running with Unscaled Compressed Oops mode in which the Java heap is
#     placed in the first 4GB address space. The Java Heap base address is the
#     maximum limit for the native heap growth. Please use -XX:HeapBaseMinAddress
#     to set the Java Heap base and to place the Java Heap above 4GB virtual address.
# This output file may be truncated or incomplete.
#
#  Out of Memory Error (virtualSpaceNode.cpp:108), pid=5360, tid=4284
#
# JRE version: Java(TM) SE Runtime Environment (16.0.1+9) (build 16.0.1+9-24)
# Java VM: Java HotSpot(TM) 64-Bit Server VM (16.0.1+9-24, mixed mode, tiered, compressed oops, compressed class ptrs, g1 gc, windows-amd64)
# No core dump will be written. Minidumps are not enabled by default on client versions of Windows
#

---------------  S U M M A R Y ------------

Command Line: -Dfile.encoding=UTF-8 --module-path=C:\Users\LENOVO\Documents\NetBeansProjects\Asistensi MD3\build\classes GUI.LoginGui

Host: Intel(R) Celeron(R) N4000 CPU @ 1.10GHz, 2 cores, 3G,  Windows 10 , 64 bit Build 19041 (10.0.19041.1348)
Time: Wed Jan  5 06:02:24 2022 SE Asia Standard Time elapsed time: 0.230322 seconds (0d 0h 0m 0s)

---------------  T H R E A D  ---------------

Current thread (0x00000256d4d09f80):  JavaThread "main" [_thread_in_vm, id=4284, stack(0x000000e6ba400000,0x000000e6ba500000)]

Stack: [0x000000e6ba400000,0x000000e6ba500000]
Native frames: (J=compiled Java code, j=interpreted, Vv=VM code, C=native code)
V  [jvm.dll+0x6687ca]
V  [jvm.dll+0x7ca3c9]
V  [jvm.dll+0x7cbb53]
V  [jvm.dll+0x7cc1b3]
V  [jvm.dll+0x242ea5]
V  [jvm.dll+0x7c6a4b]
V  [jvm.dll+0x60e436]
V  [jvm.dll+0x60e49a]
V  [jvm.dll+0x610aca]
V  [jvm.dll+0x60ed31]
V  [jvm.dll+0x6193f7]
V  [jvm.dll+0x1e9a52]
V  [jvm.dll+0x1e9f85]
V  [jvm.dll+0x1eab0f]
V  [jvm.dll+0x1df8a1]
V  [jvm.dll+0x536728]
V  [jvm.dll+0x1f0fa2]
V  [jvm.dll+0x741e03]
V  [jvm.dll+0x7436a8]
V  [jvm.dll+0x7439d3]
V  [jvm.dll+0x23ad74]
V  [jvm.dll+0x375b71]
C  0x00000256dc4abe8b

Java frames: (J=compiled Java code, j=interpreted, Vv=VM code)
j  java.lang.invoke.MethodHandles$Lookup$ClassFile.newInstance([BLjava/lang/String;)Ljava/lang/invoke/MethodHandles$Lookup$ClassFile;+99 java.base@16.0.1
j  java.lang.invoke.MethodHandles$Lookup.makeHiddenClassDefiner([BLjava/util/Set;Z)Ljava/lang/invoke/MethodHandles$Lookup$ClassDefiner;+8 java.base@16.0.1
j  java.lang.invoke.MethodHandles$Lookup.defineHiddenClass([BZ[Ljava/lang/invoke/MethodHandles$Lookup$ClassOption;)Ljava/lang/invoke/MethodHandles$Lookup;+61 java.base@16.0.1
j  java.lang.invoke.InnerClassLambdaMetafactory.generateInnerClass()Ljava/lang/Class;+581 java.base@16.0.1
j  java.lang.invoke.InnerClassLambdaMetafactory.spinInnerClass()Ljava/lang/Class;+107 java.base@16.0.1
j  java.lang.invoke.InnerClassLambdaMetafactory.buildCallSite()Ljava/lang/invoke/CallSite;+1 java.base@16.0.1
j  java.lang.invoke.LambdaMetafactory.metafactory(Ljava/lang/invoke/MethodHandles$Lookup;Ljava/lang/String;Ljava/lang/invoke/MethodType;Ljava/lang/invoke/MethodType;Ljava/lang/invoke/MethodHandle;Ljava/lang/invoke/MethodType;)Ljava/lang/invoke/CallSite;+31 java.base@16.0.1
j  java.lang.invoke.DirectMethodHandle$Holder.invokeStatic(Ljava/lang/Object;Ljava/lang/Object;Ljava/lang/Object;Ljava/lang/Object;Ljava/lang/Object;Ljava/lang/Object;Ljava/lang/Object;)Ljava/lang/Object;+20 java.base@16.0.1
j  java.lang.invoke.Invokers$Holder.invokeExact_MT(Ljava/lang/Object;Ljava/lang/Object;Ljava/lang/Object;Ljava/lang/Object;Ljava/lang/Object;Ljava/lang/Object;Ljava/lang/Object;Ljava/lang/Object;)Ljava/lang/Object;+28 java.base@16.0.1
j  java.lang.invoke.BootstrapMethodInvoker.invoke(Ljava/lang/Class;Ljava/lang/invoke/MethodHandle;Ljava/lang/String;Ljava/lang/Object;Ljava/lang/Object;Ljava/lang/Class;)Ljava/lang/Object;+262 java.base@16.0.1
j  java.lang.invoke.CallSite.makeSite(Ljava/lang/invoke/MethodHandle;Ljava/lang/String;Ljava/lang/invoke/MethodType;Ljava/lang/Object;Ljava/lang/Class;)Ljava/lang/invoke/CallSite;+8 java.base@16.0.1
j  java.lang.invoke.MethodHandleNatives.linkCallSiteImpl(Ljava/lang/Class;Ljava/lang/invoke/MethodHandle;Ljava/lang/String;Ljava/lang/invoke/MethodType;Ljava/lang/Object;[Ljava/lang/Object;)Ljava/lang/invoke/MemberName;+6 java.base@16.0.1
j  java.lang.invoke.MethodHandleNatives.linkCallSite(Ljava/lang/Object;ILjava/lang/Object;Ljava/lang/Object;Ljava/lang/Object;Ljava/lang/Object;[Ljava/lang/Object;)Ljava/lang/invoke/MemberName;+46 java.base@16.0.1
v  ~StubRoutines::call_stub
j  jdk.internal.module.DefaultRoots.compute(Ljava/lang/module/ModuleFinder;Ljava/lang/module/ModuleFinder;)Ljava/util/Set;+11 java.base@16.0.1
j  jdk.internal.module.ModuleBootstrap.boot2()Ljava/lang/ModuleLayer;+723 java.base@16.0.1
j  jdk.internal.module.ModuleBootstrap.boot()Ljava/lang/ModuleLayer;+64 java.base@16.0.1
j  java.lang.System.initPhase2(ZZ)I+0 java.base@16.0.1
v  ~StubRoutines::call_stub

---------------  P R O C E S S  ---------------

Threads class SMR info:
_java_thread_list=0x0000025680142540, length=10, elements={
0x00000256d4d09f80, 0x0000025680157250, 0x00000256801588b0, 0x0000025680197070,
0x0000025680198090, 0x000002568018b550, 0x000002568018ee80, 0x0000025680192a20,
0x000002568019e400, 0x00000256801ac090
}

Java Threads: ( => current thread )
=>0x00000256d4d09f80 JavaThread "main" [_thread_in_vm, id=4284, stack(0x000000e6ba400000,0x000000e6ba500000)]
  0x0000025680157250 JavaThread "Reference Handler" daemon [_thread_blocked, id=7360, stack(0x000000e6bab00000,0x000000e6bac00000)]
  0x00000256801588b0 JavaThread "Finalizer" daemon [_thread_blocked, id=10328, stack(0x000000e6bac00000,0x000000e6bad00000)]
  0x0000025680197070 JavaThread "Signal Dispatcher" daemon [_thread_blocked, id=8500, stack(0x000000e6bad00000,0x000000e6bae00000)]
  0x0000025680198090 JavaThread "Attach Listener" daemon [_thread_blocked, id=8524, stack(0x000000e6bae00000,0x000000e6baf00000)]
  0x000002568018b550 JavaThread "Service Thread" daemon [_thread_blocked, id=6696, stack(0x000000e6baf00000,0x000000e6bb000000)]
  0x000002568018ee80 JavaThread "Monitor Deflation Thread" daemon [_thread_blocked, id=9396, stack(0x000000e6bb000000,0x000000e6bb100000)]
  0x0000025680192a20 JavaThread "C2 CompilerThread0" daemon [_thread_blocked, id=9912, stack(0x000000e6bb100000,0x000000e6bb200000)]
  0x000002568019e400 JavaThread "C1 CompilerThread0" daemon [_thread_blocked, id=9812, stack(0x000000e6bb200000,0x000000e6bb300000)]
  0x00000256801ac090 JavaThread "Sweeper thread" daemon [_thread_blocked, id=6040, stack(0x000000e6bb300000,0x000000e6bb400000)]

Other Threads:
  0x00000256801427b0 VMThread "VM Thread" [stack: 0x000000e6baa00000,0x000000e6bab00000] [id=2220]
  0x00000256d4d37ed0 GCTaskThread "GC Thread#0" [stack: 0x000000e6ba500000,0x000000e6ba600000] [id=3500]
  0x00000256d4d419a0 ConcurrentGCThread "G1 Main Marker" [stack: 0x000000e6ba600000,0x000000e6ba700000] [id=3136]
  0x00000256d4d42410 ConcurrentGCThread "G1 Conc#0" [stack: 0x000000e6ba700000,0x000000e6ba800000] [id=12192]
  0x00000256d4d75af0 ConcurrentGCThread "G1 Refine#0" [stack: 0x000000e6ba800000,0x000000e6ba900000] [id=12040]
  0x00000256d4d76570 ConcurrentGCThread "G1 Service" [stack: 0x000000e6ba900000,0x000000e6baa00000] [id=11160]

Threads with active compile tasks:

VM state: not at safepoint (normal execution)

VM Mutex/Monitor currently owned by a thread:  ([mutex/lock_event])
[0x00000256d4d05c60] MetaspaceExpand_lock - owner thread: 0x00000256d4d09f80

Heap address: 0x00000000c2c00000, size: 980 MB, Compressed Oops mode: 32-bit

CDS disabled.
Compressed class space mapped at: 0x0000000100000000-0x0000000140000000, reserved size: 1073741824
Narrow klass base: 0x0000000000000000, Narrow klass shift: 3, Narrow klass range: 0x140000000

GC Precious Log:
 CPUs: 2 total, 2 available
 Memory: 3918M
 Large Page Support: Disabled
 NUMA Support: Disabled
 Compressed Oops: Enabled (32-bit)
 Heap Region Size: 1M
 Heap Min Capacity: 8M
 Heap Initial Capacity: 62M
 Heap Max Capacity: 980M
 Pre-touch: Disabled
 Parallel Workers: 2
 Concurrent Workers: 1
 Concurrent Refinement Workers: 2
 Periodic GC: Disabled

Heap:
 garbage-first heap   total 63488K, used 0K [0x00000000c2c00000, 0x0000000100000000)
  region size 1024K, 1 young (1024K), 0 survivors (0K)
 Metaspace       used 4503K, committed 4544K, reserved 1056768K
  class space    used 343K, committed 384K, reserved 1048576K

Heap Regions: E=young(eden), S=young(survivor), O=old, HS=humongous(starts), HC=humongous(continues), CS=collection set, F=free, OA=open archive, CA=closed archive, TAMS=top-at-mark-start (previous, next)
|   0|0x00000000c2c00000, 0x00000000c2c00000, 0x00000000c2d00000|  0%| F|  |TAMS 0x00000000c2c00000, 0x00000000c2c00000| Untracked 
|   1|0x00000000c2d00000, 0x00000000c2d00000, 0x00000000c2e00000|  0%| F|  |TAMS 0x00000000c2d00000, 0x00000000c2d00000| Untracked 
|   2|0x00000000c2e00000, 0x00000000c2e00000, 0x00000000c2f00000|  0%| F|  |TAMS 0x00000000c2e00000, 0x00000000c2e00000| Untracked 
|   3|0x00000000c2f00000, 0x00000000c2f00000, 0x00000000c3000000|  0%| F|  |TAMS 0x00000000c2f00000, 0x00000000c2f00000| Untracked 
|   4|0x00000000c3000000, 0x00000000c3000000, 0x00000000c3100000|  0%| F|  |TAMS 0x00000000c3000000, 0x00000000c3000000| Untracked 
|   5|0x00000000c3100000, 0x00000000c3100000, 0x00000000c3200000|  0%| F|  |TAMS 0x00000000c3100000, 0x00000000c3100000| Untracked 
|   6|0x00000000c3200000, 0x00000000c3200000, 0x00000000c3300000|  0%| F|  |TAMS 0x00000000c3200000, 0x00000000c3200000| Untracked 
|   7|0x00000000c3300000, 0x00000000c3300000, 0x00000000c3400000|  0%| F|  |TAMS 0x00000000c3300000, 0x00000000c3300000| Untracked 
|   8|0x00000000c3400000, 0x00000000c3400000, 0x00000000c3500000|  0%| F|  |TAMS 0x00000000c3400000, 0x00000000c3400000| Untracked 
|   9|0x00000000c3500000, 0x00000000c3500000, 0x00000000c3600000|  0%| F|  |TAMS 0x00000000c3500000, 0x00000000c3500000| Untracked 
|  10|0x00000000c3600000, 0x00000000c3600000, 0x00000000c3700000|  0%| F|  |TAMS 0x00000000c3600000, 0x00000000c3600000| Untracked 
|  11|0x00000000c3700000, 0x00000000c3700000, 0x00000000c3800000|  0%| F|  |TAMS 0x00000000c3700000, 0x00000000c3700000| Untracked 
|  12|0x00000000c3800000, 0x00000000c3800000, 0x00000000c3900000|  0%| F|  |TAMS 0x00000000c3800000, 0x00000000c3800000| Untracked 
|  13|0x00000000c3900000, 0x00000000c3900000, 0x00000000c3a00000|  0%| F|  |TAMS 0x00000000c3900000, 0x00000000c3900000| Untracked 
|  14|0x00000000c3a00000, 0x00000000c3a00000, 0x00000000c3b00000|  0%| F|  |TAMS 0x00000000c3a00000, 0x00000000c3a00000| Untracked 
|  15|0x00000000c3b00000, 0x00000000c3b00000, 0x00000000c3c00000|  0%| F|  |TAMS 0x00000000c3b00000, 0x00000000c3b00000| Untracked 
|  16|0x00000000c3c00000, 0x00000000c3c00000, 0x00000000c3d00000|  0%| F|  |TAMS 0x00000000c3c00000, 0x00000000c3c00000| Untracked 
|  17|0x00000000c3d00000, 0x00000000c3d00000, 0x00000000c3e00000|  0%| F|  |TAMS 0x00000000c3d00000, 0x00000000c3d00000| Untracked 
|  18|0x00000000c3e00000, 0x00000000c3e00000, 0x00000000c3f00000|  0%| F|  |TAMS 0x00000000c3e00000, 0x00000000c3e00000| Untracked 
|  19|0x00000000c3f00000, 0x00000000c3f00000, 0x00000000c4000000|  0%| F|  |TAMS 0x00000000c3f00000, 0x00000000c3f00000| Untracked 
|  20|0x00000000c4000000, 0x00000000c4000000, 0x00000000c4100000|  0%| F|  |TAMS 0x00000000c4000000, 0x00000000c4000000| Untracked 
|  21|0x00000000c4100000, 0x00000000c4100000, 0x00000000c4200000|  0%| F|  |TAMS 0x00000000c4100000, 0x00000000c4100000| Untracked 
|  22|0x00000000c4200000, 0x00000000c4200000, 0x00000000c4300000|  0%| F|  |TAMS 0x00000000c4200000, 0x00000000c4200000| Untracked 
|  23|0x00000000c4300000, 0x00000000c4300000, 0x00000000c4400000|  0%| F|  |TAMS 0x00000000c4300000, 0x00000000c4300000| Untracked 
|  24|0x00000000c4400000, 0x00000000c4400000, 0x00000000c4500000|  0%| F|  |TAMS 0x00000000c4400000, 0x00000000c4400000| Untracked 
|  25|0x00000000c4500000, 0x00000000c4500000, 0x00000000c4600000|  0%| F|  |TAMS 0x00000000c4500000, 0x00000000c4500000| Untracked 
|  26|0x00000000c4600000, 0x00000000c4600000, 0x00000000c4700000|  0%| F|  |TAMS 0x00000000c4600000, 0x00000000c4600000| Untracked 
|  27|0x00000000c4700000, 0x00000000c4700000, 0x00000000c4800000|  0%| F|  |TAMS 0x00000000c4700000, 0x00000000c4700000| Untracked 
|  28|0x00000000c4800000, 0x00000000c4800000, 0x00000000c4900000|  0%| F|  |TAMS 0x00000000c4800000, 0x00000000c4800000| Untracked 
|  29|0x00000000c4900000, 0x00000000c4900000, 0x00000000c4a00000|  0%| F|  |TAMS 0x00000000c4900000, 0x00000000c4900000| Untracked 
|  30|0x00000000c4a00000, 0x00000000c4a00000, 0x00000000c4b00000|  0%| F|  |TAMS 0x00000000c4a00000, 0x00000000c4a00000| Untracked 
|  31|0x00000000c4b00000, 0x00000000c4b00000, 0x00000000c4c00000|  0%| F|  |TAMS 0x00000000c4b00000, 0x00000000c4b00000| Untracked 
|  32|0x00000000c4c00000, 0x00000000c4c00000, 0x00000000c4d00000|  0%| F|  |TAMS 0x00000000c4c00000, 0x00000000c4c00000| Untracked 
|  33|0x00000000c4d00000, 0x00000000c4d00000, 0x00000000c4e00000|  0%| F|  |TAMS 0x00000000c4d00000, 0x00000000c4d00000| Untracked 
|  34|0x00000000c4e00000, 0x00000000c4e00000, 0x00000000c4f00000|  0%| F|  |TAMS 0x00000000c4e00000, 0x00000000c4e00000| Untracked 
|  35|0x00000000c4f00000, 0x00000000c4f00000, 0x00000000c5000000|  0%| F|  |TAMS 0x00000000c4f00000, 0x00000000c4f00000| Untracked 
|  36|0x00000000c5000000, 0x00000000c5000000, 0x00000000c5100000|  0%| F|  |TAMS 0x00000000c5000000, 0x00000000c5000000| Untracked 
|  37|0x00000000c5100000, 0x00000000c5100000, 0x00000000c5200000|  0%| F|  |TAMS 0x00000000c5100000, 0x00000000c5100000| Untracked 
|  38|0x00000000c5200000, 0x00000000c5200000, 0x00000000c5300000|  0%| F|  |TAMS 0x00000000c5200000, 0x00000000c5200000| Untracked 
|  39|0x00000000c5300000, 0x00000000c5300000, 0x00000000c5400000|  0%| F|  |TAMS 0x00000000c5300000, 0x00000000c5300000| Untracked 
|  40|0x00000000c5400000, 0x00000000c5400000, 0x00000000c5500000|  0%| F|  |TAMS 0x00000000c5400000, 0x00000000c5400000| Untracked 
|  41|0x00000000c5500000, 0x00000000c5500000, 0x00000000c5600000|  0%| F|  |TAMS 0x00000000c5500000, 0x00000000c5500000| Untracked 
|  42|0x00000000c5600000, 0x00000000c5600000, 0x00000000c5700000|  0%| F|  |TAMS 0x00000000c5600000, 0x00000000c5600000| Untracked 
|  43|0x00000000c5700000, 0x00000000c5700000, 0x00000000c5800000|  0%| F|  |TAMS 0x00000000c5700000, 0x00000000c5700000| Untracked 
|  44|0x00000000c5800000, 0x00000000c5800000, 0x00000000c5900000|  0%| F|  |TAMS 0x00000000c5800000, 0x00000000c5800000| Untracked 
|  45|0x00000000c5900000, 0x00000000c5900000, 0x00000000c5a00000|  0%| F|  |TAMS 0x00000000c5900000, 0x00000000c5900000| Untracked 
|  46|0x00000000c5a00000, 0x00000000c5a00000, 0x00000000c5b00000|  0%| F|  |TAMS 0x00000000c5a00000, 0x00000000c5a00000| Untracked 
|  47|0x00000000c5b00000, 0x00000000c5b00000, 0x00000000c5c00000|  0%| F|  |TAMS 0x00000000c5b00000, 0x00000000c5b00000| Untracked 
|  48|0x00000000c5c00000, 0x00000000c5c00000, 0x00000000c5d00000|  0%| F|  |TAMS 0x00000000c5c00000, 0x00000000c5c00000| Untracked 
|  49|0x00000000c5d00000, 0x00000000c5d00000, 0x00000000c5e00000|  0%| F|  |TAMS 0x00000000c5d00000, 0x00000000c5d00000| Untracked 
|  50|0x00000000c5e00000, 0x00000000c5e00000, 0x00000000c5f00000|  0%| F|  |TAMS 0x00000000c5e00000, 0x00000000c5e00000| Untracked 
|  51|0x00000000c5f00000, 0x00000000c5f00000, 0x00000000c6000000|  0%| F|  |TAMS 0x00000000c5f00000, 0x00000000c5f00000| Untracked 
|  52|0x00000000c6000000, 0x00000000c6000000, 0x00000000c6100000|  0%| F|  |TAMS 0x00000000c6000000, 0x00000000c6000000| Untracked 
|  53|0x00000000c6100000, 0x00000000c6100000, 0x00000000c6200000|  0%| F|  |TAMS 0x00000000c6100000, 0x00000000c6100000| Untracked 
|  54|0x00000000c6200000, 0x00000000c6200000, 0x00000000c6300000|  0%| F|  |TAMS 0x00000000c6200000, 0x00000000c6200000| Untracked 
|  55|0x00000000c6300000, 0x00000000c6300000, 0x00000000c6400000|  0%| F|  |TAMS 0x00000000c6300000, 0x00000000c6300000| Untracked 
|  56|0x00000000c6400000, 0x00000000c6400000, 0x00000000c6500000|  0%| F|  |TAMS 0x00000000c6400000, 0x00000000c6400000| Untracked 
|  57|0x00000000c6500000, 0x00000000c6500000, 0x00000000c6600000|  0%| F|  |TAMS 0x00000000c6500000, 0x00000000c6500000| Untracked 
|  58|0x00000000c6600000, 0x00000000c6600000, 0x00000000c6700000|  0%| F|  |TAMS 0x00000000c6600000, 0x00000000c6600000| Untracked 
|  59|0x00000000c6700000, 0x00000000c6700000, 0x00000000c6800000|  0%| F|  |TAMS 0x00000000c6700000, 0x00000000c6700000| Untracked 
|  60|0x00000000c6800000, 0x00000000c6800000, 0x00000000c6900000|  0%| F|  |TAMS 0x00000000c6800000, 0x00000000c6800000| Untracked 
|  61|0x00000000c6900000, 0x00000000c699dab8, 0x00000000c6a00000| 61%| E|  |TAMS 0x00000000c6900000, 0x00000000c6900000| Complete 

Card table byte_map: [0x00000256d4b00000,0x00000256d4cf0000] _byte_map_base: 0x00000256d44ea000

Marking Bits (Prev, Next): (CMBitMap*) 0x00000256d4d39550, (CMBitMap*) 0x00000256d4d39590
 Prev Bits: [0x00000256eb680000, 0x00000256ec5d0000)
 Next Bits: [0x00000256ec5d0000, 0x00000256ed520000)

Polling page: 0x00000256d2b60000

Metaspace:

Usage:
  Non-class:      4.06 MB used.
      Class:    343.16 KB used.
       Both:      4.40 MB used.

Virtual space:
  Non-class space:        8.00 MB reserved,       4.06 MB ( 51%) committed,  1 nodes.
      Class space:        1.00 GB reserved,     384.00 KB ( <1%) committed,  1 nodes.
              Both:        1.01 GB reserved,       4.44 MB ( <1%) committed. 

Chunk freelists:
   Non-Class:  3.00 MB
       Class:  3.62 MB
        Both:  6.62 MB

MaxMetaspaceSize: 17179869184.00 GB
CompressedClassSpaceSize: 1.00 GB
 - commit_granule_bytes: 65536.
 - commit_granule_words: 8192.
 - virtual_space_node_default_size: 1048576.
 - enlarge_chunks_in_place: 1.
 - new_chunks_are_fully_committed: 0.
 - uncommit_free_chunks: 1.
 - use_allocation_guard: 0.
 - handle_deallocations: 1.


Internal statistics:

num_allocs_failed_limit: 0.
num_arena_births: 2.
num_arena_deaths: 0.
num_vsnodes_births: 2.
num_vsnodes_deaths: 0.
num_space_committed: 71.
num_space_uncommitted: 0.
num_chunks_returned_to_freelist: 0.
num_chunks_taken_from_freelist: 5.
num_chunk_merges: 0.
num_chunk_splits: 2.
num_chunks_enlarged: 0.
num_purges: 0.

CodeHeap 'non-profiled nmethods': size=120064Kb used=9Kb max_used=9Kb free=120054Kb
 bounds [0x00000256e3f50000, 0x00000256e41c0000, 0x00000256eb490000]
CodeHeap 'profiled nmethods': size=120000Kb used=38Kb max_used=38Kb free=119961Kb
 bounds [0x00000256dca20000, 0x00000256dcc90000, 0x00000256e3f50000]
CodeHeap 'non-nmethods': size=5696Kb used=1066Kb max_used=1066Kb free=4629Kb
 bounds [0x00000256dc490000, 0x00000256dc700000, 0x00000256dca20000]
 total_blobs=367 nmethods=40 adapters=241
 compilation: enabled
              stopped_count=0, restarted_count=0
 full_count=0

Compilation events (20 events):
Event: 0.159 Thread 0x000002568019e400   25       1       java.lang.module.ModuleDescriptor::name (5 bytes)
Event: 0.159 Thread 0x000002568019e400 nmethod 25 0x00000256e3f50710 code [0x00000256e3f508a0, 0x00000256e3f50978]
Event: 0.160 Thread 0x000002568019e400   26       1       java.lang.module.ModuleReference::descriptor (5 bytes)
Event: 0.160 Thread 0x000002568019e400 nmethod 26 0x00000256e3f50a10 code [0x00000256e3f50ba0, 0x00000256e3f50c78]
Event: 0.160 Thread 0x000002568019e400   27       3       java.net.URI::hash (33 bytes)
Event: 0.161 Thread 0x000002568019e400 nmethod 27 0x00000256dca27710 code [0x00000256dca27900, 0x00000256dca27d98]
Event: 0.167 Thread 0x000002568019e400   28       3       java.lang.StringLatin1::indexOfChar (33 bytes)
Event: 0.168 Thread 0x000002568019e400 nmethod 28 0x00000256dca27f90 code [0x00000256dca28140, 0x00000256dca28378]
Event: 0.172 Thread 0x000002568019e400   29       3       java.util.concurrent.ConcurrentHashMap::tabAt (22 bytes)
Event: 0.172 Thread 0x000002568019e400 nmethod 29 0x00000256dca28490 code [0x00000256dca28640, 0x00000256dca288f8]
Event: 0.172 Thread 0x000002568019e400   30       3       jdk.internal.misc.Unsafe::getReferenceAcquire (7 bytes)
Event: 0.172 Thread 0x000002568019e400 nmethod 30 0x00000256dca28a10 code [0x00000256dca28ba0, 0x00000256dca28cf8]
Event: 0.172 Thread 0x000002568019e400   31       3       java.util.concurrent.ConcurrentHashMap::spread (10 bytes)
Event: 0.172 Thread 0x000002568019e400 nmethod 31 0x00000256dca28d90 code [0x00000256dca28f20, 0x00000256dca29018]
Event: 0.178 Thread 0x000002568019e400   32       3       java.util.HashMap::hash (20 bytes)
Event: 0.178 Thread 0x000002568019e400 nmethod 32 0x00000256dca29090 code [0x00000256dca29240, 0x00000256dca29448]
Event: 0.188 Thread 0x000002568019e400   34       1       java.lang.Enum::ordinal (5 bytes)
Event: 0.188 Thread 0x000002568019e400 nmethod 34 0x00000256e3f51010 code [0x00000256e3f511a0, 0x00000256e3f51278]
Event: 0.196 Thread 0x000002568019e400   40       3       java.lang.StringLatin1::canEncode (13 bytes)
Event: 0.196 Thread 0x000002568019e400 nmethod 40 0x00000256dca29510 code [0x00000256dca296a0, 0x00000256dca297f8]

GC Heap History (0 events):
No events

Deoptimization events (0 events):
No events

Classes unloaded (0 events):
No events

Classes redefined (0 events):
No events

Internal exceptions (0 events):
No events

Events (20 events):
Event: 0.195 loading class jdk/internal/org/objectweb/asm/MethodWriter done
Event: 0.196 loading class jdk/internal/org/objectweb/asm/Label
Event: 0.196 loading class jdk/internal/org/objectweb/asm/Label done
Event: 0.196 loading class java/lang/invoke/InnerClassLambdaMetafactory$ForwardingMethodGenerator
Event: 0.196 loading class java/lang/invoke/TypeConvertingMethodAdapter
Event: 0.196 loading class java/lang/invoke/TypeConvertingMethodAdapter done
Event: 0.196 loading class java/lang/invoke/InnerClassLambdaMetafactory$ForwardingMethodGenerator done
Event: 0.197 loading class jdk/internal/org/objectweb/asm/Handler
Event: 0.197 loading class jdk/internal/org/objectweb/asm/Handler done
Event: 0.197 loading class jdk/internal/org/objectweb/asm/Attribute
Event: 0.197 loading class jdk/internal/org/objectweb/asm/Attribute done
Event: 0.197 loading class jdk/internal/org/objectweb/asm/AnnotationWriter
Event: 0.197 loading class jdk/internal/org/objectweb/asm/AnnotationVisitor
Event: 0.197 loading class jdk/internal/org/objectweb/asm/AnnotationVisitor done
Event: 0.197 loading class jdk/internal/org/objectweb/asm/AnnotationWriter done
Event: 0.197 loading class java/lang/invoke/MethodHandles$Lookup$ClassOption
Event: 0.197 loading class java/lang/invoke/MethodHandles$Lookup$ClassOption done
Event: 0.198 loading class java/lang/invoke/MethodHandles$Lookup$ClassFile
Event: 0.198 loading class java/lang/invoke/MethodHandles$Lookup$ClassFile done
Event: 0.198 loading class jdk/internal/org/objectweb/asm/ClassReader


Dynamic libraries:
0x00007ff76c710000 - 0x00007ff76c720000 	C:\Program Files\Java\jdk-16.0.1\bin\java.exe
0x00007fff2b190000 - 0x00007fff2b385000 	C:\WINDOWS\SYSTEM32\ntdll.dll
0x00007fff2a610000 - 0x00007fff2a6ce000 	C:\WINDOWS\System32\KERNEL32.DLL
0x00007fff28e70000 - 0x00007fff29138000 	C:\WINDOWS\System32\KERNELBASE.dll
0x00007fff28c00000 - 0x00007fff28d00000 	C:\WINDOWS\System32\ucrtbase.dll
0x00007fff221b0000 - 0x00007fff221c8000 	C:\Program Files\Java\jdk-16.0.1\bin\jli.dll
0x00007fff29ae0000 - 0x00007fff29b8c000 	C:\WINDOWS\System32\ADVAPI32.dll
0x00007fff2a760000 - 0x00007fff2a7fe000 	C:\WINDOWS\System32\msvcrt.dll
0x00007fff292c0000 - 0x00007fff2935b000 	C:\WINDOWS\System32\sechost.dll
0x00007fff2a4e0000 - 0x00007fff2a60a000 	C:\WINDOWS\System32\RPCRT4.dll
0x00007fff29930000 - 0x00007fff29ad1000 	C:\WINDOWS\System32\USER32.dll
0x00007fff28ad0000 - 0x00007fff28af2000 	C:\WINDOWS\System32\win32u.dll
0x00007fff2a6d0000 - 0x00007fff2a6fb000 	C:\WINDOWS\System32\GDI32.dll
0x00007fff28d00000 - 0x00007fff28e0b000 	C:\WINDOWS\System32\gdi32full.dll
0x00007fff29140000 - 0x00007fff291dd000 	C:\WINDOWS\System32\msvcp_win.dll
0x00007fff24010000 - 0x00007fff24029000 	C:\Program Files\Java\jdk-16.0.1\bin\VCRUNTIME140.dll
0x00007fff12720000 - 0x00007fff129ba000 	C:\WINDOWS\WinSxS\amd64_microsoft.windows.common-controls_6595b64144ccf1df_6.0.19041.1110_none_60b5254171f9507e\COMCTL32.dll
0x00007fff1bf40000 - 0x00007fff1bf4a000 	C:\WINDOWS\SYSTEM32\VERSION.dll
0x00007fff2b0c0000 - 0x00007fff2b0f0000 	C:\WINDOWS\System32\IMM32.DLL
0x00007fff23fd0000 - 0x00007fff23fdc000 	C:\Program Files\Java\jdk-16.0.1\bin\vcruntime140_1.dll
0x00007fff06be0000 - 0x00007fff06c71000 	C:\Program Files\Java\jdk-16.0.1\bin\msvcp140.dll
0x00007ffed85d0000 - 0x00007ffed917b000 	C:\Program Files\Java\jdk-16.0.1\bin\server\jvm.dll
0x00007fff29b90000 - 0x00007fff29b98000 	C:\WINDOWS\System32\PSAPI.DLL
0x00007fff25c70000 - 0x00007fff25c79000 	C:\WINDOWS\SYSTEM32\WSOCK32.dll
0x00007fff2a350000 - 0x00007fff2a3bb000 	C:\WINDOWS\System32\WS2_32.dll
0x00007fff0aa20000 - 0x00007fff0aa47000 	C:\WINDOWS\SYSTEM32\WINMM.dll
0x00007fff26990000 - 0x00007fff269a2000 	C:\WINDOWS\SYSTEM32\kernel.appcore.dll
0x00007fff22930000 - 0x00007fff2293a000 	C:\Program Files\Java\jdk-16.0.1\bin\jimage.dll
0x00007fff26780000 - 0x00007fff26964000 	C:\WINDOWS\SYSTEM32\DBGHELP.DLL
0x00007fff11810000 - 0x00007fff1183c000 	C:\WINDOWS\SYSTEM32\dbgcore.DLL
0x00007fff288e0000 - 0x00007fff28963000 	C:\WINDOWS\System32\bcryptPrimitives.dll
0x00007fff1c730000 - 0x00007fff1c755000 	C:\Program Files\Java\jdk-16.0.1\bin\java.dll
0x00007fff29c10000 - 0x00007fff2a34f000 	C:\WINDOWS\System32\SHELL32.dll
0x00007fff269b0000 - 0x00007fff27140000 	C:\WINDOWS\SYSTEM32\windows.storage.dll
0x00007fff2a890000 - 0x00007fff2abe5000 	C:\WINDOWS\System32\combase.dll
0x00007fff28290000 - 0x00007fff282be000 	C:\WINDOWS\SYSTEM32\Wldp.dll
0x00007fff29880000 - 0x00007fff2992d000 	C:\WINDOWS\System32\SHCORE.dll
0x00007fff2abf0000 - 0x00007fff2ac45000 	C:\WINDOWS\System32\shlwapi.dll
0x00007fff287f0000 - 0x00007fff2880f000 	C:\WINDOWS\SYSTEM32\profapi.dll

dbghelp: loaded successfully - version: 4.0.5 - missing functions: none
symbol engine: initialized successfully - sym options: 0x614 - pdb path: .;C:\Program Files\Java\jdk-16.0.1\bin;C:\WINDOWS\SYSTEM32;C:\WINDOWS\WinSxS\amd64_microsoft.windows.common-controls_6595b64144ccf1df_6.0.19041.1110_none_60b5254171f9507e;C:\Program Files\Java\jdk-16.0.1\bin\server

VM Arguments:
jvm_args: -Dfile.encoding=UTF-8 --module-path=C:\Users\LENOVO\Documents\NetBeansProjects\Asistensi MD3\build\classes 
java_command: GUI.LoginGui
java_class_path (initial): E:\PRATIKUM PBO\Pertemuan 3\Bahan\mysql-connector-java-8.0.24.jar;C:\Users\LENOVO\Documents\NetBeansProjects\Asistensi MD3\build\classes
Launcher Type: SUN_STANDARD

[Global flags]
     intx CICompilerCount                          = 2                                         {product} {ergonomic}
     uint ConcGCThreads                            = 1                                         {product} {ergonomic}
     uint G1ConcRefinementThreads                  = 2                                         {product} {ergonomic}
   size_t G1HeapRegionSize                         = 1048576                                   {product} {ergonomic}
    uintx GCDrainStackTargetSize                   = 64                                        {product} {ergonomic}
   size_t InitialHeapSize                          = 65011712                                  {product} {ergonomic}
   size_t MarkStackSize                            = 4194304                                   {product} {ergonomic}
   size_t MaxHeapSize                              = 1027604480                                {product} {ergonomic}
   size_t MaxNewSize                               = 616562688                                 {product} {ergonomic}
   size_t MinHeapDeltaBytes                        = 1048576                                   {product} {ergonomic}
   size_t MinHeapSize                              = 8388608                                   {product} {ergonomic}
    uintx NonNMethodCodeHeapSize                   = 5826188                                {pd product} {ergonomic}
    uintx NonProfiledCodeHeapSize                  = 122916026                              {pd product} {ergonomic}
    uintx ProfiledCodeHeapSize                     = 122916026                              {pd product} {ergonomic}
    uintx ReservedCodeCacheSize                    = 251658240                              {pd product} {ergonomic}
     bool SegmentedCodeCache                       = true                                      {product} {ergonomic}
   size_t SoftMaxHeapSize                          = 1027604480                             {manageable} {ergonomic}
     bool UseCompressedClassPointers               = true                           {product lp64_product} {ergonomic}
     bool UseCompressedOops                        = true                           {product lp64_product} {ergonomic}
     bool UseG1GC                                  = true                                      {product} {ergonomic}
     bool UseLargePagesIndividualAllocation        = false                                  {pd product} {ergonomic}

Logging:
Log output configuration:
 #0: stdout all=warning uptime,level,tags
 #1: stderr all=off uptime,level,tags

Environment Variables:
PATH=C:\Program Files\Common Files\Oracle\Java\javapath;C:\Program Files (x86)\Intel\TXE Components\iCLS\;C:\Program Files\Intel\TXE Components\iCLS\;C:\WINDOWS\system32;C:\WINDOWS;C:\WINDOWS\System32\Wbem;C:\WINDOWS\System32\WindowsPowerShell\v1.0\;C:\WINDOWS\System32\OpenSSH\;C:\Program Files\Intel\TXE Components\DAL\;C:\Program Files (x86)\Intel\TXE Components\DAL\;C:\Program Files\Intel\TXE Components\IPT\;C:\Program Files (x86)\Intel\TXE Components\IPT\;C:\Program Files\Microsoft\Web Platform Installer\;C:\Program Files (x86)\Microsoft ASP.NET\ASP.NET Web Pages\v1.0\;C:\Program Files\Microsoft SQL Server\110\Tools\Binn\;C:\Program Files\Git\cmd;C:\Users\LENOVO\AppData\Local\Microsoft\WindowsApps;;C:\Program Files\JetBrains\IntelliJ IDEA Community Edition 2021.3\bin;
USERNAME=LENOVO
OS=Windows_NT
PROCESSOR_IDENTIFIER=Intel64 Family 6 Model 122 Stepping 1, GenuineIntel



---------------  S Y S T E M  ---------------

OS:
 Windows 10 , 64 bit Build 19041 (10.0.19041.1348)
OS uptime: 0 days 1:25 hours

CPU: total 2 (initial active 2) (2 cores per cpu, 1 threads per core) family 6 model 122 stepping 1 microcode 0x36, cx8, cmov, fxsr, mmx, 3dnowpref, sse, sse2, sse3, ssse3, sse4.1, sse4.2, popcnt, tsc, tscinvbit, aes, erms, clmul, sha, clflush, clflushopt

Memory: 4k page, system-wide physical 3918M (280M free)
TotalPageFile size 3918M (AvailPageFile size 3M)
current process WorkingSet (physical memory assigned to process): 25M, peak: 25M
current process commit charge ("private bytes"): 120M, peak: 123M

vm_info: Java HotSpot(TM) 64-Bit Server VM (16.0.1+9-24) for windows-amd64 JRE (16.0.1+9-24), built on Mar 26 2021 19:31:42 by "mach5one" with MS VC++ 16.7 (VS2019)

END.
