#
# There is insufficient memory for the Java Runtime Environment to continue.
# Native memory allocation (mmap) failed to map 15728640 bytes for G1 virtual space
# Possible reasons:
#   The system is out of physical RAM or swap space
#   The process is running with CompressedOops enabled, and the Java Heap may be blocking the growth of the native heap
# Possible solutions:
#   Reduce memory load on the system
#   Increase physical memory or swap space
#   Check if swap backing store is full
#   Decrease Java heap size (-Xmx/-Xms)
#   Decrease number of Java threads
#   Decrease Java thread stack sizes (-Xss)
#   Set larger code cache with -XX:ReservedCodeCacheSize=
#   JVM is running with Unscaled Compressed Oops mode in which the Java heap is
#     placed in the first 4GB address space. The Java Heap base address is the
#     maximum limit for the native heap growth. Please use -XX:HeapBaseMinAddress
#     to set the Java Heap base and to place the Java Heap above 4GB virtual address.
# This output file may be truncated or incomplete.
#
#  Out of Memory Error (os_windows.cpp:3466), pid=4720, tid=5112
#
# JRE version: Java(TM) SE Runtime Environment (16.0.1+9) (build 16.0.1+9-24)
# Java VM: Java HotSpot(TM) 64-Bit Server VM (16.0.1+9-24, mixed mode, sharing, tiered, compressed oops, compressed class ptrs, g1 gc, windows-amd64)
# No core dump will be written. Minidumps are not enabled by default on client versions of Windows
#

---------------  S U M M A R Y ------------

Command Line: -Dapplication.home=C:\Program Files\Java\jdk-16.0.1 --add-modules=ALL-DEFAULT -Xms8m -Djdk.module.main=jdk.compiler jdk.compiler/com.sun.tools.javac.Main -d C:\Users\LENOVO\Documents\NetBeansProjects\Asistensi MD3\build\classes -classpath C:\Users\LENOVO\Documents\NetBeansProjects\Asistensi MD3\build\classes -sourcepath C:\Users\LENOVO\Documents\NetBeansProjects\Asistensi MD3\build\empty -target 16 -encoding UTF-8 -g -processorpath C:\Users\LENOVO\Documents\NetBeansProjects\Asistensi MD3\build\empty -s C:\Users\LENOVO\Documents\NetBeansProjects\Asistensi MD3\build\generated-sources\ap-source-output -source 16 C:\Users\LENOVO\Documents\NetBeansProjects\Asistensi MD3\src\Controller07289\AdminController07289.java C:\Users\LENOVO\Documents\NetBeansProjects\Asistensi MD3\src\Controller07289\AllObjectModel07289.java C:\Users\LENOVO\Documents\NetBeansProjects\Asistensi MD3\src\Controller07289\PendudukController07289.java C:\Users\LENOVO\Documents\NetBeansProjects\Asistensi MD3\src\Entity07289\AdminEntity0728907289.java C:\Users\LENOVO\Documents\NetBeansProjects\Asistensi MD3\src\Entity07289\PendudukEntity0728907289.java C:\Users\LENOVO\Documents\NetBeansProjects\Asistensi MD3\src\Entity07289\UserEntityAbstract07289.java C:\Users\LENOVO\Documents\NetBeansProjects\Asistensi MD3\src\GUI\DataPendGui.java C:\Users\LENOVO\Documents\NetBeansProjects\Asistensi MD3\src\GUI\DataPeroranganGui.java C:\Users\LENOVO\Documents\NetBeansProjects\Asistensi MD3\src\GUI\LoginAdminGui.java C:\Users\LENOVO\Documents\NetBeansProjects\Asistensi MD3\src\GUI\LoginGui.java C:\Users\LENOVO\Documents\NetBeansProjects\Asistensi MD3\src\GUI\MenuAdminGui.java C:\Users\LENOVO\Documents\NetBeansProjects\Asistensi MD3\src\GUI\RegisAdminGui.java C:\Users\LENOVO\Documents\NetBeansProjects\Asistensi MD3\src\GUI\RegisPendGui.java

Host: Intel(R) Celeron(R) N4000 CPU @ 1.10GHz, 2 cores, 3G,  Windows 10 , 64 bit Build 19041 (10.0.19041.1348)
Time: Tue Jan  4 11:37:05 2022 SE Asia Standard Time elapsed time: 2.304709 seconds (0d 0h 0m 2s)

---------------  T H R E A D  ---------------

Current thread (0x00000250d42d5540):  VMThread "VM Thread" [stack: 0x000000891ef00000,0x000000891f000000] [id=5112]

Stack: [0x000000891ef00000,0x000000891f000000]
Native frames: (J=compiled Java code, j=interpreted, Vv=VM code, C=native code)
V  [jvm.dll+0x6687ca]
V  [jvm.dll+0x7ca3c9]
V  [jvm.dll+0x7cbb53]
V  [jvm.dll+0x7cc1b3]
V  [jvm.dll+0x242ea5]
V  [jvm.dll+0x665589]
V  [jvm.dll+0x65a175]
V  [jvm.dll+0x2fc5ab]
V  [jvm.dll+0x3037a6]
V  [jvm.dll+0x352fee]
V  [jvm.dll+0x35321f]
V  [jvm.dll+0x2d3618]
V  [jvm.dll+0x2d11a5]
V  [jvm.dll+0x2d07dc]
V  [jvm.dll+0x3158c2]
V  [jvm.dll+0x7d05eb]
V  [jvm.dll+0x7d12e4]
V  [jvm.dll+0x7d17e9]
V  [jvm.dll+0x7d1aa4]
V  [jvm.dll+0x7d1b70]
V  [jvm.dll+0x779b4a]
V  [jvm.dll+0x667666]
C  [ucrtbase.dll+0x21bb2]
C  [KERNEL32.DLL+0x17034]
C  [ntdll.dll+0x52651]

VM_Operation (0x000000891e9fdd30): G1CollectForAllocation, mode: safepoint, requested by thread 0x00000250d421f3e0


---------------  P R O C E S S  ---------------

Threads class SMR info:
_java_thread_list=0x00000250eef35d60, length=12, elements={
0x00000250d421f3e0, 0x00000250d42dbc20, 0x00000250d42dc9f0, 0x00000250d42ef390,
0x00000250d42f0eb0, 0x00000250d42f2160, 0x00000250d42f5a90, 0x00000250d42fabc0,
0x00000250d42fe4d0, 0x00000250eee323e0, 0x00000250eef1efe0, 0x00000250ef9385e0
}

Java Threads: ( => current thread )
  0x00000250d421f3e0 JavaThread "main" [_thread_blocked, id=6752, stack(0x000000891e900000,0x000000891ea00000)]
  0x00000250d42dbc20 JavaThread "Reference Handler" daemon [_thread_blocked, id=1156, stack(0x000000891f000000,0x000000891f100000)]
  0x00000250d42dc9f0 JavaThread "Finalizer" daemon [_thread_blocked, id=10144, stack(0x000000891f100000,0x000000891f200000)]
  0x00000250d42ef390 JavaThread "Signal Dispatcher" daemon [_thread_blocked, id=4424, stack(0x000000891f200000,0x000000891f300000)]
  0x00000250d42f0eb0 JavaThread "Attach Listener" daemon [_thread_blocked, id=340, stack(0x000000891f300000,0x000000891f400000)]
  0x00000250d42f2160 JavaThread "Service Thread" daemon [_thread_blocked, id=3440, stack(0x000000891f400000,0x000000891f500000)]
  0x00000250d42f5a90 JavaThread "Monitor Deflation Thread" daemon [_thread_blocked, id=4828, stack(0x000000891f500000,0x000000891f600000)]
  0x00000250d42fabc0 JavaThread "C2 CompilerThread0" daemon [_thread_blocked, id=3580, stack(0x000000891f600000,0x000000891f700000)]
  0x00000250d42fe4d0 JavaThread "C1 CompilerThread0" daemon [_thread_blocked, id=2160, stack(0x000000891f700000,0x000000891f800000)]
  0x00000250eee323e0 JavaThread "Sweeper thread" daemon [_thread_blocked, id=5044, stack(0x000000891f800000,0x000000891f900000)]
  0x00000250eef1efe0 JavaThread "Common-Cleaner" daemon [_thread_blocked, id=5728, stack(0x000000891f900000,0x000000891fa00000)]
  0x00000250ef9385e0 JavaThread "Notification Thread" daemon [_thread_blocked, id=4084, stack(0x000000891fa00000,0x000000891fb00000)]

Other Threads:
=>0x00000250d42d5540 VMThread "VM Thread" [stack: 0x000000891ef00000,0x000000891f000000] [id=5112]
  0x00000250ef94aaf0 WatcherThread [stack: 0x000000891fb00000,0x000000891fc00000] [id=3372]
  0x00000250d424bba0 GCTaskThread "GC Thread#0" [stack: 0x000000891ea00000,0x000000891eb00000] [id=8660]
  0x00000250efc07980 GCTaskThread "GC Thread#1" [stack: 0x000000891fc00000,0x000000891fd00000] [id=10460]
  0x00000250d4256590 ConcurrentGCThread "G1 Main Marker" [stack: 0x000000891eb00000,0x000000891ec00000] [id=2756]
  0x00000250d42576b0 ConcurrentGCThread "G1 Conc#0" [stack: 0x000000891ec00000,0x000000891ed00000] [id=5964]
  0x00000250d42680f0 ConcurrentGCThread "G1 Refine#0" [stack: 0x000000891ed00000,0x000000891ee00000] [id=4292]
  0x00000250d4268a80 ConcurrentGCThread "G1 Service" [stack: 0x000000891ee00000,0x000000891ef00000] [id=6900]

Threads with active compile tasks:
C2 CompilerThread0     2523 1353       4       jdk.internal.jimage.ImageLocation::getAttributeString (54 bytes)

VM state: at safepoint (normal execution)

VM Mutex/Monitor currently owned by a thread:  ([mutex/lock_event])
[0x00000250d421a780] Threads_lock - owner thread: 0x00000250d42d5540
[0x00000250d4219970] Heap_lock - owner thread: 0x00000250d421f3e0

Heap address: 0x00000000c2c00000, size: 980 MB, Compressed Oops mode: 32-bit

CDS archive(s) mapped at: [0x0000000800000000-0x0000000800bb0000-0x0000000800bb0000), size 12255232, SharedBaseAddress: 0x0000000800000000, ArchiveRelocationMode: 0.
Compressed class space mapped at: 0x0000000800c00000-0x0000000840c00000, reserved size: 1073741824
Narrow klass base: 0x0000000800000000, Narrow klass shift: 3, Narrow klass range: 0x100000000

GC Precious Log:
 CPUs: 2 total, 2 available
 Memory: 3918M
 Large Page Support: Disabled
 NUMA Support: Disabled
 Compressed Oops: Enabled (32-bit)
 Heap Region Size: 1M
 Heap Min Capacity: 8M
 Heap Initial Capacity: 8M
 Heap Max Capacity: 980M
 Pre-touch: Disabled
 Parallel Workers: 2
 Concurrent Workers: 1
 Concurrent Refinement Workers: 2
 Periodic GC: Disabled

Heap:
 garbage-first heap   total 15360K, used 6443K [0x00000000c2c00000, 0x0000000100000000)
  region size 1024K, 1 young (1024K), 1 survivors (1024K)
 Metaspace       used 8959K, committed 9152K, reserved 1064960K
  class space    used 990K, committed 1088K, reserved 1048576K

Heap Regions: E=young(eden), S=young(survivor), O=old, HS=humongous(starts), HC=humongous(continues), CS=collection set, F=free, OA=open archive, CA=closed archive, TAMS=top-at-mark-start (previous, next)
|   0|0x00000000c2c00000, 0x00000000c2d00000, 0x00000000c2d00000|100%| O|  |TAMS 0x00000000c2c00000, 0x00000000c2c00000| Untracked 
|   1|0x00000000c2d00000, 0x00000000c2e00000, 0x00000000c2e00000|100%| O|  |TAMS 0x00000000c2d00000, 0x00000000c2d00000| Untracked 
|   2|0x00000000c2e00000, 0x00000000c2f00000, 0x00000000c2f00000|100%| O|  |TAMS 0x00000000c2e00000, 0x00000000c2e00000| Untracked 
|   3|0x00000000c2f00000, 0x00000000c3000000, 0x00000000c3000000|100%| O|  |TAMS 0x00000000c2f00000, 0x00000000c2f00000| Untracked 
|   4|0x00000000c3000000, 0x00000000c3100000, 0x00000000c3100000|100%| O|  |TAMS 0x00000000c3000000, 0x00000000c3000000| Untracked 
|   5|0x00000000c3100000, 0x00000000c3177800, 0x00000000c3200000| 46%| O|  |TAMS 0x00000000c3100000, 0x00000000c3100000| Untracked 
|   6|0x00000000c3200000, 0x00000000c3200000, 0x00000000c3300000|  0%| F|  |TAMS 0x00000000c3200000, 0x00000000c3200000| Untracked 
|   7|0x00000000c3300000, 0x00000000c3300000, 0x00000000c3400000|  0%| F|  |TAMS 0x00000000c3300000, 0x00000000c3300000| Untracked 
|   8|0x00000000c3400000, 0x00000000c3400000, 0x00000000c3500000|  0%| F|  |TAMS 0x00000000c3400000, 0x00000000c3400000| Untracked 
|   9|0x00000000c3500000, 0x00000000c3500000, 0x00000000c3600000|  0%| F|  |TAMS 0x00000000c3500000, 0x00000000c3500000| Untracked 
|  10|0x00000000c3600000, 0x00000000c3600000, 0x00000000c3700000|  0%| F|  |TAMS 0x00000000c3600000, 0x00000000c3600000| Untracked 
|  11|0x00000000c3700000, 0x00000000c37d3440, 0x00000000c3800000| 82%| S|CS|TAMS 0x00000000c3700000, 0x00000000c3700000| Complete 
|  12|0x00000000c3800000, 0x00000000c3800000, 0x00000000c3900000|  0%| F|  |TAMS 0x00000000c3800000, 0x00000000c3800000| Untracked 
|  13|0x00000000c3900000, 0x00000000c3900000, 0x00000000c3a00000|  0%| F|  |TAMS 0x00000000c3900000, 0x00000000c3900000| Untracked 
|  14|0x00000000c3a00000, 0x00000000c3a00000, 0x00000000c3b00000|  0%| F|  |TAMS 0x00000000c3a00000, 0x00000000c3a00000| Untracked 

Card table byte_map: [0x00000250ea9a0000,0x00000250eab90000] _byte_map_base: 0x00000250ea38a000

Marking Bits (Prev, Next): (CMBitMap*) 0x00000250d424d130, (CMBitMap*) 0x00000250d424d170
 Prev Bits: [0x00000250ead80000, 0x00000250ebcd0000)
 Next Bits: [0x00000250ebcd0000, 0x00000250ecc20000)

Polling page: 0x00000250d3a00000

Metaspace:

Usage:
  Non-class:      7.78 MB used.
      Class:    990.55 KB used.
       Both:      8.75 MB used.

Virtual space:
  Non-class space:       16.00 MB reserved,       7.88 MB ( 49%) committed,  2 nodes.
      Class space:        1.00 GB reserved,       1.06 MB ( <1%) committed,  1 nodes.
              Both:        1.02 GB reserved,       8.94 MB ( <1%) committed. 

Chunk freelists:
   Non-Class:  2.04 MB
       Class:  2.89 MB
        Both:  4.93 MB

MaxMetaspaceSize: 17179869184.00 GB
CompressedClassSpaceSize: 1.00 GB
 - commit_granule_bytes: 65536.
 - commit_granule_words: 8192.
 - virtual_space_node_default_size: 1048576.
 - enlarge_chunks_in_place: 1.
 - new_chunks_are_fully_committed: 0.
 - uncommit_free_chunks: 1.
 - use_allocation_guard: 0.
 - handle_deallocations: 1.


Internal statistics:

num_allocs_failed_limit: 0.
num_arena_births: 74.
num_arena_deaths: 0.
num_vsnodes_births: 3.
num_vsnodes_deaths: 0.
num_space_committed: 143.
num_space_uncommitted: 0.
num_chunks_returned_to_freelist: 0.
num_chunks_taken_from_freelist: 376.
num_chunk_merges: 0.
num_chunk_splits: 261.
num_chunks_enlarged: 201.
num_purges: 0.

CodeHeap 'non-profiled nmethods': size=120064Kb used=423Kb max_used=423Kb free=119641Kb
 bounds [0x00000250e3460000, 0x00000250e36d0000, 0x00000250ea9a0000]
CodeHeap 'profiled nmethods': size=120000Kb used=2639Kb max_used=2639Kb free=117360Kb
 bounds [0x00000250dbf30000, 0x00000250dc1d0000, 0x00000250e3460000]
CodeHeap 'non-nmethods': size=5696Kb used=1143Kb max_used=1160Kb free=4552Kb
 bounds [0x00000250db9a0000, 0x00000250dbc10000, 0x00000250dbf30000]
 total_blobs=1787 nmethods=1369 adapters=331
 compilation: enabled
              stopped_count=0, restarted_count=0
 full_count=0

Compilation events (20 events):
Event: 2.259 Thread 0x00000250d42fe4d0 1376       1       com.sun.tools.javac.code.Type::getMetadata (5 bytes)
Event: 2.259 Thread 0x00000250d42fe4d0 nmethod 1376 0x00000250e34c8d10 code [0x00000250e34c8ea0, 0x00000250e34c8f78]
Event: 2.259 Thread 0x00000250d42fe4d0 1378       2       com.sun.tools.javac.code.DeferredLintHandler::setPos (12 bytes)
Event: 2.259 Thread 0x00000250d42fe4d0 nmethod 1378 0x00000250dc1c2090 code [0x00000250dc1c2220, 0x00000250dc1c2378]
Event: 2.260 Thread 0x00000250d42fe4d0 1379       1       com.sun.tools.javac.code.Symbol::exists (2 bytes)
Event: 2.260 Thread 0x00000250d42fe4d0 nmethod 1379 0x00000250e34c9010 code [0x00000250e34c91a0, 0x00000250e34c9278]
Event: 2.260 Thread 0x00000250d42fe4d0 1380       1       com.sun.tools.javac.util.Iterators$1::hasNext (2 bytes)
Event: 2.261 Thread 0x00000250d42fe4d0 nmethod 1380 0x00000250e34c9310 code [0x00000250e34c94a0, 0x00000250e34c9578]
Event: 2.261 Thread 0x00000250d42fe4d0 1381       1       com.sun.tools.javac.comp.Attr$ResultInfo::needsArgumentAttr (2 bytes)
Event: 2.261 Thread 0x00000250d42fe4d0 nmethod 1381 0x00000250e34c9610 code [0x00000250e34c97a0, 0x00000250e34c9878]
Event: 2.261 Thread 0x00000250d42fe4d0 1382       1       com.sun.tools.javac.comp.Attr$CheckMode::updateTreeType (2 bytes)
Event: 2.261 Thread 0x00000250d42fe4d0 nmethod 1382 0x00000250e34c9910 code [0x00000250e34c9aa0, 0x00000250e34c9b78]
Event: 2.261 Thread 0x00000250d42fe4d0 1383       2       com.sun.tools.javac.comp.Resolve::findGlobalType (111 bytes)
Event: 2.262 Thread 0x00000250d42fe4d0 nmethod 1383 0x00000250dc1c2410 code [0x00000250dc1c2640, 0x00000250dc1c2ac8]
Event: 2.263 Thread 0x00000250d42fe4d0 1384       2       com.sun.tools.javac.util.Iterators$CompoundIterator::hasNext (36 bytes)
Event: 2.263 Thread 0x00000250d42fe4d0 nmethod 1384 0x00000250dc1c2e10 code [0x00000250dc1c2fc0, 0x00000250dc1c3138]
Event: 2.264 Thread 0x00000250d42fe4d0 1385       2       com.sun.tools.javac.comp.Check$1::inferenceContext (11 bytes)
Event: 2.264 Thread 0x00000250d42fe4d0 nmethod 1385 0x00000250dc1c3210 code [0x00000250dc1c33a0, 0x00000250dc1c34b8]
Event: 2.264 Thread 0x00000250d42fe4d0 1386       2       com.sun.tools.javac.code.Type::containsAny (39 bytes)
Event: 2.264 Thread 0x00000250d42fe4d0 nmethod 1386 0x00000250dc1c3590 code [0x00000250dc1c3780, 0x00000250dc1c3b28]

GC Heap History (20 events):
Event: 1.551 GC heap after
{Heap after GC invocations=5 (full 0):
 garbage-first heap   total 8192K, used 2515K [0x00000000c2c00000, 0x0000000100000000)
  region size 1024K, 1 young (1024K), 1 survivors (1024K)
 Metaspace       used 7724K, committed 7872K, reserved 1064960K
  class space    used 861K, committed 960K, reserved 1048576K
}
Event: 1.678 GC heap before
{Heap before GC invocations=5 (full 0):
 garbage-first heap   total 8192K, used 3539K [0x00000000c2c00000, 0x0000000100000000)
  region size 1024K, 2 young (2048K), 1 survivors (1024K)
 Metaspace       used 8037K, committed 8192K, reserved 1064960K
  class space    used 892K, committed 960K, reserved 1048576K
}
Event: 1.682 GC heap after
{Heap after GC invocations=6 (full 0):
 garbage-first heap   total 8192K, used 2771K [0x00000000c2c00000, 0x0000000100000000)
  region size 1024K, 1 young (1024K), 1 survivors (1024K)
 Metaspace       used 8037K, committed 8192K, reserved 1064960K
  class space    used 892K, committed 960K, reserved 1048576K
}
Event: 1.756 GC heap before
{Heap before GC invocations=6 (full 0):
 garbage-first heap   total 8192K, used 3795K [0x00000000c2c00000, 0x0000000100000000)
  region size 1024K, 2 young (2048K), 1 survivors (1024K)
 Metaspace       used 8148K, committed 8384K, reserved 1064960K
  class space    used 903K, committed 1024K, reserved 1048576K
}
Event: 1.761 GC heap after
{Heap after GC invocations=7 (full 0):
 garbage-first heap   total 10240K, used 3157K [0x00000000c2c00000, 0x0000000100000000)
  region size 1024K, 1 young (1024K), 1 survivors (1024K)
 Metaspace       used 8148K, committed 8384K, reserved 1064960K
  class space    used 903K, committed 1024K, reserved 1048576K
}
Event: 1.851 GC heap before
{Heap before GC invocations=7 (full 0):
 garbage-first heap   total 10240K, used 5205K [0x00000000c2c00000, 0x0000000100000000)
  region size 1024K, 3 young (3072K), 1 survivors (1024K)
 Metaspace       used 8326K, committed 8512K, reserved 1064960K
  class space    used 924K, committed 1024K, reserved 1048576K
}
Event: 1.855 GC heap after
{Heap after GC invocations=8 (full 0):
 garbage-first heap   total 10240K, used 3604K [0x00000000c2c00000, 0x0000000100000000)
  region size 1024K, 1 young (1024K), 1 survivors (1024K)
 Metaspace       used 8326K, committed 8512K, reserved 1064960K
  class space    used 924K, committed 1024K, reserved 1048576K
}
Event: 1.943 GC heap before
{Heap before GC invocations=8 (full 0):
 garbage-first heap   total 10240K, used 5652K [0x00000000c2c00000, 0x0000000100000000)
  region size 1024K, 3 young (3072K), 1 survivors (1024K)
 Metaspace       used 8544K, committed 8704K, reserved 1064960K
  class space    used 943K, committed 1024K, reserved 1048576K
}
Event: 1.948 GC heap after
{Heap after GC invocations=9 (full 0):
 garbage-first heap   total 10240K, used 3861K [0x00000000c2c00000, 0x0000000100000000)
  region size 1024K, 1 young (1024K), 1 survivors (1024K)
 Metaspace       used 8544K, committed 8704K, reserved 1064960K
  class space    used 943K, committed 1024K, reserved 1048576K
}
Event: 2.057 GC heap before
{Heap before GC invocations=9 (full 0):
 garbage-first heap   total 10240K, used 5909K [0x00000000c2c00000, 0x0000000100000000)
  region size 1024K, 3 young (3072K), 1 survivors (1024K)
 Metaspace       used 8704K, committed 8896K, reserved 1064960K
  class space    used 965K, committed 1088K, reserved 1048576K
}
Event: 2.060 GC heap after
{Heap after GC invocations=10 (full 0):
 garbage-first heap   total 10240K, used 4228K [0x00000000c2c00000, 0x0000000100000000)
  region size 1024K, 1 young (1024K), 1 survivors (1024K)
 Metaspace       used 8704K, committed 8896K, reserved 1064960K
  class space    used 965K, committed 1088K, reserved 1048576K
}
Event: 2.128 GC heap before
{Heap before GC invocations=10 (full 0):
 garbage-first heap   total 10240K, used 6276K [0x00000000c2c00000, 0x0000000100000000)
  region size 1024K, 3 young (3072K), 1 survivors (1024K)
 Metaspace       used 8907K, committed 9088K, reserved 1064960K
  class space    used 985K, committed 1088K, reserved 1048576K
}
Event: 2.132 GC heap after
{Heap after GC invocations=11 (full 0):
 garbage-first heap   total 15360K, used 4642K [0x00000000c2c00000, 0x0000000100000000)
  region size 1024K, 1 young (1024K), 1 survivors (1024K)
 Metaspace       used 8907K, committed 9088K, reserved 1064960K
  class space    used 985K, committed 1088K, reserved 1048576K
}
Event: 2.177 GC heap before
{Heap before GC invocations=11 (full 0):
 garbage-first heap   total 15360K, used 8738K [0x00000000c2c00000, 0x0000000100000000)
  region size 1024K, 5 young (5120K), 1 survivors (1024K)
 Metaspace       used 8912K, committed 9088K, reserved 1064960K
  class space    used 985K, committed 1088K, reserved 1048576K
}
Event: 2.182 GC heap after
{Heap after GC invocations=12 (full 0):
 garbage-first heap   total 15360K, used 5292K [0x00000000c2c00000, 0x0000000100000000)
  region size 1024K, 1 young (1024K), 1 survivors (1024K)
 Metaspace       used 8912K, committed 9088K, reserved 1064960K
  class space    used 985K, committed 1088K, reserved 1048576K
}
Event: 2.204 GC heap before
{Heap before GC invocations=12 (full 0):
 garbage-first heap   total 15360K, used 8364K [0x00000000c2c00000, 0x0000000100000000)
  region size 1024K, 4 young (4096K), 1 survivors (1024K)
 Metaspace       used 8913K, committed 9088K, reserved 1064960K
  class space    used 985K, committed 1088K, reserved 1048576K
}
Event: 2.207 GC heap after
{Heap after GC invocations=13 (full 0):
 garbage-first heap   total 15360K, used 5663K [0x00000000c2c00000, 0x0000000100000000)
  region size 1024K, 1 young (1024K), 1 survivors (1024K)
 Metaspace       used 8913K, committed 9088K, reserved 1064960K
  class space    used 985K, committed 1088K, reserved 1048576K
}
Event: 2.233 GC heap before
{Heap before GC invocations=13 (full 0):
 garbage-first heap   total 15360K, used 8735K [0x00000000c2c00000, 0x0000000100000000)
  region size 1024K, 4 young (4096K), 1 survivors (1024K)
 Metaspace       used 8920K, committed 9088K, reserved 1064960K
  class space    used 985K, committed 1088K, reserved 1048576K
}
Event: 2.235 GC heap after
{Heap after GC invocations=14 (full 0):
 garbage-first heap   total 15360K, used 6067K [0x00000000c2c00000, 0x0000000100000000)
  region size 1024K, 1 young (1024K), 1 survivors (1024K)
 Metaspace       used 8920K, committed 9088K, reserved 1064960K
  class space    used 985K, committed 1088K, reserved 1048576K
}
Event: 2.273 GC heap before
{Heap before GC invocations=14 (full 0):
 garbage-first heap   total 15360K, used 8115K [0x00000000c2c00000, 0x0000000100000000)
  region size 1024K, 4 young (4096K), 1 survivors (1024K)
 Metaspace       used 8959K, committed 9152K, reserved 1064960K
  class space    used 990K, committed 1088K, reserved 1048576K
}

Deoptimization events (20 events):
Event: 2.160 Thread 0x00000250d421f3e0 DEOPT PACKING pc=0x00000250dc014a87 sp=0x000000891e9fe380
Event: 2.160 Thread 0x00000250d421f3e0 DEOPT UNPACKING pc=0x00000250db9edeaf sp=0x000000891e9fd840 mode 0
Event: 2.169 Thread 0x00000250d421f3e0 DEOPT PACKING pc=0x00000250dc014a87 sp=0x000000891e9fe380
Event: 2.169 Thread 0x00000250d421f3e0 DEOPT UNPACKING pc=0x00000250db9edeaf sp=0x000000891e9fd840 mode 0
Event: 2.237 Thread 0x00000250d421f3e0 Uncommon trap: trap_request=0xffffffbe fr.pc=0x00000250e34c6a04 relative=0x0000000000000aa4
Event: 2.237 Thread 0x00000250d421f3e0 Uncommon trap: reason=profile_predicate action=maybe_recompile pc=0x00000250e34c6a04 method=jdk.internal.jimage.ImageStringsReader.charsFromByteBuffer([CLjava/nio/ByteBuffer;)V @ 6 c2
Event: 2.237 Thread 0x00000250d421f3e0 DEOPT PACKING pc=0x00000250e34c6a04 sp=0x000000891e9fdbc0
Event: 2.237 Thread 0x00000250d421f3e0 DEOPT UNPACKING pc=0x00000250db9ed728 sp=0x000000891e9fd9c8 mode 2
Event: 2.237 Thread 0x00000250d421f3e0 Uncommon trap: trap_request=0xffffffbe fr.pc=0x00000250e34c6a04 relative=0x0000000000000aa4
Event: 2.237 Thread 0x00000250d421f3e0 Uncommon trap: reason=profile_predicate action=maybe_recompile pc=0x00000250e34c6a04 method=jdk.internal.jimage.ImageStringsReader.charsFromByteBuffer([CLjava/nio/ByteBuffer;)V @ 6 c2
Event: 2.237 Thread 0x00000250d421f3e0 DEOPT PACKING pc=0x00000250e34c6a04 sp=0x000000891e9fdbc0
Event: 2.237 Thread 0x00000250d421f3e0 DEOPT UNPACKING pc=0x00000250db9ed728 sp=0x000000891e9fd9c8 mode 2
Event: 2.237 Thread 0x00000250d421f3e0 Uncommon trap: trap_request=0xffffffbe fr.pc=0x00000250e34c6a04 relative=0x0000000000000aa4
Event: 2.237 Thread 0x00000250d421f3e0 Uncommon trap: reason=profile_predicate action=maybe_recompile pc=0x00000250e34c6a04 method=jdk.internal.jimage.ImageStringsReader.charsFromByteBuffer([CLjava/nio/ByteBuffer;)V @ 6 c2
Event: 2.237 Thread 0x00000250d421f3e0 DEOPT PACKING pc=0x00000250e34c6a04 sp=0x000000891e9fdb90
Event: 2.237 Thread 0x00000250d421f3e0 DEOPT UNPACKING pc=0x00000250db9ed728 sp=0x000000891e9fd998 mode 2
Event: 2.237 Thread 0x00000250d421f3e0 Uncommon trap: trap_request=0xffffffbe fr.pc=0x00000250e34c6a04 relative=0x0000000000000aa4
Event: 2.237 Thread 0x00000250d421f3e0 Uncommon trap: reason=profile_predicate action=maybe_recompile pc=0x00000250e34c6a04 method=jdk.internal.jimage.ImageStringsReader.charsFromByteBuffer([CLjava/nio/ByteBuffer;)V @ 6 c2
Event: 2.237 Thread 0x00000250d421f3e0 DEOPT PACKING pc=0x00000250e34c6a04 sp=0x000000891e9fdb90
Event: 2.237 Thread 0x00000250d421f3e0 DEOPT UNPACKING pc=0x00000250db9ed728 sp=0x000000891e9fd998 mode 2

Classes unloaded (0 events):
No events

Classes redefined (0 events):
No events

Internal exceptions (20 events):
Event: 1.794 Thread 0x00000250d421f3e0 Exception <a 'sun/nio/fs/WindowsException'{0x00000000c3553d40}> (0x00000000c3553d40) 
thrown [t:\workspace\open\src\hotspot\share\prims\jni.cpp, line 579]
Event: 1.798 Thread 0x00000250d421f3e0 Exception <a 'sun/nio/fs/WindowsException'{0x00000000c3557088}> (0x00000000c3557088) 
thrown [t:\workspace\open\src\hotspot\share\prims\jni.cpp, line 579]
Event: 1.798 Thread 0x00000250d421f3e0 Exception <a 'sun/nio/fs/WindowsException'{0x00000000c3557378}> (0x00000000c3557378) 
thrown [t:\workspace\open\src\hotspot\share\prims\jni.cpp, line 579]
Event: 1.798 Thread 0x00000250d421f3e0 Exception <a 'sun/nio/fs/WindowsException'{0x00000000c3557e68}> (0x00000000c3557e68) 
thrown [t:\workspace\open\src\hotspot\share\prims\jni.cpp, line 579]
Event: 1.798 Thread 0x00000250d421f3e0 Exception <a 'sun/nio/fs/WindowsException'{0x00000000c3558150}> (0x00000000c3558150) 
thrown [t:\workspace\open\src\hotspot\share\prims\jni.cpp, line 579]
Event: 1.911 Thread 0x00000250d421f3e0 Exception <a 'java/lang/NoSuchMethodError'{0x00000000c3477668}: 'java.lang.Object java.lang.invoke.DirectMethodHandle$Holder.invokeStatic(java.lang.Object, java.lang.Object, int, int)'> (0x00000000c3477668) 
thrown [t:\workspace\open\src\hotspot\share\interpreter\linkResolver.cpp, line 790]
Event: 1.917 Thread 0x00000250d421f3e0 Exception <a 'java/lang/NoSuchMethodError'{0x00000000c3483dd8}: 'int java.lang.invoke.DirectMethodHandle$Holder.invokeSpecial(java.lang.Object, java.lang.Object, java.lang.Object)'> (0x00000000c3483dd8) 
thrown [t:\workspace\open\src\hotspot\share\interpreter\linkResolver.cpp, line 790]
Event: 1.961 Thread 0x00000250d421f3e0 Exception <a 'java/lang/NoSuchMethodError'{0x00000000c3519350}: 'java.lang.Object java.lang.invoke.DirectMethodHandle$Holder.invokeInterface(java.lang.Object, java.lang.Object)'> (0x00000000c3519350) 
thrown [t:\workspace\open\src\hotspot\share\interpreter\linkResolver.cpp, line 790]
Event: 2.038 Thread 0x00000250d421f3e0 Exception <a 'sun/nio/fs/WindowsException'{0x00000000c34a1bf8}> (0x00000000c34a1bf8) 
thrown [t:\workspace\open\src\hotspot\share\prims\jni.cpp, line 579]
Event: 2.038 Thread 0x00000250d421f3e0 Exception <a 'sun/nio/fs/WindowsException'{0x00000000c34a1f18}> (0x00000000c34a1f18) 
thrown [t:\workspace\open\src\hotspot\share\prims\jni.cpp, line 579]
Event: 2.038 Thread 0x00000250d421f3e0 Exception <a 'sun/nio/fs/WindowsException'{0x00000000c34a2f90}> (0x00000000c34a2f90) 
thrown [t:\workspace\open\src\hotspot\share\prims\jni.cpp, line 579]
Event: 2.038 Thread 0x00000250d421f3e0 Exception <a 'sun/nio/fs/WindowsException'{0x00000000c34a32a0}> (0x00000000c34a32a0) 
thrown [t:\workspace\open\src\hotspot\share\prims\jni.cpp, line 579]
Event: 2.125 Thread 0x00000250d421f3e0 Exception <a 'sun/nio/fs/WindowsException'{0x00000000c35f3d08}> (0x00000000c35f3d08) 
thrown [t:\workspace\open\src\hotspot\share\prims\jni.cpp, line 579]
Event: 2.125 Thread 0x00000250d421f3e0 Exception <a 'sun/nio/fs/WindowsException'{0x00000000c35f4008}> (0x00000000c35f4008) 
thrown [t:\workspace\open\src\hotspot\share\prims\jni.cpp, line 579]
Event: 2.126 Thread 0x00000250d421f3e0 Exception <a 'sun/nio/fs/WindowsException'{0x00000000c35f5058}> (0x00000000c35f5058) 
thrown [t:\workspace\open\src\hotspot\share\prims\jni.cpp, line 579]
Event: 2.126 Thread 0x00000250d421f3e0 Exception <a 'sun/nio/fs/WindowsException'{0x00000000c35f5348}> (0x00000000c35f5348) 
thrown [t:\workspace\open\src\hotspot\share\prims\jni.cpp, line 579]
Event: 2.184 Thread 0x00000250d421f3e0 Exception <a 'sun/nio/fs/WindowsException'{0x00000000c3a02640}> (0x00000000c3a02640) 
thrown [t:\workspace\open\src\hotspot\share\prims\jni.cpp, line 579]
Event: 2.184 Thread 0x00000250d421f3e0 Exception <a 'sun/nio/fs/WindowsException'{0x00000000c3a02938}> (0x00000000c3a02938) 
thrown [t:\workspace\open\src\hotspot\share\prims\jni.cpp, line 579]
Event: 2.184 Thread 0x00000250d421f3e0 Exception <a 'sun/nio/fs/WindowsException'{0x00000000c3a03988}> (0x00000000c3a03988) 
thrown [t:\workspace\open\src\hotspot\share\prims\jni.cpp, line 579]
Event: 2.184 Thread 0x00000250d421f3e0 Exception <a 'sun/nio/fs/WindowsException'{0x00000000c3a03c78}> (0x00000000c3a03c78) 
thrown [t:\workspace\open\src\hotspot\share\prims\jni.cpp, line 579]

Events (20 events):
Event: 2.084 loading class java/util/stream/Nodes$EmptyNode$OfDouble done
Event: 2.084 loading class java/util/stream/Nodes$FixedNodeBuilder
Event: 2.084 loading class java/util/stream/Node$Builder
Event: 2.084 loading class java/util/stream/Node$Builder done
Event: 2.084 loading class java/util/stream/Nodes$ArrayNode
Event: 2.084 loading class java/util/stream/Nodes$ArrayNode done
Event: 2.084 loading class java/util/stream/Nodes$FixedNodeBuilder done
Event: 2.093 loading class java/text/MessageFormat
Event: 2.093 loading class java/text/MessageFormat done
Event: 2.094 loading class java/text/MessageFormat$Field
Event: 2.094 loading class java/text/MessageFormat$Field done
Event: 2.128 Executing  VM operation: G1CollectForAllocation
Event: 2.132 Executing  VM operation: G1CollectForAllocation done
Event: 2.177 Executing  VM operation: G1CollectForAllocation
Event: 2.182 Executing  VM operation: G1CollectForAllocation done
Event: 2.204 Executing  VM operation: G1CollectForAllocation
Event: 2.207 Executing  VM operation: G1CollectForAllocation done
Event: 2.233 Executing  VM operation: G1CollectForAllocation
Event: 2.235 Executing  VM operation: G1CollectForAllocation done
Event: 2.273 Executing  VM operation: G1CollectForAllocation


Dynamic libraries:
0x00007ff637220000 - 0x00007ff637228000 	C:\Program Files\Java\jdk-16.0.1\bin\javac.exe
0x00007ffec4170000 - 0x00007ffec4365000 	C:\WINDOWS\SYSTEM32\ntdll.dll
0x00007ffec2430000 - 0x00007ffec24ee000 	C:\WINDOWS\System32\KERNEL32.DLL
0x00007ffec1a10000 - 0x00007ffec1cd8000 	C:\WINDOWS\System32\KERNELBASE.dll
0x00007ffec1ce0000 - 0x00007ffec1de0000 	C:\WINDOWS\System32\ucrtbase.dll
0x00007ffeb6870000 - 0x00007ffeb6889000 	C:\Program Files\Java\jdk-16.0.1\bin\VCRUNTIME140.dll
0x00007ffeb4fa0000 - 0x00007ffeb4fb8000 	C:\Program Files\Java\jdk-16.0.1\bin\jli.dll
0x00007ffec2380000 - 0x00007ffec242c000 	C:\WINDOWS\System32\ADVAPI32.dll
0x00007ffec3940000 - 0x00007ffec39de000 	C:\WINDOWS\System32\msvcrt.dll
0x00007ffec36b0000 - 0x00007ffec374b000 	C:\WINDOWS\System32\sechost.dll
0x00007ffec3760000 - 0x00007ffec388a000 	C:\WINDOWS\System32\RPCRT4.dll
0x00007ffec2ff0000 - 0x00007ffec3191000 	C:\WINDOWS\System32\USER32.dll
0x00007ffec2130000 - 0x00007ffec2152000 	C:\WINDOWS\System32\win32u.dll
0x00007ffec31a0000 - 0x00007ffec31cb000 	C:\WINDOWS\System32\GDI32.dll
0x00007ffec1de0000 - 0x00007ffec1eeb000 	C:\WINDOWS\System32\gdi32full.dll
0x00007ffec1890000 - 0x00007ffec192d000 	C:\WINDOWS\System32\msvcp_win.dll
0x00007ffea3bc0000 - 0x00007ffea3e5a000 	C:\WINDOWS\WinSxS\amd64_microsoft.windows.common-controls_6595b64144ccf1df_6.0.19041.1110_none_60b5254171f9507e\COMCTL32.dll
0x00007ffeb4e10000 - 0x00007ffeb4e1a000 	C:\WINDOWS\SYSTEM32\VERSION.dll
0x00007ffec3890000 - 0x00007ffec38c0000 	C:\WINDOWS\System32\IMM32.DLL
0x00007ffeb68e0000 - 0x00007ffeb68ec000 	C:\Program Files\Java\jdk-16.0.1\bin\vcruntime140_1.dll
0x00007ffea2ae0000 - 0x00007ffea2b71000 	C:\Program Files\Java\jdk-16.0.1\bin\msvcp140.dll
0x00007ffe812c0000 - 0x00007ffe81e6b000 	C:\Program Files\Java\jdk-16.0.1\bin\server\jvm.dll
0x00007ffec3750000 - 0x00007ffec3758000 	C:\WINDOWS\System32\PSAPI.DLL
0x00007ffeb6900000 - 0x00007ffeb6909000 	C:\WINDOWS\SYSTEM32\WSOCK32.dll
0x00007ffea4040000 - 0x00007ffea4067000 	C:\WINDOWS\SYSTEM32\WINMM.dll
0x00007ffec3ab0000 - 0x00007ffec3b1b000 	C:\WINDOWS\System32\WS2_32.dll
0x00007ffec0110000 - 0x00007ffec0122000 	C:\WINDOWS\SYSTEM32\kernel.appcore.dll
0x00007ffeb4f40000 - 0x00007ffeb4f4a000 	C:\Program Files\Java\jdk-16.0.1\bin\jimage.dll
0x00007ffebff00000 - 0x00007ffec00e4000 	C:\WINDOWS\SYSTEM32\DBGHELP.DLL
0x00007ffeb3b60000 - 0x00007ffeb3b8c000 	C:\WINDOWS\SYSTEM32\dbgcore.DLL
0x00007ffec20a0000 - 0x00007ffec2123000 	C:\WINDOWS\System32\bcryptPrimitives.dll
0x00007ffeb5ca0000 - 0x00007ffeb5cc5000 	C:\Program Files\Java\jdk-16.0.1\bin\java.dll
0x00007ffec28b0000 - 0x00007ffec2fef000 	C:\WINDOWS\System32\SHELL32.dll
0x00007ffebf630000 - 0x00007ffebfdc0000 	C:\WINDOWS\SYSTEM32\windows.storage.dll
0x00007ffec24f0000 - 0x00007ffec2845000 	C:\WINDOWS\System32\combase.dll
0x00007ffec12e0000 - 0x00007ffec130e000 	C:\WINDOWS\SYSTEM32\Wldp.dll
0x00007ffec31d0000 - 0x00007ffec327d000 	C:\WINDOWS\System32\SHCORE.dll
0x00007ffec3c30000 - 0x00007ffec3c85000 	C:\WINDOWS\System32\shlwapi.dll
0x00007ffec17d0000 - 0x00007ffec17ef000 	C:\WINDOWS\SYSTEM32\profapi.dll
0x00007ffeb4ee0000 - 0x00007ffeb4ef9000 	C:\Program Files\Java\jdk-16.0.1\bin\net.dll
0x00007ffeb2e90000 - 0x00007ffeb2f9c000 	C:\WINDOWS\SYSTEM32\WINHTTP.dll
0x00007ffec0f70000 - 0x00007ffec0fda000 	C:\WINDOWS\system32\mswsock.dll
0x00007ffeb4900000 - 0x00007ffeb4913000 	C:\Program Files\Java\jdk-16.0.1\bin\nio.dll

dbghelp: loaded successfully - version: 4.0.5 - missing functions: none
symbol engine: initialized successfully - sym options: 0x614 - pdb path: .;C:\Program Files\Java\jdk-16.0.1\bin;C:\WINDOWS\SYSTEM32;C:\WINDOWS\WinSxS\amd64_microsoft.windows.common-controls_6595b64144ccf1df_6.0.19041.1110_none_60b5254171f9507e;C:\Program Files\Java\jdk-16.0.1\bin\server

VM Arguments:
jvm_args: -Dapplication.home=C:\Program Files\Java\jdk-16.0.1 --add-modules=ALL-DEFAULT -Xms8m -Djdk.module.main=jdk.compiler 
java_command: jdk.compiler/com.sun.tools.javac.Main -d C:\Users\LENOVO\Documents\NetBeansProjects\Asistensi MD3\build\classes -classpath C:\Users\LENOVO\Documents\NetBeansProjects\Asistensi MD3\build\classes -sourcepath C:\Users\LENOVO\Documents\NetBeansProjects\Asistensi MD3\build\empty -target 16 -encoding UTF-8 -g -processorpath C:\Users\LENOVO\Documents\NetBeansProjects\Asistensi MD3\build\empty -s C:\Users\LENOVO\Documents\NetBeansProjects\Asistensi MD3\build\generated-sources\ap-source-output -source 16 C:\Users\LENOVO\Documents\NetBeansProjects\Asistensi MD3\src\Controller07289\AdminController07289.java C:\Users\LENOVO\Documents\NetBeansProjects\Asistensi MD3\src\Controller07289\AllObjectModel07289.java C:\Users\LENOVO\Documents\NetBeansProjects\Asistensi MD3\src\Controller07289\PendudukController07289.java C:\Users\LENOVO\Documents\NetBeansProjects\Asistensi MD3\src\Entity07289\AdminEntity0728907289.java C:\Users\LENOVO\Documents\NetBeansProjects\Asistensi MD3\src\Entity07289\PendudukEntity0728907289.java C:\Users\LENOVO\Documents\NetBeansProjects\Asistensi MD3\src\Entity07289\UserEntityAbstract07289.java C:\Users\LENOVO\Documents\NetBeansProjects\Asistensi MD3\src\GUI\DataPendGui.java C:\Users\LENOVO\Documents\NetBeansProjects\Asistensi MD3\src\GUI\DataPeroranganGui.java C:\Users\LENOVO\Documents\NetBeansProjects\Asistensi MD3\src\GUI\LoginAdminGui.java C:\Users\LENOVO\Documents\NetBeansProjects\Asistensi MD3\src\GUI\LoginGui.java C:\Users\LENOVO\Documents\NetBeansProjects\Asistensi MD3\src\GUI\MenuAdminGui.java C:\Users\LENOVO\Documents\NetBeansProjects\Asistensi MD3\src\GUI\RegisAdminGui.java C:\Users\LENOVO\Documents\NetBeansProjects\Asistensi MD3\src\GUI\RegisPendGui.java
java_class_path (initial): <not set>
Launcher Type: SUN_STANDARD

[Global flags]
     intx CICompilerCount                          = 2                                         {product} {ergonomic}
     uint ConcGCThreads                            = 1                                         {product} {ergonomic}
     uint G1ConcRefinementThreads                  = 2                                         {product} {ergonomic}
   size_t G1HeapRegionSize                         = 1048576                                   {product} {ergonomic}
    uintx GCDrainStackTargetSize                   = 64                                        {product} {ergonomic}
   size_t InitialHeapSize                          = 8388608                                   {product} {command line}
   size_t MarkStackSize                            = 4194304                                   {product} {ergonomic}
   size_t MaxHeapSize                              = 1027604480                                {product} {ergonomic}
   size_t MaxNewSize                               = 616562688                                 {product} {ergonomic}
   size_t MinHeapDeltaBytes                        = 1048576                                   {product} {ergonomic}
   size_t MinHeapSize                              = 8388608                                   {product} {command line}
    uintx NonNMethodCodeHeapSize                   = 5826188                                {pd product} {ergonomic}
    uintx NonProfiledCodeHeapSize                  = 122916026                              {pd product} {ergonomic}
    uintx ProfiledCodeHeapSize                     = 122916026                              {pd product} {ergonomic}
    uintx ReservedCodeCacheSize                    = 251658240                              {pd product} {ergonomic}
     bool SegmentedCodeCache                       = true                                      {product} {ergonomic}
   size_t SoftMaxHeapSize                          = 1027604480                             {manageable} {ergonomic}
     bool UseCompressedClassPointers               = true                           {product lp64_product} {ergonomic}
     bool UseCompressedOops                        = true                           {product lp64_product} {ergonomic}
     bool UseG1GC                                  = true                                      {product} {ergonomic}
     bool UseLargePagesIndividualAllocation        = false                                  {pd product} {ergonomic}

Logging:
Log output configuration:
 #0: stdout all=warning uptime,level,tags
 #1: stderr all=off uptime,level,tags

Environment Variables:
PATH=C:\Program Files\Common Files\Oracle\Java\javapath;C:\Program Files (x86)\Intel\TXE Components\iCLS\;C:\Program Files\Intel\TXE Components\iCLS\;C:\WINDOWS\system32;C:\WINDOWS;C:\WINDOWS\System32\Wbem;C:\WINDOWS\System32\WindowsPowerShell\v1.0\;C:\WINDOWS\System32\OpenSSH\;C:\Program Files\Intel\TXE Components\DAL\;C:\Program Files (x86)\Intel\TXE Components\DAL\;C:\Program Files\Intel\TXE Components\IPT\;C:\Program Files (x86)\Intel\TXE Components\IPT\;C:\Program Files\Microsoft\Web Platform Installer\;C:\Program Files (x86)\Microsoft ASP.NET\ASP.NET Web Pages\v1.0\;C:\Program Files\Microsoft SQL Server\110\Tools\Binn\;C:\Program Files\Git\cmd;C:\Users\LENOVO\AppData\Local\Microsoft\WindowsApps;;C:\Program Files\JetBrains\IntelliJ IDEA Community Edition 2021.3\bin;
USERNAME=LENOVO
OS=Windows_NT
PROCESSOR_IDENTIFIER=Intel64 Family 6 Model 122 Stepping 1, GenuineIntel



---------------  S Y S T E M  ---------------

OS:
 Windows 10 , 64 bit Build 19041 (10.0.19041.1348)
OS uptime: 0 days 1:50 hours

CPU: total 2 (initial active 2) (2 cores per cpu, 1 threads per core) family 6 model 122 stepping 1 microcode 0x36, cx8, cmov, fxsr, mmx, 3dnowpref, sse, sse2, sse3, ssse3, sse4.1, sse4.2, popcnt, tsc, tscinvbit, aes, erms, clmul, sha, clflush, clflushopt

Memory: 4k page, system-wide physical 3918M (302M free)
TotalPageFile size 3918M (AvailPageFile size 10M)
current process WorkingSet (physical memory assigned to process): 75M, peak: 75M
current process commit charge ("private bytes"): 101M, peak: 116M

vm_info: Java HotSpot(TM) 64-Bit Server VM (16.0.1+9-24) for windows-amd64 JRE (16.0.1+9-24), built on Mar 26 2021 19:31:42 by "mach5one" with MS VC++ 16.7 (VS2019)

END.
