#
# There is insufficient memory for the Java Runtime Environment to continue.
# Native memory allocation (mmap) failed to map 13631488 bytes for G1 virtual space
# Possible reasons:
#   The system is out of physical RAM or swap space
#   The process is running with CompressedOops enabled, and the Java Heap may be blocking the growth of the native heap
# Possible solutions:
#   Reduce memory load on the system
#   Increase physical memory or swap space
#   Check if swap backing store is full
#   Decrease Java heap size (-Xmx/-Xms)
#   Decrease number of Java threads
#   Decrease Java thread stack sizes (-Xss)
#   Set larger code cache with -XX:ReservedCodeCacheSize=
#   JVM is running with Unscaled Compressed Oops mode in which the Java heap is
#     placed in the first 4GB address space. The Java Heap base address is the
#     maximum limit for the native heap growth. Please use -XX:HeapBaseMinAddress
#     to set the Java Heap base and to place the Java Heap above 4GB virtual address.
# This output file may be truncated or incomplete.
#
#  Out of Memory Error (os_windows.cpp:3466), pid=7596, tid=9580
#
# JRE version: Java(TM) SE Runtime Environment (16.0.1+9) (build 16.0.1+9-24)
# Java VM: Java HotSpot(TM) 64-Bit Server VM (16.0.1+9-24, mixed mode, sharing, tiered, compressed oops, compressed class ptrs, g1 gc, windows-amd64)
# No core dump will be written. Minidumps are not enabled by default on client versions of Windows
#

---------------  S U M M A R Y ------------

Command Line: -Dapplication.home=C:\Program Files\Java\jdk-16.0.1 --add-modules=ALL-DEFAULT -Xms8m -Djdk.module.main=jdk.compiler jdk.compiler/com.sun.tools.javac.Main -d C:\Users\LENOVO\Documents\NetBeansProjects\Asistensi MD3\build\classes -classpath C:\Users\LENOVO\Documents\NetBeansProjects\Asistensi MD3\build\classes;E:\PRATIKUM PBO\Pertemuan 3\Bahan\mysql-connector-java-8.0.24.jar -sourcepath C:\Users\LENOVO\Documents\NetBeansProjects\Asistensi MD3\build\empty -target 16 -encoding UTF-8 -g -processorpath E:\PRATIKUM PBO\Pertemuan 3\Bahan\mysql-connector-java-8.0.24.jar;C:\Users\LENOVO\Documents\NetBeansProjects\Asistensi MD3\build\empty -s C:\Users\LENOVO\Documents\NetBeansProjects\Asistensi MD3\build\generated-sources\ap-source-output -source 16 C:\Users\LENOVO\Documents\NetBeansProjects\Asistensi MD3\src\Controller07277\AdminController07277.java C:\Users\LENOVO\Documents\NetBeansProjects\Asistensi MD3\src\Controller07277\AllObjectModel07277.java C:\Users\LENOVO\Documents\NetBeansProjects\Asistensi MD3\src\Controller07277\PendudukController07277.java C:\Users\LENOVO\Documents\NetBeansProjects\Asistensi MD3\src\Entity07277\AdminEntity0727707277.java C:\Users\LENOVO\Documents\NetBeansProjects\Asistensi MD3\src\Entity07277\PendudukEntity0727707277.java C:\Users\LENOVO\Documents\NetBeansProjects\Asistensi MD3\src\Entity07277\UserEntityAbstract07277.java C:\Users\LENOVO\Documents\NetBeansProjects\Asistensi MD3\src\GUI\DataPendGui.java C:\Users\LENOVO\Documents\NetBeansProjects\Asistensi MD3\src\GUI\DataPeroranganGui.java C:\Users\LENOVO\Documents\NetBeansProjects\Asistensi MD3\src\GUI\LoginAdminGui.java C:\Users\LENOVO\Documents\NetBeansProjects\Asistensi MD3\src\GUI\LoginGui.java C:\Users\LENOVO\Documents\NetBeansProjects\Asistensi MD3\src\GUI\MenuAdminGui.java C:\Users\LENOVO\Documents\NetBeansProjects\Asistensi MD3\src\GUI\RegisAdminGui.java C:\Users\LENOVO\Documents\NetBeansProjects\Asistensi MD3\src\GUI\RegisPendGui.java C:\Users\LENOVO\Documents\NetBeansProjects\Asistensi MD3\src\Helper07277\KoneksiDb07277.java C:\Users\LENOVO\Documents\NetBeansProjects\Asistensi MD3\src\Model07277\AdminModel0727707277.java C:\Users\LENOVO\Documents\NetBeansProjects\Asistensi MD3\src\Model07277\ModelAbstract07277.java C:\Users\LENOVO\Documents\NetBeansProjects\Asistensi MD3\src\Model07277\PendudukModel07277.java

Host: Intel(R) Celeron(R) N4000 CPU @ 1.10GHz, 2 cores, 3G,  Windows 10 , 64 bit Build 19041 (10.0.19041.1348)
Time: Wed Jan  5 06:03:02 2022 SE Asia Standard Time elapsed time: 2.902274 seconds (0d 0h 0m 2s)

---------------  T H R E A D  ---------------

Current thread (0x00000146663d0d40):  VMThread "VM Thread" [stack: 0x0000002d4e800000,0x0000002d4e900000] [id=9580]

Stack: [0x0000002d4e800000,0x0000002d4e900000]
Native frames: (J=compiled Java code, j=interpreted, Vv=VM code, C=native code)
V  [jvm.dll+0x6687ca]
V  [jvm.dll+0x7ca3c9]
V  [jvm.dll+0x7cbb53]
V  [jvm.dll+0x7cc1b3]
V  [jvm.dll+0x242ea5]
V  [jvm.dll+0x665589]
V  [jvm.dll+0x65a175]
V  [jvm.dll+0x2fc5ab]
V  [jvm.dll+0x3037a6]
V  [jvm.dll+0x352fee]
V  [jvm.dll+0x35321f]
V  [jvm.dll+0x2d3618]
V  [jvm.dll+0x2d11a5]
V  [jvm.dll+0x2d07dc]
V  [jvm.dll+0x3158c2]
V  [jvm.dll+0x7d05eb]
V  [jvm.dll+0x7d12e4]
V  [jvm.dll+0x7d17e9]
V  [jvm.dll+0x7d1aa4]
V  [jvm.dll+0x7d1b70]
V  [jvm.dll+0x779b4a]
V  [jvm.dll+0x667666]
C  [ucrtbase.dll+0x21bb2]
C  [KERNEL32.DLL+0x17034]
C  [ntdll.dll+0x52651]

VM_Operation (0x0000002d4e2fd380): G1CollectForAllocation, mode: safepoint, requested by thread 0x0000014666320be0


---------------  P R O C E S S  ---------------

Threads class SMR info:
_java_thread_list=0x000001467ef3b660, length=12, elements={
0x0000014666320be0, 0x00000146663db6e0, 0x00000146663dc1f0, 0x00000146663eea30,
0x00000146663ef540, 0x00000146663f07f0, 0x00000146663f4120, 0x00000146663f9250,
0x00000146663fdbc0, 0x000001467ee3ac00, 0x000001467ef26e50, 0x000001467ef4e590
}

Java Threads: ( => current thread )
  0x0000014666320be0 JavaThread "main" [_thread_blocked, id=8100, stack(0x0000002d4e200000,0x0000002d4e300000)]
  0x00000146663db6e0 JavaThread "Reference Handler" daemon [_thread_blocked, id=4308, stack(0x0000002d4e900000,0x0000002d4ea00000)]
  0x00000146663dc1f0 JavaThread "Finalizer" daemon [_thread_blocked, id=3100, stack(0x0000002d4ea00000,0x0000002d4eb00000)]
  0x00000146663eea30 JavaThread "Signal Dispatcher" daemon [_thread_blocked, id=5784, stack(0x0000002d4eb00000,0x0000002d4ec00000)]
  0x00000146663ef540 JavaThread "Attach Listener" daemon [_thread_blocked, id=8836, stack(0x0000002d4ec00000,0x0000002d4ed00000)]
  0x00000146663f07f0 JavaThread "Service Thread" daemon [_thread_blocked, id=204, stack(0x0000002d4ed00000,0x0000002d4ee00000)]
  0x00000146663f4120 JavaThread "Monitor Deflation Thread" daemon [_thread_blocked, id=12216, stack(0x0000002d4ee00000,0x0000002d4ef00000)]
  0x00000146663f9250 JavaThread "C2 CompilerThread0" daemon [_thread_blocked, id=5176, stack(0x0000002d4ef00000,0x0000002d4f000000)]
  0x00000146663fdbc0 JavaThread "C1 CompilerThread0" daemon [_thread_blocked, id=7492, stack(0x0000002d4f000000,0x0000002d4f100000)]
  0x000001467ee3ac00 JavaThread "Sweeper thread" daemon [_thread_blocked, id=2216, stack(0x0000002d4f100000,0x0000002d4f200000)]
  0x000001467ef26e50 JavaThread "Common-Cleaner" daemon [_thread_blocked, id=10704, stack(0x0000002d4f200000,0x0000002d4f300000)]
  0x000001467ef4e590 JavaThread "Notification Thread" daemon [_thread_blocked, id=9136, stack(0x0000002d4f300000,0x0000002d4f400000)]

Other Threads:
=>0x00000146663d0d40 VMThread "VM Thread" [stack: 0x0000002d4e800000,0x0000002d4e900000] [id=9580]
  0x000001467ef4eab0 WatcherThread [stack: 0x0000002d4f400000,0x0000002d4f500000] [id=8856]
  0x000001466634c230 GCTaskThread "GC Thread#0" [stack: 0x0000002d4e300000,0x0000002d4e400000] [id=10476]
  0x000001467fad9eb0 GCTaskThread "GC Thread#1" [stack: 0x0000002d4f500000,0x0000002d4f600000] [id=8108]
  0x0000014666356ac0 ConcurrentGCThread "G1 Main Marker" [stack: 0x0000002d4e400000,0x0000002d4e500000] [id=3840]
  0x00000146663582f0 ConcurrentGCThread "G1 Conc#0" [stack: 0x0000002d4e500000,0x0000002d4e600000] [id=10824]
  0x0000014666365dd0 ConcurrentGCThread "G1 Refine#0" [stack: 0x0000002d4e600000,0x0000002d4e700000] [id=6424]
  0x0000014666366600 ConcurrentGCThread "G1 Service" [stack: 0x0000002d4e700000,0x0000002d4e800000] [id=8884]

Threads with active compile tasks:
C2 CompilerThread0     2973 1545       4       jdk.internal.jimage.ImageLocation::getFullName (109 bytes)

VM state: at safepoint (normal execution)

VM Mutex/Monitor currently owned by a thread:  ([mutex/lock_event])
[0x000001466631c780] Threads_lock - owner thread: 0x00000146663d0d40
[0x000001466631b610] Heap_lock - owner thread: 0x0000014666320be0

Heap address: 0x00000000c2c00000, size: 980 MB, Compressed Oops mode: 32-bit

CDS archive(s) mapped at: [0x0000000800000000-0x0000000800bb0000-0x0000000800bb0000), size 12255232, SharedBaseAddress: 0x0000000800000000, ArchiveRelocationMode: 0.
Compressed class space mapped at: 0x0000000800c00000-0x0000000840c00000, reserved size: 1073741824
Narrow klass base: 0x0000000800000000, Narrow klass shift: 3, Narrow klass range: 0x100000000

GC Precious Log:
 CPUs: 2 total, 2 available
 Memory: 3918M
 Large Page Support: Disabled
 NUMA Support: Disabled
 Compressed Oops: Enabled (32-bit)
 Heap Region Size: 1M
 Heap Min Capacity: 8M
 Heap Initial Capacity: 8M
 Heap Max Capacity: 980M
 Pre-touch: Disabled
 Parallel Workers: 2
 Concurrent Workers: 1
 Concurrent Refinement Workers: 2
 Periodic GC: Disabled

Heap:
 garbage-first heap   total 15360K, used 7487K [0x00000000c2c00000, 0x0000000100000000)
  region size 1024K, 1 young (1024K), 1 survivors (1024K)
 Metaspace       used 9401K, committed 9600K, reserved 1064960K
  class space    used 1043K, committed 1088K, reserved 1048576K

Heap Regions: E=young(eden), S=young(survivor), O=old, HS=humongous(starts), HC=humongous(continues), CS=collection set, F=free, OA=open archive, CA=closed archive, TAMS=top-at-mark-start (previous, next)
|   0|0x00000000c2c00000, 0x00000000c2d00000, 0x00000000c2d00000|100%| O|  |TAMS 0x00000000c2d00000, 0x00000000c2c00000| Untracked 
|   1|0x00000000c2d00000, 0x00000000c2e00000, 0x00000000c2e00000|100%| O|  |TAMS 0x00000000c2e00000, 0x00000000c2d00000| Untracked 
|   2|0x00000000c2e00000, 0x00000000c2f00000, 0x00000000c2f00000|100%| O|  |TAMS 0x00000000c2f00000, 0x00000000c2e00000| Untracked 
|   3|0x00000000c2f00000, 0x00000000c3000000, 0x00000000c3000000|100%| O|  |TAMS 0x00000000c3000000, 0x00000000c2f00000| Untracked 
|   4|0x00000000c3000000, 0x00000000c3100000, 0x00000000c3100000|100%| O|  |TAMS 0x00000000c302b800, 0x00000000c3000000| Untracked 
|   5|0x00000000c3100000, 0x00000000c3200000, 0x00000000c3200000|100%| O|  |TAMS 0x00000000c3100000, 0x00000000c3100000| Untracked 
|   6|0x00000000c3200000, 0x00000000c328e200, 0x00000000c3300000| 55%| O|  |TAMS 0x00000000c3200000, 0x00000000c3200000| Untracked 
|   7|0x00000000c3300000, 0x00000000c3300000, 0x00000000c3400000|  0%| F|  |TAMS 0x00000000c3300000, 0x00000000c3300000| Untracked 
|   8|0x00000000c3400000, 0x00000000c3400000, 0x00000000c3500000|  0%| F|  |TAMS 0x00000000c3400000, 0x00000000c3400000| Untracked 
|   9|0x00000000c3500000, 0x00000000c3500000, 0x00000000c3600000|  0%| F|  |TAMS 0x00000000c3500000, 0x00000000c3500000| Untracked 
|  10|0x00000000c3600000, 0x00000000c3600000, 0x00000000c3700000|  0%| F|  |TAMS 0x00000000c3600000, 0x00000000c3600000| Untracked 
|  11|0x00000000c3700000, 0x00000000c37c1df0, 0x00000000c3800000| 75%| S|CS|TAMS 0x00000000c3700000, 0x00000000c3700000| Complete 
|  12|0x00000000c3800000, 0x00000000c3800000, 0x00000000c3900000|  0%| F|  |TAMS 0x00000000c3800000, 0x00000000c3800000| Untracked 
|  13|0x00000000c3900000, 0x00000000c3900000, 0x00000000c3a00000|  0%| F|  |TAMS 0x00000000c3900000, 0x00000000c3900000| Untracked 
|  14|0x00000000c3a00000, 0x00000000c3a00000, 0x00000000c3b00000|  0%| F|  |TAMS 0x00000000c3a00000, 0x00000000c3a00000| Untracked 

Card table byte_map: [0x0000014666000000,0x00000146661f0000] _byte_map_base: 0x00000146659ea000

Marking Bits (Prev, Next): (CMBitMap*) 0x000001466634e6b0, (CMBitMap*) 0x000001466634e670
 Prev Bits: [0x000001467dbe0000, 0x000001467eb30000)
 Next Bits: [0x000001467cc90000, 0x000001467dbe0000)

Polling page: 0x0000014664060000

Metaspace:

Usage:
  Non-class:      8.16 MB used.
      Class:      1.02 MB used.
       Both:      9.18 MB used.

Virtual space:
  Non-class space:       16.00 MB reserved,       8.31 MB ( 52%) committed,  2 nodes.
      Class space:        1.00 GB reserved,       1.06 MB ( <1%) committed,  1 nodes.
              Both:        1.02 GB reserved,       9.38 MB ( <1%) committed. 

Chunk freelists:
   Non-Class:  1.86 MB
       Class:  2.89 MB
        Both:  4.75 MB

MaxMetaspaceSize: 17179869184.00 GB
CompressedClassSpaceSize: 1.00 GB
 - commit_granule_bytes: 65536.
 - commit_granule_words: 8192.
 - virtual_space_node_default_size: 1048576.
 - enlarge_chunks_in_place: 1.
 - new_chunks_are_fully_committed: 0.
 - uncommit_free_chunks: 1.
 - use_allocation_guard: 0.
 - handle_deallocations: 1.


Internal statistics:

num_allocs_failed_limit: 0.
num_arena_births: 76.
num_arena_deaths: 0.
num_vsnodes_births: 3.
num_vsnodes_deaths: 0.
num_space_committed: 150.
num_space_uncommitted: 0.
num_chunks_returned_to_freelist: 0.
num_chunks_taken_from_freelist: 398.
num_chunk_merges: 0.
num_chunk_splits: 266.
num_chunks_enlarged: 201.
num_purges: 0.

CodeHeap 'non-profiled nmethods': size=120064Kb used=460Kb max_used=460Kb free=119603Kb
 bounds [0x0000014675560000, 0x00000146757d0000, 0x000001467caa0000]
CodeHeap 'profiled nmethods': size=120000Kb used=3063Kb max_used=3063Kb free=116936Kb
 bounds [0x000001466e030000, 0x000001466e330000, 0x0000014675560000]
CodeHeap 'non-nmethods': size=5696Kb used=1164Kb max_used=1191Kb free=4531Kb
 bounds [0x000001466daa0000, 0x000001466dd10000, 0x000001466e030000]
 total_blobs=2017 nmethods=1571 adapters=359
 compilation: enabled
              stopped_count=0, restarted_count=0
 full_count=0

Compilation events (20 events):
Event: 2.887 Thread 0x00000146663fdbc0 1571       2       com.sun.tools.javac.util.List::length (24 bytes)
Event: 2.887 Thread 0x00000146663fdbc0 nmethod 1571 0x000001466e32b310 code [0x000001466e32b4a0, 0x000001466e32b618]
Event: 2.887 Thread 0x00000146663fdbc0 1572       2       com.sun.tools.javac.util.List::size (5 bytes)
Event: 2.887 Thread 0x00000146663fdbc0 nmethod 1572 0x000001466e32b710 code [0x000001466e32b8a0, 0x000001466e32ba18]
Event: 2.888 Thread 0x00000146663fdbc0 1573       2       com.sun.tools.javac.tree.JCTree$JCVariableDecl::isImplicitlyTyped (13 bytes)
Event: 2.888 Thread 0x00000146663fdbc0 nmethod 1573 0x000001466e32bb10 code [0x000001466e32bca0, 0x000001466e32bdb8]
Event: 2.889 Thread 0x00000146663fdbc0 1574       2       com.sun.tools.javac.comp.Attr::pt (8 bytes)
Event: 2.889 Thread 0x00000146663fdbc0 nmethod 1574 0x000001466e32be90 code [0x000001466e32c020, 0x000001466e32c138]
Event: 2.890 Thread 0x00000146663fdbc0 1575       2       java.util.RegularEnumSet::add (9 bytes)
Event: 2.890 Thread 0x00000146663fdbc0 nmethod 1575 0x000001466e32c210 code [0x000001466e32c3c0, 0x000001466e32c528]
Event: 2.890 Thread 0x00000146663fdbc0 1576       2       java.util.RegularEnumSet::add (40 bytes)
Event: 2.890 Thread 0x00000146663fdbc0 nmethod 1576 0x000001466e32c610 code [0x000001466e32c7c0, 0x000001466e32c948]
Event: 2.890 Thread 0x00000146663fdbc0 1577       2       com.sun.tools.javac.code.Symbol$PackageSymbol::members (9 bytes)
Event: 2.891 Thread 0x00000146663fdbc0 nmethod 1577 0x000001466e32ca10 code [0x000001466e32cbc0, 0x000001466e32cd88]
Event: 2.891 Thread 0x00000146663fdbc0 1578       2       com.sun.tools.javac.tree.JCTree$JCImport::getTag (4 bytes)
Event: 2.891 Thread 0x00000146663fdbc0 nmethod 1578 0x000001466e32ce90 code [0x000001466e32d020, 0x000001466e32d138]
Event: 2.892 Thread 0x00000146663fdbc0 1579       2       java.util.stream.AbstractPipeline::evaluate (94 bytes)
Event: 2.892 Thread 0x00000146663fdbc0 nmethod 1579 0x000001466e32d210 code [0x000001466e32d420, 0x000001466e32d748]
Event: 2.893 Thread 0x00000146663fdbc0 1580       2       com.sun.tools.javac.code.Scope$WriteableScope::create (9 bytes)
Event: 2.893 Thread 0x00000146663fdbc0 nmethod 1580 0x000001466e32d910 code [0x000001466e32dac0, 0x000001466e32dce8]

GC Heap History (20 events):
Event: 1.786 GC heap after
{Heap after GC invocations=5 (full 0):
 garbage-first heap   total 8192K, used 2571K [0x00000000c2c00000, 0x0000000100000000)
  region size 1024K, 1 young (1024K), 1 survivors (1024K)
 Metaspace       used 7766K, committed 7936K, reserved 1064960K
  class space    used 864K, committed 960K, reserved 1048576K
}
Event: 1.950 GC heap before
{Heap before GC invocations=5 (full 0):
 garbage-first heap   total 8192K, used 3595K [0x00000000c2c00000, 0x0000000100000000)
  region size 1024K, 2 young (2048K), 1 survivors (1024K)
 Metaspace       used 7926K, committed 8128K, reserved 1064960K
  class space    used 883K, committed 960K, reserved 1048576K
}
Event: 1.955 GC heap after
{Heap after GC invocations=6 (full 0):
 garbage-first heap   total 10240K, used 2796K [0x00000000c2c00000, 0x0000000100000000)
  region size 1024K, 1 young (1024K), 1 survivors (1024K)
 Metaspace       used 7926K, committed 8128K, reserved 1064960K
  class space    used 883K, committed 960K, reserved 1048576K
}
Event: 2.226 GC heap before
{Heap before GC invocations=6 (full 0):
 garbage-first heap   total 10240K, used 4844K [0x00000000c2c00000, 0x0000000100000000)
  region size 1024K, 3 young (3072K), 1 survivors (1024K)
 Metaspace       used 8558K, committed 8704K, reserved 1064960K
  class space    used 952K, committed 1024K, reserved 1048576K
}
Event: 2.233 GC heap after
{Heap after GC invocations=7 (full 0):
 garbage-first heap   total 10240K, used 3455K [0x00000000c2c00000, 0x0000000100000000)
  region size 1024K, 1 young (1024K), 1 survivors (1024K)
 Metaspace       used 8558K, committed 8704K, reserved 1064960K
  class space    used 952K, committed 1024K, reserved 1048576K
}
Event: 2.443 GC heap before
{Heap before GC invocations=7 (full 0):
 garbage-first heap   total 10240K, used 5503K [0x00000000c2c00000, 0x0000000100000000)
  region size 1024K, 3 young (3072K), 1 survivors (1024K)
 Metaspace       used 8931K, committed 9024K, reserved 1064960K
  class space    used 998K, committed 1024K, reserved 1048576K
}
Event: 2.447 GC heap after
{Heap after GC invocations=8 (full 0):
 garbage-first heap   total 10240K, used 4318K [0x00000000c2c00000, 0x0000000100000000)
  region size 1024K, 1 young (1024K), 1 survivors (1024K)
 Metaspace       used 8931K, committed 9024K, reserved 1064960K
  class space    used 998K, committed 1024K, reserved 1048576K
}
Event: 2.487 GC heap before
{Heap before GC invocations=8 (full 0):
 garbage-first heap   total 10240K, used 5342K [0x00000000c2c00000, 0x0000000100000000)
  region size 1024K, 2 young (2048K), 1 survivors (1024K)
 Metaspace       used 8979K, committed 9088K, reserved 1064960K
  class space    used 1001K, committed 1024K, reserved 1048576K
}
Event: 2.492 GC heap after
{Heap after GC invocations=9 (full 0):
 garbage-first heap   total 10240K, used 4481K [0x00000000c2c00000, 0x0000000100000000)
  region size 1024K, 1 young (1024K), 1 survivors (1024K)
 Metaspace       used 8979K, committed 9088K, reserved 1064960K
  class space    used 1001K, committed 1024K, reserved 1048576K
}
Event: 2.505 GC heap before
{Heap before GC invocations=9 (full 0):
 garbage-first heap   total 10240K, used 5505K [0x00000000c2c00000, 0x0000000100000000)
  region size 1024K, 2 young (2048K), 1 survivors (1024K)
 Metaspace       used 8996K, committed 9088K, reserved 1064960K
  class space    used 1001K, committed 1024K, reserved 1048576K
}
Event: 2.506 GC heap after
{Heap after GC invocations=10 (full 0):
 garbage-first heap   total 15360K, used 4550K [0x00000000c2c00000, 0x0000000100000000)
  region size 1024K, 1 young (1024K), 1 survivors (1024K)
 Metaspace       used 8996K, committed 9088K, reserved 1064960K
  class space    used 1001K, committed 1024K, reserved 1048576K
}
Event: 2.703 GC heap before
{Heap before GC invocations=11 (full 0):
 garbage-first heap   total 15360K, used 7622K [0x00000000c2c00000, 0x0000000100000000)
  region size 1024K, 4 young (4096K), 1 survivors (1024K)
 Metaspace       used 9296K, committed 9408K, reserved 1064960K
  class space    used 1037K, committed 1088K, reserved 1048576K
}
Event: 2.707 GC heap after
{Heap after GC invocations=12 (full 0):
 garbage-first heap   total 15360K, used 5119K [0x00000000c2c00000, 0x0000000100000000)
  region size 1024K, 1 young (1024K), 1 survivors (1024K)
 Metaspace       used 9296K, committed 9408K, reserved 1064960K
  class space    used 1037K, committed 1088K, reserved 1048576K
}
Event: 2.775 GC heap before
{Heap before GC invocations=12 (full 0):
 garbage-first heap   total 15360K, used 8191K [0x00000000c2c00000, 0x0000000100000000)
  region size 1024K, 4 young (4096K), 1 survivors (1024K)
 Metaspace       used 9343K, committed 9472K, reserved 1064960K
  class space    used 1038K, committed 1088K, reserved 1048576K
}
Event: 2.783 GC heap after
{Heap after GC invocations=13 (full 0):
 garbage-first heap   total 15360K, used 5730K [0x00000000c2c00000, 0x0000000100000000)
  region size 1024K, 1 young (1024K), 1 survivors (1024K)
 Metaspace       used 9343K, committed 9472K, reserved 1064960K
  class space    used 1038K, committed 1088K, reserved 1048576K
}
Event: 2.805 GC heap before
{Heap before GC invocations=13 (full 0):
 garbage-first heap   total 15360K, used 8802K [0x00000000c2c00000, 0x0000000100000000)
  region size 1024K, 4 young (4096K), 1 survivors (1024K)
 Metaspace       used 9346K, committed 9472K, reserved 1064960K
  class space    used 1038K, committed 1088K, reserved 1048576K
}
Event: 2.808 GC heap after
{Heap after GC invocations=14 (full 0):
 garbage-first heap   total 15360K, used 6216K [0x00000000c2c00000, 0x0000000100000000)
  region size 1024K, 1 young (1024K), 1 survivors (1024K)
 Metaspace       used 9346K, committed 9472K, reserved 1064960K
  class space    used 1038K, committed 1088K, reserved 1048576K
}
Event: 2.864 GC heap before
{Heap before GC invocations=14 (full 0):
 garbage-first heap   total 15360K, used 9288K [0x00000000c2c00000, 0x0000000100000000)
  region size 1024K, 4 young (4096K), 1 survivors (1024K)
 Metaspace       used 9396K, committed 9600K, reserved 1064960K
  class space    used 1043K, committed 1088K, reserved 1048576K
}
Event: 2.867 GC heap after
{Heap after GC invocations=15 (full 0):
 garbage-first heap   total 15360K, used 6783K [0x00000000c2c00000, 0x0000000100000000)
  region size 1024K, 1 young (1024K), 1 survivors (1024K)
 Metaspace       used 9396K, committed 9600K, reserved 1064960K
  class space    used 1043K, committed 1088K, reserved 1048576K
}
Event: 2.895 GC heap before
{Heap before GC invocations=15 (full 0):
 garbage-first heap   total 15360K, used 9855K [0x00000000c2c00000, 0x0000000100000000)
  region size 1024K, 4 young (4096K), 1 survivors (1024K)
 Metaspace       used 9401K, committed 9600K, reserved 1064960K
  class space    used 1043K, committed 1088K, reserved 1048576K
}

Deoptimization events (20 events):
Event: 2.702 Thread 0x0000014666320be0 Uncommon trap: trap_request=0xffffffbe fr.pc=0x00000146755c63f8 relative=0x0000000000000a18
Event: 2.702 Thread 0x0000014666320be0 Uncommon trap: reason=profile_predicate action=maybe_recompile pc=0x00000146755c63f8 method=jdk.internal.jimage.ImageStringsReader.charsFromByteBuffer([CLjava/nio/ByteBuffer;)V @ 6 c2
Event: 2.702 Thread 0x0000014666320be0 DEOPT PACKING pc=0x00000146755c63f8 sp=0x0000002d4e2fca70
Event: 2.702 Thread 0x0000014666320be0 DEOPT UNPACKING pc=0x000001466daed728 sp=0x0000002d4e2fc948 mode 2
Event: 2.702 Thread 0x0000014666320be0 Uncommon trap: trap_request=0xffffffbe fr.pc=0x00000146755c63f8 relative=0x0000000000000a18
Event: 2.702 Thread 0x0000014666320be0 Uncommon trap: reason=profile_predicate action=maybe_recompile pc=0x00000146755c63f8 method=jdk.internal.jimage.ImageStringsReader.charsFromByteBuffer([CLjava/nio/ByteBuffer;)V @ 6 c2
Event: 2.702 Thread 0x0000014666320be0 DEOPT PACKING pc=0x00000146755c63f8 sp=0x0000002d4e2fc980
Event: 2.702 Thread 0x0000014666320be0 DEOPT UNPACKING pc=0x000001466daed728 sp=0x0000002d4e2fc858 mode 2
Event: 2.703 Thread 0x0000014666320be0 Uncommon trap: trap_request=0xffffffbe fr.pc=0x00000146755c63f8 relative=0x0000000000000a18
Event: 2.703 Thread 0x0000014666320be0 Uncommon trap: reason=profile_predicate action=maybe_recompile pc=0x00000146755c63f8 method=jdk.internal.jimage.ImageStringsReader.charsFromByteBuffer([CLjava/nio/ByteBuffer;)V @ 6 c2
Event: 2.703 Thread 0x0000014666320be0 DEOPT PACKING pc=0x00000146755c63f8 sp=0x0000002d4e2fc8c0
Event: 2.703 Thread 0x0000014666320be0 DEOPT UNPACKING pc=0x000001466daed728 sp=0x0000002d4e2fc798 mode 2
Event: 2.703 Thread 0x0000014666320be0 Uncommon trap: trap_request=0xffffffbe fr.pc=0x00000146755c63f8 relative=0x0000000000000a18
Event: 2.703 Thread 0x0000014666320be0 Uncommon trap: reason=profile_predicate action=maybe_recompile pc=0x00000146755c63f8 method=jdk.internal.jimage.ImageStringsReader.charsFromByteBuffer([CLjava/nio/ByteBuffer;)V @ 6 c2
Event: 2.703 Thread 0x0000014666320be0 DEOPT PACKING pc=0x00000146755c63f8 sp=0x0000002d4e2fc8c0
Event: 2.703 Thread 0x0000014666320be0 DEOPT UNPACKING pc=0x000001466daed728 sp=0x0000002d4e2fc798 mode 2
Event: 2.878 Thread 0x0000014666320be0 Uncommon trap: trap_request=0xffffff45 fr.pc=0x00000146755cbdac relative=0x00000000000009ec
Event: 2.878 Thread 0x0000014666320be0 Uncommon trap: reason=unstable_if action=reinterpret pc=0x00000146755cbdac method=com.sun.tools.javac.util.ArrayUtils.ensureCapacity([BI)[B @ 3 c2
Event: 2.879 Thread 0x0000014666320be0 DEOPT PACKING pc=0x00000146755cbdac sp=0x0000002d4e2fdd60
Event: 2.879 Thread 0x0000014666320be0 DEOPT UNPACKING pc=0x000001466daed728 sp=0x0000002d4e2fdc88 mode 2

Classes unloaded (0 events):
No events

Classes redefined (0 events):
No events

Internal exceptions (20 events):
Event: 2.430 Thread 0x0000014666320be0 Exception <a 'sun/nio/fs/WindowsException'{0x00000000c3498510}> (0x00000000c3498510) 
thrown [t:\workspace\open\src\hotspot\share\prims\jni.cpp, line 579]
Event: 2.433 Thread 0x0000014666320be0 Exception <a 'sun/nio/fs/WindowsException'{0x00000000c349e848}> (0x00000000c349e848) 
thrown [t:\workspace\open\src\hotspot\share\prims\jni.cpp, line 579]
Event: 2.434 Thread 0x0000014666320be0 Exception <a 'sun/nio/fs/WindowsException'{0x00000000c349eb68}> (0x00000000c349eb68) 
thrown [t:\workspace\open\src\hotspot\share\prims\jni.cpp, line 579]
Event: 2.434 Thread 0x0000014666320be0 Exception <a 'sun/nio/fs/WindowsException'{0x00000000c349f690}> (0x00000000c349f690) 
thrown [t:\workspace\open\src\hotspot\share\prims\jni.cpp, line 579]
Event: 2.434 Thread 0x0000014666320be0 Exception <a 'sun/nio/fs/WindowsException'{0x00000000c349f9a8}> (0x00000000c349f9a8) 
thrown [t:\workspace\open\src\hotspot\share\prims\jni.cpp, line 579]
Event: 2.435 Thread 0x0000014666320be0 Exception <a 'sun/nio/fs/WindowsException'{0x00000000c34a1668}> (0x00000000c34a1668) 
thrown [t:\workspace\open\src\hotspot\share\prims\jni.cpp, line 579]
Event: 2.435 Thread 0x0000014666320be0 Exception <a 'sun/nio/fs/WindowsException'{0x00000000c34a1988}> (0x00000000c34a1988) 
thrown [t:\workspace\open\src\hotspot\share\prims\jni.cpp, line 579]
Event: 2.436 Thread 0x0000014666320be0 Exception <a 'sun/nio/fs/WindowsException'{0x00000000c34a24b0}> (0x00000000c34a24b0) 
thrown [t:\workspace\open\src\hotspot\share\prims\jni.cpp, line 579]
Event: 2.436 Thread 0x0000014666320be0 Exception <a 'sun/nio/fs/WindowsException'{0x00000000c34a27c0}> (0x00000000c34a27c0) 
thrown [t:\workspace\open\src\hotspot\share\prims\jni.cpp, line 579]
Event: 2.582 Thread 0x0000014666320be0 Exception <a 'java/lang/NoSuchMethodError'{0x00000000c3ac6918}: 'java.lang.Object java.lang.invoke.DirectMethodHandle$Holder.invokeStatic(java.lang.Object, java.lang.Object, int, int)'> (0x00000000c3ac6918) 
thrown [t:\workspace\open\src\hotspot\share\interpreter\linkResolver.cpp, line 790]
Event: 2.584 Thread 0x0000014666320be0 Exception <a 'java/lang/NoSuchMethodError'{0x00000000c3ad2e20}: 'int java.lang.invoke.DirectMethodHandle$Holder.invokeSpecial(java.lang.Object, java.lang.Object, java.lang.Object)'> (0x00000000c3ad2e20) 
thrown [t:\workspace\open\src\hotspot\share\interpreter\linkResolver.cpp, line 790]
Event: 2.701 Thread 0x0000014666320be0 Exception <a 'sun/nio/fs/WindowsException'{0x00000000c38f3978}> (0x00000000c38f3978) 
thrown [t:\workspace\open\src\hotspot\share\prims\jni.cpp, line 579]
Event: 2.701 Thread 0x0000014666320be0 Exception <a 'sun/nio/fs/WindowsException'{0x00000000c38f3c70}> (0x00000000c38f3c70) 
thrown [t:\workspace\open\src\hotspot\share\prims\jni.cpp, line 579]
Event: 2.701 Thread 0x0000014666320be0 Exception <a 'sun/nio/fs/WindowsException'{0x00000000c38f5210}> (0x00000000c38f5210) 
thrown [t:\workspace\open\src\hotspot\share\prims\jni.cpp, line 579]
Event: 2.701 Thread 0x0000014666320be0 Exception <a 'sun/nio/fs/WindowsException'{0x00000000c38f5500}> (0x00000000c38f5500) 
thrown [t:\workspace\open\src\hotspot\share\prims\jni.cpp, line 579]
Event: 2.821 Thread 0x0000014666320be0 Exception <a 'java/lang/NoSuchMethodError'{0x00000000c3a5cb98}: 'void java.lang.invoke.DirectMethodHandle$Holder.invokeSpecial(java.lang.Object, java.lang.Object, java.lang.Object, java.lang.Object, java.lang.Object)'> (0x00000000c3a5cb98) 
thrown [t:\workspace\open\src\hotspot\share\interpreter\linkResolver.cpp, line 790]
Event: 2.844 Thread 0x0000014666320be0 Exception <a 'sun/nio/fs/WindowsException'{0x00000000c3a858a0}> (0x00000000c3a858a0) 
thrown [t:\workspace\open\src\hotspot\share\prims\jni.cpp, line 579]
Event: 2.844 Thread 0x0000014666320be0 Exception <a 'sun/nio/fs/WindowsException'{0x00000000c3a85ba0}> (0x00000000c3a85ba0) 
thrown [t:\workspace\open\src\hotspot\share\prims\jni.cpp, line 579]
Event: 2.844 Thread 0x0000014666320be0 Exception <a 'sun/nio/fs/WindowsException'{0x00000000c3a86bf0}> (0x00000000c3a86bf0) 
thrown [t:\workspace\open\src\hotspot\share\prims\jni.cpp, line 579]
Event: 2.844 Thread 0x0000014666320be0 Exception <a 'sun/nio/fs/WindowsException'{0x00000000c3a86ee0}> (0x00000000c3a86ee0) 
thrown [t:\workspace\open\src\hotspot\share\prims\jni.cpp, line 579]

Events (20 events):
Event: 2.506 Executing  VM operation: G1CollectForAllocation done
Event: 2.518 Executing  VM operation: G1Concurrent
Event: 2.523 Executing  VM operation: G1Concurrent done
Event: 2.528 Executing  VM operation: G1Concurrent
Event: 2.528 Executing  VM operation: G1Concurrent done
Event: 2.592 loading class jdk/internal/jimage/ImageReader$LinkNode
Event: 2.592 loading class jdk/internal/jimage/ImageReader$LinkNode done
Event: 2.593 Executing  VM operation: HandshakeAllThreads
Event: 2.593 Executing  VM operation: HandshakeAllThreads done
Event: 2.627 loading class java/lang/invoke/MethodHandle$1
Event: 2.627 loading class java/lang/invoke/MethodHandle$1 done
Event: 2.703 Executing  VM operation: G1CollectForAllocation
Event: 2.708 Executing  VM operation: G1CollectForAllocation done
Event: 2.775 Executing  VM operation: G1CollectForAllocation
Event: 2.783 Executing  VM operation: G1CollectForAllocation done
Event: 2.805 Executing  VM operation: G1CollectForAllocation
Event: 2.808 Executing  VM operation: G1CollectForAllocation done
Event: 2.864 Executing  VM operation: G1CollectForAllocation
Event: 2.868 Executing  VM operation: G1CollectForAllocation done
Event: 2.895 Executing  VM operation: G1CollectForAllocation


Dynamic libraries:
0x00007ff65f9c0000 - 0x00007ff65f9c8000 	C:\Program Files\Java\jdk-16.0.1\bin\javac.exe
0x00007fff2b190000 - 0x00007fff2b385000 	C:\WINDOWS\SYSTEM32\ntdll.dll
0x00007fff2a610000 - 0x00007fff2a6ce000 	C:\WINDOWS\System32\KERNEL32.DLL
0x00007fff28e70000 - 0x00007fff29138000 	C:\WINDOWS\System32\KERNELBASE.dll
0x00007fff28c00000 - 0x00007fff28d00000 	C:\WINDOWS\System32\ucrtbase.dll
0x00007fff24010000 - 0x00007fff24029000 	C:\Program Files\Java\jdk-16.0.1\bin\VCRUNTIME140.dll
0x00007fff221b0000 - 0x00007fff221c8000 	C:\Program Files\Java\jdk-16.0.1\bin\jli.dll
0x00007fff29ae0000 - 0x00007fff29b8c000 	C:\WINDOWS\System32\ADVAPI32.dll
0x00007fff2a760000 - 0x00007fff2a7fe000 	C:\WINDOWS\System32\msvcrt.dll
0x00007fff292c0000 - 0x00007fff2935b000 	C:\WINDOWS\System32\sechost.dll
0x00007fff2a4e0000 - 0x00007fff2a60a000 	C:\WINDOWS\System32\RPCRT4.dll
0x00007fff29930000 - 0x00007fff29ad1000 	C:\WINDOWS\System32\USER32.dll
0x00007fff28ad0000 - 0x00007fff28af2000 	C:\WINDOWS\System32\win32u.dll
0x00007fff2a6d0000 - 0x00007fff2a6fb000 	C:\WINDOWS\System32\GDI32.dll
0x00007fff28d00000 - 0x00007fff28e0b000 	C:\WINDOWS\System32\gdi32full.dll
0x00007fff29140000 - 0x00007fff291dd000 	C:\WINDOWS\System32\msvcp_win.dll
0x00007fff12720000 - 0x00007fff129ba000 	C:\WINDOWS\WinSxS\amd64_microsoft.windows.common-controls_6595b64144ccf1df_6.0.19041.1110_none_60b5254171f9507e\COMCTL32.dll
0x00007fff1bf40000 - 0x00007fff1bf4a000 	C:\WINDOWS\SYSTEM32\VERSION.dll
0x00007fff2b0c0000 - 0x00007fff2b0f0000 	C:\WINDOWS\System32\IMM32.DLL
0x00007fff23fd0000 - 0x00007fff23fdc000 	C:\Program Files\Java\jdk-16.0.1\bin\vcruntime140_1.dll
0x00007fff06be0000 - 0x00007fff06c71000 	C:\Program Files\Java\jdk-16.0.1\bin\msvcp140.dll
0x00007ffed85d0000 - 0x00007ffed917b000 	C:\Program Files\Java\jdk-16.0.1\bin\server\jvm.dll
0x00007fff29b90000 - 0x00007fff29b98000 	C:\WINDOWS\System32\PSAPI.DLL
0x00007fff25c70000 - 0x00007fff25c79000 	C:\WINDOWS\SYSTEM32\WSOCK32.dll
0x00007fff2a350000 - 0x00007fff2a3bb000 	C:\WINDOWS\System32\WS2_32.dll
0x00007fff0aa20000 - 0x00007fff0aa47000 	C:\WINDOWS\SYSTEM32\WINMM.dll
0x00007fff26990000 - 0x00007fff269a2000 	C:\WINDOWS\SYSTEM32\kernel.appcore.dll
0x00007fff22930000 - 0x00007fff2293a000 	C:\Program Files\Java\jdk-16.0.1\bin\jimage.dll
0x00007fff26780000 - 0x00007fff26964000 	C:\WINDOWS\SYSTEM32\DBGHELP.DLL
0x00007fff11810000 - 0x00007fff1183c000 	C:\WINDOWS\SYSTEM32\dbgcore.DLL
0x00007fff288e0000 - 0x00007fff28963000 	C:\WINDOWS\System32\bcryptPrimitives.dll
0x00007fff1c730000 - 0x00007fff1c755000 	C:\Program Files\Java\jdk-16.0.1\bin\java.dll
0x00007fff29c10000 - 0x00007fff2a34f000 	C:\WINDOWS\System32\SHELL32.dll
0x00007fff269b0000 - 0x00007fff27140000 	C:\WINDOWS\SYSTEM32\windows.storage.dll
0x00007fff2a890000 - 0x00007fff2abe5000 	C:\WINDOWS\System32\combase.dll
0x00007fff28290000 - 0x00007fff282be000 	C:\WINDOWS\SYSTEM32\Wldp.dll
0x00007fff29880000 - 0x00007fff2992d000 	C:\WINDOWS\System32\SHCORE.dll
0x00007fff2abf0000 - 0x00007fff2ac45000 	C:\WINDOWS\System32\shlwapi.dll
0x00007fff287f0000 - 0x00007fff2880f000 	C:\WINDOWS\SYSTEM32\profapi.dll
0x00007fff1c780000 - 0x00007fff1c799000 	C:\Program Files\Java\jdk-16.0.1\bin\net.dll
0x00007fff1a3f0000 - 0x00007fff1a4fc000 	C:\WINDOWS\SYSTEM32\WINHTTP.dll
0x00007fff27f90000 - 0x00007fff27ffa000 	C:\WINDOWS\system32\mswsock.dll
0x00007fff1b680000 - 0x00007fff1b693000 	C:\Program Files\Java\jdk-16.0.1\bin\nio.dll
0x00007fff126b0000 - 0x00007fff126c8000 	C:\Program Files\Java\jdk-16.0.1\bin\zip.dll

dbghelp: loaded successfully - version: 4.0.5 - missing functions: none
symbol engine: initialized successfully - sym options: 0x614 - pdb path: .;C:\Program Files\Java\jdk-16.0.1\bin;C:\WINDOWS\SYSTEM32;C:\WINDOWS\WinSxS\amd64_microsoft.windows.common-controls_6595b64144ccf1df_6.0.19041.1110_none_60b5254171f9507e;C:\Program Files\Java\jdk-16.0.1\bin\server

VM Arguments:
jvm_args: -Dapplication.home=C:\Program Files\Java\jdk-16.0.1 --add-modules=ALL-DEFAULT -Xms8m -Djdk.module.main=jdk.compiler 
java_command: jdk.compiler/com.sun.tools.javac.Main -d C:\Users\LENOVO\Documents\NetBeansProjects\Asistensi MD3\build\classes -classpath C:\Users\LENOVO\Documents\NetBeansProjects\Asistensi MD3\build\classes;E:\PRATIKUM PBO\Pertemuan 3\Bahan\mysql-connector-java-8.0.24.jar -sourcepath C:\Users\LENOVO\Documents\NetBeansProjects\Asistensi MD3\build\empty -target 16 -encoding UTF-8 -g -processorpath E:\PRATIKUM PBO\Pertemuan 3\Bahan\mysql-connector-java-8.0.24.jar;C:\Users\LENOVO\Documents\NetBeansProjects\Asistensi MD3\build\empty -s C:\Users\LENOVO\Documents\NetBeansProjects\Asistensi MD3\build\generated-sources\ap-source-output -source 16 C:\Users\LENOVO\Documents\NetBeansProjects\Asistensi MD3\src\Controller07277\AdminController07277.java C:\Users\LENOVO\Documents\NetBeansProjects\Asistensi MD3\src\Controller07277\AllObjectModel07277.java C:\Users\LENOVO\Documents\NetBeansProjects\Asistensi MD3\src\Controller07277\PendudukController07277.java C:\Users\LENOVO\Documents\NetBeansProjects\Asistensi MD3\src\Entity07277\AdminEntity0727707277.java C:\Users\LENOVO\Documents\NetBeansProjects\Asistensi MD3\src\Entity07277\PendudukEntity0727707277.java C:\Users\LENOVO\Documents\NetBeansProjects\Asistensi MD3\src\Entity07277\UserEntityAbstract07277.java C:\Users\LENOVO\Documents\NetBeansProjects\Asistensi MD3\src\GUI\DataPendGui.java C:\Users\LENOVO\Documents\NetBeansProjects\Asistensi MD3\src\GUI\DataPeroranganGui.java C:\Users\LENOVO\Documents\NetBeansProjects\Asistensi MD3\src\GUI\LoginAdminGui.java C:\Users\LENOVO\Documents\NetBeansProjects\Asistensi MD3\src\GUI\LoginGui.java C:\Users\LENOVO\Documents\NetBeansProjects\Asistensi MD3\src\GUI\MenuAdminGui.java C:\Users\LENOVO\Documents\NetBeansProjects\Asistensi MD3\src\GUI\RegisAdminGui.java C:\Users\LENOVO\Documents\NetBeansProjects\Asistensi MD3\src\GUI\RegisPendGui.java C:\Users\LENOVO\Documents\NetBeansProjects\Asistensi MD3\src\Helper07277\KoneksiDb07277.java C:\Users\LENOVO\Documents\NetBeansProjects\Asistensi MD3\sr
java_class_path (initial): <not set>
Launcher Type: SUN_STANDARD

[Global flags]
     intx CICompilerCount                          = 2                                         {product} {ergonomic}
     uint ConcGCThreads                            = 1                                         {product} {ergonomic}
     uint G1ConcRefinementThreads                  = 2                                         {product} {ergonomic}
   size_t G1HeapRegionSize                         = 1048576                                   {product} {ergonomic}
    uintx GCDrainStackTargetSize                   = 64                                        {product} {ergonomic}
   size_t InitialHeapSize                          = 8388608                                   {product} {command line}
   size_t MarkStackSize                            = 4194304                                   {product} {ergonomic}
   size_t MaxHeapSize                              = 1027604480                                {product} {ergonomic}
   size_t MaxNewSize                               = 616562688                                 {product} {ergonomic}
   size_t MinHeapDeltaBytes                        = 1048576                                   {product} {ergonomic}
   size_t MinHeapSize                              = 8388608                                   {product} {command line}
    uintx NonNMethodCodeHeapSize                   = 5826188                                {pd product} {ergonomic}
    uintx NonProfiledCodeHeapSize                  = 122916026                              {pd product} {ergonomic}
    uintx ProfiledCodeHeapSize                     = 122916026                              {pd product} {ergonomic}
    uintx ReservedCodeCacheSize                    = 251658240                              {pd product} {ergonomic}
     bool SegmentedCodeCache                       = true                                      {product} {ergonomic}
   size_t SoftMaxHeapSize                          = 1027604480                             {manageable} {ergonomic}
     bool UseCompressedClassPointers               = true                           {product lp64_product} {ergonomic}
     bool UseCompressedOops                        = true                           {product lp64_product} {ergonomic}
     bool UseG1GC                                  = true                                      {product} {ergonomic}
     bool UseLargePagesIndividualAllocation        = false                                  {pd product} {ergonomic}

Logging:
Log output configuration:
 #0: stdout all=warning uptime,level,tags
 #1: stderr all=off uptime,level,tags

Environment Variables:
PATH=C:\Program Files\Common Files\Oracle\Java\javapath;C:\Program Files (x86)\Intel\TXE Components\iCLS\;C:\Program Files\Intel\TXE Components\iCLS\;C:\WINDOWS\system32;C:\WINDOWS;C:\WINDOWS\System32\Wbem;C:\WINDOWS\System32\WindowsPowerShell\v1.0\;C:\WINDOWS\System32\OpenSSH\;C:\Program Files\Intel\TXE Components\DAL\;C:\Program Files (x86)\Intel\TXE Components\DAL\;C:\Program Files\Intel\TXE Components\IPT\;C:\Program Files (x86)\Intel\TXE Components\IPT\;C:\Program Files\Microsoft\Web Platform Installer\;C:\Program Files (x86)\Microsoft ASP.NET\ASP.NET Web Pages\v1.0\;C:\Program Files\Microsoft SQL Server\110\Tools\Binn\;C:\Program Files\Git\cmd;C:\Users\LENOVO\AppData\Local\Microsoft\WindowsApps;;C:\Program Files\JetBrains\IntelliJ IDEA Community Edition 2021.3\bin;
USERNAME=LENOVO
OS=Windows_NT
PROCESSOR_IDENTIFIER=Intel64 Family 6 Model 122 Stepping 1, GenuineIntel



---------------  S Y S T E M  ---------------

OS:
 Windows 10 , 64 bit Build 19041 (10.0.19041.1348)
OS uptime: 0 days 1:26 hours

CPU: total 2 (initial active 2) (2 cores per cpu, 1 threads per core) family 6 model 122 stepping 1 microcode 0x36, cx8, cmov, fxsr, mmx, 3dnowpref, sse, sse2, sse3, ssse3, sse4.1, sse4.2, popcnt, tsc, tscinvbit, aes, erms, clmul, sha, clflush, clflushopt

Memory: 4k page, system-wide physical 3918M (248M free)
TotalPageFile size 3918M (AvailPageFile size 11M)
current process WorkingSet (physical memory assigned to process): 85M, peak: 85M
current process commit charge ("private bytes"): 109M, peak: 121M

vm_info: Java HotSpot(TM) 64-Bit Server VM (16.0.1+9-24) for windows-amd64 JRE (16.0.1+9-24), built on Mar 26 2021 19:31:42 by "mach5one" with MS VC++ 16.7 (VS2019)

END.
