#
# There is insufficient memory for the Java Runtime Environment to continue.
# Native memory allocation (mmap) failed to map 65011712 bytes for G1 virtual space
# Possible reasons:
#   The system is out of physical RAM or swap space
#   The process is running with CompressedOops enabled, and the Java Heap may be blocking the growth of the native heap
# Possible solutions:
#   Reduce memory load on the system
#   Increase physical memory or swap space
#   Check if swap backing store is full
#   Decrease Java heap size (-Xmx/-Xms)
#   Decrease number of Java threads
#   Decrease Java thread stack sizes (-Xss)
#   Set larger code cache with -XX:ReservedCodeCacheSize=
#   JVM is running with Unscaled Compressed Oops mode in which the Java heap is
#     placed in the first 4GB address space. The Java Heap base address is the
#     maximum limit for the native heap growth. Please use -XX:HeapBaseMinAddress
#     to set the Java Heap base and to place the Java Heap above 4GB virtual address.
# This output file may be truncated or incomplete.
#
#  Out of Memory Error (os_windows.cpp:3466), pid=9248, tid=7480
#
# JRE version:  (16.0.1+9) (build )
# Java VM: Java HotSpot(TM) 64-Bit Server VM (16.0.1+9-24, mixed mode, sharing, tiered, compressed oops, compressed class ptrs, g1 gc, windows-amd64)
# No core dump will be written. Minidumps are not enabled by default on client versions of Windows
#

---------------  S U M M A R Y ------------

Command Line: -Dfile.encoding=UTF-8 --module-path=C:\Users\LENOVO\Documents\NetBeansProjects\Asistensi MD3\build\classes GUI.LoginGui

Host: Intel(R) Celeron(R) N4000 CPU @ 1.10GHz, 2 cores, 3G,  Windows 10 , 64 bit Build 19041 (10.0.19041.1348)
Time: Wed Jan  5 05:49:53 2022 SE Asia Standard Time elapsed time: 0.189463 seconds (0d 0h 0m 0s)

---------------  T H R E A D  ---------------

Current thread (0x000001eb6e4d70f0):  JavaThread "Unknown thread" [_thread_in_vm, id=7480, stack(0x000000d266c00000,0x000000d266d00000)]

Stack: [0x000000d266c00000,0x000000d266d00000]
Native frames: (J=compiled Java code, j=interpreted, Vv=VM code, C=native code)
V  [jvm.dll+0x6687ca]
V  [jvm.dll+0x7ca3c9]
V  [jvm.dll+0x7cbb53]
V  [jvm.dll+0x7cc1b3]
V  [jvm.dll+0x242ea5]
V  [jvm.dll+0x665589]
V  [jvm.dll+0x65a175]
V  [jvm.dll+0x2fc5ab]
V  [jvm.dll+0x3037a6]
V  [jvm.dll+0x352fee]
V  [jvm.dll+0x35321f]
V  [jvm.dll+0x2d3618]
V  [jvm.dll+0x2d4854]
V  [jvm.dll+0x79ccb1]
V  [jvm.dll+0x360de1]
V  [jvm.dll+0x77a990]
V  [jvm.dll+0x3e55af]
V  [jvm.dll+0x3e7081]
C  [jli.dll+0x52fb]
C  [ucrtbase.dll+0x21bb2]
C  [KERNEL32.DLL+0x17034]
C  [ntdll.dll+0x52651]


---------------  P R O C E S S  ---------------

Threads class SMR info:
_java_thread_list=0x00007ffed90dcbb8, length=0, elements={
}

Java Threads: ( => current thread )

Other Threads:
  0x000001eb6e506940 GCTaskThread "GC Thread#0" [stack: 0x000000d266d00000,0x000000d266e00000] [id=4732]
  0x000001eb6e510510 ConcurrentGCThread "G1 Main Marker" [stack: 0x000000d266e00000,0x000000d266f00000] [id=5416]
  0x000001eb6e511000 ConcurrentGCThread "G1 Conc#0" [stack: 0x000000d266f00000,0x000000d267000000] [id=9588]

[error occurred during error reporting (printing all threads), id 0xc0000005, EXCEPTION_ACCESS_VIOLATION (0xc0000005) at pc=0x00007ffed88b44d7]

VM state: not at safepoint (not fully initialized)

VM Mutex/Monitor currently owned by a thread:  ([mutex/lock_event])
[0x000001eb6e4d4710] Heap_lock - owner thread: 0x000001eb6e4d70f0

Heap address: 0x00000000c2c00000, size: 980 MB, Compressed Oops mode: 32-bit

CDS archive(s) mapped at: [0x0000000000000000-0x0000000000000000-0x0000000000000000), size 0, SharedBaseAddress: 0x0000000800000000, ArchiveRelocationMode: 0.
Narrow klass base: 0x0000000000000000, Narrow klass shift: 0, Narrow klass range: 0x0

GC Precious Log:
<Empty>

Heap:
 garbage-first heap   total 0K, used 0K [0x00000000c2c00000, 0x0000000100000000)
  region size 1024K, 0 young (0K), 0 survivors (0K)

[error occurred during error reporting (printing heap information), id 0xc0000005, EXCEPTION_ACCESS_VIOLATION (0xc0000005) at pc=0x00007ffed8c924ed]

GC Heap History (0 events):
No events

Deoptimization events (0 events):
No events

Classes unloaded (0 events):
No events

Classes redefined (0 events):
No events

Internal exceptions (0 events):
No events

Events (1 events):
Event: 0.014 Loaded shared library C:\Program Files\Java\jdk-16.0.1\bin\java.dll


Dynamic libraries:
0x00007ff76c710000 - 0x00007ff76c720000 	C:\Program Files\Java\jdk-16.0.1\bin\java.exe
0x00007fff2b190000 - 0x00007fff2b385000 	C:\WINDOWS\SYSTEM32\ntdll.dll
0x00007fff2a610000 - 0x00007fff2a6ce000 	C:\WINDOWS\System32\KERNEL32.DLL
0x00007fff28e70000 - 0x00007fff29138000 	C:\WINDOWS\System32\KERNELBASE.dll
0x00007fff28c00000 - 0x00007fff28d00000 	C:\WINDOWS\System32\ucrtbase.dll
0x00007fff22150000 - 0x00007fff22168000 	C:\Program Files\Java\jdk-16.0.1\bin\jli.dll
0x00007fff29ae0000 - 0x00007fff29b8c000 	C:\WINDOWS\System32\ADVAPI32.dll
0x00007fff2a760000 - 0x00007fff2a7fe000 	C:\WINDOWS\System32\msvcrt.dll
0x00007fff292c0000 - 0x00007fff2935b000 	C:\WINDOWS\System32\sechost.dll
0x00007fff2a4e0000 - 0x00007fff2a60a000 	C:\WINDOWS\System32\RPCRT4.dll
0x00007fff29930000 - 0x00007fff29ad1000 	C:\WINDOWS\System32\USER32.dll
0x00007fff28ad0000 - 0x00007fff28af2000 	C:\WINDOWS\System32\win32u.dll
0x00007fff2a6d0000 - 0x00007fff2a6fb000 	C:\WINDOWS\System32\GDI32.dll
0x00007fff28d00000 - 0x00007fff28e0b000 	C:\WINDOWS\System32\gdi32full.dll
0x00007fff29140000 - 0x00007fff291dd000 	C:\WINDOWS\System32\msvcp_win.dll
0x00007fff24010000 - 0x00007fff24029000 	C:\Program Files\Java\jdk-16.0.1\bin\VCRUNTIME140.dll
0x00007fff12720000 - 0x00007fff129ba000 	C:\WINDOWS\WinSxS\amd64_microsoft.windows.common-controls_6595b64144ccf1df_6.0.19041.1110_none_60b5254171f9507e\COMCTL32.dll
0x00007fff1bf40000 - 0x00007fff1bf4a000 	C:\WINDOWS\SYSTEM32\VERSION.dll
0x00007fff2b0c0000 - 0x00007fff2b0f0000 	C:\WINDOWS\System32\IMM32.DLL
0x00007fff23fd0000 - 0x00007fff23fdc000 	C:\Program Files\Java\jdk-16.0.1\bin\vcruntime140_1.dll
0x00007fff06be0000 - 0x00007fff06c71000 	C:\Program Files\Java\jdk-16.0.1\bin\msvcp140.dll
0x00007ffed85d0000 - 0x00007ffed917b000 	C:\Program Files\Java\jdk-16.0.1\bin\server\jvm.dll
0x00007fff29b90000 - 0x00007fff29b98000 	C:\WINDOWS\System32\PSAPI.DLL
0x00007fff25c70000 - 0x00007fff25c79000 	C:\WINDOWS\SYSTEM32\WSOCK32.dll
0x00007fff2a350000 - 0x00007fff2a3bb000 	C:\WINDOWS\System32\WS2_32.dll
0x00007fff0aa20000 - 0x00007fff0aa47000 	C:\WINDOWS\SYSTEM32\WINMM.dll
0x00007fff26990000 - 0x00007fff269a2000 	C:\WINDOWS\SYSTEM32\kernel.appcore.dll
0x00007fff22930000 - 0x00007fff2293a000 	C:\Program Files\Java\jdk-16.0.1\bin\jimage.dll
0x00007fff26780000 - 0x00007fff26964000 	C:\WINDOWS\SYSTEM32\DBGHELP.DLL
0x00007fff11810000 - 0x00007fff1183c000 	C:\WINDOWS\SYSTEM32\dbgcore.DLL
0x00007fff288e0000 - 0x00007fff28963000 	C:\WINDOWS\System32\bcryptPrimitives.dll
0x00007fff1c730000 - 0x00007fff1c755000 	C:\Program Files\Java\jdk-16.0.1\bin\java.dll

dbghelp: loaded successfully - version: 4.0.5 - missing functions: none
symbol engine: initialized successfully - sym options: 0x614 - pdb path: .;C:\Program Files\Java\jdk-16.0.1\bin;C:\WINDOWS\SYSTEM32;C:\WINDOWS\WinSxS\amd64_microsoft.windows.common-controls_6595b64144ccf1df_6.0.19041.1110_none_60b5254171f9507e;C:\Program Files\Java\jdk-16.0.1\bin\server

VM Arguments:
jvm_args: -Dfile.encoding=UTF-8 --module-path=C:\Users\LENOVO\Documents\NetBeansProjects\Asistensi MD3\build\classes 
java_command: GUI.LoginGui
java_class_path (initial): E:\PRATIKUM PBO\Pertemuan 3\Bahan\mysql-connector-java-8.0.24.jar;C:\Users\LENOVO\Documents\NetBeansProjects\Asistensi MD3\build\classes
Launcher Type: SUN_STANDARD

[Global flags]
     intx CICompilerCount                          = 2                                         {product} {ergonomic}
     uint ConcGCThreads                            = 1                                         {product} {ergonomic}
     uint G1ConcRefinementThreads                  = 2                                         {product} {ergonomic}
   size_t G1HeapRegionSize                         = 1048576                                   {product} {ergonomic}
    uintx GCDrainStackTargetSize                   = 64                                        {product} {ergonomic}
   size_t InitialHeapSize                          = 65011712                                  {product} {ergonomic}
   size_t MarkStackSize                            = 4194304                                   {product} {ergonomic}
   size_t MaxHeapSize                              = 1027604480                                {product} {ergonomic}
   size_t MinHeapDeltaBytes                        = 1048576                                   {product} {ergonomic}
   size_t MinHeapSize                              = 8388608                                   {product} {ergonomic}
    uintx NonNMethodCodeHeapSize                   = 5826188                                {pd product} {ergonomic}
    uintx NonProfiledCodeHeapSize                  = 122916026                              {pd product} {ergonomic}
    uintx ProfiledCodeHeapSize                     = 122916026                              {pd product} {ergonomic}
    uintx ReservedCodeCacheSize                    = 251658240                              {pd product} {ergonomic}
     bool SegmentedCodeCache                       = true                                      {product} {ergonomic}
   size_t SoftMaxHeapSize                          = 1027604480                             {manageable} {ergonomic}
     bool UseCompressedClassPointers               = true                           {product lp64_product} {ergonomic}
     bool UseCompressedOops                        = true                           {product lp64_product} {ergonomic}
     bool UseG1GC                                  = true                                      {product} {ergonomic}
     bool UseLargePagesIndividualAllocation        = false                                  {pd product} {ergonomic}

Logging:
Log output configuration:
 #0: stdout all=warning uptime,level,tags
 #1: stderr all=off uptime,level,tags

Environment Variables:
PATH=C:\Program Files\Common Files\Oracle\Java\javapath;C:\Program Files (x86)\Intel\TXE Components\iCLS\;C:\Program Files\Intel\TXE Components\iCLS\;C:\WINDOWS\system32;C:\WINDOWS;C:\WINDOWS\System32\Wbem;C:\WINDOWS\System32\WindowsPowerShell\v1.0\;C:\WINDOWS\System32\OpenSSH\;C:\Program Files\Intel\TXE Components\DAL\;C:\Program Files (x86)\Intel\TXE Components\DAL\;C:\Program Files\Intel\TXE Components\IPT\;C:\Program Files (x86)\Intel\TXE Components\IPT\;C:\Program Files\Microsoft\Web Platform Installer\;C:\Program Files (x86)\Microsoft ASP.NET\ASP.NET Web Pages\v1.0\;C:\Program Files\Microsoft SQL Server\110\Tools\Binn\;C:\Program Files\Git\cmd;C:\Users\LENOVO\AppData\Local\Microsoft\WindowsApps;;C:\Program Files\JetBrains\IntelliJ IDEA Community Edition 2021.3\bin;
USERNAME=LENOVO
OS=Windows_NT
PROCESSOR_IDENTIFIER=Intel64 Family 6 Model 122 Stepping 1, GenuineIntel



---------------  S Y S T E M  ---------------

OS:
 Windows 10 , 64 bit Build 19041 (10.0.19041.1348)
OS uptime: 0 days 1:12 hours

CPU: total 2 (initial active 2) (2 cores per cpu, 1 threads per core) family 6 model 122 stepping 1 microcode 0x36, cx8, cmov, fxsr, mmx, 3dnowpref, sse, sse2, sse3, ssse3, sse4.1, sse4.2, popcnt, tsc, tscinvbit, aes, erms, clmul, sha, clflush, clflushopt

Memory: 4k page, system-wide physical 3918M (494M free)
TotalPageFile size 3918M (AvailPageFile size 59M)
current process WorkingSet (physical memory assigned to process): 9M, peak: 9M
current process commit charge ("private bytes"): 47M, peak: 109M

vm_info: Java HotSpot(TM) 64-Bit Server VM (16.0.1+9-24) for windows-amd64 JRE (16.0.1+9-24), built on Mar 26 2021 19:31:42 by "mach5one" with MS VC++ 16.7 (VS2019)

END.
