#
# There is insufficient memory for the Java Runtime Environment to continue.
# Native memory allocation (mmap) failed to map 13631488 bytes for G1 virtual space
# Possible reasons:
#   The system is out of physical RAM or swap space
#   The process is running with CompressedOops enabled, and the Java Heap may be blocking the growth of the native heap
# Possible solutions:
#   Reduce memory load on the system
#   Increase physical memory or swap space
#   Check if swap backing store is full
#   Decrease Java heap size (-Xmx/-Xms)
#   Decrease number of Java threads
#   Decrease Java thread stack sizes (-Xss)
#   Set larger code cache with -XX:ReservedCodeCacheSize=
#   JVM is running with Unscaled Compressed Oops mode in which the Java heap is
#     placed in the first 4GB address space. The Java Heap base address is the
#     maximum limit for the native heap growth. Please use -XX:HeapBaseMinAddress
#     to set the Java Heap base and to place the Java Heap above 4GB virtual address.
# This output file may be truncated or incomplete.
#
#  Out of Memory Error (os_windows.cpp:3466), pid=4036, tid=8732
#
# JRE version: Java(TM) SE Runtime Environment (16.0.1+9) (build 16.0.1+9-24)
# Java VM: Java HotSpot(TM) 64-Bit Server VM (16.0.1+9-24, mixed mode, sharing, tiered, compressed oops, compressed class ptrs, g1 gc, windows-amd64)
# No core dump will be written. Minidumps are not enabled by default on client versions of Windows
#

---------------  S U M M A R Y ------------

Command Line: -Dapplication.home=C:\Program Files\Java\jdk-16.0.1 --add-modules=ALL-DEFAULT -Xms8m -Djdk.module.main=jdk.compiler jdk.compiler/com.sun.tools.javac.Main -d C:\Users\LENOVO\Documents\NetBeansProjects\Asistensi MD3\build\classes -classpath C:\Users\LENOVO\Documents\NetBeansProjects\Asistensi MD3\build\classes;E:\PRATIKUM PBO\Pertemuan 3\Bahan\mysql-connector-java-8.0.24.jar -sourcepath C:\Users\LENOVO\Documents\NetBeansProjects\Asistensi MD3\build\empty -target 16 -encoding UTF-8 -g -processorpath E:\PRATIKUM PBO\Pertemuan 3\Bahan\mysql-connector-java-8.0.24.jar;C:\Users\LENOVO\Documents\NetBeansProjects\Asistensi MD3\build\empty -s C:\Users\LENOVO\Documents\NetBeansProjects\Asistensi MD3\build\generated-sources\ap-source-output -source 16 C:\Users\LENOVO\Documents\NetBeansProjects\Asistensi MD3\src\Controller07277\AdminController07277.java C:\Users\LENOVO\Documents\NetBeansProjects\Asistensi MD3\src\Controller07277\AllObjectModel07277.java C:\Users\LENOVO\Documents\NetBeansProjects\Asistensi MD3\src\Controller07277\PendudukController07277.java C:\Users\LENOVO\Documents\NetBeansProjects\Asistensi MD3\src\Entity07277\AdminEntity0727707277.java C:\Users\LENOVO\Documents\NetBeansProjects\Asistensi MD3\src\Entity07277\PendudukEntity0727707277.java C:\Users\LENOVO\Documents\NetBeansProjects\Asistensi MD3\src\Entity07277\UserEntityAbstract07277.java C:\Users\LENOVO\Documents\NetBeansProjects\Asistensi MD3\src\GUI\DataPendGui.java C:\Users\LENOVO\Documents\NetBeansProjects\Asistensi MD3\src\GUI\DataPeroranganGui.java C:\Users\LENOVO\Documents\NetBeansProjects\Asistensi MD3\src\GUI\LoginAdminGui.java C:\Users\LENOVO\Documents\NetBeansProjects\Asistensi MD3\src\GUI\LoginGui.java C:\Users\LENOVO\Documents\NetBeansProjects\Asistensi MD3\src\GUI\MenuAdminGui.java C:\Users\LENOVO\Documents\NetBeansProjects\Asistensi MD3\src\GUI\RegisAdminGui.java C:\Users\LENOVO\Documents\NetBeansProjects\Asistensi MD3\src\GUI\RegisPendGui.java C:\Users\LENOVO\Documents\NetBeansProjects\Asistensi MD3\src\Helper07277\KoneksiDb07277.java C:\Users\LENOVO\Documents\NetBeansProjects\Asistensi MD3\src\Model07277\AdminModel0727707277.java C:\Users\LENOVO\Documents\NetBeansProjects\Asistensi MD3\src\Model07277\ModelAbstract07277.java C:\Users\LENOVO\Documents\NetBeansProjects\Asistensi MD3\src\Model07277\PendudukModel07277.java

Host: Intel(R) Celeron(R) N4000 CPU @ 1.10GHz, 2 cores, 3G,  Windows 10 , 64 bit Build 19041 (10.0.19041.1348)
Time: Tue Jan  4 14:48:49 2022 SE Asia Standard Time elapsed time: 4.011343 seconds (0d 0h 0m 4s)

---------------  T H R E A D  ---------------

Current thread (0x00000272583ee930):  VMThread "VM Thread" [stack: 0x000000fed8b00000,0x000000fed8c00000] [id=8732]

Stack: [0x000000fed8b00000,0x000000fed8c00000]
Native frames: (J=compiled Java code, j=interpreted, Vv=VM code, C=native code)
V  [jvm.dll+0x6687ca]
V  [jvm.dll+0x7ca3c9]
V  [jvm.dll+0x7cbb53]
V  [jvm.dll+0x7cc1b3]
V  [jvm.dll+0x242ea5]
V  [jvm.dll+0x665589]
V  [jvm.dll+0x65a175]
V  [jvm.dll+0x2fc5ab]
V  [jvm.dll+0x3037a6]
V  [jvm.dll+0x352fee]
V  [jvm.dll+0x35321f]
V  [jvm.dll+0x2d3618]
V  [jvm.dll+0x2d11a5]
V  [jvm.dll+0x2d07dc]
V  [jvm.dll+0x3158c2]
V  [jvm.dll+0x7d05eb]
V  [jvm.dll+0x7d12e4]
V  [jvm.dll+0x7d17e9]
V  [jvm.dll+0x7d1aa4]
V  [jvm.dll+0x7d1b70]
V  [jvm.dll+0x779b4a]
V  [jvm.dll+0x667666]
C  [ucrtbase.dll+0x21bb2]
C  [KERNEL32.DLL+0x17034]
C  [ntdll.dll+0x52651]

VM_Operation (0x000000fed84fceb0): G1CollectForAllocation, mode: safepoint, requested by thread 0x000002725833e740


---------------  P R O C E S S  ---------------

Threads class SMR info:
_java_thread_list=0x000002727303dc30, length=12, elements={
0x000002725833e740, 0x00000272583f9a00, 0x00000272583faf70, 0x000002725840e6e0,
0x0000027258410200, 0x0000027258410d10, 0x0000027258413630, 0x0000027258414320,
0x000002725841acd0, 0x0000027272fa1fd0, 0x0000027273027e00, 0x0000027273c29dc0
}

Java Threads: ( => current thread )
  0x000002725833e740 JavaThread "main" [_thread_blocked, id=8284, stack(0x000000fed8400000,0x000000fed8500000)]
  0x00000272583f9a00 JavaThread "Reference Handler" daemon [_thread_blocked, id=748, stack(0x000000fed8c00000,0x000000fed8d00000)]
  0x00000272583faf70 JavaThread "Finalizer" daemon [_thread_blocked, id=2808, stack(0x000000fed8d00000,0x000000fed8e00000)]
  0x000002725840e6e0 JavaThread "Signal Dispatcher" daemon [_thread_blocked, id=9728, stack(0x000000fed8e00000,0x000000fed8f00000)]
  0x0000027258410200 JavaThread "Attach Listener" daemon [_thread_blocked, id=10976, stack(0x000000fed8f00000,0x000000fed9000000)]
  0x0000027258410d10 JavaThread "Service Thread" daemon [_thread_blocked, id=3832, stack(0x000000fed9000000,0x000000fed9100000)]
  0x0000027258413630 JavaThread "Monitor Deflation Thread" daemon [_thread_blocked, id=1516, stack(0x000000fed9100000,0x000000fed9200000)]
  0x0000027258414320 JavaThread "C2 CompilerThread0" daemon [_thread_blocked, id=2056, stack(0x000000fed9200000,0x000000fed9300000)]
  0x000002725841acd0 JavaThread "C1 CompilerThread0" daemon [_thread_blocked, id=5452, stack(0x000000fed9300000,0x000000fed9400000)]
  0x0000027272fa1fd0 JavaThread "Sweeper thread" daemon [_thread_blocked, id=4972, stack(0x000000fed9400000,0x000000fed9500000)]
  0x0000027273027e00 JavaThread "Common-Cleaner" daemon [_thread_blocked, id=8000, stack(0x000000fed9500000,0x000000fed9600000)]
  0x0000027273c29dc0 JavaThread "Notification Thread" daemon [_thread_blocked, id=8304, stack(0x000000fed9600000,0x000000fed9700000)]

Other Threads:
=>0x00000272583ee930 VMThread "VM Thread" [stack: 0x000000fed8b00000,0x000000fed8c00000] [id=8732]
  0x0000027273c995c0 WatcherThread [stack: 0x000000fed9700000,0x000000fed9800000] [id=10624]
  0x000002725836b4b0 GCTaskThread "GC Thread#0" [stack: 0x000000fed8600000,0x000000fed8700000] [id=10400]
  0x000002725833f650 GCTaskThread "GC Thread#1" [stack: 0x000000fed9800000,0x000000fed9900000] [id=7296]
  0x0000027258376f30 ConcurrentGCThread "G1 Main Marker" [stack: 0x000000fed8700000,0x000000fed8800000] [id=5984]
  0x00000272583788c0 ConcurrentGCThread "G1 Conc#0" [stack: 0x000000fed8800000,0x000000fed8900000] [id=10344]
  0x0000027258386510 ConcurrentGCThread "G1 Refine#0" [stack: 0x000000fed8900000,0x000000fed8a00000] [id=4100]
  0x0000027258386ea0 ConcurrentGCThread "G1 Service" [stack: 0x000000fed8a00000,0x000000fed8b00000] [id=8484]

Threads with active compile tasks:
C2 CompilerThread0     4065 1579       4       jdk.internal.jrtfs.JrtPath::getFileName (78 bytes)

VM state: at safepoint (normal execution)

VM Mutex/Monitor currently owned by a thread:  ([mutex/lock_event])
[0x0000027258338ce0] Threads_lock - owner thread: 0x00000272583ee930
[0x0000027258339c10] Heap_lock - owner thread: 0x000002725833e740

Heap address: 0x00000000c2c00000, size: 980 MB, Compressed Oops mode: 32-bit

CDS archive(s) mapped at: [0x0000000800000000-0x0000000800bb0000-0x0000000800bb0000), size 12255232, SharedBaseAddress: 0x0000000800000000, ArchiveRelocationMode: 0.
Compressed class space mapped at: 0x0000000800c00000-0x0000000840c00000, reserved size: 1073741824
Narrow klass base: 0x0000000800000000, Narrow klass shift: 3, Narrow klass range: 0x100000000

GC Precious Log:
 CPUs: 2 total, 2 available
 Memory: 3918M
 Large Page Support: Disabled
 NUMA Support: Disabled
 Compressed Oops: Enabled (32-bit)
 Heap Region Size: 1M
 Heap Min Capacity: 8M
 Heap Initial Capacity: 8M
 Heap Max Capacity: 980M
 Pre-touch: Disabled
 Parallel Workers: 2
 Concurrent Workers: 1
 Concurrent Refinement Workers: 2
 Periodic GC: Disabled

Heap:
 garbage-first heap   total 18432K, used 8661K [0x00000000c2c00000, 0x0000000100000000)
  region size 1024K, 1 young (1024K), 1 survivors (1024K)
 Metaspace       used 9434K, committed 9600K, reserved 1064960K
  class space    used 1044K, committed 1088K, reserved 1048576K

Heap Regions: E=young(eden), S=young(survivor), O=old, HS=humongous(starts), HC=humongous(continues), CS=collection set, F=free, OA=open archive, CA=closed archive, TAMS=top-at-mark-start (previous, next)
|   0|0x00000000c2c00000, 0x00000000c2d00000, 0x00000000c2d00000|100%| O|  |TAMS 0x00000000c2d00000, 0x00000000c2c00000| Untracked 
|   1|0x00000000c2d00000, 0x00000000c2e00000, 0x00000000c2e00000|100%| O|  |TAMS 0x00000000c2e00000, 0x00000000c2d00000| Untracked 
|   2|0x00000000c2e00000, 0x00000000c2f00000, 0x00000000c2f00000|100%| O|  |TAMS 0x00000000c2f00000, 0x00000000c2e00000| Untracked 
|   3|0x00000000c2f00000, 0x00000000c3000000, 0x00000000c3000000|100%| O|  |TAMS 0x00000000c3000000, 0x00000000c2f00000| Untracked 
|   4|0x00000000c3000000, 0x00000000c3100000, 0x00000000c3100000|100%| O|  |TAMS 0x00000000c302ae00, 0x00000000c3000000| Untracked 
|   5|0x00000000c3100000, 0x00000000c3200000, 0x00000000c3200000|100%| O|  |TAMS 0x00000000c3100000, 0x00000000c3100000| Untracked 
|   6|0x00000000c3200000, 0x00000000c3300000, 0x00000000c3300000|100%| O|  |TAMS 0x00000000c3200000, 0x00000000c3200000| Untracked 
|   7|0x00000000c3300000, 0x00000000c3375400, 0x00000000c3400000| 45%| O|  |TAMS 0x00000000c3300000, 0x00000000c3300000| Untracked 
|   8|0x00000000c3400000, 0x00000000c3400000, 0x00000000c3500000|  0%| F|  |TAMS 0x00000000c3400000, 0x00000000c3400000| Untracked 
|   9|0x00000000c3500000, 0x00000000c3500000, 0x00000000c3600000|  0%| F|  |TAMS 0x00000000c3500000, 0x00000000c3500000| Untracked 
|  10|0x00000000c3600000, 0x00000000c3600000, 0x00000000c3700000|  0%| F|  |TAMS 0x00000000c3600000, 0x00000000c3600000| Untracked 
|  11|0x00000000c3700000, 0x00000000c3700000, 0x00000000c3800000|  0%| F|  |TAMS 0x00000000c3700000, 0x00000000c3700000| Untracked 
|  12|0x00000000c3800000, 0x00000000c3800000, 0x00000000c3900000|  0%| F|  |TAMS 0x00000000c3800000, 0x00000000c3800000| Untracked 
|  13|0x00000000c3900000, 0x00000000c3a00000, 0x00000000c3a00000|100%| S|CS|TAMS 0x00000000c3900000, 0x00000000c3900000| Complete 
|  14|0x00000000c3a00000, 0x00000000c3a00000, 0x00000000c3b00000|  0%| F|  |TAMS 0x00000000c3a00000, 0x00000000c3a00000| Untracked 
|  15|0x00000000c3b00000, 0x00000000c3b00000, 0x00000000c3c00000|  0%| F|  |TAMS 0x00000000c3b00000, 0x00000000c3b00000| Untracked 
|  16|0x00000000c3c00000, 0x00000000c3c00000, 0x00000000c3d00000|  0%| F|  |TAMS 0x00000000c3c00000, 0x00000000c3c00000| Untracked 
|  17|0x00000000c3d00000, 0x00000000c3d00000, 0x00000000c3e00000|  0%| F|  |TAMS 0x00000000c3d00000, 0x00000000c3d00000| Untracked 

Card table byte_map: [0x000002726eac0000,0x000002726ecb0000] _byte_map_base: 0x000002726e4aa000

Marking Bits (Prev, Next): (CMBitMap*) 0x000002725836db10, (CMBitMap*) 0x000002725836dad0
 Prev Bits: [0x000002726fdf0000, 0x0000027270d40000)
 Next Bits: [0x000002726eea0000, 0x000002726fdf0000)

Polling page: 0x0000027257b20000

Metaspace:

Usage:
  Non-class:      8.19 MB used.
      Class:      1.02 MB used.
       Both:      9.21 MB used.

Virtual space:
  Non-class space:       16.00 MB reserved,       8.31 MB ( 52%) committed,  2 nodes.
      Class space:        1.00 GB reserved,       1.06 MB ( <1%) committed,  1 nodes.
              Both:        1.02 GB reserved,       9.38 MB ( <1%) committed. 

Chunk freelists:
   Non-Class:  1.84 MB
       Class:  2.89 MB
        Both:  4.73 MB

MaxMetaspaceSize: 17179869184.00 GB
CompressedClassSpaceSize: 1.00 GB
 - commit_granule_bytes: 65536.
 - commit_granule_words: 8192.
 - virtual_space_node_default_size: 1048576.
 - enlarge_chunks_in_place: 1.
 - new_chunks_are_fully_committed: 0.
 - uncommit_free_chunks: 1.
 - use_allocation_guard: 0.
 - handle_deallocations: 1.


Internal statistics:

num_allocs_failed_limit: 0.
num_arena_births: 76.
num_arena_deaths: 0.
num_vsnodes_births: 3.
num_vsnodes_deaths: 0.
num_space_committed: 150.
num_space_uncommitted: 0.
num_chunks_returned_to_freelist: 0.
num_chunks_taken_from_freelist: 398.
num_chunk_merges: 0.
num_chunk_splits: 266.
num_chunks_enlarged: 202.
num_purges: 0.

CodeHeap 'non-profiled nmethods': size=120064Kb used=524Kb max_used=524Kb free=119539Kb
 bounds [0x0000027267580000, 0x00000272677f0000, 0x000002726eac0000]
CodeHeap 'profiled nmethods': size=120000Kb used=3253Kb max_used=3253Kb free=116746Kb
 bounds [0x0000027260050000, 0x0000027260380000, 0x0000027267580000]
CodeHeap 'non-nmethods': size=5696Kb used=1165Kb max_used=1195Kb free=4530Kb
 bounds [0x000002725fac0000, 0x000002725fd30000, 0x0000027260050000]
 total_blobs=2083 nmethods=1637 adapters=359
 compilation: enabled
              stopped_count=0, restarted_count=0
 full_count=0

Compilation events (20 events):
Event: 3.977 Thread 0x000002725841acd0 1635       3       java.util.stream.Sink$ChainedReference::begin (11 bytes)
Event: 3.977 Thread 0x000002725841acd0 nmethod 1635 0x0000027260379e90 code [0x000002726037a040, 0x000002726037a228]
Event: 3.978 Thread 0x0000027258414320 nmethod 1628 0x0000027267602e10 code [0x0000027267602fa0, 0x0000027267603218]
Event: 3.978 Thread 0x0000027258414320 1579       4       jdk.internal.jrtfs.JrtPath::getFileName (78 bytes)
Event: 3.982 Thread 0x000002725841acd0 1636       3       java.util.Spliterators$IteratorSpliterator::<init> (39 bytes)
Event: 3.983 Thread 0x000002725841acd0 nmethod 1636 0x000002726037a310 code [0x000002726037a4c0, 0x000002726037a718]
Event: 3.983 Thread 0x000002725841acd0 1637       3       com.sun.tools.javac.code.Symtab$$Lambda$150/0x0000000800d116c0::apply (8 bytes)
Event: 3.983 Thread 0x000002725841acd0 nmethod 1637 0x000002726037a810 code [0x000002726037a9c0, 0x000002726037abf8]
Event: 3.983 Thread 0x000002725841acd0 1638       3       com.sun.tools.javac.code.Symtab$$Lambda$151/0x0000000800d118f8::test (12 bytes)
Event: 3.983 Thread 0x000002725841acd0 nmethod 1638 0x000002726037ad10 code [0x000002726037aec0, 0x000002726037b198]
Event: 3.983 Thread 0x000002725841acd0 1639       3       com.sun.tools.javac.code.Symtab::lambda$lookupPackage$2 (14 bytes)
Event: 3.983 Thread 0x000002725841acd0 nmethod 1639 0x000002726037b290 code [0x000002726037b420, 0x000002726037b598]
Event: 3.985 Thread 0x000002725841acd0 1640       3       com.sun.tools.javac.jvm.ClassReader::optPoolEntry (16 bytes)
Event: 3.985 Thread 0x000002725841acd0 nmethod 1640 0x000002726037b610 code [0x000002726037b7c0, 0x000002726037b9e8]
Event: 3.994 Thread 0x000002725841acd0 1643       2       com.sun.tools.javac.jvm.ClassReader::readField (61 bytes)
Event: 3.996 Thread 0x000002725841acd0 nmethod 1643 0x000002726037bb10 code [0x000002726037bd80, 0x000002726037c4d8]
Event: 3.997 Thread 0x000002725841acd0 1644       2       java.util.stream.ReferencePipeline::map (26 bytes)
Event: 3.997 Thread 0x000002725841acd0 nmethod 1644 0x000002726037ca90 code [0x000002726037cc60, 0x000002726037cfb8]
Event: 3.999 Thread 0x000002725841acd0 1645       2       com.sun.tools.javac.code.Types$14::combineMetadata (87 bytes)
Event: 3.999 Thread 0x000002725841acd0 nmethod 1645 0x000002726037d110 code [0x000002726037d300, 0x000002726037d548]

GC Heap History (20 events):
Event: 2.491 GC heap after
{Heap after GC invocations=6 (full 0):
 garbage-first heap   total 10240K, used 2745K [0x00000000c2c00000, 0x0000000100000000)
  region size 1024K, 1 young (1024K), 1 survivors (1024K)
 Metaspace       used 7924K, committed 8128K, reserved 1064960K
  class space    used 883K, committed 960K, reserved 1048576K
}
Event: 2.914 GC heap before
{Heap before GC invocations=6 (full 0):
 garbage-first heap   total 10240K, used 4793K [0x00000000c2c00000, 0x0000000100000000)
  region size 1024K, 3 young (3072K), 1 survivors (1024K)
 Metaspace       used 8557K, committed 8704K, reserved 1064960K
  class space    used 951K, committed 1024K, reserved 1048576K
}
Event: 2.918 GC heap after
{Heap after GC invocations=7 (full 0):
 garbage-first heap   total 10240K, used 3453K [0x00000000c2c00000, 0x0000000100000000)
  region size 1024K, 1 young (1024K), 1 survivors (1024K)
 Metaspace       used 8557K, committed 8704K, reserved 1064960K
  class space    used 951K, committed 1024K, reserved 1048576K
}
Event: 3.125 GC heap before
{Heap before GC invocations=7 (full 0):
 garbage-first heap   total 10240K, used 5501K [0x00000000c2c00000, 0x0000000100000000)
  region size 1024K, 3 young (3072K), 1 survivors (1024K)
 Metaspace       used 8930K, committed 9024K, reserved 1064960K
  class space    used 997K, committed 1024K, reserved 1048576K
}
Event: 3.130 GC heap after
{Heap after GC invocations=8 (full 0):
 garbage-first heap   total 10240K, used 4317K [0x00000000c2c00000, 0x0000000100000000)
  region size 1024K, 1 young (1024K), 1 survivors (1024K)
 Metaspace       used 8930K, committed 9024K, reserved 1064960K
  class space    used 997K, committed 1024K, reserved 1048576K
}
Event: 3.165 GC heap before
{Heap before GC invocations=8 (full 0):
 garbage-first heap   total 10240K, used 5341K [0x00000000c2c00000, 0x0000000100000000)
  region size 1024K, 2 young (2048K), 1 survivors (1024K)
 Metaspace       used 8964K, committed 9088K, reserved 1064960K
  class space    used 1000K, committed 1024K, reserved 1048576K
}
Event: 3.170 GC heap after
{Heap after GC invocations=9 (full 0):
 garbage-first heap   total 10240K, used 4478K [0x00000000c2c00000, 0x0000000100000000)
  region size 1024K, 1 young (1024K), 1 survivors (1024K)
 Metaspace       used 8964K, committed 9088K, reserved 1064960K
  class space    used 1000K, committed 1024K, reserved 1048576K
}
Event: 3.194 GC heap before
{Heap before GC invocations=9 (full 0):
 garbage-first heap   total 10240K, used 5502K [0x00000000c2c00000, 0x0000000100000000)
  region size 1024K, 2 young (2048K), 1 survivors (1024K)
 Metaspace       used 8981K, committed 9088K, reserved 1064960K
  class space    used 1000K, committed 1024K, reserved 1048576K
}
Event: 3.195 GC heap after
{Heap after GC invocations=10 (full 0):
 garbage-first heap   total 10240K, used 4547K [0x00000000c2c00000, 0x0000000100000000)
  region size 1024K, 1 young (1024K), 1 survivors (1024K)
 Metaspace       used 8981K, committed 9088K, reserved 1064960K
  class space    used 1000K, committed 1024K, reserved 1048576K
}
Event: 3.347 GC heap before
{Heap before GC invocations=11 (full 0):
 garbage-first heap   total 12288K, used 5571K [0x00000000c2c00000, 0x0000000100000000)
  region size 1024K, 2 young (2048K), 1 survivors (1024K)
 Metaspace       used 9138K, committed 9280K, reserved 1064960K
  class space    used 1014K, committed 1088K, reserved 1048576K
}
Event: 3.349 GC heap after
{Heap after GC invocations=12 (full 0):
 garbage-first heap   total 12288K, used 4680K [0x00000000c2c00000, 0x0000000100000000)
  region size 1024K, 1 young (1024K), 1 survivors (1024K)
 Metaspace       used 9138K, committed 9280K, reserved 1064960K
  class space    used 1014K, committed 1088K, reserved 1048576K
}
Event: 3.424 GC heap before
{Heap before GC invocations=12 (full 0):
 garbage-first heap   total 12288K, used 6728K [0x00000000c2c00000, 0x0000000100000000)
  region size 1024K, 3 young (3072K), 1 survivors (1024K)
 Metaspace       used 9301K, committed 9408K, reserved 1064960K
  class space    used 1037K, committed 1088K, reserved 1048576K
}
Event: 3.427 GC heap after
{Heap after GC invocations=13 (full 0):
 garbage-first heap   total 18432K, used 5117K [0x00000000c2c00000, 0x0000000100000000)
  region size 1024K, 1 young (1024K), 1 survivors (1024K)
 Metaspace       used 9301K, committed 9408K, reserved 1064960K
  class space    used 1037K, committed 1088K, reserved 1048576K
}
Event: 3.506 GC heap before
{Heap before GC invocations=13 (full 0):
 garbage-first heap   total 18432K, used 10237K [0x00000000c2c00000, 0x0000000100000000)
  region size 1024K, 6 young (6144K), 1 survivors (1024K)
 Metaspace       used 9349K, committed 9536K, reserved 1064960K
  class space    used 1038K, committed 1088K, reserved 1048576K
}
Event: 3.511 GC heap after
{Heap after GC invocations=14 (full 0):
 garbage-first heap   total 18432K, used 5844K [0x00000000c2c00000, 0x0000000100000000)
  region size 1024K, 1 young (1024K), 1 survivors (1024K)
 Metaspace       used 9349K, committed 9536K, reserved 1064960K
  class space    used 1038K, committed 1088K, reserved 1048576K
}
Event: 3.850 GC heap before
{Heap before GC invocations=14 (full 0):
 garbage-first heap   total 18432K, used 10964K [0x00000000c2c00000, 0x0000000100000000)
  region size 1024K, 6 young (6144K), 1 survivors (1024K)
 Metaspace       used 9402K, committed 9536K, reserved 1064960K
  class space    used 1044K, committed 1088K, reserved 1048576K
}
Event: 3.862 GC heap after
{Heap after GC invocations=15 (full 0):
 garbage-first heap   total 18432K, used 6719K [0x00000000c2c00000, 0x0000000100000000)
  region size 1024K, 1 young (1024K), 1 survivors (1024K)
 Metaspace       used 9402K, committed 9536K, reserved 1064960K
  class space    used 1044K, committed 1088K, reserved 1048576K
}
Event: 3.905 GC heap before
{Heap before GC invocations=15 (full 0):
 garbage-first heap   total 18432K, used 10815K [0x00000000c2c00000, 0x0000000100000000)
  region size 1024K, 6 young (6144K), 1 survivors (1024K)
 Metaspace       used 9407K, committed 9600K, reserved 1064960K
  class space    used 1044K, committed 1088K, reserved 1048576K
}
Event: 3.911 GC heap after
{Heap after GC invocations=16 (full 0):
 garbage-first heap   total 18432K, used 7591K [0x00000000c2c00000, 0x0000000100000000)
  region size 1024K, 1 young (1024K), 1 survivors (1024K)
 Metaspace       used 9407K, committed 9600K, reserved 1064960K
  class space    used 1044K, committed 1088K, reserved 1048576K
}
Event: 4.001 GC heap before
{Heap before GC invocations=16 (full 0):
 garbage-first heap   total 18432K, used 11687K [0x00000000c2c00000, 0x0000000100000000)
  region size 1024K, 5 young (5120K), 1 survivors (1024K)
 Metaspace       used 9434K, committed 9600K, reserved 1064960K
  class space    used 1044K, committed 1088K, reserved 1048576K
}

Deoptimization events (20 events):
Event: 3.268 Thread 0x000002725833e740 Uncommon trap: trap_request=0xffffffbe fr.pc=0x00000272675dfe78 relative=0x0000000000000a18
Event: 3.268 Thread 0x000002725833e740 Uncommon trap: reason=profile_predicate action=maybe_recompile pc=0x00000272675dfe78 method=jdk.internal.jimage.ImageStringsReader.charsFromByteBuffer([CLjava/nio/ByteBuffer;)V @ 6 c2
Event: 3.268 Thread 0x000002725833e740 DEOPT PACKING pc=0x00000272675dfe78 sp=0x000000fed84fa490
Event: 3.268 Thread 0x000002725833e740 DEOPT UNPACKING pc=0x000002725fb0d728 sp=0x000000fed84fa368 mode 2
Event: 3.268 Thread 0x000002725833e740 Uncommon trap: trap_request=0xffffffbe fr.pc=0x00000272675dfe78 relative=0x0000000000000a18
Event: 3.268 Thread 0x000002725833e740 Uncommon trap: reason=profile_predicate action=maybe_recompile pc=0x00000272675dfe78 method=jdk.internal.jimage.ImageStringsReader.charsFromByteBuffer([CLjava/nio/ByteBuffer;)V @ 6 c2
Event: 3.268 Thread 0x000002725833e740 DEOPT PACKING pc=0x00000272675dfe78 sp=0x000000fed84fa490
Event: 3.268 Thread 0x000002725833e740 DEOPT UNPACKING pc=0x000002725fb0d728 sp=0x000000fed84fa368 mode 2
Event: 3.278 Thread 0x000002725833e740 Uncommon trap: trap_request=0xffffff45 fr.pc=0x00000272675d8c00 relative=0x0000000000000060
Event: 3.278 Thread 0x000002725833e740 Uncommon trap: reason=unstable_if action=reinterpret pc=0x00000272675d8c00 method=com.sun.tools.javac.jvm.PoolReader.sizeof(I)I @ 1 c2
Event: 3.278 Thread 0x000002725833e740 DEOPT PACKING pc=0x00000272675d8c00 sp=0x000000fed84fe250
Event: 3.278 Thread 0x000002725833e740 DEOPT UNPACKING pc=0x000002725fb0d728 sp=0x000000fed84fe1e0 mode 2
Event: 3.518 Thread 0x000002725833e740 DEOPT PACKING pc=0x00000272602da8da sp=0x000000fed84fd580
Event: 3.518 Thread 0x000002725833e740 DEOPT UNPACKING pc=0x000002725fb0deaf sp=0x000000fed84fca40 mode 0
Event: 3.873 Thread 0x000002725833e740 Uncommon trap: trap_request=0xffffff45 fr.pc=0x00000272675f15e8 relative=0x0000000000000048
Event: 3.873 Thread 0x000002725833e740 Uncommon trap: reason=unstable_if action=reinterpret pc=0x00000272675f15e8 method=com.sun.tools.javac.util.ArrayUtils.ensureCapacity([BI)[B @ 3 c2
Event: 3.873 Thread 0x000002725833e740 DEOPT PACKING pc=0x00000272675f15e8 sp=0x000000fed84fe230
Event: 3.873 Thread 0x000002725833e740 DEOPT UNPACKING pc=0x000002725fb0d728 sp=0x000000fed84fe1a8 mode 2
Event: 3.877 Thread 0x000002725833e740 DEOPT PACKING pc=0x00000272602da8da sp=0x000000fed84fe410
Event: 3.877 Thread 0x000002725833e740 DEOPT UNPACKING pc=0x000002725fb0deaf sp=0x000000fed84fd8d0 mode 0

Classes unloaded (0 events):
No events

Classes redefined (0 events):
No events

Internal exceptions (20 events):
Event: 3.106 Thread 0x000002725833e740 Exception <a 'sun/nio/fs/WindowsException'{0x00000000c34988c0}> (0x00000000c34988c0) 
thrown [t:\workspace\open\src\hotspot\share\prims\jni.cpp, line 579]
Event: 3.110 Thread 0x000002725833e740 Exception <a 'sun/nio/fs/WindowsException'{0x00000000c349ebf8}> (0x00000000c349ebf8) 
thrown [t:\workspace\open\src\hotspot\share\prims\jni.cpp, line 579]
Event: 3.110 Thread 0x000002725833e740 Exception <a 'sun/nio/fs/WindowsException'{0x00000000c349ef18}> (0x00000000c349ef18) 
thrown [t:\workspace\open\src\hotspot\share\prims\jni.cpp, line 579]
Event: 3.110 Thread 0x000002725833e740 Exception <a 'sun/nio/fs/WindowsException'{0x00000000c349fa40}> (0x00000000c349fa40) 
thrown [t:\workspace\open\src\hotspot\share\prims\jni.cpp, line 579]
Event: 3.110 Thread 0x000002725833e740 Exception <a 'sun/nio/fs/WindowsException'{0x00000000c349ffd8}> (0x00000000c349ffd8) 
thrown [t:\workspace\open\src\hotspot\share\prims\jni.cpp, line 579]
Event: 3.114 Thread 0x000002725833e740 Exception <a 'sun/nio/fs/WindowsException'{0x00000000c34a1a48}> (0x00000000c34a1a48) 
thrown [t:\workspace\open\src\hotspot\share\prims\jni.cpp, line 579]
Event: 3.115 Thread 0x000002725833e740 Exception <a 'sun/nio/fs/WindowsException'{0x00000000c34a1d68}> (0x00000000c34a1d68) 
thrown [t:\workspace\open\src\hotspot\share\prims\jni.cpp, line 579]
Event: 3.116 Thread 0x000002725833e740 Exception <a 'sun/nio/fs/WindowsException'{0x00000000c34a2890}> (0x00000000c34a2890) 
thrown [t:\workspace\open\src\hotspot\share\prims\jni.cpp, line 579]
Event: 3.116 Thread 0x000002725833e740 Exception <a 'sun/nio/fs/WindowsException'{0x00000000c34a2ba0}> (0x00000000c34a2ba0) 
thrown [t:\workspace\open\src\hotspot\share\prims\jni.cpp, line 579]
Event: 3.298 Thread 0x000002725833e740 Exception <a 'java/lang/NoSuchMethodError'{0x00000000c35cabd8}: 'java.lang.Object java.lang.invoke.DirectMethodHandle$Holder.invokeStatic(java.lang.Object, java.lang.Object, int, int)'> (0x00000000c35cabd8) 
thrown [t:\workspace\open\src\hotspot\share\interpreter\linkResolver.cpp, line 790]
Event: 3.308 Thread 0x000002725833e740 Exception <a 'java/lang/NoSuchMethodError'{0x00000000c35d7330}: 'int java.lang.invoke.DirectMethodHandle$Holder.invokeSpecial(java.lang.Object, java.lang.Object, java.lang.Object)'> (0x00000000c35d7330) 
thrown [t:\workspace\open\src\hotspot\share\interpreter\linkResolver.cpp, line 790]
Event: 3.423 Thread 0x000002725833e740 Exception <a 'sun/nio/fs/WindowsException'{0x00000000c35fc410}> (0x00000000c35fc410) 
thrown [t:\workspace\open\src\hotspot\share\prims\jni.cpp, line 579]
Event: 3.423 Thread 0x000002725833e740 Exception <a 'sun/nio/fs/WindowsException'{0x00000000c35fc708}> (0x00000000c35fc708) 
thrown [t:\workspace\open\src\hotspot\share\prims\jni.cpp, line 579]
Event: 3.423 Thread 0x000002725833e740 Exception <a 'sun/nio/fs/WindowsException'{0x00000000c35fdca8}> (0x00000000c35fdca8) 
thrown [t:\workspace\open\src\hotspot\share\prims\jni.cpp, line 579]
Event: 3.423 Thread 0x000002725833e740 Exception <a 'sun/nio/fs/WindowsException'{0x00000000c35fdf98}> (0x00000000c35fdf98) 
thrown [t:\workspace\open\src\hotspot\share\prims\jni.cpp, line 579]
Event: 3.565 Thread 0x000002725833e740 Exception <a 'java/lang/NoSuchMethodError'{0x00000000c3b36f50}: 'void java.lang.invoke.DirectMethodHandle$Holder.invokeSpecial(java.lang.Object, java.lang.Object, java.lang.Object, java.lang.Object, java.lang.Object)'> (0x00000000c3b36f50) 
thrown [t:\workspace\open\src\hotspot\share\interpreter\linkResolver.cpp, line 790]
Event: 3.594 Thread 0x000002725833e740 Exception <a 'sun/nio/fs/WindowsException'{0x00000000c3b5fe18}> (0x00000000c3b5fe18) 
thrown [t:\workspace\open\src\hotspot\share\prims\jni.cpp, line 579]
Event: 3.594 Thread 0x000002725833e740 Exception <a 'sun/nio/fs/WindowsException'{0x00000000c3b60118}> (0x00000000c3b60118) 
thrown [t:\workspace\open\src\hotspot\share\prims\jni.cpp, line 579]
Event: 3.594 Thread 0x000002725833e740 Exception <a 'sun/nio/fs/WindowsException'{0x00000000c3b61168}> (0x00000000c3b61168) 
thrown [t:\workspace\open\src\hotspot\share\prims\jni.cpp, line 579]
Event: 3.594 Thread 0x000002725833e740 Exception <a 'sun/nio/fs/WindowsException'{0x00000000c3b61458}> (0x00000000c3b61458) 
thrown [t:\workspace\open\src\hotspot\share\prims\jni.cpp, line 579]

Events (20 events):
Event: 3.212 Executing  VM operation: G1Concurrent done
Event: 3.217 Executing  VM operation: G1Concurrent
Event: 3.217 Executing  VM operation: G1Concurrent done
Event: 3.332 loading class jdk/internal/jimage/ImageReader$LinkNode
Event: 3.333 loading class jdk/internal/jimage/ImageReader$LinkNode done
Event: 3.334 Executing  VM operation: HandshakeAllThreads
Event: 3.334 Executing  VM operation: HandshakeAllThreads done
Event: 3.346 Executing  VM operation: G1CollectForAllocation
Event: 3.349 Executing  VM operation: G1CollectForAllocation done
Event: 3.368 loading class java/lang/invoke/MethodHandle$1
Event: 3.368 loading class java/lang/invoke/MethodHandle$1 done
Event: 3.423 Executing  VM operation: G1CollectForAllocation
Event: 3.427 Executing  VM operation: G1CollectForAllocation done
Event: 3.506 Executing  VM operation: G1CollectForAllocation
Event: 3.511 Executing  VM operation: G1CollectForAllocation done
Event: 3.850 Executing  VM operation: G1CollectForAllocation
Event: 3.862 Executing  VM operation: G1CollectForAllocation done
Event: 3.905 Executing  VM operation: G1CollectForAllocation
Event: 3.911 Executing  VM operation: G1CollectForAllocation done
Event: 4.001 Executing  VM operation: G1CollectForAllocation


Dynamic libraries:
0x00007ff6c5d60000 - 0x00007ff6c5d68000 	C:\Program Files\Java\jdk-16.0.1\bin\javac.exe
0x00007fffe13b0000 - 0x00007fffe15a5000 	C:\WINDOWS\SYSTEM32\ntdll.dll
0x00007fffdfa80000 - 0x00007fffdfb3e000 	C:\WINDOWS\System32\KERNEL32.DLL
0x00007fffdeb60000 - 0x00007fffdee28000 	C:\WINDOWS\System32\KERNELBASE.dll
0x00007fffdf1f0000 - 0x00007fffdf2f0000 	C:\WINDOWS\System32\ucrtbase.dll
0x00007fffd7eb0000 - 0x00007fffd7ec8000 	C:\Program Files\Java\jdk-16.0.1\bin\jli.dll
0x00007fffdf800000 - 0x00007fffdf8ac000 	C:\WINDOWS\System32\ADVAPI32.dll
0x00007fffdf400000 - 0x00007fffdf49e000 	C:\WINDOWS\System32\msvcrt.dll
0x00007fffdfcf0000 - 0x00007fffdfd8b000 	C:\WINDOWS\System32\sechost.dll
0x00007fffdfd90000 - 0x00007fffdfeba000 	C:\WINDOWS\System32\RPCRT4.dll
0x00007fffdfb40000 - 0x00007fffdfce1000 	C:\WINDOWS\System32\USER32.dll
0x00007fffdf320000 - 0x00007fffdf342000 	C:\WINDOWS\System32\win32u.dll
0x00007fffdffe0000 - 0x00007fffe000b000 	C:\WINDOWS\System32\GDI32.dll
0x00007fffdf040000 - 0x00007fffdf14b000 	C:\WINDOWS\System32\gdi32full.dll
0x00007fffdf150000 - 0x00007fffdf1ed000 	C:\WINDOWS\System32\msvcp_win.dll
0x00007fffda1c0000 - 0x00007fffda1d9000 	C:\Program Files\Java\jdk-16.0.1\bin\VCRUNTIME140.dll
0x00007fffc0cb0000 - 0x00007fffc0f4a000 	C:\WINDOWS\WinSxS\amd64_microsoft.windows.common-controls_6595b64144ccf1df_6.0.19041.1110_none_60b5254171f9507e\COMCTL32.dll
0x00007fffd8a90000 - 0x00007fffd8a9a000 	C:\WINDOWS\SYSTEM32\VERSION.dll
0x00007fffdfec0000 - 0x00007fffdfef0000 	C:\WINDOWS\System32\IMM32.DLL
0x00007fffda1b0000 - 0x00007fffda1bc000 	C:\Program Files\Java\jdk-16.0.1\bin\vcruntime140_1.dll
0x00007fffb3d00000 - 0x00007fffb3d91000 	C:\Program Files\Java\jdk-16.0.1\bin\msvcp140.dll
0x00007fff9eb80000 - 0x00007fff9f72b000 	C:\Program Files\Java\jdk-16.0.1\bin\server\jvm.dll
0x00007fffe01a0000 - 0x00007fffe01a8000 	C:\WINDOWS\System32\PSAPI.DLL
0x00007fffda1e0000 - 0x00007fffda1e9000 	C:\WINDOWS\SYSTEM32\WSOCK32.dll
0x00007fffe0370000 - 0x00007fffe03db000 	C:\WINDOWS\System32\WS2_32.dll
0x00007fffc0460000 - 0x00007fffc0487000 	C:\WINDOWS\SYSTEM32\WINMM.dll
0x00007fffdd350000 - 0x00007fffdd362000 	C:\WINDOWS\SYSTEM32\kernel.appcore.dll
0x00007fffda1a0000 - 0x00007fffda1aa000 	C:\Program Files\Java\jdk-16.0.1\bin\jimage.dll
0x00007fffdd140000 - 0x00007fffdd324000 	C:\WINDOWS\SYSTEM32\DBGHELP.DLL
0x00007fffc5560000 - 0x00007fffc558c000 	C:\WINDOWS\SYSTEM32\dbgcore.DLL
0x00007fffdead0000 - 0x00007fffdeb53000 	C:\WINDOWS\System32\bcryptPrimitives.dll
0x00007fffd9d20000 - 0x00007fffd9d45000 	C:\Program Files\Java\jdk-16.0.1\bin\java.dll
0x00007fffe08c0000 - 0x00007fffe0fff000 	C:\WINDOWS\System32\SHELL32.dll
0x00007fffdc870000 - 0x00007fffdd000000 	C:\WINDOWS\SYSTEM32\windows.storage.dll
0x00007fffdf4a0000 - 0x00007fffdf7f5000 	C:\WINDOWS\System32\combase.dll
0x00007fffde450000 - 0x00007fffde47e000 	C:\WINDOWS\SYSTEM32\Wldp.dll
0x00007fffe01b0000 - 0x00007fffe025d000 	C:\WINDOWS\System32\SHCORE.dll
0x00007fffe0140000 - 0x00007fffe0195000 	C:\WINDOWS\System32\shlwapi.dll
0x00007fffdea10000 - 0x00007fffdea2f000 	C:\WINDOWS\SYSTEM32\profapi.dll
0x00007fffd8900000 - 0x00007fffd8919000 	C:\Program Files\Java\jdk-16.0.1\bin\net.dll
0x00007fffcdb70000 - 0x00007fffcdc7c000 	C:\WINDOWS\SYSTEM32\WINHTTP.dll
0x00007fffde1b0000 - 0x00007fffde21a000 	C:\WINDOWS\system32\mswsock.dll
0x00007fffd88e0000 - 0x00007fffd88f3000 	C:\Program Files\Java\jdk-16.0.1\bin\nio.dll
0x00007fffd88c0000 - 0x00007fffd88d8000 	C:\Program Files\Java\jdk-16.0.1\bin\zip.dll

dbghelp: loaded successfully - version: 4.0.5 - missing functions: none
symbol engine: initialized successfully - sym options: 0x614 - pdb path: .;C:\Program Files\Java\jdk-16.0.1\bin;C:\WINDOWS\SYSTEM32;C:\WINDOWS\WinSxS\amd64_microsoft.windows.common-controls_6595b64144ccf1df_6.0.19041.1110_none_60b5254171f9507e;C:\Program Files\Java\jdk-16.0.1\bin\server

VM Arguments:
jvm_args: -Dapplication.home=C:\Program Files\Java\jdk-16.0.1 --add-modules=ALL-DEFAULT -Xms8m -Djdk.module.main=jdk.compiler 
java_command: jdk.compiler/com.sun.tools.javac.Main -d C:\Users\LENOVO\Documents\NetBeansProjects\Asistensi MD3\build\classes -classpath C:\Users\LENOVO\Documents\NetBeansProjects\Asistensi MD3\build\classes;E:\PRATIKUM PBO\Pertemuan 3\Bahan\mysql-connector-java-8.0.24.jar -sourcepath C:\Users\LENOVO\Documents\NetBeansProjects\Asistensi MD3\build\empty -target 16 -encoding UTF-8 -g -processorpath E:\PRATIKUM PBO\Pertemuan 3\Bahan\mysql-connector-java-8.0.24.jar;C:\Users\LENOVO\Documents\NetBeansProjects\Asistensi MD3\build\empty -s C:\Users\LENOVO\Documents\NetBeansProjects\Asistensi MD3\build\generated-sources\ap-source-output -source 16 C:\Users\LENOVO\Documents\NetBeansProjects\Asistensi MD3\src\Controller07277\AdminController07277.java C:\Users\LENOVO\Documents\NetBeansProjects\Asistensi MD3\src\Controller07277\AllObjectModel07277.java C:\Users\LENOVO\Documents\NetBeansProjects\Asistensi MD3\src\Controller07277\PendudukController07277.java C:\Users\LENOVO\Documents\NetBeansProjects\Asistensi MD3\src\Entity07277\AdminEntity0727707277.java C:\Users\LENOVO\Documents\NetBeansProjects\Asistensi MD3\src\Entity07277\PendudukEntity0727707277.java C:\Users\LENOVO\Documents\NetBeansProjects\Asistensi MD3\src\Entity07277\UserEntityAbstract07277.java C:\Users\LENOVO\Documents\NetBeansProjects\Asistensi MD3\src\GUI\DataPendGui.java C:\Users\LENOVO\Documents\NetBeansProjects\Asistensi MD3\src\GUI\DataPeroranganGui.java C:\Users\LENOVO\Documents\NetBeansProjects\Asistensi MD3\src\GUI\LoginAdminGui.java C:\Users\LENOVO\Documents\NetBeansProjects\Asistensi MD3\src\GUI\LoginGui.java C:\Users\LENOVO\Documents\NetBeansProjects\Asistensi MD3\src\GUI\MenuAdminGui.java C:\Users\LENOVO\Documents\NetBeansProjects\Asistensi MD3\src\GUI\RegisAdminGui.java C:\Users\LENOVO\Documents\NetBeansProjects\Asistensi MD3\src\GUI\RegisPendGui.java C:\Users\LENOVO\Documents\NetBeansProjects\Asistensi MD3\src\Helper07277\KoneksiDb07277.java C:\Users\LENOVO\Documents\NetBeansProjects\Asistensi MD3\sr
java_class_path (initial): <not set>
Launcher Type: SUN_STANDARD

[Global flags]
     intx CICompilerCount                          = 2                                         {product} {ergonomic}
     uint ConcGCThreads                            = 1                                         {product} {ergonomic}
     uint G1ConcRefinementThreads                  = 2                                         {product} {ergonomic}
   size_t G1HeapRegionSize                         = 1048576                                   {product} {ergonomic}
    uintx GCDrainStackTargetSize                   = 64                                        {product} {ergonomic}
   size_t InitialHeapSize                          = 8388608                                   {product} {command line}
   size_t MarkStackSize                            = 4194304                                   {product} {ergonomic}
   size_t MaxHeapSize                              = 1027604480                                {product} {ergonomic}
   size_t MaxNewSize                               = 616562688                                 {product} {ergonomic}
   size_t MinHeapDeltaBytes                        = 1048576                                   {product} {ergonomic}
   size_t MinHeapSize                              = 8388608                                   {product} {command line}
    uintx NonNMethodCodeHeapSize                   = 5826188                                {pd product} {ergonomic}
    uintx NonProfiledCodeHeapSize                  = 122916026                              {pd product} {ergonomic}
    uintx ProfiledCodeHeapSize                     = 122916026                              {pd product} {ergonomic}
    uintx ReservedCodeCacheSize                    = 251658240                              {pd product} {ergonomic}
     bool SegmentedCodeCache                       = true                                      {product} {ergonomic}
   size_t SoftMaxHeapSize                          = 1027604480                             {manageable} {ergonomic}
     bool UseCompressedClassPointers               = true                           {product lp64_product} {ergonomic}
     bool UseCompressedOops                        = true                           {product lp64_product} {ergonomic}
     bool UseG1GC                                  = true                                      {product} {ergonomic}
     bool UseLargePagesIndividualAllocation        = false                                  {pd product} {ergonomic}

Logging:
Log output configuration:
 #0: stdout all=warning uptime,level,tags
 #1: stderr all=off uptime,level,tags

Environment Variables:
PATH=C:\Program Files\Common Files\Oracle\Java\javapath;C:\Program Files (x86)\Intel\TXE Components\iCLS\;C:\Program Files\Intel\TXE Components\iCLS\;C:\WINDOWS\system32;C:\WINDOWS;C:\WINDOWS\System32\Wbem;C:\WINDOWS\System32\WindowsPowerShell\v1.0\;C:\WINDOWS\System32\OpenSSH\;C:\Program Files\Intel\TXE Components\DAL\;C:\Program Files (x86)\Intel\TXE Components\DAL\;C:\Program Files\Intel\TXE Components\IPT\;C:\Program Files (x86)\Intel\TXE Components\IPT\;C:\Program Files\Microsoft\Web Platform Installer\;C:\Program Files (x86)\Microsoft ASP.NET\ASP.NET Web Pages\v1.0\;C:\Program Files\Microsoft SQL Server\110\Tools\Binn\;C:\Program Files\Git\cmd;C:\Users\LENOVO\AppData\Local\Microsoft\WindowsApps;C:\Program Files\JetBrains\IntelliJ IDEA Community Edition 2021.3\bin
USERNAME=LENOVO
OS=Windows_NT
PROCESSOR_IDENTIFIER=Intel64 Family 6 Model 122 Stepping 1, GenuineIntel



---------------  S Y S T E M  ---------------

OS:
 Windows 10 , 64 bit Build 19041 (10.0.19041.1348)
OS uptime: 0 days 1:18 hours

CPU: total 2 (initial active 2) (2 cores per cpu, 1 threads per core) family 6 model 122 stepping 1 microcode 0x36, cx8, cmov, fxsr, mmx, 3dnowpref, sse, sse2, sse3, ssse3, sse4.1, sse4.2, popcnt, tsc, tscinvbit, aes, erms, clmul, sha, clflush, clflushopt

Memory: 4k page, system-wide physical 3918M (425M free)
TotalPageFile size 3918M (AvailPageFile size 9M)
current process WorkingSet (physical memory assigned to process): 85M, peak: 88M
current process commit charge ("private bytes"): 109M, peak: 122M

vm_info: Java HotSpot(TM) 64-Bit Server VM (16.0.1+9-24) for windows-amd64 JRE (16.0.1+9-24), built on Mar 26 2021 19:31:42 by "mach5one" with MS VC++ 16.7 (VS2019)

END.
